mode: set
github.com/sam-caldwell/ami/src/ami/compiler/parser/parser.go:31.37,31.53 1 1
github.com/sam-caldwell/ami/src/ami/compiler/parser/parser.go:32.49,32.65 1 1
github.com/sam-caldwell/ami/src/ami/compiler/parser/parser.go:35.34,39.2 3 1
github.com/sam-caldwell/ami/src/ami/compiler/parser/parser.go:42.49,43.17 1 1
github.com/sam-caldwell/ami/src/ami/compiler/parser/parser.go:43.17,43.57 1 0
github.com/sam-caldwell/ami/src/ami/compiler/parser/parser.go:44.5,46.38 2 1
github.com/sam-caldwell/ami/src/ami/compiler/parser/parser.go:46.38,49.42 3 1
github.com/sam-caldwell/ami/src/ami/compiler/parser/parser.go:49.42,49.68 1 1
github.com/sam-caldwell/ami/src/ami/compiler/parser/parser.go:51.5,52.34 2 1
github.com/sam-caldwell/ami/src/ami/compiler/parser/parser.go:52.34,55.38 3 0
github.com/sam-caldwell/ami/src/ami/compiler/parser/parser.go:55.38,55.64 1 0
github.com/sam-caldwell/ami/src/ami/compiler/parser/parser.go:57.5,62.38 4 1
github.com/sam-caldwell/ami/src/ami/compiler/parser/parser.go:62.38,65.42 3 1
github.com/sam-caldwell/ami/src/ami/compiler/parser/parser.go:65.42,68.74 2 1
github.com/sam-caldwell/ami/src/ami/compiler/parser/parser.go:68.74,69.80 1 1
github.com/sam-caldwell/ami/src/ami/compiler/parser/parser.go:69.80,70.39 2 0
github.com/sam-caldwell/ami/src/ami/compiler/parser/parser.go:72.17,72.76 1 1
github.com/sam-caldwell/ami/src/ami/compiler/parser/parser.go:72.76,75.29 3 0
github.com/sam-caldwell/ami/src/ami/compiler/parser/parser.go:77.17,81.47 5 1
github.com/sam-caldwell/ami/src/ami/compiler/parser/parser.go:81.47,84.39 3 1
github.com/sam-caldwell/ami/src/ami/compiler/parser/parser.go:84.39,84.69 1 1
github.com/sam-caldwell/ami/src/ami/compiler/parser/parser.go:85.21,85.29 1 1
github.com/sam-caldwell/ami/src/ami/compiler/parser/parser.go:86.23,86.53 1 1
github.com/sam-caldwell/ami/src/ami/compiler/parser/parser.go:86.53,91.51 4 1
github.com/sam-caldwell/ami/src/ami/compiler/parser/parser.go:91.51,94.43 3 0
github.com/sam-caldwell/ami/src/ami/compiler/parser/parser.go:94.43,94.73 1 0
github.com/sam-caldwell/ami/src/ami/compiler/parser/parser.go:95.25,95.33 1 0
github.com/sam-caldwell/ami/src/ami/compiler/parser/parser.go:96.27,101.22 3 1
github.com/sam-caldwell/ami/src/ami/compiler/parser/parser.go:103.17,106.46 4 1
github.com/sam-caldwell/ami/src/ami/compiler/parser/parser.go:108.13,108.46 1 1
github.com/sam-caldwell/ami/src/ami/compiler/parser/parser.go:108.46,108.58 1 1
github.com/sam-caldwell/ami/src/ami/compiler/parser/parser.go:108.63,108.111 1 0
github.com/sam-caldwell/ami/src/ami/compiler/parser/parser.go:109.13,109.21 1 1
github.com/sam-caldwell/ami/src/ami/compiler/parser/parser.go:112.9,112.68 1 1
github.com/sam-caldwell/ami/src/ami/compiler/parser/parser.go:112.68,115.21 3 1
github.com/sam-caldwell/ami/src/ami/compiler/parser/parser.go:117.9,121.39 5 1
github.com/sam-caldwell/ami/src/ami/compiler/parser/parser.go:121.39,124.31 3 1
github.com/sam-caldwell/ami/src/ami/compiler/parser/parser.go:124.31,124.61 1 1
github.com/sam-caldwell/ami/src/ami/compiler/parser/parser.go:125.13,125.21 1 1
github.com/sam-caldwell/ami/src/ami/compiler/parser/parser.go:126.15,126.45 1 1
github.com/sam-caldwell/ami/src/ami/compiler/parser/parser.go:126.45,131.43 4 1
github.com/sam-caldwell/ami/src/ami/compiler/parser/parser.go:131.43,134.35 3 0
github.com/sam-caldwell/ami/src/ami/compiler/parser/parser.go:134.35,134.65 1 0
github.com/sam-caldwell/ami/src/ami/compiler/parser/parser.go:135.17,135.25 1 0
github.com/sam-caldwell/ami/src/ami/compiler/parser/parser.go:136.19,140.14 3 1
github.com/sam-caldwell/ami/src/ami/compiler/parser/parser.go:142.9,145.38 4 1
github.com/sam-caldwell/ami/src/ami/compiler/parser/parser.go:149.5,149.65 1 1
github.com/sam-caldwell/ami/src/ami/compiler/parser/parser.go:149.65,151.39 1 1
github.com/sam-caldwell/ami/src/ami/compiler/parser/parser.go:151.39,152.48 1 1
github.com/sam-caldwell/ami/src/ami/compiler/parser/parser.go:152.48,154.14 1 1
github.com/sam-caldwell/ami/src/ami/compiler/parser/parser.go:154.19,157.14 1 0
github.com/sam-caldwell/ami/src/ami/compiler/parser/parser.go:159.9,159.39 1 1
github.com/sam-caldwell/ami/src/ami/compiler/parser/parser.go:159.39,160.40 1 0
github.com/sam-caldwell/ami/src/ami/compiler/parser/parser.go:160.40,163.14 2 0
github.com/sam-caldwell/ami/src/ami/compiler/parser/parser.go:164.13,164.18 1 0
github.com/sam-caldwell/ami/src/ami/compiler/parser/parser.go:166.9,167.23 2 1
github.com/sam-caldwell/ami/src/ami/compiler/parser/parser.go:167.23,170.10 2 1
github.com/sam-caldwell/ami/src/ami/compiler/parser/parser.go:170.15,172.10 1 1
github.com/sam-caldwell/ami/src/ami/compiler/parser/parser.go:176.5,176.40 1 1
github.com/sam-caldwell/ami/src/ami/compiler/parser/parser.go:176.40,178.23 2 1
github.com/sam-caldwell/ami/src/ami/compiler/parser/parser.go:178.23,181.10 2 0
github.com/sam-caldwell/ami/src/ami/compiler/parser/parser.go:181.15,183.10 1 1
github.com/sam-caldwell/ami/src/ami/compiler/parser/parser.go:187.5,187.37 1 1
github.com/sam-caldwell/ami/src/ami/compiler/parser/parser.go:187.37,189.23 2 1
github.com/sam-caldwell/ami/src/ami/compiler/parser/parser.go:189.23,192.10 2 0
github.com/sam-caldwell/ami/src/ami/compiler/parser/parser.go:192.15,194.10 1 1
github.com/sam-caldwell/ami/src/ami/compiler/parser/parser.go:197.5,198.27 2 1
github.com/sam-caldwell/ami/src/ami/compiler/parser/parser.go:201.25,201.40 1 1
github.com/sam-caldwell/ami/src/ami/compiler/parser/parser.go:205.28,206.9 1 1
github.com/sam-caldwell/ami/src/ami/compiler/parser/parser.go:206.9,208.80 2 1
github.com/sam-caldwell/ami/src/ami/compiler/parser/parser.go:208.80,210.21 2 1
github.com/sam-caldwell/ami/src/ami/compiler/parser/parser.go:212.9,212.15 1 1
github.com/sam-caldwell/ami/src/ami/compiler/parser/parser.go:217.57,220.34 3 1
github.com/sam-caldwell/ami/src/ami/compiler/parser/parser.go:220.34,222.6 1 1
github.com/sam-caldwell/ami/src/ami/compiler/parser/parser.go:223.5,228.31 5 1
github.com/sam-caldwell/ami/src/ami/compiler/parser/parser.go:228.31,230.63 2 1
github.com/sam-caldwell/ami/src/ami/compiler/parser/parser.go:230.63,231.45 1 1
github.com/sam-caldwell/ami/src/ami/compiler/parser/parser.go:231.45,231.65 2 0
github.com/sam-caldwell/ami/src/ami/compiler/parser/parser.go:232.13,232.42 1 1
github.com/sam-caldwell/ami/src/ami/compiler/parser/parser.go:232.42,235.25 3 0
github.com/sam-caldwell/ami/src/ami/compiler/parser/parser.go:237.13,242.42 5 1
github.com/sam-caldwell/ami/src/ami/compiler/parser/parser.go:242.42,245.14 2 1
github.com/sam-caldwell/ami/src/ami/compiler/parser/parser.go:246.13,247.45 2 1
github.com/sam-caldwell/ami/src/ami/compiler/parser/parser.go:247.45,247.65 2 1
github.com/sam-caldwell/ami/src/ami/compiler/parser/parser.go:249.9,249.35 1 1
github.com/sam-caldwell/ami/src/ami/compiler/parser/parser.go:249.35,249.47 1 1
github.com/sam-caldwell/ami/src/ami/compiler/parser/parser.go:249.52,249.107 1 0
github.com/sam-caldwell/ami/src/ami/compiler/parser/parser.go:251.5,252.19 2 1
github.com/sam-caldwell/ami/src/ami/compiler/parser/parser.go:252.19,252.38 1 0
github.com/sam-caldwell/ami/src/ami/compiler/parser/parser.go:253.5,254.19 2 1
github.com/sam-caldwell/ami/src/ami/compiler/parser/parser.go:254.19,254.38 1 0
github.com/sam-caldwell/ami/src/ami/compiler/parser/parser.go:255.5,256.19 2 1
github.com/sam-caldwell/ami/src/ami/compiler/parser/parser.go:256.19,256.38 1 0
github.com/sam-caldwell/ami/src/ami/compiler/parser/parser.go:257.5,261.19 4 1
github.com/sam-caldwell/ami/src/ami/compiler/parser/parser.go:265.57,266.34 1 1
github.com/sam-caldwell/ami/src/ami/compiler/parser/parser.go:266.34,266.67 1 0
github.com/sam-caldwell/ami/src/ami/compiler/parser/parser.go:267.5,269.34 3 1
github.com/sam-caldwell/ami/src/ami/compiler/parser/parser.go:269.34,272.6 2 0
github.com/sam-caldwell/ami/src/ami/compiler/parser/parser.go:273.5,279.38 6 1
github.com/sam-caldwell/ami/src/ami/compiler/parser/parser.go:279.38,282.70 3 1
github.com/sam-caldwell/ami/src/ami/compiler/parser/parser.go:282.70,284.19 2 1
github.com/sam-caldwell/ami/src/ami/compiler/parser/parser.go:284.19,284.45 1 1
github.com/sam-caldwell/ami/src/ami/compiler/parser/parser.go:284.50,284.163 2 0
github.com/sam-caldwell/ami/src/ami/compiler/parser/parser.go:285.13,285.45 1 1
github.com/sam-caldwell/ami/src/ami/compiler/parser/parser.go:285.45,285.65 2 1
github.com/sam-caldwell/ami/src/ami/compiler/parser/parser.go:287.9,288.42 2 1
github.com/sam-caldwell/ami/src/ami/compiler/parser/parser.go:288.42,288.54 1 1
github.com/sam-caldwell/ami/src/ami/compiler/parser/parser.go:288.59,288.109 1 0
github.com/sam-caldwell/ami/src/ami/compiler/parser/parser.go:290.5,290.117 1 1
github.com/sam-caldwell/ami/src/ami/compiler/parser/parser.go:293.90,294.38 1 1
github.com/sam-caldwell/ami/src/ami/compiler/parser/parser.go:294.38,294.140 1 0
github.com/sam-caldwell/ami/src/ami/compiler/parser/parser.go:295.5,299.66 5 1
github.com/sam-caldwell/ami/src/ami/compiler/parser/parser.go:299.66,300.80 1 1
github.com/sam-caldwell/ami/src/ami/compiler/parser/parser.go:300.80,303.21 3 0
github.com/sam-caldwell/ami/src/ami/compiler/parser/parser.go:305.9,305.38 1 1
github.com/sam-caldwell/ami/src/ami/compiler/parser/parser.go:305.38,305.132 1 0
github.com/sam-caldwell/ami/src/ami/compiler/parser/parser.go:306.9,309.37 4 1
github.com/sam-caldwell/ami/src/ami/compiler/parser/parser.go:309.37,312.10 2 1
github.com/sam-caldwell/ami/src/ami/compiler/parser/parser.go:313.9,315.41 3 1
github.com/sam-caldwell/ami/src/ami/compiler/parser/parser.go:315.41,315.61 2 1
github.com/sam-caldwell/ami/src/ami/compiler/parser/parser.go:316.9,316.42 1 1
github.com/sam-caldwell/ami/src/ami/compiler/parser/parser.go:316.42,316.136 1 0
github.com/sam-caldwell/ami/src/ami/compiler/parser/parser.go:318.5,320.38 2 1
github.com/sam-caldwell/ami/src/ami/compiler/parser/parser.go:320.38,320.50 1 1
github.com/sam-caldwell/ami/src/ami/compiler/parser/parser.go:321.5,321.31 1 1
github.com/sam-caldwell/ami/src/ami/compiler/parser/parser.go:324.92,326.38 1 1
github.com/sam-caldwell/ami/src/ami/compiler/parser/parser.go:326.38,326.95 1 1
github.com/sam-caldwell/ami/src/ami/compiler/parser/parser.go:327.5,330.66 4 1
github.com/sam-caldwell/ami/src/ami/compiler/parser/parser.go:330.66,331.38 1 1
github.com/sam-caldwell/ami/src/ami/compiler/parser/parser.go:331.38,331.134 1 0
github.com/sam-caldwell/ami/src/ami/compiler/parser/parser.go:332.9,334.41 3 1
github.com/sam-caldwell/ami/src/ami/compiler/parser/parser.go:334.41,334.61 2 1
github.com/sam-caldwell/ami/src/ami/compiler/parser/parser.go:335.9,335.42 1 1
github.com/sam-caldwell/ami/src/ami/compiler/parser/parser.go:335.42,335.136 1 0
github.com/sam-caldwell/ami/src/ami/compiler/parser/parser.go:337.5,338.38 2 1
github.com/sam-caldwell/ami/src/ami/compiler/parser/parser.go:338.38,338.50 1 1
github.com/sam-caldwell/ami/src/ami/compiler/parser/parser.go:339.5,339.32 1 1
github.com/sam-caldwell/ami/src/ami/compiler/parser/parser.go:342.55,343.38 1 1
github.com/sam-caldwell/ami/src/ami/compiler/parser/parser.go:343.38,343.102 1 0
github.com/sam-caldwell/ami/src/ami/compiler/parser/parser.go:344.5,347.9 3 1
github.com/sam-caldwell/ami/src/ami/compiler/parser/parser.go:347.9,348.42 1 1
github.com/sam-caldwell/ami/src/ami/compiler/parser/parser.go:348.42,348.53 1 1
github.com/sam-caldwell/ami/src/ami/compiler/parser/parser.go:349.9,350.42 2 1
github.com/sam-caldwell/ami/src/ami/compiler/parser/parser.go:350.42,352.27 2 1
github.com/sam-caldwell/ami/src/ami/compiler/parser/parser.go:352.27,356.14 3 1
github.com/sam-caldwell/ami/src/ami/compiler/parser/parser.go:359.9,359.36 1 1
github.com/sam-caldwell/ami/src/ami/compiler/parser/parser.go:359.36,359.78 1 0
github.com/sam-caldwell/ami/src/ami/compiler/parser/parser.go:363.59,364.38 1 1
github.com/sam-caldwell/ami/src/ami/compiler/parser/parser.go:364.38,364.102 1 0
github.com/sam-caldwell/ami/src/ami/compiler/parser/parser.go:365.5,368.66 4 1
github.com/sam-caldwell/ami/src/ami/compiler/parser/parser.go:368.66,369.80 1 1
github.com/sam-caldwell/ami/src/ami/compiler/parser/parser.go:369.80,371.31 3 0
github.com/sam-caldwell/ami/src/ami/compiler/parser/parser.go:373.9,373.27 1 1
github.com/sam-caldwell/ami/src/ami/compiler/parser/parser.go:374.29,378.42 4 1
github.com/sam-caldwell/ami/src/ami/compiler/parser/parser.go:378.42,380.23 2 1
github.com/sam-caldwell/ami/src/ami/compiler/parser/parser.go:380.23,380.55 1 1
github.com/sam-caldwell/ami/src/ami/compiler/parser/parser.go:381.17,381.50 1 1
github.com/sam-caldwell/ami/src/ami/compiler/parser/parser.go:381.50,381.91 3 1
github.com/sam-caldwell/ami/src/ami/compiler/parser/parser.go:381.91,381.123 1 1
github.com/sam-caldwell/ami/src/ami/compiler/parser/parser.go:383.13,386.44 4 1
github.com/sam-caldwell/ami/src/ami/compiler/parser/parser.go:386.44,386.56 1 0
github.com/sam-caldwell/ami/src/ami/compiler/parser/parser.go:387.26,391.42 5 1
github.com/sam-caldwell/ami/src/ami/compiler/parser/parser.go:391.42,391.171 3 0
github.com/sam-caldwell/ami/src/ami/compiler/parser/parser.go:391.171,391.183 1 0
github.com/sam-caldwell/ami/src/ami/compiler/parser/parser.go:391.185,391.193 1 0
github.com/sam-caldwell/ami/src/ami/compiler/parser/parser.go:392.13,397.41 6 1
github.com/sam-caldwell/ami/src/ami/compiler/parser/parser.go:397.41,402.43 4 1
github.com/sam-caldwell/ami/src/ami/compiler/parser/parser.go:402.43,406.62 3 1
github.com/sam-caldwell/ami/src/ami/compiler/parser/parser.go:406.62,407.51 1 1
github.com/sam-caldwell/ami/src/ami/compiler/parser/parser.go:407.51,407.62 1 0
github.com/sam-caldwell/ami/src/ami/compiler/parser/parser.go:407.67,407.94 1 1
github.com/sam-caldwell/ami/src/ami/compiler/parser/parser.go:407.94,407.105 1 1
github.com/sam-caldwell/ami/src/ami/compiler/parser/parser.go:408.25,408.33 1 1
github.com/sam-caldwell/ami/src/ami/compiler/parser/parser.go:411.21,411.31 1 1
github.com/sam-caldwell/ami/src/ami/compiler/parser/parser.go:414.13,415.43 2 1
github.com/sam-caldwell/ami/src/ami/compiler/parser/parser.go:415.43,415.85 3 1
github.com/sam-caldwell/ami/src/ami/compiler/parser/parser.go:415.85,415.97 1 1
github.com/sam-caldwell/ami/src/ami/compiler/parser/parser.go:416.13,418.44 3 1
github.com/sam-caldwell/ami/src/ami/compiler/parser/parser.go:418.44,418.56 1 1
github.com/sam-caldwell/ami/src/ami/compiler/parser/parser.go:419.28,424.20 6 1
github.com/sam-caldwell/ami/src/ami/compiler/parser/parser.go:424.20,427.48 3 0
github.com/sam-caldwell/ami/src/ami/compiler/parser/parser.go:427.48,427.60 1 0
github.com/sam-caldwell/ami/src/ami/compiler/parser/parser.go:428.17,428.25 1 0
github.com/sam-caldwell/ami/src/ami/compiler/parser/parser.go:430.13,431.26 2 1
github.com/sam-caldwell/ami/src/ami/compiler/parser/parser.go:431.26,431.148 3 0
github.com/sam-caldwell/ami/src/ami/compiler/parser/parser.go:431.148,431.160 1 0
github.com/sam-caldwell/ami/src/ami/compiler/parser/parser.go:431.162,431.170 1 0
github.com/sam-caldwell/ami/src/ami/compiler/parser/parser.go:432.13,434.44 3 1
github.com/sam-caldwell/ami/src/ami/compiler/parser/parser.go:434.44,434.56 1 1
github.com/sam-caldwell/ami/src/ami/compiler/parser/parser.go:435.25,440.42 5 1
github.com/sam-caldwell/ami/src/ami/compiler/parser/parser.go:440.42,443.48 3 0
github.com/sam-caldwell/ami/src/ami/compiler/parser/parser.go:443.48,443.60 1 0
github.com/sam-caldwell/ami/src/ami/compiler/parser/parser.go:444.17,444.25 1 0
github.com/sam-caldwell/ami/src/ami/compiler/parser/parser.go:446.13,449.43 4 1
github.com/sam-caldwell/ami/src/ami/compiler/parser/parser.go:449.43,449.163 3 0
github.com/sam-caldwell/ami/src/ami/compiler/parser/parser.go:449.163,449.175 1 0
github.com/sam-caldwell/ami/src/ami/compiler/parser/parser.go:449.177,449.185 1 0
github.com/sam-caldwell/ami/src/ami/compiler/parser/parser.go:450.13,452.20 3 1
github.com/sam-caldwell/ami/src/ami/compiler/parser/parser.go:452.20,452.162 3 0
github.com/sam-caldwell/ami/src/ami/compiler/parser/parser.go:452.162,452.174 1 0
github.com/sam-caldwell/ami/src/ami/compiler/parser/parser.go:452.176,452.184 1 0
github.com/sam-caldwell/ami/src/ami/compiler/parser/parser.go:453.13,455.44 3 1
github.com/sam-caldwell/ami/src/ami/compiler/parser/parser.go:455.44,455.56 1 1
github.com/sam-caldwell/ami/src/ami/compiler/parser/parser.go:456.26,462.43 6 1
github.com/sam-caldwell/ami/src/ami/compiler/parser/parser.go:462.43,465.24 3 1
github.com/sam-caldwell/ami/src/ami/compiler/parser/parser.go:465.24,465.90 1 0
github.com/sam-caldwell/ami/src/ami/compiler/parser/parser.go:466.17,468.48 3 1
github.com/sam-caldwell/ami/src/ami/compiler/parser/parser.go:468.48,468.60 1 1
github.com/sam-caldwell/ami/src/ami/compiler/parser/parser.go:469.17,469.25 1 1
github.com/sam-caldwell/ami/src/ami/compiler/parser/parser.go:471.13,475.44 5 1
github.com/sam-caldwell/ami/src/ami/compiler/parser/parser.go:475.44,475.56 1 1
github.com/sam-caldwell/ami/src/ami/compiler/parser/parser.go:476.41,479.20 4 0
github.com/sam-caldwell/ami/src/ami/compiler/parser/parser.go:479.20,479.157 3 0
github.com/sam-caldwell/ami/src/ami/compiler/parser/parser.go:479.157,479.169 1 0
github.com/sam-caldwell/ami/src/ami/compiler/parser/parser.go:479.171,479.179 1 0
github.com/sam-caldwell/ami/src/ami/compiler/parser/parser.go:480.13,482.44 3 0
github.com/sam-caldwell/ami/src/ami/compiler/parser/parser.go:482.44,482.56 1 0
github.com/sam-caldwell/ami/src/ami/compiler/parser/parser.go:483.17,486.44 3 0
github.com/sam-caldwell/ami/src/ami/compiler/parser/parser.go:486.44,486.56 1 0
github.com/sam-caldwell/ami/src/ami/compiler/parser/parser.go:489.5,489.38 1 1
github.com/sam-caldwell/ami/src/ami/compiler/parser/parser.go:489.38,489.102 1 0
github.com/sam-caldwell/ami/src/ami/compiler/parser/parser.go:490.5,492.69 3 1
github.com/sam-caldwell/ami/src/ami/compiler/parser/parser.go:495.49,496.14 1 1
github.com/sam-caldwell/ami/src/ami/compiler/parser/parser.go:497.91,498.20 1 1
github.com/sam-caldwell/ami/src/ami/compiler/parser/parser.go:499.13,500.21 1 1
github.com/sam-caldwell/ami/src/ami/compiler/parser/parser.go:504.47,506.2 1 1
github.com/sam-caldwell/ami/src/ami/compiler/parser/parser.go:508.62,509.23 1 1
github.com/sam-caldwell/ami/src/ami/compiler/parser/parser.go:510.63,515.53 5 1
github.com/sam-caldwell/ami/src/ami/compiler/parser/parser.go:516.23,520.24 3 1
github.com/sam-caldwell/ami/src/ami/compiler/parser/parser.go:520.24,520.45 1 1
github.com/sam-caldwell/ami/src/ami/compiler/parser/parser.go:521.9,523.53 3 1
github.com/sam-caldwell/ami/src/ami/compiler/parser/parser.go:524.23,529.53 5 1
github.com/sam-caldwell/ami/src/ami/compiler/parser/parser.go:530.13,531.26 1 1
github.com/sam-caldwell/ami/src/ami/compiler/parser/parser.go:535.70,536.9 1 1
github.com/sam-caldwell/ami/src/ami/compiler/parser/parser.go:536.9,538.40 2 1
github.com/sam-caldwell/ami/src/ami/compiler/parser/parser.go:538.40,540.10 1 1
github.com/sam-caldwell/ami/src/ami/compiler/parser/parser.go:541.9,545.16 4 1
github.com/sam-caldwell/ami/src/ami/compiler/parser/parser.go:545.16,548.10 1 0
github.com/sam-caldwell/ami/src/ami/compiler/parser/parser.go:549.9,549.75 1 1
github.com/sam-caldwell/ami/src/ami/compiler/parser/parser.go:553.39,554.26 1 1
github.com/sam-caldwell/ami/src/ami/compiler/parser/parser.go:555.25,556.21 1 1
github.com/sam-caldwell/ami/src/ami/compiler/parser/parser.go:557.25,558.21 1 1
github.com/sam-caldwell/ami/src/ami/compiler/parser/parser.go:559.25,560.21 1 1
github.com/sam-caldwell/ami/src/ami/compiler/parser/parser.go:561.24,562.21 1 1
github.com/sam-caldwell/ami/src/ami/compiler/parser/parser.go:563.26,564.21 1 1
github.com/sam-caldwell/ami/src/ami/compiler/parser/parser.go:565.24,566.21 1 1
github.com/sam-caldwell/ami/src/ami/compiler/parser/parser.go:567.22,568.21 1 1
github.com/sam-caldwell/ami/src/ami/compiler/parser/parser.go:569.22,570.21 1 1
github.com/sam-caldwell/ami/src/ami/compiler/parser/parser.go:571.28,572.21 1 1
github.com/sam-caldwell/ami/src/ami/compiler/parser/parser.go:573.13,574.33 1 0
github.com/sam-caldwell/ami/src/ami/compiler/parser/parser.go:581.82,585.36 3 1
github.com/sam-caldwell/ami/src/ami/compiler/parser/parser.go:585.36,587.38 2 1
github.com/sam-caldwell/ami/src/ami/compiler/parser/parser.go:587.38,587.103 2 0
github.com/sam-caldwell/ami/src/ami/compiler/parser/parser.go:588.9,590.17 3 1
github.com/sam-caldwell/ami/src/ami/compiler/parser/parser.go:592.5,594.31 2 1
github.com/sam-caldwell/ami/src/ami/compiler/parser/parser.go:594.31,595.21 1 1
github.com/sam-caldwell/ami/src/ami/compiler/parser/parser.go:596.22,597.72 1 1
github.com/sam-caldwell/ami/src/ami/compiler/parser/parser.go:597.72,597.86 1 1
github.com/sam-caldwell/ami/src/ami/compiler/parser/parser.go:598.20,599.73 1 1
github.com/sam-caldwell/ami/src/ami/compiler/parser/parser.go:599.73,599.87 1 1
github.com/sam-caldwell/ami/src/ami/compiler/parser/parser.go:600.20,601.59 1 1
github.com/sam-caldwell/ami/src/ami/compiler/parser/parser.go:601.59,601.73 1 1
github.com/sam-caldwell/ami/src/ami/compiler/parser/parser.go:604.5,604.38 1 1
github.com/sam-caldwell/ami/src/ami/compiler/parser/parser.go:604.38,607.41 2 1
github.com/sam-caldwell/ami/src/ami/compiler/parser/parser.go:607.41,607.67 1 1
github.com/sam-caldwell/ami/src/ami/compiler/parser/parser.go:608.9,611.70 4 1
github.com/sam-caldwell/ami/src/ami/compiler/parser/parser.go:611.70,613.19 2 1
github.com/sam-caldwell/ami/src/ami/compiler/parser/parser.go:613.19,613.45 1 1
github.com/sam-caldwell/ami/src/ami/compiler/parser/parser.go:613.50,613.158 2 0
github.com/sam-caldwell/ami/src/ami/compiler/parser/parser.go:614.13,614.45 1 1
github.com/sam-caldwell/ami/src/ami/compiler/parser/parser.go:614.45,614.65 2 0
github.com/sam-caldwell/ami/src/ami/compiler/parser/parser.go:616.9,617.42 2 1
github.com/sam-caldwell/ami/src/ami/compiler/parser/parser.go:617.42,617.54 1 1
github.com/sam-caldwell/ami/src/ami/compiler/parser/parser.go:617.59,617.98 1 0
github.com/sam-caldwell/ami/src/ami/compiler/parser/parser.go:618.9,618.111 1 1
github.com/sam-caldwell/ami/src/ami/compiler/parser/parser.go:620.5,620.24 1 1
github.com/sam-caldwell/ami/src/ami/compiler/parser/parser.go:620.24,622.6 1 1
github.com/sam-caldwell/ami/src/ami/compiler/parser/parser.go:624.5,625.37 2 1
github.com/sam-caldwell/ami/src/ami/compiler/parser/parser.go:625.37,627.6 1 1
github.com/sam-caldwell/ami/src/ami/compiler/parser/parser.go:628.5,628.13 1 1
github.com/sam-caldwell/ami/src/ami/compiler/parser/parser.go:633.34,634.26 1 1
github.com/sam-caldwell/ami/src/ami/compiler/parser/parser.go:635.25,636.22 1 1
github.com/sam-caldwell/ami/src/ami/compiler/parser/parser.go:637.25,638.23 1 1
github.com/sam-caldwell/ami/src/ami/compiler/parser/parser.go:639.25,640.22 1 1
github.com/sam-caldwell/ami/src/ami/compiler/parser/parser.go:641.28,643.23 2 1
github.com/sam-caldwell/ami/src/ami/compiler/parser/parser.go:643.23,643.37 1 0
github.com/sam-caldwell/ami/src/ami/compiler/parser/parser.go:644.9,644.34 1 1
github.com/sam-caldwell/ami/src/ami/compiler/parser/parser.go:645.24,647.28 1 1
github.com/sam-caldwell/ami/src/ami/compiler/parser/parser.go:647.28,649.10 1 1
github.com/sam-caldwell/ami/src/ami/compiler/parser/parser.go:650.9,650.29 1 1
github.com/sam-caldwell/ami/src/ami/compiler/parser/parser.go:651.24,652.23 1 1
github.com/sam-caldwell/ami/src/ami/compiler/parser/parser.go:653.22,654.21 1 1
github.com/sam-caldwell/ami/src/ami/compiler/parser/parser.go:655.22,656.21 1 1
github.com/sam-caldwell/ami/src/ami/compiler/parser/parser.go:657.13,658.18 1 0
github.com/sam-caldwell/ami/src/ami/compiler/parser/parser.go:663.35,666.2 2 1
github.com/sam-caldwell/ami/src/ami/compiler/parser/parser.go:671.49,672.64 1 1
github.com/sam-caldwell/ami/src/ami/compiler/parser/parser.go:672.64,676.39 4 1
github.com/sam-caldwell/ami/src/ami/compiler/parser/parser.go:676.39,680.20 3 1
github.com/sam-caldwell/ami/src/ami/compiler/parser/parser.go:680.20,683.14 2 0
github.com/sam-caldwell/ami/src/ami/compiler/parser/parser.go:684.13,684.74 1 1
github.com/sam-caldwell/ami/src/ami/compiler/parser/parser.go:687.9,688.88 2 1
github.com/sam-caldwell/ami/src/ami/compiler/parser/parser.go:691.5,692.12 2 1
github.com/sam-caldwell/ami/src/ami/compiler/parser/parser.go:692.12,692.39 1 0
github.com/sam-caldwell/ami/src/ami/compiler/parser/parser.go:693.5,693.84 1 1
github.com/sam-caldwell/ami/src/ami/compiler/parser/parser.go:697.97,700.34 2 1
github.com/sam-caldwell/ami/src/ami/compiler/parser/parser.go:700.34,700.117 2 0
github.com/sam-caldwell/ami/src/ami/compiler/parser/parser.go:701.5,703.31 3 1
github.com/sam-caldwell/ami/src/ami/compiler/parser/parser.go:703.31,703.114 2 0
github.com/sam-caldwell/ami/src/ami/compiler/parser/parser.go:704.5,705.38 2 1
github.com/sam-caldwell/ami/src/ami/compiler/parser/parser.go:705.38,705.122 2 0
github.com/sam-caldwell/ami/src/ami/compiler/parser/parser.go:706.5,709.66 4 1
github.com/sam-caldwell/ami/src/ami/compiler/parser/parser.go:709.66,711.15 2 1
github.com/sam-caldwell/ami/src/ami/compiler/parser/parser.go:711.15,711.43 1 1
github.com/sam-caldwell/ami/src/ami/compiler/parser/parser.go:711.48,711.154 2 0
github.com/sam-caldwell/ami/src/ami/compiler/parser/parser.go:712.9,712.41 1 1
github.com/sam-caldwell/ami/src/ami/compiler/parser/parser.go:712.41,712.61 2 1
github.com/sam-caldwell/ami/src/ami/compiler/parser/parser.go:714.5,715.38 2 1
github.com/sam-caldwell/ami/src/ami/compiler/parser/parser.go:715.38,715.50 1 1
github.com/sam-caldwell/ami/src/ami/compiler/parser/parser.go:715.55,715.92 1 0
github.com/sam-caldwell/ami/src/ami/compiler/parser/parser.go:716.5,716.16 1 1
github.com/sam-caldwell/ami/src/ami/compiler/parser/parser.go:716.16,718.6 1 1
github.com/sam-caldwell/ami/src/ami/compiler/parser/parser.go:719.5,719.98 1 1
github.com/sam-caldwell/ami/src/ami/compiler/parser/parser.go:722.76,725.34 2 1
github.com/sam-caldwell/ami/src/ami/compiler/parser/parser.go:725.34,725.116 2 0
github.com/sam-caldwell/ami/src/ami/compiler/parser/parser.go:726.5,728.37 3 1
github.com/sam-caldwell/ami/src/ami/compiler/parser/parser.go:728.37,728.131 2 0
github.com/sam-caldwell/ami/src/ami/compiler/parser/parser.go:729.5,730.34 2 1
github.com/sam-caldwell/ami/src/ami/compiler/parser/parser.go:730.34,730.113 2 0
github.com/sam-caldwell/ami/src/ami/compiler/parser/parser.go:731.5,733.31 3 1
github.com/sam-caldwell/ami/src/ami/compiler/parser/parser.go:733.31,733.120 2 0
github.com/sam-caldwell/ami/src/ami/compiler/parser/parser.go:734.5,735.38 2 1
github.com/sam-caldwell/ami/src/ami/compiler/parser/parser.go:735.38,735.126 2 0
github.com/sam-caldwell/ami/src/ami/compiler/parser/parser.go:736.5,739.66 4 1
github.com/sam-caldwell/ami/src/ami/compiler/parser/parser.go:739.66,741.16 2 1
github.com/sam-caldwell/ami/src/ami/compiler/parser/parser.go:741.16,741.153 3 0
github.com/sam-caldwell/ami/src/ami/compiler/parser/parser.go:741.153,741.165 1 0
github.com/sam-caldwell/ami/src/ami/compiler/parser/parser.go:741.167,741.175 1 0
github.com/sam-caldwell/ami/src/ami/compiler/parser/parser.go:742.9,742.41 1 1
github.com/sam-caldwell/ami/src/ami/compiler/parser/parser.go:742.41,742.167 3 0
github.com/sam-caldwell/ami/src/ami/compiler/parser/parser.go:742.167,742.179 1 0
github.com/sam-caldwell/ami/src/ami/compiler/parser/parser.go:742.181,742.189 1 0
github.com/sam-caldwell/ami/src/ami/compiler/parser/parser.go:743.9,745.16 3 1
github.com/sam-caldwell/ami/src/ami/compiler/parser/parser.go:745.16,745.155 3 1
github.com/sam-caldwell/ami/src/ami/compiler/parser/parser.go:745.155,745.167 1 0
github.com/sam-caldwell/ami/src/ami/compiler/parser/parser.go:745.169,745.177 1 1
github.com/sam-caldwell/ami/src/ami/compiler/parser/parser.go:746.9,747.41 2 1
github.com/sam-caldwell/ami/src/ami/compiler/parser/parser.go:747.41,747.61 2 1
github.com/sam-caldwell/ami/src/ami/compiler/parser/parser.go:749.5,750.38 2 1
github.com/sam-caldwell/ami/src/ami/compiler/parser/parser.go:750.38,750.50 1 1
github.com/sam-caldwell/ami/src/ami/compiler/parser/parser.go:750.55,750.96 1 0
github.com/sam-caldwell/ami/src/ami/compiler/parser/parser.go:751.5,751.105 1 1
github.com/sam-caldwell/ami/src/ami/compiler/parser/parser.go:754.65,757.34 3 1
github.com/sam-caldwell/ami/src/ami/compiler/parser/parser.go:757.34,757.108 1 0
github.com/sam-caldwell/ami/src/ami/compiler/parser/parser.go:758.5,762.38 4 1
github.com/sam-caldwell/ami/src/ami/compiler/parser/parser.go:762.38,762.102 1 0
github.com/sam-caldwell/ami/src/ami/compiler/parser/parser.go:763.5,765.38 3 1
github.com/sam-caldwell/ami/src/ami/compiler/parser/parser.go:765.38,765.102 1 0
github.com/sam-caldwell/ami/src/ami/compiler/parser/parser.go:766.5,769.38 3 1
github.com/sam-caldwell/ami/src/ami/compiler/parser/parser.go:769.38,769.102 1 0
github.com/sam-caldwell/ami/src/ami/compiler/parser/parser.go:770.5,774.36 5 1
github.com/sam-caldwell/ami/src/ami/compiler/parser/parser.go:774.36,776.23 2 1
github.com/sam-caldwell/ami/src/ami/compiler/parser/parser.go:776.23,776.42 1 0
github.com/sam-caldwell/ami/src/ami/compiler/parser/parser.go:777.9,777.20 1 1
github.com/sam-caldwell/ami/src/ami/compiler/parser/parser.go:780.5,780.66 1 1
github.com/sam-caldwell/ami/src/ami/compiler/parser/parser.go:780.66,781.80 1 1
github.com/sam-caldwell/ami/src/ami/compiler/parser/parser.go:781.80,784.21 3 0
github.com/sam-caldwell/ami/src/ami/compiler/parser/parser.go:786.9,787.159 1 1
github.com/sam-caldwell/ami/src/ami/compiler/parser/parser.go:787.159,793.44 4 1
github.com/sam-caldwell/ami/src/ami/compiler/parser/parser.go:793.44,795.46 2 0
github.com/sam-caldwell/ami/src/ami/compiler/parser/parser.go:795.46,795.116 2 0
github.com/sam-caldwell/ami/src/ami/compiler/parser/parser.go:796.17,797.25 2 0
github.com/sam-caldwell/ami/src/ami/compiler/parser/parser.go:799.13,799.42 1 1
github.com/sam-caldwell/ami/src/ami/compiler/parser/parser.go:799.42,802.263 2 1
github.com/sam-caldwell/ami/src/ami/compiler/parser/parser.go:802.263,803.161 3 0
github.com/sam-caldwell/ami/src/ami/compiler/parser/parser.go:803.161,803.173 1 0
github.com/sam-caldwell/ami/src/ami/compiler/parser/parser.go:803.175,803.183 1 0
github.com/sam-caldwell/ami/src/ami/compiler/parser/parser.go:805.17,811.48 7 1
github.com/sam-caldwell/ami/src/ami/compiler/parser/parser.go:811.48,811.60 1 1
github.com/sam-caldwell/ami/src/ami/compiler/parser/parser.go:812.17,812.25 1 1
github.com/sam-caldwell/ami/src/ami/compiler/parser/parser.go:815.13,815.93 1 1
github.com/sam-caldwell/ami/src/ami/compiler/parser/parser.go:815.93,819.50 3 1
github.com/sam-caldwell/ami/src/ami/compiler/parser/parser.go:819.50,822.82 3 1
github.com/sam-caldwell/ami/src/ami/compiler/parser/parser.go:822.82,823.60 1 1
github.com/sam-caldwell/ami/src/ami/compiler/parser/parser.go:823.60,825.26 1 1
github.com/sam-caldwell/ami/src/ami/compiler/parser/parser.go:825.31,828.26 2 0
github.com/sam-caldwell/ami/src/ami/compiler/parser/parser.go:829.25,829.57 1 1
github.com/sam-caldwell/ami/src/ami/compiler/parser/parser.go:829.57,829.77 2 1
github.com/sam-caldwell/ami/src/ami/compiler/parser/parser.go:831.21,831.54 1 1
github.com/sam-caldwell/ami/src/ami/compiler/parser/parser.go:831.54,831.66 1 1
github.com/sam-caldwell/ami/src/ami/compiler/parser/parser.go:831.71,831.110 1 0
github.com/sam-caldwell/ami/src/ami/compiler/parser/parser.go:832.21,832.35 1 1
github.com/sam-caldwell/ami/src/ami/compiler/parser/parser.go:835.17,836.77 2 1
github.com/sam-caldwell/ami/src/ami/compiler/parser/parser.go:836.77,840.52 4 1
github.com/sam-caldwell/ami/src/ami/compiler/parser/parser.go:840.52,842.121 2 1
github.com/sam-caldwell/ami/src/ami/compiler/parser/parser.go:842.121,844.34 2 0
github.com/sam-caldwell/ami/src/ami/compiler/parser/parser.go:846.25,847.33 2 1
github.com/sam-caldwell/ami/src/ami/compiler/parser/parser.go:849.21,850.54 2 1
github.com/sam-caldwell/ami/src/ami/compiler/parser/parser.go:850.54,852.86 2 1
github.com/sam-caldwell/ami/src/ami/compiler/parser/parser.go:852.86,853.64 1 1
github.com/sam-caldwell/ami/src/ami/compiler/parser/parser.go:853.64,853.94 1 1
github.com/sam-caldwell/ami/src/ami/compiler/parser/parser.go:853.99,853.207 2 0
github.com/sam-caldwell/ami/src/ami/compiler/parser/parser.go:854.29,854.61 1 1
github.com/sam-caldwell/ami/src/ami/compiler/parser/parser.go:854.61,854.81 2 1
github.com/sam-caldwell/ami/src/ami/compiler/parser/parser.go:856.25,856.58 1 1
github.com/sam-caldwell/ami/src/ami/compiler/parser/parser.go:856.58,856.70 1 1
github.com/sam-caldwell/ami/src/ami/compiler/parser/parser.go:856.75,856.114 1 0
github.com/sam-caldwell/ami/src/ami/compiler/parser/parser.go:858.21,859.53 2 1
github.com/sam-caldwell/ami/src/ami/compiler/parser/parser.go:859.53,859.73 2 1
github.com/sam-caldwell/ami/src/ami/compiler/parser/parser.go:861.17,862.26 2 1
github.com/sam-caldwell/ami/src/ami/compiler/parser/parser.go:866.13,869.44 3 1
github.com/sam-caldwell/ami/src/ami/compiler/parser/parser.go:869.44,872.263 2 1
github.com/sam-caldwell/ami/src/ami/compiler/parser/parser.go:872.263,874.26 2 0
github.com/sam-caldwell/ami/src/ami/compiler/parser/parser.go:876.17,880.48 4 1
github.com/sam-caldwell/ami/src/ami/compiler/parser/parser.go:880.48,882.50 2 0
github.com/sam-caldwell/ami/src/ami/compiler/parser/parser.go:882.50,882.120 2 0
github.com/sam-caldwell/ami/src/ami/compiler/parser/parser.go:883.21,884.29 2 0
github.com/sam-caldwell/ami/src/ami/compiler/parser/parser.go:886.17,887.43 2 1
github.com/sam-caldwell/ami/src/ami/compiler/parser/parser.go:889.13,889.44 1 1
github.com/sam-caldwell/ami/src/ami/compiler/parser/parser.go:889.44,889.56 1 1
github.com/sam-caldwell/ami/src/ami/compiler/parser/parser.go:890.13,890.21 1 1
github.com/sam-caldwell/ami/src/ami/compiler/parser/parser.go:893.9,895.40 3 0
github.com/sam-caldwell/ami/src/ami/compiler/parser/parser.go:895.40,895.52 1 0
github.com/sam-caldwell/ami/src/ami/compiler/parser/parser.go:897.5,897.38 1 1
github.com/sam-caldwell/ami/src/ami/compiler/parser/parser.go:897.38,897.102 1 0
github.com/sam-caldwell/ami/src/ami/compiler/parser/parser.go:898.5,902.19 5 1
github.com/sam-caldwell/ami/src/ami/compiler/parser/parser.go:905.61,909.19 4 1
github.com/sam-caldwell/ami/src/ami/compiler/parser/parser.go:909.19,909.38 1 0
github.com/sam-caldwell/ami/src/ami/compiler/parser/parser.go:910.5,912.19 3 1
github.com/sam-caldwell/ami/src/ami/compiler/parser/parser.go:917.59,918.38 1 1
github.com/sam-caldwell/ami/src/ami/compiler/parser/parser.go:918.38,918.102 1 0
github.com/sam-caldwell/ami/src/ami/compiler/parser/parser.go:919.5,922.66 4 1
github.com/sam-caldwell/ami/src/ami/compiler/parser/parser.go:922.66,923.80 1 1
github.com/sam-caldwell/ami/src/ami/compiler/parser/parser.go:923.80,925.31 3 0
github.com/sam-caldwell/ami/src/ami/compiler/parser/parser.go:927.9,928.159 1 1
github.com/sam-caldwell/ami/src/ami/compiler/parser/parser.go:928.159,930.93 1 1
github.com/sam-caldwell/ami/src/ami/compiler/parser/parser.go:930.93,933.50 3 1
github.com/sam-caldwell/ami/src/ami/compiler/parser/parser.go:933.50,936.82 3 1
github.com/sam-caldwell/ami/src/ami/compiler/parser/parser.go:936.82,938.31 2 1
github.com/sam-caldwell/ami/src/ami/compiler/parser/parser.go:938.31,938.96 1 1
github.com/sam-caldwell/ami/src/ami/compiler/parser/parser.go:938.101,938.204 2 0
github.com/sam-caldwell/ami/src/ami/compiler/parser/parser.go:939.25,939.57 1 1
github.com/sam-caldwell/ami/src/ami/compiler/parser/parser.go:939.57,939.77 2 0
github.com/sam-caldwell/ami/src/ami/compiler/parser/parser.go:941.21,941.54 1 1
github.com/sam-caldwell/ami/src/ami/compiler/parser/parser.go:941.54,941.66 1 1
github.com/sam-caldwell/ami/src/ami/compiler/parser/parser.go:941.71,941.110 1 0
github.com/sam-caldwell/ami/src/ami/compiler/parser/parser.go:942.21,942.35 1 1
github.com/sam-caldwell/ami/src/ami/compiler/parser/parser.go:944.17,945.77 2 1
github.com/sam-caldwell/ami/src/ami/compiler/parser/parser.go:945.77,949.52 4 0
github.com/sam-caldwell/ami/src/ami/compiler/parser/parser.go:949.52,951.121 2 0
github.com/sam-caldwell/ami/src/ami/compiler/parser/parser.go:951.121,953.34 2 0
github.com/sam-caldwell/ami/src/ami/compiler/parser/parser.go:955.25,956.33 2 0
github.com/sam-caldwell/ami/src/ami/compiler/parser/parser.go:958.21,959.54 2 0
github.com/sam-caldwell/ami/src/ami/compiler/parser/parser.go:959.54,961.86 2 0
github.com/sam-caldwell/ami/src/ami/compiler/parser/parser.go:961.86,962.64 1 0
github.com/sam-caldwell/ami/src/ami/compiler/parser/parser.go:962.64,962.94 1 0
github.com/sam-caldwell/ami/src/ami/compiler/parser/parser.go:962.99,962.207 2 0
github.com/sam-caldwell/ami/src/ami/compiler/parser/parser.go:963.29,963.61 1 0
github.com/sam-caldwell/ami/src/ami/compiler/parser/parser.go:963.61,963.81 2 0
github.com/sam-caldwell/ami/src/ami/compiler/parser/parser.go:965.25,965.58 1 0
github.com/sam-caldwell/ami/src/ami/compiler/parser/parser.go:965.58,965.70 1 0
github.com/sam-caldwell/ami/src/ami/compiler/parser/parser.go:965.75,965.114 1 0
github.com/sam-caldwell/ami/src/ami/compiler/parser/parser.go:967.21,968.53 2 0
github.com/sam-caldwell/ami/src/ami/compiler/parser/parser.go:968.53,968.73 2 0
github.com/sam-caldwell/ami/src/ami/compiler/parser/parser.go:970.17,971.26 2 1
github.com/sam-caldwell/ami/src/ami/compiler/parser/parser.go:975.13,978.44 4 1
github.com/sam-caldwell/ami/src/ami/compiler/parser/parser.go:978.44,980.46 2 0
github.com/sam-caldwell/ami/src/ami/compiler/parser/parser.go:980.46,980.116 2 0
github.com/sam-caldwell/ami/src/ami/compiler/parser/parser.go:981.17,982.25 2 0
github.com/sam-caldwell/ami/src/ami/compiler/parser/parser.go:984.13,987.44 3 1
github.com/sam-caldwell/ami/src/ami/compiler/parser/parser.go:987.44,989.263 2 1
github.com/sam-caldwell/ami/src/ami/compiler/parser/parser.go:989.263,991.26 2 0
github.com/sam-caldwell/ami/src/ami/compiler/parser/parser.go:993.17,996.48 4 1
github.com/sam-caldwell/ami/src/ami/compiler/parser/parser.go:996.48,998.50 2 0
github.com/sam-caldwell/ami/src/ami/compiler/parser/parser.go:998.50,998.120 2 0
github.com/sam-caldwell/ami/src/ami/compiler/parser/parser.go:999.21,1000.29 2 0
github.com/sam-caldwell/ami/src/ami/compiler/parser/parser.go:1002.17,1003.43 2 1
github.com/sam-caldwell/ami/src/ami/compiler/parser/parser.go:1005.13,1005.44 1 1
github.com/sam-caldwell/ami/src/ami/compiler/parser/parser.go:1005.44,1005.56 1 1
github.com/sam-caldwell/ami/src/ami/compiler/parser/parser.go:1006.13,1006.21 1 1
github.com/sam-caldwell/ami/src/ami/compiler/parser/parser.go:1009.9,1011.40 3 0
github.com/sam-caldwell/ami/src/ami/compiler/parser/parser.go:1011.40,1011.52 1 0
github.com/sam-caldwell/ami/src/ami/compiler/parser/parser.go:1013.5,1014.38 2 1
github.com/sam-caldwell/ami/src/ami/compiler/parser/parser.go:1014.38,1014.50 1 1
github.com/sam-caldwell/ami/src/ami/compiler/parser/parser.go:1015.5,1015.69 1 1
github.com/sam-caldwell/ami/src/ami/compiler/parser/parser.go:1019.61,1019.81 1 0
github.com/sam-caldwell/ami/src/ami/compiler/parser/parser.go:1021.51,1025.2 2 1
github.com/sam-caldwell/ami/src/ami/compiler/parser/parser.go:1027.35,1028.27 1 1
github.com/sam-caldwell/ami/src/ami/compiler/parser/parser.go:1028.27,1028.41 1 1
github.com/sam-caldwell/ami/src/ami/compiler/parser/parser.go:1029.5,1029.23 1 1
github.com/sam-caldwell/ami/src/ami/compiler/parser/parser.go:1033.28,1035.2 1 1
github.com/sam-caldwell/ami/src/ami/compiler/parser/parser.go:1038.49,1040.29 2 1
github.com/sam-caldwell/ami/src/ami/compiler/parser/parser.go:1040.29,1040.52 1 1
github.com/sam-caldwell/ami/src/ami/compiler/parser/parser.go:1041.5,1041.9 1 1
github.com/sam-caldwell/ami/src/ami/compiler/parser/parser.go:1041.9,1042.41 1 1
github.com/sam-caldwell/ami/src/ami/compiler/parser/parser.go:1042.41,1042.51 1 1
github.com/sam-caldwell/ami/src/ami/compiler/parser/parser.go:1043.9,1043.36 1 1
github.com/sam-caldwell/ami/src/ami/compiler/parser/parser.go:1043.36,1043.46 1 0
github.com/sam-caldwell/ami/src/ami/compiler/parser/parser.go:1044.9,1044.17 1 1
github.com/sam-caldwell/ami/src/ami/compiler/parser/parser.go:1049.58,1052.2 2 1
github.com/sam-caldwell/ami/src/ami/compiler/parser/parser.go:1056.48,1057.31 1 1
github.com/sam-caldwell/ami/src/ami/compiler/parser/parser.go:1057.31,1057.45 1 0
github.com/sam-caldwell/ami/src/ami/compiler/parser/parser.go:1062.5,1065.22 3 1
github.com/sam-caldwell/ami/src/ami/compiler/parser/parser.go:1065.22,1065.36 1 0
github.com/sam-caldwell/ami/src/ami/compiler/parser/parser.go:1066.5,1069.40 4 1
github.com/sam-caldwell/ami/src/ami/compiler/parser/parser.go:1069.40,1070.52 1 1
github.com/sam-caldwell/ami/src/ami/compiler/parser/parser.go:1070.52,1072.53 2 1
github.com/sam-caldwell/ami/src/ami/compiler/parser/parser.go:1072.53,1079.52 5 1
github.com/sam-caldwell/ami/src/ami/compiler/parser/parser.go:1079.52,1082.18 2 1
github.com/sam-caldwell/ami/src/ami/compiler/parser/parser.go:1083.17,1083.58 1 1
github.com/sam-caldwell/ami/src/ami/compiler/parser/parser.go:1083.58,1086.18 2 1
github.com/sam-caldwell/ami/src/ami/compiler/parser/parser.go:1086.23,1088.18 1 0
github.com/sam-caldwell/ami/src/ami/compiler/parser/parser.go:1089.17,1090.31 2 1
github.com/sam-caldwell/ami/src/ami/compiler/parser/parser.go:1090.31,1095.48 4 1
github.com/sam-caldwell/ami/src/ami/compiler/parser/parser.go:1095.48,1096.66 1 1
github.com/sam-caldwell/ami/src/ami/compiler/parser/parser.go:1096.66,1100.126 3 1
github.com/sam-caldwell/ami/src/ami/compiler/parser/parser.go:1100.126,1102.30 1 1
github.com/sam-caldwell/ami/src/ami/compiler/parser/parser.go:1103.29,1103.45 1 1
github.com/sam-caldwell/ami/src/ami/compiler/parser/parser.go:1106.21,1106.44 1 1
github.com/sam-caldwell/ami/src/ami/compiler/parser/parser.go:1106.44,1106.63 1 1
github.com/sam-caldwell/ami/src/ami/compiler/parser/parser.go:1108.17,1108.38 1 1
github.com/sam-caldwell/ami/src/ami/compiler/parser/parser.go:1110.13,1111.26 2 1
github.com/sam-caldwell/ami/src/ami/compiler/parser/parser.go:1114.5,1114.15 1 1
github.com/sam-caldwell/ami/src/ami/compiler/parser/parser.go:1118.40,1121.31 2 1
github.com/sam-caldwell/ami/src/ami/compiler/parser/parser.go:1121.31,1121.44 1 0
github.com/sam-caldwell/ami/src/ami/compiler/parser/parser.go:1123.5,1123.29 1 1
github.com/sam-caldwell/ami/src/ami/compiler/parser/parser.go:1127.31,1128.33 1 1
github.com/sam-caldwell/ami/src/ami/compiler/parser/parser.go:1128.33,1129.40 1 1
github.com/sam-caldwell/ami/src/ami/compiler/parser/parser.go:1129.40,1129.52 1 1
github.com/sam-caldwell/ami/src/ami/compiler/parser/parser.go:1131.5,1131.14 1 0
github.com/sam-caldwell/ami/src/ami/compiler/parser/parser.go:1139.49,1140.31 1 1
github.com/sam-caldwell/ami/src/ami/compiler/parser/parser.go:1140.31,1142.6 1 1
github.com/sam-caldwell/ami/src/ami/compiler/parser/parser.go:1144.5,1145.17 2 1
github.com/sam-caldwell/ami/src/ami/compiler/parser/parser.go:1145.17,1145.30 1 0
github.com/sam-caldwell/ami/src/ami/compiler/parser/parser.go:1146.5,1148.35 2 1
github.com/sam-caldwell/ami/src/ami/compiler/parser/parser.go:1148.35,1150.26 2 0
github.com/sam-caldwell/ami/src/ami/compiler/parser/parser.go:1150.26,1150.53 1 0
github.com/sam-caldwell/ami/src/ami/compiler/parser/parser.go:1152.9,1152.43 1 0
github.com/sam-caldwell/ami/src/ami/compiler/parser/parser.go:1152.43,1154.10 1 0
github.com/sam-caldwell/ami/src/ami/compiler/parser/parser.go:1155.9,1156.30 2 0
github.com/sam-caldwell/ami/src/ami/compiler/parser/parser.go:1159.5,1160.9 2 1
github.com/sam-caldwell/ami/src/ami/compiler/parser/parser.go:1160.9,1161.27 1 1
github.com/sam-caldwell/ami/src/ami/compiler/parser/parser.go:1162.40,1164.21 2 1
github.com/sam-caldwell/ami/src/ami/compiler/parser/parser.go:1165.27,1167.21 2 1
github.com/sam-caldwell/ami/src/ami/compiler/parser/parser.go:1168.26,1170.21 2 1
github.com/sam-caldwell/ami/src/ami/compiler/parser/parser.go:1171.17,1172.26 1 1
github.com/sam-caldwell/ami/src/ami/compiler/parser/parser.go:1172.26,1172.93 1 0
github.com/sam-caldwell/ami/src/ami/compiler/parser/parser.go:1173.13,1173.34 1 1
github.com/sam-caldwell/ami/src/ami/compiler/parser/parser.go:1180.48,1181.14 1 1
github.com/sam-caldwell/ami/src/ami/compiler/parser/parser.go:1186.49,1187.20 1 1
github.com/sam-caldwell/ami/src/ami/compiler/parser/parser.go:1188.13,1189.21 1 0
