mode: set
github.com/sam-caldwell/ami/src/cmd/ami/build_cmd.go:9.35,14.61 2 1
github.com/sam-caldwell/ami/src/cmd/ami/build_cmd.go:14.61,17.27 2 0
github.com/sam-caldwell/ami/src/cmd/ami/build_cmd.go:17.27,17.41 1 0
github.com/sam-caldwell/ami/src/cmd/ami/build_cmd.go:18.13,19.69 2 0
github.com/sam-caldwell/ami/src/cmd/ami/build_cmd.go:22.5,23.15 2 1
github.com/sam-caldwell/ami/src/cmd/ami/build_run.go:21.76,22.41 1 0
github.com/sam-caldwell/ami/src/cmd/ami/build_run.go:22.41,24.6 1 0
github.com/sam-caldwell/ami/src/cmd/ami/build_run.go:26.5,29.69 4 0
github.com/sam-caldwell/ami/src/cmd/ami/build_run.go:29.69,31.20 1 0
github.com/sam-caldwell/ami/src/cmd/ami/build_run.go:31.20,40.10 2 0
github.com/sam-caldwell/ami/src/cmd/ami/build_run.go:41.9,41.91 1 0
github.com/sam-caldwell/ami/src/cmd/ami/build_run.go:42.11,42.26 1 0
github.com/sam-caldwell/ami/src/cmd/ami/build_run.go:42.26,43.20 1 0
github.com/sam-caldwell/ami/src/cmd/ami/build_run.go:43.20,52.10 2 0
github.com/sam-caldwell/ami/src/cmd/ami/build_run.go:53.9,53.60 1 0
github.com/sam-caldwell/ami/src/cmd/ami/build_run.go:56.5,56.43 1 0
github.com/sam-caldwell/ami/src/cmd/ami/build_run.go:56.43,57.20 1 0
github.com/sam-caldwell/ami/src/cmd/ami/build_run.go:57.20,66.10 2 0
github.com/sam-caldwell/ami/src/cmd/ami/build_run.go:67.9,67.70 1 0
github.com/sam-caldwell/ami/src/cmd/ami/build_run.go:71.5,71.45 1 0
github.com/sam-caldwell/ami/src/cmd/ami/build_run.go:71.45,74.26 2 0
github.com/sam-caldwell/ami/src/cmd/ami/build_run.go:74.26,74.76 1 0
github.com/sam-caldwell/ami/src/cmd/ami/build_run.go:75.9,75.20 1 0
github.com/sam-caldwell/ami/src/cmd/ami/build_run.go:75.20,85.10 2 0
github.com/sam-caldwell/ami/src/cmd/ami/build_run.go:86.9,86.46 1 0
github.com/sam-caldwell/ami/src/cmd/ami/build_run.go:91.5,92.21 2 0
github.com/sam-caldwell/ami/src/cmd/ami/build_run.go:92.21,92.43 1 0
github.com/sam-caldwell/ami/src/cmd/ami/build_run.go:93.5,97.23 3 0
github.com/sam-caldwell/ami/src/cmd/ami/build_run.go:97.23,99.45 2 0
github.com/sam-caldwell/ami/src/cmd/ami/build_run.go:99.45,101.10 1 0
github.com/sam-caldwell/ami/src/cmd/ami/build_run.go:106.5,107.20 2 0
github.com/sam-caldwell/ami/src/cmd/ami/build_run.go:107.20,108.20 1 0
github.com/sam-caldwell/ami/src/cmd/ami/build_run.go:108.20,111.10 2 0
github.com/sam-caldwell/ami/src/cmd/ami/build_run.go:112.9,112.70 1 0
github.com/sam-caldwell/ami/src/cmd/ami/build_run.go:115.5,115.196 1 0
github.com/sam-caldwell/ami/src/cmd/ami/build_run.go:115.196,116.20 1 0
github.com/sam-caldwell/ami/src/cmd/ami/build_run.go:116.20,133.10 2 0
github.com/sam-caldwell/ami/src/cmd/ami/build_run.go:134.9,134.99 1 0
github.com/sam-caldwell/ami/src/cmd/ami/build_run.go:138.5,138.16 1 0
github.com/sam-caldwell/ami/src/cmd/ami/build_run.go:138.16,148.39 5 0
github.com/sam-caldwell/ami/src/cmd/ami/build_run.go:148.39,150.10 1 0
github.com/sam-caldwell/ami/src/cmd/ami/build_run.go:152.9,152.99 1 0
github.com/sam-caldwell/ami/src/cmd/ami/build_run.go:152.99,155.10 2 0
github.com/sam-caldwell/ami/src/cmd/ami/build_run.go:158.9,158.66 1 0
github.com/sam-caldwell/ami/src/cmd/ami/build_run.go:158.66,162.90 3 0
github.com/sam-caldwell/ami/src/cmd/ami/build_run.go:162.90,163.44 1 0
github.com/sam-caldwell/ami/src/cmd/ami/build_run.go:163.44,163.58 1 0
github.com/sam-caldwell/ami/src/cmd/ami/build_run.go:164.17,164.49 1 0
github.com/sam-caldwell/ami/src/cmd/ami/build_run.go:164.49,164.80 1 0
github.com/sam-caldwell/ami/src/cmd/ami/build_run.go:165.17,165.27 1 0
github.com/sam-caldwell/ami/src/cmd/ami/build_run.go:167.13,167.31 1 0
github.com/sam-caldwell/ami/src/cmd/ami/build_run.go:167.31,169.41 2 0
github.com/sam-caldwell/ami/src/cmd/ami/build_run.go:169.41,170.61 2 0
github.com/sam-caldwell/ami/src/cmd/ami/build_run.go:170.61,170.71 1 0
github.com/sam-caldwell/ami/src/cmd/ami/build_run.go:171.21,171.45 1 0
github.com/sam-caldwell/ami/src/cmd/ami/build_run.go:174.17,178.36 5 0
github.com/sam-caldwell/ami/src/cmd/ami/build_run.go:183.5,183.16 1 0
github.com/sam-caldwell/ami/src/cmd/ami/build_run.go:183.16,194.6 2 0
github.com/sam-caldwell/ami/src/cmd/ami/build_run.go:196.5,197.15 2 0
github.com/sam-caldwell/ami/src/cmd/ami/cache.go:14.33,16.20 2 0
github.com/sam-caldwell/ami/src/cmd/ami/cache.go:16.20,18.23 2 0
github.com/sam-caldwell/ami/src/cmd/ami/cache.go:18.23,21.10 1 0
github.com/sam-caldwell/ami/src/cmd/ami/cache.go:22.9,24.50 2 0
github.com/sam-caldwell/ami/src/cmd/ami/cache.go:26.5,26.53 1 0
github.com/sam-caldwell/ami/src/cmd/ami/cache.go:26.53,27.61 1 0
github.com/sam-caldwell/ami/src/cmd/ami/cache.go:27.61,29.10 1 0
github.com/sam-caldwell/ami/src/cmd/ami/cache.go:31.5,31.15 1 0
github.com/sam-caldwell/ami/src/cmd/ami/clean_cmd.go:9.35,14.61 2 1
github.com/sam-caldwell/ami/src/cmd/ami/clean_cmd.go:14.61,17.27 2 0
github.com/sam-caldwell/ami/src/cmd/ami/clean_cmd.go:17.27,19.14 1 0
github.com/sam-caldwell/ami/src/cmd/ami/clean_cmd.go:20.13,20.60 1 0
github.com/sam-caldwell/ami/src/cmd/ami/clean_cmd.go:23.5,24.15 2 1
github.com/sam-caldwell/ami/src/cmd/ami/clean_run.go:23.62,25.41 2 0
github.com/sam-caldwell/ami/src/cmd/ami/clean_run.go:25.41,27.6 1 0
github.com/sam-caldwell/ami/src/cmd/ami/clean_run.go:30.5,33.66 4 0
github.com/sam-caldwell/ami/src/cmd/ami/clean_run.go:33.66,36.6 2 0
github.com/sam-caldwell/ami/src/cmd/ami/clean_run.go:36.11,36.26 1 0
github.com/sam-caldwell/ami/src/cmd/ami/clean_run.go:36.26,37.47 1 0
github.com/sam-caldwell/ami/src/cmd/ami/clean_run.go:37.47,38.24 1 0
github.com/sam-caldwell/ami/src/cmd/ami/clean_run.go:38.24,40.14 1 0
github.com/sam-caldwell/ami/src/cmd/ami/clean_run.go:41.13,41.74 1 0
github.com/sam-caldwell/ami/src/cmd/ami/clean_run.go:43.9,43.47 1 0
github.com/sam-caldwell/ami/src/cmd/ami/clean_run.go:43.47,45.10 1 0
github.com/sam-caldwell/ami/src/cmd/ami/clean_run.go:45.15,47.10 1 0
github.com/sam-caldwell/ami/src/cmd/ami/clean_run.go:48.11,49.20 1 0
github.com/sam-caldwell/ami/src/cmd/ami/clean_run.go:49.20,51.10 1 0
github.com/sam-caldwell/ami/src/cmd/ami/clean_run.go:52.9,52.60 1 0
github.com/sam-caldwell/ami/src/cmd/ami/clean_run.go:56.5,56.31 1 0
github.com/sam-caldwell/ami/src/cmd/ami/clean_run.go:56.31,57.20 1 0
github.com/sam-caldwell/ami/src/cmd/ami/clean_run.go:57.20,60.10 2 0
github.com/sam-caldwell/ami/src/cmd/ami/clean_run.go:61.9,61.45 1 0
github.com/sam-caldwell/ami/src/cmd/ami/clean_run.go:61.45,63.10 1 0
github.com/sam-caldwell/ami/src/cmd/ami/clean_run.go:64.9,64.100 1 0
github.com/sam-caldwell/ami/src/cmd/ami/clean_run.go:67.5,71.49 3 0
github.com/sam-caldwell/ami/src/cmd/ami/clean_run.go:71.49,72.20 1 0
github.com/sam-caldwell/ami/src/cmd/ami/clean_run.go:72.20,74.10 1 0
github.com/sam-caldwell/ami/src/cmd/ami/clean_run.go:75.9,75.78 1 0
github.com/sam-caldwell/ami/src/cmd/ami/clean_run.go:77.5,78.41 2 0
github.com/sam-caldwell/ami/src/cmd/ami/clean_run.go:78.41,80.6 1 0
github.com/sam-caldwell/ami/src/cmd/ami/clean_run.go:83.5,83.55 1 0
github.com/sam-caldwell/ami/src/cmd/ami/clean_run.go:83.55,84.20 1 0
github.com/sam-caldwell/ami/src/cmd/ami/clean_run.go:84.20,86.10 1 0
github.com/sam-caldwell/ami/src/cmd/ami/clean_run.go:87.9,87.78 1 0
github.com/sam-caldwell/ami/src/cmd/ami/clean_run.go:89.5,90.41 2 0
github.com/sam-caldwell/ami/src/cmd/ami/clean_run.go:90.41,92.6 1 0
github.com/sam-caldwell/ami/src/cmd/ami/clean_run.go:94.5,94.16 1 0
github.com/sam-caldwell/ami/src/cmd/ami/clean_run.go:94.16,96.6 1 0
github.com/sam-caldwell/ami/src/cmd/ami/clean_run.go:98.5,99.15 2 0
github.com/sam-caldwell/ami/src/cmd/ami/help_cmd.go:9.34,13.61 1 1
github.com/sam-caldwell/ami/src/cmd/ami/help_cmd.go:13.61,17.10 2 0
github.com/sam-caldwell/ami/src/cmd/ami/help_content.go:10.26,10.44 1 0
github.com/sam-caldwell/ami/src/cmd/ami/init_cmd.go:9.34,15.61 3 1
github.com/sam-caldwell/ami/src/cmd/ami/init_cmd.go:15.61,18.27 2 0
github.com/sam-caldwell/ami/src/cmd/ami/init_cmd.go:18.27,20.14 1 0
github.com/sam-caldwell/ami/src/cmd/ami/init_cmd.go:21.13,21.66 1 0
github.com/sam-caldwell/ami/src/cmd/ami/init_cmd.go:24.5,26.15 3 1
github.com/sam-caldwell/ami/src/cmd/ami/init_gitignore.go:9.52,11.46 2 0
github.com/sam-caldwell/ami/src/cmd/ami/init_gitignore.go:11.46,13.23 2 0
github.com/sam-caldwell/ami/src/cmd/ami/init_gitignore.go:13.23,15.10 1 0
github.com/sam-caldwell/ami/src/cmd/ami/init_gitignore.go:16.9,17.35 2 0
github.com/sam-caldwell/ami/src/cmd/ami/init_run.go:26.73,28.41 2 0
github.com/sam-caldwell/ami/src/cmd/ami/init_run.go:28.41,30.6 1 0
github.com/sam-caldwell/ami/src/cmd/ami/init_run.go:33.5,35.77 3 0
github.com/sam-caldwell/ami/src/cmd/ami/init_run.go:35.77,39.58 3 0
github.com/sam-caldwell/ami/src/cmd/ami/init_run.go:39.58,41.10 1 0
github.com/sam-caldwell/ami/src/cmd/ami/init_run.go:42.9,44.45 3 0
github.com/sam-caldwell/ami/src/cmd/ami/init_run.go:44.45,46.10 1 0
github.com/sam-caldwell/ami/src/cmd/ami/init_run.go:47.11,47.26 1 0
github.com/sam-caldwell/ami/src/cmd/ami/init_run.go:47.26,49.58 1 0
github.com/sam-caldwell/ami/src/cmd/ami/init_run.go:49.58,51.10 1 0
github.com/sam-caldwell/ami/src/cmd/ami/init_run.go:53.9,53.18 1 0
github.com/sam-caldwell/ami/src/cmd/ami/init_run.go:53.18,57.33 3 0
github.com/sam-caldwell/ami/src/cmd/ami/init_run.go:57.33,60.14 2 0
github.com/sam-caldwell/ami/src/cmd/ami/init_run.go:62.13,62.51 1 0
github.com/sam-caldwell/ami/src/cmd/ami/init_run.go:62.51,65.14 2 0
github.com/sam-caldwell/ami/src/cmd/ami/init_run.go:66.13,66.52 1 0
github.com/sam-caldwell/ami/src/cmd/ami/init_run.go:66.52,69.14 2 0
github.com/sam-caldwell/ami/src/cmd/ami/init_run.go:70.13,70.71 1 0
github.com/sam-caldwell/ami/src/cmd/ami/init_run.go:70.71,76.14 3 0
github.com/sam-caldwell/ami/src/cmd/ami/init_run.go:77.13,77.24 1 0
github.com/sam-caldwell/ami/src/cmd/ami/init_run.go:77.24,78.66 1 0
github.com/sam-caldwell/ami/src/cmd/ami/init_run.go:78.66,80.18 1 0
github.com/sam-caldwell/ami/src/cmd/ami/init_run.go:82.17,85.53 4 0
github.com/sam-caldwell/ami/src/cmd/ami/init_run.go:85.53,87.18 1 0
github.com/sam-caldwell/ami/src/cmd/ami/init_run.go:90.11,92.6 1 0
github.com/sam-caldwell/ami/src/cmd/ami/init_run.go:95.5,96.43 2 0
github.com/sam-caldwell/ami/src/cmd/ami/init_run.go:96.43,98.6 1 0
github.com/sam-caldwell/ami/src/cmd/ami/init_run.go:99.5,99.96 1 0
github.com/sam-caldwell/ami/src/cmd/ami/init_run.go:99.96,101.6 1 0
github.com/sam-caldwell/ami/src/cmd/ami/init_run.go:103.5,105.41 3 0
github.com/sam-caldwell/ami/src/cmd/ami/init_run.go:105.41,107.6 1 0
github.com/sam-caldwell/ami/src/cmd/ami/init_run.go:110.5,111.46 2 0
github.com/sam-caldwell/ami/src/cmd/ami/init_run.go:111.46,112.25 1 0
github.com/sam-caldwell/ami/src/cmd/ami/init_run.go:112.25,114.10 1 0
github.com/sam-caldwell/ami/src/cmd/ami/init_run.go:115.9,115.78 1 0
github.com/sam-caldwell/ami/src/cmd/ami/init_run.go:115.78,117.10 1 0
github.com/sam-caldwell/ami/src/cmd/ami/init_run.go:118.9,119.45 2 0
github.com/sam-caldwell/ami/src/cmd/ami/init_run.go:119.45,121.10 1 0
github.com/sam-caldwell/ami/src/cmd/ami/init_run.go:123.5,126.66 2 0
github.com/sam-caldwell/ami/src/cmd/ami/init_run.go:126.66,128.6 1 0
github.com/sam-caldwell/ami/src/cmd/ami/init_run.go:128.11,128.21 1 0
github.com/sam-caldwell/ami/src/cmd/ami/init_run.go:128.21,130.55 1 0
github.com/sam-caldwell/ami/src/cmd/ami/init_run.go:130.55,133.45 3 0
github.com/sam-caldwell/ami/src/cmd/ami/init_run.go:133.45,135.14 1 0
github.com/sam-caldwell/ami/src/cmd/ami/init_run.go:136.13,137.78 2 0
github.com/sam-caldwell/ami/src/cmd/ami/init_run.go:138.15,141.10 2 0
github.com/sam-caldwell/ami/src/cmd/ami/init_run.go:142.11,145.20 2 0
github.com/sam-caldwell/ami/src/cmd/ami/init_run.go:145.20,148.10 2 0
github.com/sam-caldwell/ami/src/cmd/ami/init_run.go:149.9,149.77 1 0
github.com/sam-caldwell/ami/src/cmd/ami/init_run.go:153.5,155.41 3 0
github.com/sam-caldwell/ami/src/cmd/ami/init_run.go:155.41,157.6 1 0
github.com/sam-caldwell/ami/src/cmd/ami/init_run.go:159.5,159.16 1 0
github.com/sam-caldwell/ami/src/cmd/ami/init_run.go:159.16,162.6 2 0
github.com/sam-caldwell/ami/src/cmd/ami/init_run.go:164.5,165.41 2 0
github.com/sam-caldwell/ami/src/cmd/ami/init_run.go:165.41,167.6 1 0
github.com/sam-caldwell/ami/src/cmd/ami/init_run.go:167.11,167.27 1 0
github.com/sam-caldwell/ami/src/cmd/ami/init_run.go:167.27,169.6 1 0
github.com/sam-caldwell/ami/src/cmd/ami/init_run.go:169.11,171.6 1 0
github.com/sam-caldwell/ami/src/cmd/ami/init_run.go:172.5,173.15 2 0
github.com/sam-caldwell/ami/src/cmd/ami/lint_cmd.go:8.34,21.61 10 1
github.com/sam-caldwell/ami/src/cmd/ami/lint_cmd.go:21.61,23.49 2 1
github.com/sam-caldwell/ami/src/cmd/ami/lint_cmd.go:23.49,25.14 1 0
github.com/sam-caldwell/ami/src/cmd/ami/lint_cmd.go:27.13,36.77 2 1
github.com/sam-caldwell/ami/src/cmd/ami/lint_cmd.go:39.5,48.15 10 1
github.com/sam-caldwell/ami/src/cmd/ami/lint_crosspkg_constraints.go:14.73,16.18 2 1
github.com/sam-caldwell/ami/src/cmd/ami/lint_crosspkg_constraints.go:16.18,16.32 1 0
github.com/sam-caldwell/ami/src/cmd/ami/lint_crosspkg_constraints.go:17.5,24.36 5 1
github.com/sam-caldwell/ami/src/cmd/ami/lint_crosspkg_constraints.go:24.36,25.49 1 1
github.com/sam-caldwell/ami/src/cmd/ami/lint_crosspkg_constraints.go:25.49,27.94 2 1
github.com/sam-caldwell/ami/src/cmd/ami/lint_crosspkg_constraints.go:27.94,27.104 1 1
github.com/sam-caldwell/ami/src/cmd/ami/lint_crosspkg_constraints.go:28.13,28.33 1 1
github.com/sam-caldwell/ami/src/cmd/ami/lint_crosspkg_constraints.go:28.33,28.43 1 1
github.com/sam-caldwell/ami/src/cmd/ami/lint_crosspkg_constraints.go:29.13,30.27 2 1
github.com/sam-caldwell/ami/src/cmd/ami/lint_crosspkg_constraints.go:30.27,30.37 1 1
github.com/sam-caldwell/ami/src/cmd/ami/lint_crosspkg_constraints.go:31.13,32.25 2 1
github.com/sam-caldwell/ami/src/cmd/ami/lint_crosspkg_constraints.go:32.25,32.35 1 0
github.com/sam-caldwell/ami/src/cmd/ami/lint_crosspkg_constraints.go:33.13,33.27 1 1
github.com/sam-caldwell/ami/src/cmd/ami/lint_crosspkg_constraints.go:33.27,35.32 2 1
github.com/sam-caldwell/ami/src/cmd/ami/lint_crosspkg_constraints.go:35.32,35.79 2 1
github.com/sam-caldwell/ami/src/cmd/ami/lint_crosspkg_constraints.go:36.17,37.31 2 1
github.com/sam-caldwell/ami/src/cmd/ami/lint_crosspkg_constraints.go:38.19,40.14 1 1
github.com/sam-caldwell/ami/src/cmd/ami/lint_crosspkg_constraints.go:43.5,43.31 1 1
github.com/sam-caldwell/ami/src/cmd/ami/lint_crosspkg_constraints.go:43.31,44.27 1 1
github.com/sam-caldwell/ami/src/cmd/ami/lint_crosspkg_constraints.go:44.27,44.37 1 1
github.com/sam-caldwell/ami/src/cmd/ami/lint_crosspkg_constraints.go:46.9,46.179 1 1
github.com/sam-caldwell/ami/src/cmd/ami/lint_crosspkg_constraints.go:51.5,54.36 3 1
github.com/sam-caldwell/ami/src/cmd/ami/lint_crosspkg_constraints.go:54.36,55.49 1 1
github.com/sam-caldwell/ami/src/cmd/ami/lint_crosspkg_constraints.go:55.49,57.94 2 1
github.com/sam-caldwell/ami/src/cmd/ami/lint_crosspkg_constraints.go:57.94,57.104 1 1
github.com/sam-caldwell/ami/src/cmd/ami/lint_crosspkg_constraints.go:58.13,58.33 1 1
github.com/sam-caldwell/ami/src/cmd/ami/lint_crosspkg_constraints.go:58.33,58.43 1 1
github.com/sam-caldwell/ami/src/cmd/ami/lint_crosspkg_constraints.go:59.13,60.27 2 1
github.com/sam-caldwell/ami/src/cmd/ami/lint_crosspkg_constraints.go:60.27,60.37 1 1
github.com/sam-caldwell/ami/src/cmd/ami/lint_crosspkg_constraints.go:61.13,61.25 1 1
github.com/sam-caldwell/ami/src/cmd/ami/lint_crosspkg_constraints.go:61.25,61.35 1 0
github.com/sam-caldwell/ami/src/cmd/ami/lint_crosspkg_constraints.go:62.13,62.27 1 1
github.com/sam-caldwell/ami/src/cmd/ami/lint_crosspkg_constraints.go:62.27,64.53 1 1
github.com/sam-caldwell/ami/src/cmd/ami/lint_crosspkg_constraints.go:64.53,64.84 1 1
github.com/sam-caldwell/ami/src/cmd/ami/lint_crosspkg_constraints.go:64.89,64.117 1 1
github.com/sam-caldwell/ami/src/cmd/ami/lint_crosspkg_constraints.go:65.19,68.54 2 1
github.com/sam-caldwell/ami/src/cmd/ami/lint_crosspkg_constraints.go:68.54,68.81 1 1
github.com/sam-caldwell/ami/src/cmd/ami/lint_crosspkg_constraints.go:68.86,68.118 1 0
github.com/sam-caldwell/ami/src/cmd/ami/lint_crosspkg_constraints.go:72.5,72.35 1 1
github.com/sam-caldwell/ami/src/cmd/ami/lint_crosspkg_constraints.go:72.35,73.26 1 1
github.com/sam-caldwell/ami/src/cmd/ami/lint_crosspkg_constraints.go:73.26,75.10 1 1
github.com/sam-caldwell/ami/src/cmd/ami/lint_crosspkg_constraints.go:79.5,79.30 1 1
github.com/sam-caldwell/ami/src/cmd/ami/lint_crosspkg_constraints.go:79.30,83.32 3 1
github.com/sam-caldwell/ami/src/cmd/ami/lint_crosspkg_constraints.go:83.32,83.48 1 1
github.com/sam-caldwell/ami/src/cmd/ami/lint_crosspkg_constraints.go:83.48,83.78 1 1
github.com/sam-caldwell/ami/src/cmd/ami/lint_crosspkg_constraints.go:83.83,83.114 1 1
github.com/sam-caldwell/ami/src/cmd/ami/lint_crosspkg_constraints.go:84.9,84.28 1 1
github.com/sam-caldwell/ami/src/cmd/ami/lint_crosspkg_constraints.go:84.28,87.38 2 1
github.com/sam-caldwell/ami/src/cmd/ami/lint_crosspkg_constraints.go:87.38,87.80 1 1
github.com/sam-caldwell/ami/src/cmd/ami/lint_crosspkg_constraints.go:87.80,89.22 2 0
github.com/sam-caldwell/ami/src/cmd/ami/lint_crosspkg_constraints.go:90.13,90.21 1 1
github.com/sam-caldwell/ami/src/cmd/ami/lint_crosspkg_constraints.go:93.9,95.34 3 1
github.com/sam-caldwell/ami/src/cmd/ami/lint_crosspkg_constraints.go:95.34,97.21 2 1
github.com/sam-caldwell/ami/src/cmd/ami/lint_crosspkg_constraints.go:97.21,97.31 1 0
github.com/sam-caldwell/ami/src/cmd/ami/lint_crosspkg_constraints.go:98.13,98.23 1 1
github.com/sam-caldwell/ami/src/cmd/ami/lint_crosspkg_constraints.go:98.23,98.55 3 1
github.com/sam-caldwell/ami/src/cmd/ami/lint_crosspkg_constraints.go:99.13,99.19 1 1
github.com/sam-caldwell/ami/src/cmd/ami/lint_crosspkg_constraints.go:99.19,101.24 2 1
github.com/sam-caldwell/ami/src/cmd/ami/lint_crosspkg_constraints.go:101.24,101.31 1 1
github.com/sam-caldwell/ami/src/cmd/ami/lint_crosspkg_constraints.go:104.9,104.35 1 1
github.com/sam-caldwell/ami/src/cmd/ami/lint_crosspkg_constraints.go:104.35,106.21 2 1
github.com/sam-caldwell/ami/src/cmd/ami/lint_crosspkg_constraints.go:109.9,109.28 1 1
github.com/sam-caldwell/ami/src/cmd/ami/lint_crosspkg_constraints.go:109.28,111.10 1 1
github.com/sam-caldwell/ami/src/cmd/ami/lint_crosspkg_constraints.go:113.5,113.15 1 1
github.com/sam-caldwell/ami/src/cmd/ami/lint_crosspkg_constraints.go:117.55,120.21 3 0
github.com/sam-caldwell/ami/src/cmd/ami/lint_crosspkg_constraints.go:120.21,120.37 1 0
github.com/sam-caldwell/ami/src/cmd/ami/lint_crosspkg_constraints.go:121.5,122.15 2 0
github.com/sam-caldwell/ami/src/cmd/ami/lint_engine.go:21.71,27.23 4 1
github.com/sam-caldwell/ami/src/cmd/ami/lint_engine.go:27.23,30.6 2 0
github.com/sam-caldwell/ami/src/cmd/ami/lint_engine.go:31.5,31.36 1 1
github.com/sam-caldwell/ami/src/cmd/ami/lint_engine.go:31.36,33.6 1 1
github.com/sam-caldwell/ami/src/cmd/ami/lint_engine.go:36.5,39.42 3 1
github.com/sam-caldwell/ami/src/cmd/ami/lint_engine.go:39.42,41.60 2 1
github.com/sam-caldwell/ami/src/cmd/ami/lint_engine.go:41.60,43.21 2 0
github.com/sam-caldwell/ami/src/cmd/ami/lint_engine.go:45.9,45.23 1 1
github.com/sam-caldwell/ami/src/cmd/ami/lint_engine.go:45.23,47.10 1 0
github.com/sam-caldwell/ami/src/cmd/ami/lint_engine.go:48.9,51.71 3 1
github.com/sam-caldwell/ami/src/cmd/ami/lint_engine.go:51.71,53.10 1 1
github.com/sam-caldwell/ami/src/cmd/ami/lint_engine.go:55.9,55.61 1 1
github.com/sam-caldwell/ami/src/cmd/ami/lint_engine.go:55.61,56.60 1 1
github.com/sam-caldwell/ami/src/cmd/ami/lint_engine.go:56.60,58.25 2 1
github.com/sam-caldwell/ami/src/cmd/ami/lint_engine.go:61.13,62.51 2 1
github.com/sam-caldwell/ami/src/cmd/ami/lint_engine.go:62.51,64.14 1 1
github.com/sam-caldwell/ami/src/cmd/ami/lint_engine.go:64.19,66.55 1 1
github.com/sam-caldwell/ami/src/cmd/ami/lint_engine.go:66.55,68.18 1 1
github.com/sam-caldwell/ami/src/cmd/ami/lint_engine.go:68.23,68.44 1 1
github.com/sam-caldwell/ami/src/cmd/ami/lint_engine.go:68.44,70.81 1 1
github.com/sam-caldwell/ami/src/cmd/ami/lint_engine.go:70.81,71.71 1 1
github.com/sam-caldwell/ami/src/cmd/ami/lint_engine.go:71.71,72.64 1 1
github.com/sam-caldwell/ami/src/cmd/ami/lint_engine.go:72.64,74.30 1 1
github.com/sam-caldwell/ami/src/cmd/ami/lint_engine.go:82.5,82.43 1 1
github.com/sam-caldwell/ami/src/cmd/ami/lint_engine.go:82.43,84.6 1 1
github.com/sam-caldwell/ami/src/cmd/ami/lint_engine.go:87.5,87.36 1 1
github.com/sam-caldwell/ami/src/cmd/ami/lint_engine.go:87.36,89.50 2 1
github.com/sam-caldwell/ami/src/cmd/ami/lint_engine.go:89.50,91.10 1 1
github.com/sam-caldwell/ami/src/cmd/ami/lint_engine.go:93.5,93.17 1 1
github.com/sam-caldwell/ami/src/cmd/ami/lint_engine.go:99.81,100.32 1 1
github.com/sam-caldwell/ami/src/cmd/ami/lint_engine.go:100.32,101.48 1 1
github.com/sam-caldwell/ami/src/cmd/ami/lint_engine.go:101.48,103.10 1 1
github.com/sam-caldwell/ami/src/cmd/ami/lint_engine.go:105.5,105.15 1 1
github.com/sam-caldwell/ami/src/cmd/ami/lint_engine.go:110.88,114.38 4 1
github.com/sam-caldwell/ami/src/cmd/ami/lint_engine.go:114.38,116.40 1 1
github.com/sam-caldwell/ami/src/cmd/ami/lint_engine.go:116.40,118.105 2 1
github.com/sam-caldwell/ami/src/cmd/ami/lint_engine.go:118.105,119.25 1 1
github.com/sam-caldwell/ami/src/cmd/ami/lint_engine.go:121.13,121.30 1 1
github.com/sam-caldwell/ami/src/cmd/ami/lint_engine.go:121.30,122.25 1 0
github.com/sam-caldwell/ami/src/cmd/ami/lint_engine.go:124.13,125.67 2 1
github.com/sam-caldwell/ami/src/cmd/ami/lint_engine.go:125.67,127.14 1 1
github.com/sam-caldwell/ami/src/cmd/ami/lint_engine.go:128.13,128.40 1 1
github.com/sam-caldwell/ami/src/cmd/ami/lint_engine.go:131.5,132.17 2 1
github.com/sam-caldwell/ami/src/cmd/ami/lint_engine.go:136.60,137.32 1 1
github.com/sam-caldwell/ami/src/cmd/ami/lint_engine.go:137.32,138.48 1 1
github.com/sam-caldwell/ami/src/cmd/ami/lint_engine.go:138.48,140.10 1 1
github.com/sam-caldwell/ami/src/cmd/ami/lint_engine.go:142.5,142.17 1 1
github.com/sam-caldwell/ami/src/cmd/ami/lint_engine.go:146.37,147.19 1 1
github.com/sam-caldwell/ami/src/cmd/ami/lint_engine.go:147.19,147.35 1 0
github.com/sam-caldwell/ami/src/cmd/ami/lint_engine.go:148.5,148.33 1 1
github.com/sam-caldwell/ami/src/cmd/ami/lint_engine.go:148.33,148.49 1 1
github.com/sam-caldwell/ami/src/cmd/ami/lint_engine.go:150.5,150.65 1 1
github.com/sam-caldwell/ami/src/cmd/ami/lint_engine.go:150.65,150.80 1 1
github.com/sam-caldwell/ami/src/cmd/ami/lint_engine.go:152.5,152.68 1 1
github.com/sam-caldwell/ami/src/cmd/ami/lint_engine.go:152.68,152.83 1 1
github.com/sam-caldwell/ami/src/cmd/ami/lint_engine.go:154.5,154.68 1 0
github.com/sam-caldwell/ami/src/cmd/ami/lint_engine.go:154.68,154.83 1 0
github.com/sam-caldwell/ami/src/cmd/ami/lint_engine.go:155.5,155.17 1 0
github.com/sam-caldwell/ami/src/cmd/ami/lint_engine.go:158.40,159.33 1 1
github.com/sam-caldwell/ami/src/cmd/ami/lint_engine.go:159.33,159.50 1 1
github.com/sam-caldwell/ami/src/cmd/ami/lint_engine.go:159.50,159.65 1 1
github.com/sam-caldwell/ami/src/cmd/ami/lint_engine.go:160.5,160.17 1 1
github.com/sam-caldwell/ami/src/cmd/ami/lint_engine.go:166.59,169.24 2 1
github.com/sam-caldwell/ami/src/cmd/ami/lint_engine.go:169.24,171.6 1 1
github.com/sam-caldwell/ami/src/cmd/ami/lint_engine.go:172.5,174.28 3 1
github.com/sam-caldwell/ami/src/cmd/ami/lint_engine.go:177.33,178.34 1 1
github.com/sam-caldwell/ami/src/cmd/ami/lint_engine.go:178.34,178.55 1 1
github.com/sam-caldwell/ami/src/cmd/ami/lint_engine.go:178.55,178.71 1 1
github.com/sam-caldwell/ami/src/cmd/ami/lint_engine.go:179.5,179.16 1 1
github.com/sam-caldwell/ami/src/cmd/ami/lint_engine.go:182.46,184.26 2 1
github.com/sam-caldwell/ami/src/cmd/ami/lint_engine.go:184.26,188.6 3 1
github.com/sam-caldwell/ami/src/cmd/ami/lint_engine.go:189.5,189.15 1 1
github.com/sam-caldwell/ami/src/cmd/ami/lint_msafety_local.go:15.56,17.36 2 1
github.com/sam-caldwell/ami/src/cmd/ami/lint_msafety_local.go:17.36,17.50 1 0
github.com/sam-caldwell/ami/src/cmd/ami/lint_msafety_local.go:18.5,21.32 3 1
github.com/sam-caldwell/ami/src/cmd/ami/lint_msafety_local.go:21.32,25.58 2 1
github.com/sam-caldwell/ami/src/cmd/ami/lint_msafety_local.go:25.58,34.10 1 1
github.com/sam-caldwell/ami/src/cmd/ami/lint_msafety_local.go:36.9,37.38 2 1
github.com/sam-caldwell/ami/src/cmd/ami/lint_msafety_local.go:37.38,43.59 4 1
github.com/sam-caldwell/ami/src/cmd/ami/lint_msafety_local.go:43.59,52.14 1 1
github.com/sam-caldwell/ami/src/cmd/ami/lint_msafety_local.go:55.5,55.15 1 1
github.com/sam-caldwell/ami/src/cmd/ami/lint_msafety_local.go:59.44,61.16 1 1
github.com/sam-caldwell/ami/src/cmd/ami/lint_msafety_local.go:61.16,61.39 1 0
github.com/sam-caldwell/ami/src/cmd/ami/lint_msafety_local.go:63.5,65.34 3 1
github.com/sam-caldwell/ami/src/cmd/ami/lint_msafety_local.go:69.36,71.20 2 1
github.com/sam-caldwell/ami/src/cmd/ami/lint_msafety_local.go:71.20,73.99 2 1
github.com/sam-caldwell/ami/src/cmd/ami/lint_msafety_local.go:73.99,75.21 2 1
github.com/sam-caldwell/ami/src/cmd/ami/lint_msafety_local.go:77.9,77.14 1 1
github.com/sam-caldwell/ami/src/cmd/ami/lint_msafety_local.go:79.5,79.17 1 1
github.com/sam-caldwell/ami/src/cmd/ami/lint_pragmas.go:12.66,15.82 3 1
github.com/sam-caldwell/ami/src/cmd/ami/lint_pragmas.go:15.82,16.68 1 1
github.com/sam-caldwell/ami/src/cmd/ami/lint_pragmas.go:16.68,16.82 1 1
github.com/sam-caldwell/ami/src/cmd/ami/lint_pragmas.go:17.9,18.23 2 1
github.com/sam-caldwell/ami/src/cmd/ami/lint_pragmas.go:18.23,18.37 1 0
github.com/sam-caldwell/ami/src/cmd/ami/lint_pragmas.go:19.9,21.24 3 1
github.com/sam-caldwell/ami/src/cmd/ami/lint_pragmas.go:21.24,23.58 2 1
github.com/sam-caldwell/ami/src/cmd/ami/lint_pragmas.go:23.58,23.68 1 1
github.com/sam-caldwell/ami/src/cmd/ami/lint_pragmas.go:24.13,25.52 2 1
github.com/sam-caldwell/ami/src/cmd/ami/lint_pragmas.go:25.52,27.38 2 1
github.com/sam-caldwell/ami/src/cmd/ami/lint_pragmas.go:27.38,27.80 1 1
github.com/sam-caldwell/ami/src/cmd/ami/lint_pragmas.go:28.17,28.41 1 1
github.com/sam-caldwell/ami/src/cmd/ami/lint_pragmas.go:28.41,29.32 1 1
github.com/sam-caldwell/ami/src/cmd/ami/lint_pragmas.go:29.32,29.42 1 0
github.com/sam-caldwell/ami/src/cmd/ami/lint_pragmas.go:30.21,31.33 2 1
github.com/sam-caldwell/ami/src/cmd/ami/lint_pragmas.go:31.33,31.78 2 1
github.com/sam-caldwell/ami/src/cmd/ami/lint_pragmas.go:32.21,32.32 1 1
github.com/sam-caldwell/ami/src/cmd/ami/lint_pragmas.go:34.19,34.58 1 0
github.com/sam-caldwell/ami/src/cmd/ami/lint_pragmas.go:34.58,36.38 2 0
github.com/sam-caldwell/ami/src/cmd/ami/lint_pragmas.go:36.38,36.80 1 0
github.com/sam-caldwell/ami/src/cmd/ami/lint_pragmas.go:37.17,37.41 1 0
github.com/sam-caldwell/ami/src/cmd/ami/lint_pragmas.go:37.41,38.32 1 0
github.com/sam-caldwell/ami/src/cmd/ami/lint_pragmas.go:38.32,38.42 1 0
github.com/sam-caldwell/ami/src/cmd/ami/lint_pragmas.go:39.21,39.54 1 0
github.com/sam-caldwell/ami/src/cmd/ami/lint_pragmas.go:39.54,39.70 1 0
github.com/sam-caldwell/ami/src/cmd/ami/lint_pragmas.go:43.9,43.19 1 1
github.com/sam-caldwell/ami/src/cmd/ami/lint_pragmas.go:45.5,45.20 1 1
github.com/sam-caldwell/ami/src/cmd/ami/lint_rules_set.go:4.36,4.62 1 1
github.com/sam-caldwell/ami/src/cmd/ami/lint_run.go:17.88,20.46 3 1
github.com/sam-caldwell/ami/src/cmd/ami/lint_run.go:20.46,22.20 2 1
github.com/sam-caldwell/ami/src/cmd/ami/lint_run.go:22.20,24.10 1 1
github.com/sam-caldwell/ami/src/cmd/ami/lint_run.go:24.15,26.10 1 0
github.com/sam-caldwell/ami/src/cmd/ami/lint_run.go:27.9,27.52 1 1
github.com/sam-caldwell/ami/src/cmd/ami/lint_run.go:29.5,29.43 1 1
github.com/sam-caldwell/ami/src/cmd/ami/lint_run.go:29.43,31.20 2 0
github.com/sam-caldwell/ami/src/cmd/ami/lint_run.go:31.20,33.10 1 0
github.com/sam-caldwell/ami/src/cmd/ami/lint_run.go:33.15,35.10 1 0
github.com/sam-caldwell/ami/src/cmd/ami/lint_run.go:36.9,36.52 1 0
github.com/sam-caldwell/ami/src/cmd/ami/lint_run.go:39.5,39.58 1 1
github.com/sam-caldwell/ami/src/cmd/ami/lint_run.go:39.58,41.20 2 0
github.com/sam-caldwell/ami/src/cmd/ami/lint_run.go:41.20,43.10 1 0
github.com/sam-caldwell/ami/src/cmd/ami/lint_run.go:43.15,45.10 1 0
github.com/sam-caldwell/ami/src/cmd/ami/lint_run.go:46.9,46.52 1 0
github.com/sam-caldwell/ami/src/cmd/ami/lint_run.go:49.5,54.62 4 1
github.com/sam-caldwell/ami/src/cmd/ami/lint_run.go:54.62,61.33 5 1
github.com/sam-caldwell/ami/src/cmd/ami/lint_run.go:61.33,62.39 1 1
github.com/sam-caldwell/ami/src/cmd/ami/lint_run.go:62.39,62.49 1 0
github.com/sam-caldwell/ami/src/cmd/ami/lint_run.go:63.13,64.35 2 1
github.com/sam-caldwell/ami/src/cmd/ami/lint_run.go:66.9,66.35 1 1
github.com/sam-caldwell/ami/src/cmd/ami/lint_run.go:66.35,75.40 9 1
github.com/sam-caldwell/ami/src/cmd/ami/lint_run.go:75.40,76.33 1 1
github.com/sam-caldwell/ami/src/cmd/ami/lint_run.go:76.33,77.69 1 1
github.com/sam-caldwell/ami/src/cmd/ami/lint_run.go:77.69,77.79 1 1
github.com/sam-caldwell/ami/src/cmd/ami/lint_run.go:79.17,79.47 1 1
github.com/sam-caldwell/ami/src/cmd/ami/lint_run.go:81.13,81.47 1 1
github.com/sam-caldwell/ami/src/cmd/ami/lint_run.go:86.5,86.231 1 1
github.com/sam-caldwell/ami/src/cmd/ami/lint_run.go:86.231,88.6 1 1
github.com/sam-caldwell/ami/src/cmd/ami/lint_run.go:91.5,91.16 1 1
github.com/sam-caldwell/ami/src/cmd/ami/lint_run.go:91.16,92.57 1 1
github.com/sam-caldwell/ami/src/cmd/ami/lint_run.go:92.57,93.32 1 1
github.com/sam-caldwell/ami/src/cmd/ami/lint_run.go:93.32,93.54 2 1
github.com/sam-caldwell/ami/src/cmd/ami/lint_run.go:98.5,98.51 1 1
github.com/sam-caldwell/ami/src/cmd/ami/lint_run.go:98.51,100.33 2 1
github.com/sam-caldwell/ami/src/cmd/ami/lint_run.go:100.33,101.41 1 1
github.com/sam-caldwell/ami/src/cmd/ami/lint_run.go:101.41,102.28 1 1
github.com/sam-caldwell/ami/src/cmd/ami/lint_run.go:103.28,104.29 1 0
github.com/sam-caldwell/ami/src/cmd/ami/lint_run.go:105.29,106.40 1 1
github.com/sam-caldwell/ami/src/cmd/ami/lint_run.go:107.29,108.40 1 0
github.com/sam-caldwell/ami/src/cmd/ami/lint_run.go:109.30,110.41 1 1
github.com/sam-caldwell/ami/src/cmd/ami/lint_run.go:113.13,113.39 1 1
github.com/sam-caldwell/ami/src/cmd/ami/lint_run.go:115.9,115.23 1 1
github.com/sam-caldwell/ami/src/cmd/ami/lint_run.go:119.5,123.29 3 1
github.com/sam-caldwell/ami/src/cmd/ami/lint_run.go:123.29,124.34 1 1
github.com/sam-caldwell/ami/src/cmd/ami/lint_run.go:124.34,124.47 1 1
github.com/sam-caldwell/ami/src/cmd/ami/lint_run.go:125.9,125.33 1 1
github.com/sam-caldwell/ami/src/cmd/ami/lint_run.go:125.33,125.45 1 1
github.com/sam-caldwell/ami/src/cmd/ami/lint_run.go:128.5,128.29 1 1
github.com/sam-caldwell/ami/src/cmd/ami/lint_run.go:128.29,129.30 1 1
github.com/sam-caldwell/ami/src/cmd/ami/lint_run.go:129.30,130.44 1 1
github.com/sam-caldwell/ami/src/cmd/ami/lint_run.go:130.44,130.75 1 1
github.com/sam-caldwell/ami/src/cmd/ami/lint_run.go:132.9,133.19 2 1
github.com/sam-caldwell/ami/src/cmd/ami/lint_run.go:136.5,137.16 2 1
github.com/sam-caldwell/ami/src/cmd/ami/lint_run.go:137.16,141.23 4 1
github.com/sam-caldwell/ami/src/cmd/ami/lint_run.go:141.23,141.40 1 1
github.com/sam-caldwell/ami/src/cmd/ami/lint_run.go:144.5,144.39 1 1
github.com/sam-caldwell/ami/src/cmd/ami/lint_run.go:144.39,145.29 1 1
github.com/sam-caldwell/ami/src/cmd/ami/lint_run.go:145.29,145.69 1 1
github.com/sam-caldwell/ami/src/cmd/ami/lint_run.go:147.5,147.16 1 1
github.com/sam-caldwell/ami/src/cmd/ami/lint_run.go:147.16,149.33 2 1
github.com/sam-caldwell/ami/src/cmd/ami/lint_run.go:149.33,149.69 2 1
github.com/sam-caldwell/ami/src/cmd/ami/lint_run.go:151.9,154.29 4 1
github.com/sam-caldwell/ami/src/cmd/ami/lint_run.go:154.29,154.54 1 1
github.com/sam-caldwell/ami/src/cmd/ami/lint_run.go:155.9,155.24 1 1
github.com/sam-caldwell/ami/src/cmd/ami/lint_run.go:155.24,155.81 1 1
github.com/sam-caldwell/ami/src/cmd/ami/lint_run.go:156.9,156.19 1 1
github.com/sam-caldwell/ami/src/cmd/ami/lint_run.go:158.5,158.24 1 1
github.com/sam-caldwell/ami/src/cmd/ami/lint_run.go:158.24,160.29 2 1
github.com/sam-caldwell/ami/src/cmd/ami/lint_run.go:160.29,160.54 1 0
github.com/sam-caldwell/ami/src/cmd/ami/lint_run.go:161.9,161.19 1 1
github.com/sam-caldwell/ami/src/cmd/ami/lint_run.go:163.5,163.29 1 1
github.com/sam-caldwell/ami/src/cmd/ami/lint_run.go:163.29,164.25 1 1
github.com/sam-caldwell/ami/src/cmd/ami/lint_run.go:164.25,166.10 1 1
github.com/sam-caldwell/ami/src/cmd/ami/lint_run.go:166.15,168.10 1 1
github.com/sam-caldwell/ami/src/cmd/ami/lint_run.go:169.9,169.22 1 1
github.com/sam-caldwell/ami/src/cmd/ami/lint_run.go:171.5,173.25 3 1
github.com/sam-caldwell/ami/src/cmd/ami/lint_run.go:173.25,173.50 1 0
github.com/sam-caldwell/ami/src/cmd/ami/lint_run.go:174.5,175.20 2 1
github.com/sam-caldwell/ami/src/cmd/ami/lint_run.go:175.20,175.77 1 1
github.com/sam-caldwell/ami/src/cmd/ami/lint_run.go:176.5,176.15 1 1
github.com/sam-caldwell/ami/src/cmd/ami/lint_source_format.go:15.62,18.82 3 1
github.com/sam-caldwell/ami/src/cmd/ami/lint_source_format.go:18.82,19.68 1 1
github.com/sam-caldwell/ami/src/cmd/ami/lint_source_format.go:19.68,19.82 1 1
github.com/sam-caldwell/ami/src/cmd/ami/lint_source_format.go:20.9,21.23 2 1
github.com/sam-caldwell/ami/src/cmd/ami/lint_source_format.go:21.23,21.37 1 0
github.com/sam-caldwell/ami/src/cmd/ami/lint_source_format.go:22.9,28.34 6 1
github.com/sam-caldwell/ami/src/cmd/ami/lint_source_format.go:28.34,31.45 2 1
github.com/sam-caldwell/ami/src/cmd/ami/lint_source_format.go:31.45,33.14 1 1
github.com/sam-caldwell/ami/src/cmd/ami/lint_source_format.go:35.13,35.42 1 1
github.com/sam-caldwell/ami/src/cmd/ami/lint_source_format.go:35.42,38.14 2 1
github.com/sam-caldwell/ami/src/cmd/ami/lint_source_format.go:40.9,40.19 1 1
github.com/sam-caldwell/ami/src/cmd/ami/lint_source_format.go:42.5,42.17 1 1
github.com/sam-caldwell/ami/src/cmd/ami/lint_source_format.go:45.43,46.16 1 1
github.com/sam-caldwell/ami/src/cmd/ami/lint_source_format.go:46.16,46.32 1 1
github.com/sam-caldwell/ami/src/cmd/ami/lint_source_format.go:48.5,49.36 2 1
github.com/sam-caldwell/ami/src/cmd/ami/lint_source_format.go:49.36,49.51 1 1
github.com/sam-caldwell/ami/src/cmd/ami/lint_source_format.go:50.5,50.17 1 1
github.com/sam-caldwell/ami/src/cmd/ami/lint_source_go_syntax.go:15.60,18.82 3 1
github.com/sam-caldwell/ami/src/cmd/ami/lint_source_go_syntax.go:18.82,19.68 1 1
github.com/sam-caldwell/ami/src/cmd/ami/lint_source_go_syntax.go:19.68,19.82 1 1
github.com/sam-caldwell/ami/src/cmd/ami/lint_source_go_syntax.go:20.9,21.23 2 1
github.com/sam-caldwell/ami/src/cmd/ami/lint_source_go_syntax.go:21.23,21.37 1 0
github.com/sam-caldwell/ami/src/cmd/ami/lint_source_go_syntax.go:22.9,26.13 4 1
github.com/sam-caldwell/ami/src/cmd/ami/lint_source_go_syntax.go:26.13,28.36 2 1
github.com/sam-caldwell/ami/src/cmd/ami/lint_source_go_syntax.go:28.36,28.43 1 1
github.com/sam-caldwell/ami/src/cmd/ami/lint_source_go_syntax.go:29.13,29.76 1 1
github.com/sam-caldwell/ami/src/cmd/ami/lint_source_go_syntax.go:29.76,29.86 1 1
github.com/sam-caldwell/ami/src/cmd/ami/lint_source_go_syntax.go:30.13,30.42 1 1
github.com/sam-caldwell/ami/src/cmd/ami/lint_source_go_syntax.go:30.42,39.14 1 1
github.com/sam-caldwell/ami/src/cmd/ami/lint_source_go_syntax.go:40.13,40.18 1 1
github.com/sam-caldwell/ami/src/cmd/ami/lint_source_go_syntax.go:42.9,42.19 1 1
github.com/sam-caldwell/ami/src/cmd/ami/lint_source_go_syntax.go:44.5,44.17 1 1
github.com/sam-caldwell/ami/src/cmd/ami/lint_source_ident_style.go:17.62,20.82 3 1
github.com/sam-caldwell/ami/src/cmd/ami/lint_source_ident_style.go:20.82,21.68 1 1
github.com/sam-caldwell/ami/src/cmd/ami/lint_source_ident_style.go:21.68,21.82 1 1
github.com/sam-caldwell/ami/src/cmd/ami/lint_source_ident_style.go:22.9,23.23 2 1
github.com/sam-caldwell/ami/src/cmd/ami/lint_source_ident_style.go:23.23,23.37 1 0
github.com/sam-caldwell/ami/src/cmd/ami/lint_source_ident_style.go:24.9,27.13 4 1
github.com/sam-caldwell/ami/src/cmd/ami/lint_source_ident_style.go:27.13,29.36 2 1
github.com/sam-caldwell/ami/src/cmd/ami/lint_source_ident_style.go:29.36,29.43 1 1
github.com/sam-caldwell/ami/src/cmd/ami/lint_source_ident_style.go:30.13,30.38 1 1
github.com/sam-caldwell/ami/src/cmd/ami/lint_source_ident_style.go:30.38,31.71 1 1
github.com/sam-caldwell/ami/src/cmd/ami/lint_source_ident_style.go:31.71,40.18 1 1
github.com/sam-caldwell/ami/src/cmd/ami/lint_source_ident_style.go:43.9,43.19 1 1
github.com/sam-caldwell/ami/src/cmd/ami/lint_source_ident_style.go:45.5,45.17 1 1
github.com/sam-caldwell/ami/src/cmd/ami/lint_source_lang_reminder.go:13.61,16.82 3 1
github.com/sam-caldwell/ami/src/cmd/ami/lint_source_lang_reminder.go:16.82,17.23 1 1
github.com/sam-caldwell/ami/src/cmd/ami/lint_source_lang_reminder.go:17.23,17.37 1 1
github.com/sam-caldwell/ami/src/cmd/ami/lint_source_lang_reminder.go:18.9,18.22 1 1
github.com/sam-caldwell/ami/src/cmd/ami/lint_source_lang_reminder.go:18.22,18.36 1 1
github.com/sam-caldwell/ami/src/cmd/ami/lint_source_lang_reminder.go:19.9,19.40 1 1
github.com/sam-caldwell/ami/src/cmd/ami/lint_source_lang_reminder.go:19.40,19.54 1 1
github.com/sam-caldwell/ami/src/cmd/ami/lint_source_lang_reminder.go:20.9,27.19 2 1
github.com/sam-caldwell/ami/src/cmd/ami/lint_source_lang_reminder.go:29.5,29.17 1 1
github.com/sam-caldwell/ami/src/cmd/ami/lint_source_scan.go:15.59,18.82 3 1
github.com/sam-caldwell/ami/src/cmd/ami/lint_source_scan.go:18.82,19.23 1 1
github.com/sam-caldwell/ami/src/cmd/ami/lint_source_scan.go:19.23,19.37 1 1
github.com/sam-caldwell/ami/src/cmd/ami/lint_source_scan.go:20.9,20.22 1 1
github.com/sam-caldwell/ami/src/cmd/ami/lint_source_scan.go:20.22,20.36 1 1
github.com/sam-caldwell/ami/src/cmd/ami/lint_source_scan.go:21.9,21.41 1 1
github.com/sam-caldwell/ami/src/cmd/ami/lint_source_scan.go:21.41,21.55 1 1
github.com/sam-caldwell/ami/src/cmd/ami/lint_source_scan.go:22.9,23.23 2 1
github.com/sam-caldwell/ami/src/cmd/ami/lint_source_scan.go:23.23,23.37 1 0
github.com/sam-caldwell/ami/src/cmd/ami/lint_source_scan.go:24.9,28.28 5 1
github.com/sam-caldwell/ami/src/cmd/ami/lint_source_scan.go:28.28,31.70 3 1
github.com/sam-caldwell/ami/src/cmd/ami/lint_source_scan.go:31.70,41.14 2 1
github.com/sam-caldwell/ami/src/cmd/ami/lint_source_scan.go:43.9,43.19 1 1
github.com/sam-caldwell/ami/src/cmd/ami/lint_source_scan.go:45.5,45.17 1 1
github.com/sam-caldwell/ami/src/cmd/ami/lint_source_todo.go:15.57,18.82 3 1
github.com/sam-caldwell/ami/src/cmd/ami/lint_source_todo.go:18.82,19.68 1 1
github.com/sam-caldwell/ami/src/cmd/ami/lint_source_todo.go:19.68,19.82 1 1
github.com/sam-caldwell/ami/src/cmd/ami/lint_source_todo.go:20.9,21.23 2 1
github.com/sam-caldwell/ami/src/cmd/ami/lint_source_todo.go:21.23,21.37 1 0
github.com/sam-caldwell/ami/src/cmd/ami/lint_source_todo.go:22.9,26.22 5 1
github.com/sam-caldwell/ami/src/cmd/ami/lint_source_todo.go:26.22,29.61 3 1
github.com/sam-caldwell/ami/src/cmd/ami/lint_source_todo.go:29.61,38.14 1 1
github.com/sam-caldwell/ami/src/cmd/ami/lint_source_todo.go:39.13,39.62 1 1
github.com/sam-caldwell/ami/src/cmd/ami/lint_source_todo.go:39.62,48.14 1 1
github.com/sam-caldwell/ami/src/cmd/ami/lint_source_todo.go:50.9,50.19 1 1
github.com/sam-caldwell/ami/src/cmd/ami/lint_source_todo.go:52.5,52.17 1 1
github.com/sam-caldwell/ami/src/cmd/ami/lint_stageb.go:21.83,23.18 2 1
github.com/sam-caldwell/ami/src/cmd/ami/lint_stageb.go:23.18,23.32 1 0
github.com/sam-caldwell/ami/src/cmd/ami/lint_stageb.go:26.5,27.62 2 1
github.com/sam-caldwell/ami/src/cmd/ami/lint_stageb.go:27.62,29.6 1 1
github.com/sam-caldwell/ami/src/cmd/ami/lint_stageb.go:30.5,30.24 1 1
github.com/sam-caldwell/ami/src/cmd/ami/lint_stageb.go:30.24,30.38 1 0
github.com/sam-caldwell/ami/src/cmd/ami/lint_stageb.go:33.5,34.29 2 1
github.com/sam-caldwell/ami/src/cmd/ami/lint_stageb.go:34.29,36.36 2 1
github.com/sam-caldwell/ami/src/cmd/ami/lint_stageb.go:36.36,36.62 1 1
github.com/sam-caldwell/ami/src/cmd/ami/lint_stageb.go:40.5,40.29 1 1
github.com/sam-caldwell/ami/src/cmd/ami/lint_stageb.go:40.29,44.86 3 1
github.com/sam-caldwell/ami/src/cmd/ami/lint_stageb.go:44.86,45.72 1 1
github.com/sam-caldwell/ami/src/cmd/ami/lint_stageb.go:45.72,45.86 1 1
github.com/sam-caldwell/ami/src/cmd/ami/lint_stageb.go:47.13,48.27 2 1
github.com/sam-caldwell/ami/src/cmd/ami/lint_stageb.go:48.27,48.41 1 0
github.com/sam-caldwell/ami/src/cmd/ami/lint_stageb.go:49.13,53.43 3 1
github.com/sam-caldwell/ami/src/cmd/ami/lint_stageb.go:53.43,55.32 2 1
github.com/sam-caldwell/ami/src/cmd/ami/lint_stageb.go:55.32,56.42 1 1
github.com/sam-caldwell/ami/src/cmd/ami/lint_stageb.go:56.42,57.71 1 1
github.com/sam-caldwell/ami/src/cmd/ami/lint_stageb.go:57.71,57.81 1 1
github.com/sam-caldwell/ami/src/cmd/ami/lint_stageb.go:58.25,58.45 1 1
github.com/sam-caldwell/ami/src/cmd/ami/lint_stageb.go:64.13,66.27 3 1
github.com/sam-caldwell/ami/src/cmd/ami/lint_stageb.go:66.27,69.64 2 1
github.com/sam-caldwell/ami/src/cmd/ami/lint_stageb.go:69.64,69.88 1 1
github.com/sam-caldwell/ami/src/cmd/ami/lint_stageb.go:70.17,70.27 1 1
github.com/sam-caldwell/ami/src/cmd/ami/lint_stageb.go:74.13,77.54 2 1
github.com/sam-caldwell/ami/src/cmd/ami/lint_stageb.go:77.54,79.46 2 1
github.com/sam-caldwell/ami/src/cmd/ami/lint_stageb.go:79.46,80.61 2 1
github.com/sam-caldwell/ami/src/cmd/ami/lint_stageb.go:80.61,80.71 1 1
github.com/sam-caldwell/ami/src/cmd/ami/lint_stageb.go:82.21,82.39 1 1
github.com/sam-caldwell/ami/src/cmd/ami/lint_stageb.go:82.39,84.62 2 1
github.com/sam-caldwell/ami/src/cmd/ami/lint_stageb.go:84.62,86.76 2 1
github.com/sam-caldwell/ami/src/cmd/ami/lint_stageb.go:86.76,86.100 1 1
github.com/sam-caldwell/ami/src/cmd/ami/lint_stageb.go:87.31,89.26 1 1
github.com/sam-caldwell/ami/src/cmd/ami/lint_stageb.go:91.21,91.79 1 1
github.com/sam-caldwell/ami/src/cmd/ami/lint_stageb.go:91.79,93.40 2 1
github.com/sam-caldwell/ami/src/cmd/ami/lint_stageb.go:93.40,95.76 2 1
github.com/sam-caldwell/ami/src/cmd/ami/lint_stageb.go:95.76,95.100 1 1
github.com/sam-caldwell/ami/src/cmd/ami/lint_stageb.go:102.13,102.43 1 1
github.com/sam-caldwell/ami/src/cmd/ami/lint_stageb.go:102.43,103.48 1 1
github.com/sam-caldwell/ami/src/cmd/ami/lint_stageb.go:103.48,104.58 1 1
github.com/sam-caldwell/ami/src/cmd/ami/lint_stageb.go:104.58,106.72 2 1
github.com/sam-caldwell/ami/src/cmd/ami/lint_stageb.go:106.72,106.96 1 1
github.com/sam-caldwell/ami/src/cmd/ami/lint_stageb.go:112.13,112.25 1 1
github.com/sam-caldwell/ami/src/cmd/ami/lint_stageb.go:112.25,113.46 1 1
github.com/sam-caldwell/ami/src/cmd/ami/lint_stageb.go:113.46,114.71 1 1
github.com/sam-caldwell/ami/src/cmd/ami/lint_stageb.go:114.71,116.64 2 1
github.com/sam-caldwell/ami/src/cmd/ami/lint_stageb.go:116.64,118.76 2 1
github.com/sam-caldwell/ami/src/cmd/ami/lint_stageb.go:118.76,118.100 1 1
github.com/sam-caldwell/ami/src/cmd/ami/lint_stageb.go:119.31,121.26 1 1
github.com/sam-caldwell/ami/src/cmd/ami/lint_stageb.go:127.13,127.25 1 1
github.com/sam-caldwell/ami/src/cmd/ami/lint_stageb.go:127.25,128.46 1 1
github.com/sam-caldwell/ami/src/cmd/ami/lint_stageb.go:128.46,129.76 2 1
github.com/sam-caldwell/ami/src/cmd/ami/lint_stageb.go:129.76,129.86 1 1
github.com/sam-caldwell/ami/src/cmd/ami/lint_stageb.go:130.21,131.42 2 1
github.com/sam-caldwell/ami/src/cmd/ami/lint_stageb.go:131.42,131.62 1 1
github.com/sam-caldwell/ami/src/cmd/ami/lint_stageb.go:131.67,131.86 1 0
github.com/sam-caldwell/ami/src/cmd/ami/lint_stageb.go:131.86,131.111 1 0
github.com/sam-caldwell/ami/src/cmd/ami/lint_stageb.go:132.21,132.40 1 1
github.com/sam-caldwell/ami/src/cmd/ami/lint_stageb.go:132.40,132.50 1 0
github.com/sam-caldwell/ami/src/cmd/ami/lint_stageb.go:133.21,138.45 6 1
github.com/sam-caldwell/ami/src/cmd/ami/lint_stageb.go:138.45,139.60 1 1
github.com/sam-caldwell/ami/src/cmd/ami/lint_stageb.go:139.60,141.69 2 1
github.com/sam-caldwell/ami/src/cmd/ami/lint_stageb.go:141.69,141.180 2 1
github.com/sam-caldwell/ami/src/cmd/ami/lint_stageb.go:142.29,142.50 1 1
github.com/sam-caldwell/ami/src/cmd/ami/lint_stageb.go:142.50,142.159 2 1
github.com/sam-caldwell/ami/src/cmd/ami/lint_stageb.go:145.21,145.66 1 1
github.com/sam-caldwell/ami/src/cmd/ami/lint_stageb.go:145.66,147.72 2 1
github.com/sam-caldwell/ami/src/cmd/ami/lint_stageb.go:147.72,147.96 1 1
github.com/sam-caldwell/ami/src/cmd/ami/lint_stageb.go:149.21,149.63 1 1
github.com/sam-caldwell/ami/src/cmd/ami/lint_stageb.go:149.63,151.72 2 1
github.com/sam-caldwell/ami/src/cmd/ami/lint_stageb.go:151.72,151.96 1 1
github.com/sam-caldwell/ami/src/cmd/ami/lint_stageb.go:157.13,157.25 1 1
github.com/sam-caldwell/ami/src/cmd/ami/lint_stageb.go:157.25,158.48 1 1
github.com/sam-caldwell/ami/src/cmd/ami/lint_stageb.go:158.48,159.42 1 1
github.com/sam-caldwell/ami/src/cmd/ami/lint_stageb.go:160.40,161.46 1 1
github.com/sam-caldwell/ami/src/cmd/ami/lint_stageb.go:161.46,163.76 2 1
github.com/sam-caldwell/ami/src/cmd/ami/lint_stageb.go:163.76,163.100 1 1
github.com/sam-caldwell/ami/src/cmd/ami/lint_stageb.go:165.38,166.46 1 1
github.com/sam-caldwell/ami/src/cmd/ami/lint_stageb.go:166.46,168.76 2 1
github.com/sam-caldwell/ami/src/cmd/ami/lint_stageb.go:168.76,168.100 1 1
github.com/sam-caldwell/ami/src/cmd/ami/lint_stageb.go:170.38,171.46 1 1
github.com/sam-caldwell/ami/src/cmd/ami/lint_stageb.go:171.46,173.76 2 1
github.com/sam-caldwell/ami/src/cmd/ami/lint_stageb.go:173.76,173.100 1 1
github.com/sam-caldwell/ami/src/cmd/ami/lint_stageb.go:179.13,179.39 1 1
github.com/sam-caldwell/ami/src/cmd/ami/lint_stageb.go:179.39,181.48 2 1
github.com/sam-caldwell/ami/src/cmd/ami/lint_stageb.go:181.48,182.56 1 1
github.com/sam-caldwell/ami/src/cmd/ami/lint_stageb.go:182.56,184.87 2 1
github.com/sam-caldwell/ami/src/cmd/ami/lint_stageb.go:184.87,186.46 2 1
github.com/sam-caldwell/ami/src/cmd/ami/lint_stageb.go:186.46,188.80 2 1
github.com/sam-caldwell/ami/src/cmd/ami/lint_stageb.go:188.80,188.104 1 1
github.com/sam-caldwell/ami/src/cmd/ami/lint_stageb.go:194.13,194.23 1 1
github.com/sam-caldwell/ami/src/cmd/ami/lint_stageb.go:197.5,197.15 1 1
github.com/sam-caldwell/ami/src/cmd/ami/lint_stageb.go:201.53,203.35 2 1
github.com/sam-caldwell/ami/src/cmd/ami/lint_stageb.go:203.35,204.30 1 1
github.com/sam-caldwell/ami/src/cmd/ami/lint_stageb.go:205.29,206.32 1 1
github.com/sam-caldwell/ami/src/cmd/ami/lint_stageb.go:207.28,210.58 2 1
github.com/sam-caldwell/ami/src/cmd/ami/lint_stageb.go:210.58,210.77 1 1
github.com/sam-caldwell/ami/src/cmd/ami/lint_stageb.go:211.13,211.30 1 1
github.com/sam-caldwell/ami/src/cmd/ami/lint_stageb.go:214.5,214.16 1 1
github.com/sam-caldwell/ami/src/cmd/ami/lint_stageb.go:218.48,219.31 1 1
github.com/sam-caldwell/ami/src/cmd/ami/lint_stageb.go:219.31,220.30 1 1
github.com/sam-caldwell/ami/src/cmd/ami/lint_stageb.go:221.28,222.42 1 1
github.com/sam-caldwell/ami/src/cmd/ami/lint_stageb.go:222.42,223.48 1 1
github.com/sam-caldwell/ami/src/cmd/ami/lint_stageb.go:223.48,223.57 1 1
github.com/sam-caldwell/ami/src/cmd/ami/lint_stageb.go:225.32,226.42 1 1
github.com/sam-caldwell/ami/src/cmd/ami/lint_stageb.go:226.42,227.48 1 1
github.com/sam-caldwell/ami/src/cmd/ami/lint_stageb.go:227.48,227.57 1 0
github.com/sam-caldwell/ami/src/cmd/ami/lint_stageb.go:234.48,235.35 1 1
github.com/sam-caldwell/ami/src/cmd/ami/lint_stageb.go:235.35,236.30 1 1
github.com/sam-caldwell/ami/src/cmd/ami/lint_stageb.go:237.28,238.27 1 1
github.com/sam-caldwell/ami/src/cmd/ami/lint_stageb.go:238.27,238.48 1 1
github.com/sam-caldwell/ami/src/cmd/ami/lint_stageb.go:239.30,240.31 1 1
github.com/sam-caldwell/ami/src/cmd/ami/lint_stageb.go:240.31,240.56 1 1
github.com/sam-caldwell/ami/src/cmd/ami/lint_stageb.go:241.27,242.30 1 1
github.com/sam-caldwell/ami/src/cmd/ami/lint_stageb.go:242.30,242.54 1 1
github.com/sam-caldwell/ami/src/cmd/ami/lint_stageb.go:243.29,244.30 1 0
github.com/sam-caldwell/ami/src/cmd/ami/lint_stageb.go:244.30,244.54 1 0
github.com/sam-caldwell/ami/src/cmd/ami/lint_stageb.go:245.30,246.41 1 0
github.com/sam-caldwell/ami/src/cmd/ami/lint_stageb.go:246.41,246.60 1 0
github.com/sam-caldwell/ami/src/cmd/ami/lint_stageb.go:251.46,252.17 1 1
github.com/sam-caldwell/ami/src/cmd/ami/lint_stageb.go:252.17,252.27 1 0
github.com/sam-caldwell/ami/src/cmd/ami/lint_stageb.go:253.5,254.26 2 1
github.com/sam-caldwell/ami/src/cmd/ami/lint_stageb.go:255.24,256.34 1 1
github.com/sam-caldwell/ami/src/cmd/ami/lint_stageb.go:256.34,256.53 1 1
github.com/sam-caldwell/ami/src/cmd/ami/lint_stageb.go:257.26,258.23 1 0
github.com/sam-caldwell/ami/src/cmd/ami/lint_stageb.go:258.23,258.44 1 0
github.com/sam-caldwell/ami/src/cmd/ami/lint_stageb.go:259.9,259.23 1 0
github.com/sam-caldwell/ami/src/cmd/ami/lint_stageb.go:259.23,259.44 1 0
github.com/sam-caldwell/ami/src/cmd/ami/lint_stageb.go:260.28,261.23 1 0
github.com/sam-caldwell/ami/src/cmd/ami/lint_stageb.go:261.23,261.44 1 0
github.com/sam-caldwell/ami/src/cmd/ami/lint_stageb.go:266.64,268.35 2 1
github.com/sam-caldwell/ami/src/cmd/ami/lint_stageb.go:268.35,270.16 2 1
github.com/sam-caldwell/ami/src/cmd/ami/lint_stageb.go:270.16,270.26 1 1
github.com/sam-caldwell/ami/src/cmd/ami/lint_stageb.go:271.9,271.69 1 1
github.com/sam-caldwell/ami/src/cmd/ami/lint_stageb.go:271.69,272.60 1 1
github.com/sam-caldwell/ami/src/cmd/ami/lint_stageb.go:272.60,274.79 2 1
github.com/sam-caldwell/ami/src/cmd/ami/lint_stageb.go:274.79,276.18 1 1
github.com/sam-caldwell/ami/src/cmd/ami/lint_stageb.go:280.5,280.19 1 1
github.com/sam-caldwell/ami/src/cmd/ami/lint_stageb.go:283.54,284.18 1 1
github.com/sam-caldwell/ami/src/cmd/ami/lint_stageb.go:284.18,284.31 1 0
github.com/sam-caldwell/ami/src/cmd/ami/lint_stageb.go:285.5,285.96 1 1
github.com/sam-caldwell/ami/src/cmd/ami/lint_stageb.go:288.25,288.50 1 1
github.com/sam-caldwell/ami/src/cmd/ami/lint_stageb.go:290.32,292.15 1 1
github.com/sam-caldwell/ami/src/cmd/ami/lint_stageb.go:292.15,292.29 1 0
github.com/sam-caldwell/ami/src/cmd/ami/lint_stageb.go:293.5,294.12 2 1
github.com/sam-caldwell/ami/src/cmd/ami/lint_stageb.go:294.12,294.22 1 0
github.com/sam-caldwell/ami/src/cmd/ami/lint_stageb.go:295.5,297.15 3 1
github.com/sam-caldwell/ami/src/cmd/ami/lint_stageb.go:297.15,301.6 3 1
github.com/sam-caldwell/ami/src/cmd/ami/lint_stageb.go:302.5,302.12 1 1
github.com/sam-caldwell/ami/src/cmd/ami/lint_stageb.go:302.12,302.31 2 0
github.com/sam-caldwell/ami/src/cmd/ami/lint_stageb.go:303.5,303.25 1 1
github.com/sam-caldwell/ami/src/cmd/ami/lint_suppress.go:12.95,13.99 1 1
github.com/sam-caldwell/ami/src/cmd/ami/lint_suppress.go:13.99,15.6 1 1
github.com/sam-caldwell/ami/src/cmd/ami/lint_suppress.go:17.5,18.58 2 1
github.com/sam-caldwell/ami/src/cmd/ami/lint_suppress.go:18.58,21.21 3 1
github.com/sam-caldwell/ami/src/cmd/ami/lint_suppress.go:21.21,21.68 2 1
github.com/sam-caldwell/ami/src/cmd/ami/lint_suppress.go:22.9,22.33 1 1
github.com/sam-caldwell/ami/src/cmd/ami/lint_suppress.go:22.33,22.46 1 1
github.com/sam-caldwell/ami/src/cmd/ami/lint_suppress.go:22.46,22.61 1 1
github.com/sam-caldwell/ami/src/cmd/ami/lint_suppress.go:24.5,25.26 2 1
github.com/sam-caldwell/ami/src/cmd/ami/lint_suppress.go:25.26,27.23 2 1
github.com/sam-caldwell/ami/src/cmd/ami/lint_suppress.go:27.23,27.55 2 0
github.com/sam-caldwell/ami/src/cmd/ami/lint_suppress.go:28.9,29.45 2 1
github.com/sam-caldwell/ami/src/cmd/ami/lint_suppress.go:29.45,30.58 1 1
github.com/sam-caldwell/ami/src/cmd/ami/lint_suppress.go:30.58,32.22 2 1
github.com/sam-caldwell/ami/src/cmd/ami/lint_suppress.go:35.9,35.24 1 1
github.com/sam-caldwell/ami/src/cmd/ami/lint_suppress.go:35.24,35.48 1 1
github.com/sam-caldwell/ami/src/cmd/ami/lint_suppress.go:37.5,37.15 1 1
github.com/sam-caldwell/ami/src/cmd/ami/lint_suppress.go:41.46,43.19 2 1
github.com/sam-caldwell/ami/src/cmd/ami/lint_suppress.go:43.19,43.35 1 0
github.com/sam-caldwell/ami/src/cmd/ami/lint_suppress.go:44.5,44.57 1 1
github.com/sam-caldwell/ami/src/cmd/ami/logger_global.go:10.39,10.57 1 0
github.com/sam-caldwell/ami/src/cmd/ami/logger_global.go:12.38,12.59 1 1
github.com/sam-caldwell/ami/src/cmd/ami/logger_global.go:15.24,16.26 1 0
github.com/sam-caldwell/ami/src/cmd/ami/logger_global.go:16.26,20.6 2 0
github.com/sam-caldwell/ami/src/cmd/ami/main.go:8.13,15.2 3 0
github.com/sam-caldwell/ami/src/cmd/ami/mod_audit.go:9.38,14.61 2 1
github.com/sam-caldwell/ami/src/cmd/ami/mod_audit.go:14.61,16.27 2 0
github.com/sam-caldwell/ami/src/cmd/ami/mod_audit.go:16.27,16.41 1 0
github.com/sam-caldwell/ami/src/cmd/ami/mod_audit.go:17.13,17.63 1 0
github.com/sam-caldwell/ami/src/cmd/ami/mod_audit.go:20.5,21.15 2 1
github.com/sam-caldwell/ami/src/cmd/ami/mod_audit_run.go:25.65,27.19 2 0
github.com/sam-caldwell/ami/src/cmd/ami/mod_audit_run.go:27.19,28.20 1 0
github.com/sam-caldwell/ami/src/cmd/ami/mod_audit_run.go:28.20,30.10 1 0
github.com/sam-caldwell/ami/src/cmd/ami/mod_audit_run.go:31.9,31.60 1 0
github.com/sam-caldwell/ami/src/cmd/ami/mod_audit_run.go:33.5,43.16 2 0
github.com/sam-caldwell/ami/src/cmd/ami/mod_audit_run.go:43.16,45.6 1 0
github.com/sam-caldwell/ami/src/cmd/ami/mod_audit_run.go:47.5,47.33 1 0
github.com/sam-caldwell/ami/src/cmd/ami/mod_audit_run.go:47.33,49.6 1 0
github.com/sam-caldwell/ami/src/cmd/ami/mod_audit_run.go:50.5,51.22 2 0
github.com/sam-caldwell/ami/src/cmd/ami/mod_audit_run.go:51.22,53.6 1 0
github.com/sam-caldwell/ami/src/cmd/ami/mod_audit_run.go:54.5,54.34 1 0
github.com/sam-caldwell/ami/src/cmd/ami/mod_audit_run.go:54.34,56.6 1 0
github.com/sam-caldwell/ami/src/cmd/ami/mod_audit_run.go:57.5,57.33 1 0
github.com/sam-caldwell/ami/src/cmd/ami/mod_audit_run.go:57.33,59.6 1 0
github.com/sam-caldwell/ami/src/cmd/ami/mod_audit_run.go:60.5,60.36 1 0
github.com/sam-caldwell/ami/src/cmd/ami/mod_audit_run.go:60.36,62.6 1 0
github.com/sam-caldwell/ami/src/cmd/ami/mod_audit_run.go:63.5,63.32 1 0
github.com/sam-caldwell/ami/src/cmd/ami/mod_audit_run.go:63.32,65.6 1 0
github.com/sam-caldwell/ami/src/cmd/ami/mod_audit_run.go:66.5,66.121 1 0
github.com/sam-caldwell/ami/src/cmd/ami/mod_audit_run.go:66.121,68.6 1 0
github.com/sam-caldwell/ami/src/cmd/ami/mod_audit_run.go:69.5,69.15 1 0
github.com/sam-caldwell/ami/src/cmd/ami/mod_clean_cmd.go:6.38,11.61 2 1
github.com/sam-caldwell/ami/src/cmd/ami/mod_clean_cmd.go:11.61,13.10 1 0
github.com/sam-caldwell/ami/src/cmd/ami/mod_clean_cmd.go:15.5,16.15 2 1
github.com/sam-caldwell/ami/src/cmd/ami/mod_clean_run.go:19.53,21.16 2 0
github.com/sam-caldwell/ami/src/cmd/ami/mod_clean_run.go:21.16,23.23 2 0
github.com/sam-caldwell/ami/src/cmd/ami/mod_clean_run.go:23.23,26.10 1 0
github.com/sam-caldwell/ami/src/cmd/ami/mod_clean_run.go:26.15,28.10 1 0
github.com/sam-caldwell/ami/src/cmd/ami/mod_clean_run.go:30.5,32.45 2 0
github.com/sam-caldwell/ami/src/cmd/ami/mod_clean_run.go:32.45,33.20 1 0
github.com/sam-caldwell/ami/src/cmd/ami/mod_clean_run.go:33.20,35.10 1 0
github.com/sam-caldwell/ami/src/cmd/ami/mod_clean_run.go:36.9,36.59 1 0
github.com/sam-caldwell/ami/src/cmd/ami/mod_clean_run.go:38.5,38.51 1 0
github.com/sam-caldwell/ami/src/cmd/ami/mod_clean_run.go:38.51,39.20 1 0
github.com/sam-caldwell/ami/src/cmd/ami/mod_clean_run.go:39.20,41.10 1 0
github.com/sam-caldwell/ami/src/cmd/ami/mod_clean_run.go:42.9,42.58 1 0
github.com/sam-caldwell/ami/src/cmd/ami/mod_clean_run.go:44.5,45.16 2 0
github.com/sam-caldwell/ami/src/cmd/ami/mod_clean_run.go:45.16,47.6 1 0
github.com/sam-caldwell/ami/src/cmd/ami/mod_clean_run.go:48.5,49.15 2 0
github.com/sam-caldwell/ami/src/cmd/ami/mod_cmd.go:6.33,10.61 1 1
github.com/sam-caldwell/ami/src/cmd/ami/mod_cmd.go:10.61,10.82 1 0
github.com/sam-caldwell/ami/src/cmd/ami/mod_cmd.go:12.5,18.15 7 1
github.com/sam-caldwell/ami/src/cmd/ami/mod_get.go:10.36,15.61 2 1
github.com/sam-caldwell/ami/src/cmd/ami/mod_get.go:15.61,16.31 1 0
github.com/sam-caldwell/ami/src/cmd/ami/mod_get.go:16.31,18.14 1 0
github.com/sam-caldwell/ami/src/cmd/ami/mod_get.go:19.13,19.23 1 0
github.com/sam-caldwell/ami/src/cmd/ami/mod_get.go:21.61,23.27 2 0
github.com/sam-caldwell/ami/src/cmd/ami/mod_get.go:23.27,23.41 1 0
github.com/sam-caldwell/ami/src/cmd/ami/mod_get.go:24.13,24.70 1 0
github.com/sam-caldwell/ami/src/cmd/ami/mod_get.go:27.5,28.15 2 1
github.com/sam-caldwell/ami/src/cmd/ami/mod_get_run.go:27.75,29.86 1 0
github.com/sam-caldwell/ami/src/cmd/ami/mod_get_run.go:29.86,31.6 1 0
github.com/sam-caldwell/ami/src/cmd/ami/mod_get_run.go:33.5,35.43 3 0
github.com/sam-caldwell/ami/src/cmd/ami/mod_get_run.go:35.43,36.20 1 0
github.com/sam-caldwell/ami/src/cmd/ami/mod_get_run.go:36.20,36.125 1 0
github.com/sam-caldwell/ami/src/cmd/ami/mod_get_run.go:37.9,37.65 1 0
github.com/sam-caldwell/ami/src/cmd/ami/mod_get_run.go:41.5,42.32 2 0
github.com/sam-caldwell/ami/src/cmd/ami/mod_get_run.go:42.32,44.6 1 0
github.com/sam-caldwell/ami/src/cmd/ami/mod_get_run.go:45.5,47.93 2 0
github.com/sam-caldwell/ami/src/cmd/ami/mod_get_run.go:47.93,48.20 1 0
github.com/sam-caldwell/ami/src/cmd/ami/mod_get_run.go:48.20,48.126 1 0
github.com/sam-caldwell/ami/src/cmd/ami/mod_get_run.go:49.9,49.70 1 0
github.com/sam-caldwell/ami/src/cmd/ami/mod_get_run.go:53.5,54.32 2 0
github.com/sam-caldwell/ami/src/cmd/ami/mod_get_run.go:54.32,56.23 2 0
github.com/sam-caldwell/ami/src/cmd/ami/mod_get_run.go:56.23,56.33 1 0
github.com/sam-caldwell/ami/src/cmd/ami/mod_get_run.go:57.9,58.112 2 0
github.com/sam-caldwell/ami/src/cmd/ami/mod_get_run.go:58.112,60.18 2 0
github.com/sam-caldwell/ami/src/cmd/ami/mod_get_run.go:63.5,63.19 1 0
github.com/sam-caldwell/ami/src/cmd/ami/mod_get_run.go:63.19,64.20 1 0
github.com/sam-caldwell/ami/src/cmd/ami/mod_get_run.go:64.20,64.131 1 0
github.com/sam-caldwell/ami/src/cmd/ami/mod_get_run.go:65.9,65.75 1 0
github.com/sam-caldwell/ami/src/cmd/ami/mod_get_run.go:67.5,67.44 1 0
github.com/sam-caldwell/ami/src/cmd/ami/mod_get_run.go:67.44,68.20 1 0
github.com/sam-caldwell/ami/src/cmd/ami/mod_get_run.go:68.20,68.136 1 0
github.com/sam-caldwell/ami/src/cmd/ami/mod_get_run.go:69.9,69.80 1 0
github.com/sam-caldwell/ami/src/cmd/ami/mod_get_run.go:73.5,74.20 2 0
github.com/sam-caldwell/ami/src/cmd/ami/mod_get_run.go:74.20,77.6 2 0
github.com/sam-caldwell/ami/src/cmd/ami/mod_get_run.go:78.5,80.46 2 0
github.com/sam-caldwell/ami/src/cmd/ami/mod_get_run.go:80.46,81.20 1 0
github.com/sam-caldwell/ami/src/cmd/ami/mod_get_run.go:81.20,81.132 1 0
github.com/sam-caldwell/ami/src/cmd/ami/mod_get_run.go:82.9,82.57 1 0
github.com/sam-caldwell/ami/src/cmd/ami/mod_get_run.go:84.5,84.49 1 0
github.com/sam-caldwell/ami/src/cmd/ami/mod_get_run.go:84.49,85.20 1 0
github.com/sam-caldwell/ami/src/cmd/ami/mod_get_run.go:85.20,85.132 1 0
github.com/sam-caldwell/ami/src/cmd/ami/mod_get_run.go:86.9,86.57 1 0
github.com/sam-caldwell/ami/src/cmd/ami/mod_get_run.go:90.5,93.51 3 0
github.com/sam-caldwell/ami/src/cmd/ami/mod_get_run.go:93.51,95.41 2 0
github.com/sam-caldwell/ami/src/cmd/ami/mod_get_run.go:95.41,97.46 2 0
github.com/sam-caldwell/ami/src/cmd/ami/mod_get_run.go:97.46,99.14 1 0
github.com/sam-caldwell/ami/src/cmd/ami/mod_get_run.go:103.5,104.19 2 0
github.com/sam-caldwell/ami/src/cmd/ami/mod_get_run.go:104.19,105.20 1 0
github.com/sam-caldwell/ami/src/cmd/ami/mod_get_run.go:105.20,105.156 1 0
github.com/sam-caldwell/ami/src/cmd/ami/mod_get_run.go:106.9,106.57 1 0
github.com/sam-caldwell/ami/src/cmd/ami/mod_get_run.go:109.5,110.20 2 0
github.com/sam-caldwell/ami/src/cmd/ami/mod_get_run.go:110.20,110.47 1 0
github.com/sam-caldwell/ami/src/cmd/ami/mod_get_run.go:111.5,114.64 3 0
github.com/sam-caldwell/ami/src/cmd/ami/mod_get_run.go:114.64,115.63 1 0
github.com/sam-caldwell/ami/src/cmd/ami/mod_get_run.go:115.63,116.24 1 0
github.com/sam-caldwell/ami/src/cmd/ami/mod_get_run.go:116.24,116.169 1 0
github.com/sam-caldwell/ami/src/cmd/ami/mod_get_run.go:117.13,117.63 1 0
github.com/sam-caldwell/ami/src/cmd/ami/mod_get_run.go:119.11,120.20 1 0
github.com/sam-caldwell/ami/src/cmd/ami/mod_get_run.go:120.20,120.166 1 0
github.com/sam-caldwell/ami/src/cmd/ami/mod_get_run.go:121.9,121.66 1 0
github.com/sam-caldwell/ami/src/cmd/ami/mod_get_run.go:124.5,124.16 1 0
github.com/sam-caldwell/ami/src/cmd/ami/mod_get_run.go:124.16,126.6 1 0
github.com/sam-caldwell/ami/src/cmd/ami/mod_get_run.go:127.5,128.15 2 0
github.com/sam-caldwell/ami/src/cmd/ami/mod_get_run.go:131.37,132.51 1 0
github.com/sam-caldwell/ami/src/cmd/ami/mod_get_run.go:132.51,132.65 1 0
github.com/sam-caldwell/ami/src/cmd/ami/mod_get_run.go:133.5,133.84 1 0
github.com/sam-caldwell/ami/src/cmd/ami/mod_get_run.go:133.84,134.23 1 0
github.com/sam-caldwell/ami/src/cmd/ami/mod_get_run.go:134.23,134.37 1 0
github.com/sam-caldwell/ami/src/cmd/ami/mod_get_run.go:136.9,136.89 1 0
github.com/sam-caldwell/ami/src/cmd/ami/mod_get_run.go:136.89,138.10 1 0
github.com/sam-caldwell/ami/src/cmd/ami/mod_get_run.go:139.9,140.23 2 0
github.com/sam-caldwell/ami/src/cmd/ami/mod_get_run.go:140.23,140.37 1 0
github.com/sam-caldwell/ami/src/cmd/ami/mod_get_run.go:141.9,142.22 2 0
github.com/sam-caldwell/ami/src/cmd/ami/mod_get_run.go:142.22,144.10 1 0
github.com/sam-caldwell/ami/src/cmd/ami/mod_get_run.go:145.9,146.23 2 0
github.com/sam-caldwell/ami/src/cmd/ami/mod_get_run.go:146.23,146.37 1 0
github.com/sam-caldwell/ami/src/cmd/ami/mod_get_run.go:147.9,147.46 1 0
github.com/sam-caldwell/ami/src/cmd/ami/mod_get_run.go:153.75,156.66 2 0
github.com/sam-caldwell/ami/src/cmd/ami/mod_get_run.go:156.66,158.6 1 0
github.com/sam-caldwell/ami/src/cmd/ami/mod_get_run.go:158.11,159.20 1 0
github.com/sam-caldwell/ami/src/cmd/ami/mod_get_run.go:159.20,159.106 1 0
github.com/sam-caldwell/ami/src/cmd/ami/mod_get_run.go:160.9,160.69 1 0
github.com/sam-caldwell/ami/src/cmd/ami/mod_get_run.go:163.5,164.50 2 0
github.com/sam-caldwell/ami/src/cmd/ami/mod_get_run.go:164.50,167.56 2 0
github.com/sam-caldwell/ami/src/cmd/ami/mod_get_run.go:167.56,168.24 1 0
github.com/sam-caldwell/ami/src/cmd/ami/mod_get_run.go:168.24,168.130 1 0
github.com/sam-caldwell/ami/src/cmd/ami/mod_get_run.go:169.13,169.74 1 0
github.com/sam-caldwell/ami/src/cmd/ami/mod_get_run.go:171.11,174.6 1 0
github.com/sam-caldwell/ami/src/cmd/ami/mod_get_run.go:176.5,177.40 2 0
github.com/sam-caldwell/ami/src/cmd/ami/mod_get_run.go:177.40,177.83 1 0
github.com/sam-caldwell/ami/src/cmd/ami/mod_get_run.go:178.5,183.19 4 0
github.com/sam-caldwell/ami/src/cmd/ami/mod_get_run.go:183.19,184.20 1 0
github.com/sam-caldwell/ami/src/cmd/ami/mod_get_run.go:184.20,184.139 1 0
github.com/sam-caldwell/ami/src/cmd/ami/mod_get_run.go:185.9,185.53 1 0
github.com/sam-caldwell/ami/src/cmd/ami/mod_get_run.go:187.5,195.19 7 0
github.com/sam-caldwell/ami/src/cmd/ami/mod_get_run.go:195.20,195.72 0 0
github.com/sam-caldwell/ami/src/cmd/ami/mod_get_run.go:196.5,196.37 1 0
github.com/sam-caldwell/ami/src/cmd/ami/mod_get_run.go:196.37,197.20 1 0
github.com/sam-caldwell/ami/src/cmd/ami/mod_get_run.go:197.20,197.141 1 0
github.com/sam-caldwell/ami/src/cmd/ami/mod_get_run.go:198.9,198.62 1 0
github.com/sam-caldwell/ami/src/cmd/ami/mod_get_run.go:202.5,203.20 2 0
github.com/sam-caldwell/ami/src/cmd/ami/mod_get_run.go:203.20,206.6 2 0
github.com/sam-caldwell/ami/src/cmd/ami/mod_get_run.go:207.5,208.46 2 0
github.com/sam-caldwell/ami/src/cmd/ami/mod_get_run.go:208.46,209.20 1 0
github.com/sam-caldwell/ami/src/cmd/ami/mod_get_run.go:209.20,209.124 1 0
github.com/sam-caldwell/ami/src/cmd/ami/mod_get_run.go:210.9,210.57 1 0
github.com/sam-caldwell/ami/src/cmd/ami/mod_get_run.go:212.5,212.46 1 0
github.com/sam-caldwell/ami/src/cmd/ami/mod_get_run.go:212.46,213.20 1 0
github.com/sam-caldwell/ami/src/cmd/ami/mod_get_run.go:213.20,213.124 1 0
github.com/sam-caldwell/ami/src/cmd/ami/mod_get_run.go:214.9,214.57 1 0
github.com/sam-caldwell/ami/src/cmd/ami/mod_get_run.go:218.5,220.51 3 0
github.com/sam-caldwell/ami/src/cmd/ami/mod_get_run.go:220.51,222.41 2 0
github.com/sam-caldwell/ami/src/cmd/ami/mod_get_run.go:222.41,224.46 2 0
github.com/sam-caldwell/ami/src/cmd/ami/mod_get_run.go:224.46,226.14 1 0
github.com/sam-caldwell/ami/src/cmd/ami/mod_get_run.go:229.5,230.19 2 0
github.com/sam-caldwell/ami/src/cmd/ami/mod_get_run.go:230.19,231.20 1 0
github.com/sam-caldwell/ami/src/cmd/ami/mod_get_run.go:231.20,231.148 1 0
github.com/sam-caldwell/ami/src/cmd/ami/mod_get_run.go:232.9,232.57 1 0
github.com/sam-caldwell/ami/src/cmd/ami/mod_get_run.go:234.5,235.20 2 0
github.com/sam-caldwell/ami/src/cmd/ami/mod_get_run.go:235.20,235.47 1 0
github.com/sam-caldwell/ami/src/cmd/ami/mod_get_run.go:236.5,238.64 3 0
github.com/sam-caldwell/ami/src/cmd/ami/mod_get_run.go:238.64,239.63 1 0
github.com/sam-caldwell/ami/src/cmd/ami/mod_get_run.go:239.63,240.24 1 0
github.com/sam-caldwell/ami/src/cmd/ami/mod_get_run.go:240.24,240.161 1 0
github.com/sam-caldwell/ami/src/cmd/ami/mod_get_run.go:241.13,241.63 1 0
github.com/sam-caldwell/ami/src/cmd/ami/mod_get_run.go:243.11,244.20 1 0
github.com/sam-caldwell/ami/src/cmd/ami/mod_get_run.go:244.20,244.158 1 0
github.com/sam-caldwell/ami/src/cmd/ami/mod_get_run.go:245.9,245.66 1 0
github.com/sam-caldwell/ami/src/cmd/ami/mod_get_run.go:248.5,248.16 1 0
github.com/sam-caldwell/ami/src/cmd/ami/mod_get_run.go:248.16,250.6 1 0
github.com/sam-caldwell/ami/src/cmd/ami/mod_get_run.go:251.5,252.15 2 0
github.com/sam-caldwell/ami/src/cmd/ami/mod_list.go:6.37,11.61 2 1
github.com/sam-caldwell/ami/src/cmd/ami/mod_list.go:11.61,13.10 1 0
github.com/sam-caldwell/ami/src/cmd/ami/mod_list.go:15.5,16.15 2 1
github.com/sam-caldwell/ami/src/cmd/ami/mod_list_run.go:27.52,29.20 2 0
github.com/sam-caldwell/ami/src/cmd/ami/mod_list_run.go:29.20,32.6 2 0
github.com/sam-caldwell/ami/src/cmd/ami/mod_list_run.go:33.5,38.31 5 0
github.com/sam-caldwell/ami/src/cmd/ami/mod_list_run.go:38.31,40.23 2 0
github.com/sam-caldwell/ami/src/cmd/ami/mod_list_run.go:40.23,40.33 1 0
github.com/sam-caldwell/ami/src/cmd/ami/mod_list_run.go:41.9,41.22 1 0
github.com/sam-caldwell/ami/src/cmd/ami/mod_list_run.go:41.22,45.36 4 0
github.com/sam-caldwell/ami/src/cmd/ami/mod_list_run.go:45.36,46.62 1 0
github.com/sam-caldwell/ami/src/cmd/ami/mod_list_run.go:46.62,48.35 2 0
github.com/sam-caldwell/ami/src/cmd/ami/mod_list_run.go:48.35,48.45 1 0
github.com/sam-caldwell/ami/src/cmd/ami/mod_list_run.go:49.21,56.37 2 0
github.com/sam-caldwell/ami/src/cmd/ami/mod_list_run.go:59.13,59.26 1 0
github.com/sam-caldwell/ami/src/cmd/ami/mod_list_run.go:59.26,59.36 1 0
github.com/sam-caldwell/ami/src/cmd/ami/mod_list_run.go:61.9,62.22 2 0
github.com/sam-caldwell/ami/src/cmd/ami/mod_list_run.go:62.22,62.35 1 0
github.com/sam-caldwell/ami/src/cmd/ami/mod_list_run.go:63.9,68.11 1 0
github.com/sam-caldwell/ami/src/cmd/ami/mod_list_run.go:70.5,70.45 1 0
github.com/sam-caldwell/ami/src/cmd/ami/mod_list_run.go:70.45,71.47 1 0
github.com/sam-caldwell/ami/src/cmd/ami/mod_list_run.go:71.47,73.10 1 0
github.com/sam-caldwell/ami/src/cmd/ami/mod_list_run.go:74.9,74.49 1 0
github.com/sam-caldwell/ami/src/cmd/ami/mod_list_run.go:76.5,77.16 2 0
github.com/sam-caldwell/ami/src/cmd/ami/mod_list_run.go:77.16,79.6 1 0
github.com/sam-caldwell/ami/src/cmd/ami/mod_list_run.go:80.5,80.31 1 0
github.com/sam-caldwell/ami/src/cmd/ami/mod_list_run.go:80.31,82.28 2 0
github.com/sam-caldwell/ami/src/cmd/ami/mod_list_run.go:82.28,82.66 1 0
github.com/sam-caldwell/ami/src/cmd/ami/mod_list_run.go:83.9,83.89 1 0
github.com/sam-caldwell/ami/src/cmd/ami/mod_list_run.go:85.5,85.15 1 0
github.com/sam-caldwell/ami/src/cmd/ami/mod_sum.go:6.36,11.61 2 1
github.com/sam-caldwell/ami/src/cmd/ami/mod_sum.go:11.61,13.10 1 0
github.com/sam-caldwell/ami/src/cmd/ami/mod_sum.go:15.5,16.15 2 1
github.com/sam-caldwell/ami/src/cmd/ami/mod_sum_run.go:37.63,41.19 4 0
github.com/sam-caldwell/ami/src/cmd/ami/mod_sum_run.go:41.19,42.20 1 0
github.com/sam-caldwell/ami/src/cmd/ami/mod_sum_run.go:42.20,42.95 2 0
github.com/sam-caldwell/ami/src/cmd/ami/mod_sum_run.go:43.9,43.51 1 0
github.com/sam-caldwell/ami/src/cmd/ami/mod_sum_run.go:45.5,46.49 2 0
github.com/sam-caldwell/ami/src/cmd/ami/mod_sum_run.go:46.49,47.20 1 0
github.com/sam-caldwell/ami/src/cmd/ami/mod_sum_run.go:47.20,47.90 2 0
github.com/sam-caldwell/ami/src/cmd/ami/mod_sum_run.go:48.9,48.54 1 0
github.com/sam-caldwell/ami/src/cmd/ami/mod_sum_run.go:50.5,51.31 2 0
github.com/sam-caldwell/ami/src/cmd/ami/mod_sum_run.go:51.31,52.20 1 0
github.com/sam-caldwell/ami/src/cmd/ami/mod_sum_run.go:52.20,52.117 3 0
github.com/sam-caldwell/ami/src/cmd/ami/mod_sum_run.go:53.9,53.60 1 0
github.com/sam-caldwell/ami/src/cmd/ami/mod_sum_run.go:55.5,58.35 3 0
github.com/sam-caldwell/ami/src/cmd/ami/mod_sum_run.go:58.35,59.30 1 0
github.com/sam-caldwell/ami/src/cmd/ami/mod_sum_run.go:60.20,61.34 1 0
github.com/sam-caldwell/ami/src/cmd/ami/mod_sum_run.go:61.34,62.54 1 0
github.com/sam-caldwell/ami/src/cmd/ami/mod_sum_run.go:62.54,69.18 1 0
github.com/sam-caldwell/ami/src/cmd/ami/mod_sum_run.go:71.29,72.36 1 0
github.com/sam-caldwell/ami/src/cmd/ami/mod_sum_run.go:72.36,73.53 1 0
github.com/sam-caldwell/ami/src/cmd/ami/mod_sum_run.go:73.53,80.18 1 0
github.com/sam-caldwell/ami/src/cmd/ami/mod_sum_run.go:84.5,88.20 3 0
github.com/sam-caldwell/ami/src/cmd/ami/mod_sum_run.go:88.20,91.6 2 0
github.com/sam-caldwell/ami/src/cmd/ami/mod_sum_run.go:92.5,95.28 4 0
github.com/sam-caldwell/ami/src/cmd/ami/mod_sum_run.go:95.28,97.62 2 0
github.com/sam-caldwell/ami/src/cmd/ami/mod_sum_run.go:97.62,99.57 1 0
github.com/sam-caldwell/ami/src/cmd/ami/mod_sum_run.go:99.57,100.80 1 0
github.com/sam-caldwell/ami/src/cmd/ami/mod_sum_run.go:100.80,102.29 2 0
github.com/sam-caldwell/ami/src/cmd/ami/mod_sum_run.go:105.17,106.32 2 0
github.com/sam-caldwell/ami/src/cmd/ami/mod_sum_run.go:106.32,108.29 2 0
github.com/sam-caldwell/ami/src/cmd/ami/mod_sum_run.go:110.17,110.45 1 0
github.com/sam-caldwell/ami/src/cmd/ami/mod_sum_run.go:110.45,112.76 1 0
github.com/sam-caldwell/ami/src/cmd/ami/mod_sum_run.go:112.76,114.22 1 0
github.com/sam-caldwell/ami/src/cmd/ami/mod_sum_run.go:116.17,118.25 3 0
github.com/sam-caldwell/ami/src/cmd/ami/mod_sum_run.go:121.13,122.21 2 0
github.com/sam-caldwell/ami/src/cmd/ami/mod_sum_run.go:124.9,125.23 2 0
github.com/sam-caldwell/ami/src/cmd/ami/mod_sum_run.go:125.23,127.21 2 0
github.com/sam-caldwell/ami/src/cmd/ami/mod_sum_run.go:129.9,129.36 1 0
github.com/sam-caldwell/ami/src/cmd/ami/mod_sum_run.go:129.36,132.10 2 0
github.com/sam-caldwell/ami/src/cmd/ami/mod_sum_run.go:132.15,134.10 1 0
github.com/sam-caldwell/ami/src/cmd/ami/mod_sum_run.go:139.5,140.72 2 0
github.com/sam-caldwell/ami/src/cmd/ami/mod_sum_run.go:140.72,141.39 1 0
github.com/sam-caldwell/ami/src/cmd/ami/mod_sum_run.go:141.39,144.40 3 0
github.com/sam-caldwell/ami/src/cmd/ami/mod_sum_run.go:144.40,144.50 1 0
github.com/sam-caldwell/ami/src/cmd/ami/mod_sum_run.go:145.13,146.41 2 0
github.com/sam-caldwell/ami/src/cmd/ami/mod_sum_run.go:146.41,150.14 1 0
github.com/sam-caldwell/ami/src/cmd/ami/mod_sum_run.go:153.5,161.19 8 0
github.com/sam-caldwell/ami/src/cmd/ami/mod_sum_run.go:161.19,162.66 1 0
github.com/sam-caldwell/ami/src/cmd/ami/mod_sum_run.go:162.66,164.10 1 0
github.com/sam-caldwell/ami/src/cmd/ami/mod_sum_run.go:166.5,166.16 1 0
github.com/sam-caldwell/ami/src/cmd/ami/mod_sum_run.go:166.16,167.20 1 0
github.com/sam-caldwell/ami/src/cmd/ami/mod_sum_run.go:167.20,171.10 3 0
github.com/sam-caldwell/ami/src/cmd/ami/mod_sum_run.go:172.9,173.48 2 0
github.com/sam-caldwell/ami/src/cmd/ami/mod_sum_run.go:175.5,175.15 1 0
github.com/sam-caldwell/ami/src/cmd/ami/mod_sum_run.go:175.15,178.6 2 0
github.com/sam-caldwell/ami/src/cmd/ami/mod_sum_run.go:179.5,179.57 1 0
github.com/sam-caldwell/ami/src/cmd/ami/mod_sum_run.go:182.31,182.60 1 0
github.com/sam-caldwell/ami/src/cmd/ami/mod_sum_run.go:182.60,182.72 1 0
github.com/sam-caldwell/ami/src/cmd/ami/mod_sum_run.go:182.74,182.83 1 0
github.com/sam-caldwell/ami/src/cmd/ami/mod_sum_run.go:183.35,183.50 1 0
github.com/sam-caldwell/ami/src/cmd/ami/mod_sum_run.go:183.50,183.65 1 0
github.com/sam-caldwell/ami/src/cmd/ami/mod_sum_run.go:183.67,183.90 1 0
github.com/sam-caldwell/ami/src/cmd/ami/mod_sum_run.go:185.43,188.85 3 0
github.com/sam-caldwell/ami/src/cmd/ami/mod_sum_run.go:188.85,189.23 1 0
github.com/sam-caldwell/ami/src/cmd/ami/mod_sum_run.go:189.23,189.37 1 0
github.com/sam-caldwell/ami/src/cmd/ami/mod_sum_run.go:190.9,190.22 1 0
github.com/sam-caldwell/ami/src/cmd/ami/mod_sum_run.go:190.22,190.36 1 0
github.com/sam-caldwell/ami/src/cmd/ami/mod_sum_run.go:191.9,192.23 2 0
github.com/sam-caldwell/ami/src/cmd/ami/mod_sum_run.go:192.23,192.37 1 0
github.com/sam-caldwell/ami/src/cmd/ami/mod_sum_run.go:193.9,194.19 2 0
github.com/sam-caldwell/ami/src/cmd/ami/mod_sum_run.go:196.5,196.19 1 0
github.com/sam-caldwell/ami/src/cmd/ami/mod_sum_run.go:196.19,196.37 1 0
github.com/sam-caldwell/ami/src/cmd/ami/mod_sum_run.go:197.5,198.31 2 0
github.com/sam-caldwell/ami/src/cmd/ami/mod_sum_run.go:198.31,201.23 3 0
github.com/sam-caldwell/ami/src/cmd/ami/mod_sum_run.go:201.23,201.41 1 0
github.com/sam-caldwell/ami/src/cmd/ami/mod_sum_run.go:202.9,203.26 2 0
github.com/sam-caldwell/ami/src/cmd/ami/mod_sum_run.go:205.5,205.47 1 0
github.com/sam-caldwell/ami/src/cmd/ami/mod_sum_run.go:208.33,209.25 1 0
github.com/sam-caldwell/ami/src/cmd/ami/mod_sum_run.go:209.25,209.41 1 0
github.com/sam-caldwell/ami/src/cmd/ami/mod_sum_run.go:210.5,211.33 2 0
github.com/sam-caldwell/ami/src/cmd/ami/mod_sum_run.go:211.33,211.56 1 0
github.com/sam-caldwell/ami/src/cmd/ami/mod_sum_run.go:212.5,212.21 1 0
github.com/sam-caldwell/ami/src/cmd/ami/mod_sum_run.go:215.33,217.2 1 0
github.com/sam-caldwell/ami/src/cmd/ami/mod_sum_run.go:219.34,219.80 1 0
github.com/sam-caldwell/ami/src/cmd/ami/mod_sum_run.go:222.54,226.42 3 0
github.com/sam-caldwell/ami/src/cmd/ami/mod_sum_run.go:226.42,228.56 2 0
github.com/sam-caldwell/ami/src/cmd/ami/mod_sum_run.go:228.56,230.10 1 0
github.com/sam-caldwell/ami/src/cmd/ami/mod_sum_run.go:232.5,233.19 2 0
github.com/sam-caldwell/ami/src/cmd/ami/mod_sum_run.go:233.19,233.33 1 0
github.com/sam-caldwell/ami/src/cmd/ami/mod_sum_run.go:234.5,240.37 7 0
github.com/sam-caldwell/ami/src/cmd/ami/mod_sum_run.go:240.37,240.51 1 0
github.com/sam-caldwell/ami/src/cmd/ami/mod_sum_run.go:242.5,242.46 1 0
github.com/sam-caldwell/ami/src/cmd/ami/mod_sum_run.go:242.46,242.60 1 0
github.com/sam-caldwell/ami/src/cmd/ami/mod_sum_run.go:243.5,243.30 1 0
github.com/sam-caldwell/ami/src/cmd/ami/mod_sum_run.go:247.79,249.12 2 0
github.com/sam-caldwell/ami/src/cmd/ami/mod_sum_run.go:249.12,249.28 1 0
github.com/sam-caldwell/ami/src/cmd/ami/mod_sum_run.go:250.5,250.26 1 0
github.com/sam-caldwell/ami/src/cmd/ami/mod_sum_run.go:251.16,252.30 1 0
github.com/sam-caldwell/ami/src/cmd/ami/mod_sum_run.go:252.30,253.50 1 0
github.com/sam-caldwell/ami/src/cmd/ami/mod_sum_run.go:253.50,254.91 1 0
github.com/sam-caldwell/ami/src/cmd/ami/mod_sum_run.go:254.91,256.37 2 0
github.com/sam-caldwell/ami/src/cmd/ami/mod_sum_run.go:256.37,256.62 1 0
github.com/sam-caldwell/ami/src/cmd/ami/mod_sum_run.go:257.21,257.32 1 0
github.com/sam-caldwell/ami/src/cmd/ami/mod_sum_run.go:261.25,262.51 1 0
github.com/sam-caldwell/ami/src/cmd/ami/mod_sum_run.go:262.51,265.29 3 0
github.com/sam-caldwell/ami/src/cmd/ami/mod_sum_run.go:265.29,265.54 1 0
github.com/sam-caldwell/ami/src/cmd/ami/mod_sum_run.go:266.13,268.24 3 0
github.com/sam-caldwell/ami/src/cmd/ami/mod_sum_run.go:271.5,271.17 1 0
github.com/sam-caldwell/ami/src/cmd/ami/mod_update_cmd.go:6.39,11.61 2 1
github.com/sam-caldwell/ami/src/cmd/ami/mod_update_cmd.go:11.61,13.10 1 0
github.com/sam-caldwell/ami/src/cmd/ami/mod_update_cmd.go:15.5,16.15 2 1
github.com/sam-caldwell/ami/src/cmd/ami/mod_update_run.go:29.66,34.72 3 0
github.com/sam-caldwell/ami/src/cmd/ami/mod_update_run.go:34.72,35.20 1 0
github.com/sam-caldwell/ami/src/cmd/ami/mod_update_run.go:35.20,35.115 1 0
github.com/sam-caldwell/ami/src/cmd/ami/mod_update_run.go:36.9,36.65 1 0
github.com/sam-caldwell/ami/src/cmd/ami/mod_update_run.go:39.5,40.20 2 0
github.com/sam-caldwell/ami/src/cmd/ami/mod_update_run.go:40.20,41.54 1 0
github.com/sam-caldwell/ami/src/cmd/ami/mod_update_run.go:41.54,43.10 1 0
github.com/sam-caldwell/ami/src/cmd/ami/mod_update_run.go:43.15,45.10 1 0
github.com/sam-caldwell/ami/src/cmd/ami/mod_update_run.go:47.5,52.47 4 0
github.com/sam-caldwell/ami/src/cmd/ami/mod_update_run.go:52.47,54.6 1 0
github.com/sam-caldwell/ami/src/cmd/ami/mod_update_run.go:55.5,55.30 1 0
github.com/sam-caldwell/ami/src/cmd/ami/mod_update_run.go:55.30,55.64 1 0
github.com/sam-caldwell/ami/src/cmd/ami/mod_update_run.go:56.5,56.33 1 0
github.com/sam-caldwell/ami/src/cmd/ami/mod_update_run.go:56.33,56.87 1 0
github.com/sam-caldwell/ami/src/cmd/ami/mod_update_run.go:58.5,60.35 2 0
github.com/sam-caldwell/ami/src/cmd/ami/mod_update_run.go:60.35,62.60 2 0
github.com/sam-caldwell/ami/src/cmd/ami/mod_update_run.go:62.60,62.70 1 0
github.com/sam-caldwell/ami/src/cmd/ami/mod_update_run.go:63.9,64.63 2 0
github.com/sam-caldwell/ami/src/cmd/ami/mod_update_run.go:64.63,64.73 1 0
github.com/sam-caldwell/ami/src/cmd/ami/mod_update_run.go:65.9,67.49 2 0
github.com/sam-caldwell/ami/src/cmd/ami/mod_update_run.go:67.49,68.24 1 0
github.com/sam-caldwell/ami/src/cmd/ami/mod_update_run.go:68.24,68.124 1 0
github.com/sam-caldwell/ami/src/cmd/ami/mod_update_run.go:69.13,69.56 1 0
github.com/sam-caldwell/ami/src/cmd/ami/mod_update_run.go:71.9,71.49 1 0
github.com/sam-caldwell/ami/src/cmd/ami/mod_update_run.go:71.49,72.24 1 0
github.com/sam-caldwell/ami/src/cmd/ami/mod_update_run.go:72.24,72.122 1 0
github.com/sam-caldwell/ami/src/cmd/ami/mod_update_run.go:73.13,73.54 1 0
github.com/sam-caldwell/ami/src/cmd/ami/mod_update_run.go:76.9,77.23 2 0
github.com/sam-caldwell/ami/src/cmd/ami/mod_update_run.go:77.23,78.24 1 0
github.com/sam-caldwell/ami/src/cmd/ami/mod_update_run.go:78.24,78.100 1 0
github.com/sam-caldwell/ami/src/cmd/ami/mod_update_run.go:79.13,79.61 1 0
github.com/sam-caldwell/ami/src/cmd/ami/mod_update_run.go:81.9,81.45 1 0
github.com/sam-caldwell/ami/src/cmd/ami/mod_update_run.go:81.45,81.96 1 0
github.com/sam-caldwell/ami/src/cmd/ami/mod_update_run.go:82.9,83.94 2 0
github.com/sam-caldwell/ami/src/cmd/ami/mod_update_run.go:87.5,87.50 1 0
github.com/sam-caldwell/ami/src/cmd/ami/mod_update_run.go:87.50,88.20 1 0
github.com/sam-caldwell/ami/src/cmd/ami/mod_update_run.go:88.20,88.105 1 0
github.com/sam-caldwell/ami/src/cmd/ami/mod_update_run.go:89.9,89.59 1 0
github.com/sam-caldwell/ami/src/cmd/ami/mod_update_run.go:93.5,93.45 1 0
github.com/sam-caldwell/ami/src/cmd/ami/mod_update_run.go:93.45,94.47 1 0
github.com/sam-caldwell/ami/src/cmd/ami/mod_update_run.go:94.47,96.10 1 0
github.com/sam-caldwell/ami/src/cmd/ami/mod_update_run.go:97.9,97.49 1 0
github.com/sam-caldwell/ami/src/cmd/ami/mod_update_run.go:100.5,100.16 1 0
github.com/sam-caldwell/ami/src/cmd/ami/mod_update_run.go:100.16,102.6 1 0
github.com/sam-caldwell/ami/src/cmd/ami/mod_update_run.go:104.5,104.38 1 0
github.com/sam-caldwell/ami/src/cmd/ami/mod_update_run.go:104.38,104.121 1 0
github.com/sam-caldwell/ami/src/cmd/ami/mod_update_run.go:105.5,105.27 1 0
github.com/sam-caldwell/ami/src/cmd/ami/mod_update_run.go:105.27,105.84 1 0
github.com/sam-caldwell/ami/src/cmd/ami/mod_update_run.go:106.5,106.39 1 0
github.com/sam-caldwell/ami/src/cmd/ami/mod_update_run.go:106.39,106.129 1 0
github.com/sam-caldwell/ami/src/cmd/ami/mod_update_run.go:107.5,107.38 1 0
github.com/sam-caldwell/ami/src/cmd/ami/mod_update_run.go:107.38,107.124 1 0
github.com/sam-caldwell/ami/src/cmd/ami/mod_update_run.go:108.5,108.41 1 0
github.com/sam-caldwell/ami/src/cmd/ami/mod_update_run.go:108.41,108.135 1 0
github.com/sam-caldwell/ami/src/cmd/ami/mod_update_run.go:109.5,109.37 1 0
github.com/sam-caldwell/ami/src/cmd/ami/mod_update_run.go:109.37,109.121 1 0
github.com/sam-caldwell/ami/src/cmd/ami/mod_update_run.go:110.5,110.31 1 0
github.com/sam-caldwell/ami/src/cmd/ami/mod_update_run.go:110.31,112.6 1 0
github.com/sam-caldwell/ami/src/cmd/ami/mod_update_run.go:113.5,113.15 1 0
github.com/sam-caldwell/ami/src/cmd/ami/mod_update_run.go:117.34,118.21 1 0
github.com/sam-caldwell/ami/src/cmd/ami/mod_update_run.go:118.21,118.34 1 0
github.com/sam-caldwell/ami/src/cmd/ami/mod_update_run.go:119.5,120.34 2 0
github.com/sam-caldwell/ami/src/cmd/ami/mod_update_run.go:120.34,120.54 1 0
github.com/sam-caldwell/ami/src/cmd/ami/mod_update_run.go:121.5,121.13 1 0
github.com/sam-caldwell/ami/src/cmd/ami/mod_update_run.go:134.57,143.2 1 0
github.com/sam-caldwell/ami/src/cmd/ami/pipeline_cmd.go:6.38,10.61 1 1
github.com/sam-caldwell/ami/src/cmd/ami/pipeline_cmd.go:10.61,10.82 1 0
github.com/sam-caldwell/ami/src/cmd/ami/pipeline_cmd.go:12.5,12.15 1 1
github.com/sam-caldwell/ami/src/cmd/ami/pipeline_visualize.go:25.47,32.61 4 1
github.com/sam-caldwell/ami/src/cmd/ami/pipeline_visualize.go:32.61,36.74 4 0
github.com/sam-caldwell/ami/src/cmd/ami/pipeline_visualize.go:36.74,37.28 1 0
github.com/sam-caldwell/ami/src/cmd/ami/pipeline_visualize.go:37.28,41.18 3 0
github.com/sam-caldwell/ami/src/cmd/ami/pipeline_visualize.go:42.17,42.72 1 0
github.com/sam-caldwell/ami/src/cmd/ami/pipeline_visualize.go:43.19,43.34 1 0
github.com/sam-caldwell/ami/src/cmd/ami/pipeline_visualize.go:43.34,45.14 1 0
github.com/sam-caldwell/ami/src/cmd/ami/pipeline_visualize.go:46.13,46.51 1 0
github.com/sam-caldwell/ami/src/cmd/ami/pipeline_visualize.go:46.51,47.28 1 0
github.com/sam-caldwell/ami/src/cmd/ami/pipeline_visualize.go:47.28,51.18 3 0
github.com/sam-caldwell/ami/src/cmd/ami/pipeline_visualize.go:52.17,52.71 1 0
github.com/sam-caldwell/ami/src/cmd/ami/pipeline_visualize.go:55.13,56.29 2 0
github.com/sam-caldwell/ami/src/cmd/ami/pipeline_visualize.go:56.29,58.14 1 0
github.com/sam-caldwell/ami/src/cmd/ami/pipeline_visualize.go:59.13,59.27 1 0
github.com/sam-caldwell/ami/src/cmd/ami/pipeline_visualize.go:59.27,60.28 1 0
github.com/sam-caldwell/ami/src/cmd/ami/pipeline_visualize.go:60.28,64.18 3 0
github.com/sam-caldwell/ami/src/cmd/ami/pipeline_visualize.go:65.17,65.71 1 0
github.com/sam-caldwell/ami/src/cmd/ami/pipeline_visualize.go:67.13,70.93 3 0
github.com/sam-caldwell/ami/src/cmd/ami/pipeline_visualize.go:70.93,71.31 1 0
github.com/sam-caldwell/ami/src/cmd/ami/pipeline_visualize.go:71.31,71.45 1 0
github.com/sam-caldwell/ami/src/cmd/ami/pipeline_visualize.go:72.17,72.30 1 0
github.com/sam-caldwell/ami/src/cmd/ami/pipeline_visualize.go:72.30,72.44 1 0
github.com/sam-caldwell/ami/src/cmd/ami/pipeline_visualize.go:73.17,73.49 1 0
github.com/sam-caldwell/ami/src/cmd/ami/pipeline_visualize.go:73.49,73.63 1 0
github.com/sam-caldwell/ami/src/cmd/ami/pipeline_visualize.go:74.17,74.35 1 0
github.com/sam-caldwell/ami/src/cmd/ami/pipeline_visualize.go:74.35,79.74 4 0
github.com/sam-caldwell/ami/src/cmd/ami/pipeline_visualize.go:79.74,79.88 1 0
github.com/sam-caldwell/ami/src/cmd/ami/pipeline_visualize.go:81.17,82.27 2 0
github.com/sam-caldwell/ami/src/cmd/ami/pipeline_visualize.go:84.13,84.27 1 0
github.com/sam-caldwell/ami/src/cmd/ami/pipeline_visualize.go:84.27,84.65 1 0
github.com/sam-caldwell/ami/src/cmd/ami/pipeline_visualize.go:85.13,88.41 3 0
github.com/sam-caldwell/ami/src/cmd/ami/pipeline_visualize.go:88.41,90.32 2 0
github.com/sam-caldwell/ami/src/cmd/ami/pipeline_visualize.go:90.32,90.42 1 0
github.com/sam-caldwell/ami/src/cmd/ami/pipeline_visualize.go:91.17,95.44 5 0
github.com/sam-caldwell/ami/src/cmd/ami/pipeline_visualize.go:95.44,96.60 1 0
github.com/sam-caldwell/ami/src/cmd/ami/pipeline_visualize.go:96.60,99.70 2 0
github.com/sam-caldwell/ami/src/cmd/ami/pipeline_visualize.go:99.70,100.40 1 0
github.com/sam-caldwell/ami/src/cmd/ami/pipeline_visualize.go:100.40,103.30 2 0
github.com/sam-caldwell/ami/src/cmd/ami/pipeline_visualize.go:104.29,104.100 1 0
github.com/sam-caldwell/ami/src/cmd/ami/pipeline_visualize.go:106.25,106.51 1 0
github.com/sam-caldwell/ami/src/cmd/ami/pipeline_visualize.go:110.13,110.24 1 0
github.com/sam-caldwell/ami/src/cmd/ami/pipeline_visualize.go:110.24,114.42 4 0
github.com/sam-caldwell/ami/src/cmd/ami/pipeline_visualize.go:114.42,117.18 2 0
github.com/sam-caldwell/ami/src/cmd/ami/pipeline_visualize.go:119.17,119.31 1 0
github.com/sam-caldwell/ami/src/cmd/ami/pipeline_visualize.go:119.31,122.18 2 0
github.com/sam-caldwell/ami/src/cmd/ami/pipeline_visualize.go:123.17,123.27 1 0
github.com/sam-caldwell/ami/src/cmd/ami/pipeline_visualize.go:126.13,127.28 2 0
github.com/sam-caldwell/ami/src/cmd/ami/pipeline_visualize.go:127.28,130.42 3 0
github.com/sam-caldwell/ami/src/cmd/ami/pipeline_visualize.go:130.42,131.45 1 0
github.com/sam-caldwell/ami/src/cmd/ami/pipeline_visualize.go:131.45,131.79 1 0
github.com/sam-caldwell/ami/src/cmd/ami/pipeline_visualize.go:133.17,133.34 1 0
github.com/sam-caldwell/ami/src/cmd/ami/pipeline_visualize.go:136.13,139.38 4 0
github.com/sam-caldwell/ami/src/cmd/ami/pipeline_visualize.go:139.38,142.26 3 0
github.com/sam-caldwell/ami/src/cmd/ami/pipeline_visualize.go:142.26,142.74 1 0
github.com/sam-caldwell/ami/src/cmd/ami/pipeline_visualize.go:143.17,144.61 2 0
github.com/sam-caldwell/ami/src/cmd/ami/pipeline_visualize.go:146.13,146.23 1 0
github.com/sam-caldwell/ami/src/cmd/ami/pipeline_visualize.go:149.5,157.15 9 1
github.com/sam-caldwell/ami/src/cmd/ami/pipeline_visualize.go:161.83,166.32 4 0
github.com/sam-caldwell/ami/src/cmd/ami/pipeline_visualize.go:166.32,168.16 2 0
github.com/sam-caldwell/ami/src/cmd/ami/pipeline_visualize.go:168.16,168.26 1 0
github.com/sam-caldwell/ami/src/cmd/ami/pipeline_visualize.go:169.9,173.37 5 0
github.com/sam-caldwell/ami/src/cmd/ami/pipeline_visualize.go:173.37,174.77 1 0
github.com/sam-caldwell/ami/src/cmd/ami/pipeline_visualize.go:174.77,175.42 1 0
github.com/sam-caldwell/ami/src/cmd/ami/pipeline_visualize.go:175.42,175.82 1 0
github.com/sam-caldwell/ami/src/cmd/ami/pipeline_visualize.go:178.9,181.44 4 0
github.com/sam-caldwell/ami/src/cmd/ami/pipeline_visualize.go:181.44,181.70 1 0
github.com/sam-caldwell/ami/src/cmd/ami/pipeline_visualize.go:184.5,185.32 2 0
github.com/sam-caldwell/ami/src/cmd/ami/pipeline_visualize.go:185.32,185.68 1 0
github.com/sam-caldwell/ami/src/cmd/ami/pipeline_visualize.go:185.68,185.95 2 0
github.com/sam-caldwell/ami/src/cmd/ami/pipeline_visualize.go:186.5,186.20 1 0
github.com/sam-caldwell/ami/src/cmd/ami/pipeline_visualize.go:186.20,187.36 1 0
github.com/sam-caldwell/ami/src/cmd/ami/pipeline_visualize.go:187.36,188.47 1 0
github.com/sam-caldwell/ami/src/cmd/ami/pipeline_visualize.go:188.47,189.57 1 0
github.com/sam-caldwell/ami/src/cmd/ami/pipeline_visualize.go:189.57,190.57 1 0
github.com/sam-caldwell/ami/src/cmd/ami/pipeline_visualize.go:190.57,194.22 2 0
github.com/sam-caldwell/ami/src/cmd/ami/pipeline_visualize.go:198.11,199.41 1 0
github.com/sam-caldwell/ami/src/cmd/ami/pipeline_visualize.go:199.41,202.10 2 0
github.com/sam-caldwell/ami/src/cmd/ami/pipeline_visualize.go:204.5,204.13 1 0
github.com/sam-caldwell/ami/src/cmd/ami/pipeline_visualize.go:208.83,209.32 1 0
github.com/sam-caldwell/ami/src/cmd/ami/pipeline_visualize.go:209.32,210.38 1 0
github.com/sam-caldwell/ami/src/cmd/ami/pipeline_visualize.go:210.38,210.72 1 0
github.com/sam-caldwell/ami/src/cmd/ami/pipeline_visualize.go:212.5,212.15 1 0
github.com/sam-caldwell/ami/src/cmd/ami/pipeline_visualize.go:216.54,217.57 1 0
github.com/sam-caldwell/ami/src/cmd/ami/pipeline_visualize.go:217.57,217.72 1 0
github.com/sam-caldwell/ami/src/cmd/ami/pipeline_visualize.go:218.5,218.31 1 0
github.com/sam-caldwell/ami/src/cmd/ami/pipeline_visualize.go:218.31,219.114 1 0
github.com/sam-caldwell/ami/src/cmd/ami/pipeline_visualize.go:219.114,221.10 1 0
github.com/sam-caldwell/ami/src/cmd/ami/pipeline_visualize.go:223.5,223.17 1 0
github.com/sam-caldwell/ami/src/cmd/ami/pipeline_visualize.go:227.50,231.31 3 0
github.com/sam-caldwell/ami/src/cmd/ami/pipeline_visualize.go:231.31,231.50 1 0
github.com/sam-caldwell/ami/src/cmd/ami/pipeline_visualize.go:232.5,232.31 1 0
github.com/sam-caldwell/ami/src/cmd/ami/pipeline_visualize.go:232.31,235.40 3 0
github.com/sam-caldwell/ami/src/cmd/ami/pipeline_visualize.go:235.40,235.61 1 0
github.com/sam-caldwell/ami/src/cmd/ami/pipeline_visualize.go:238.5,239.30 2 0
github.com/sam-caldwell/ami/src/cmd/ami/pipeline_visualize.go:239.30,239.42 1 0
github.com/sam-caldwell/ami/src/cmd/ami/pipeline_visualize.go:239.42,239.63 1 0
github.com/sam-caldwell/ami/src/cmd/ami/pipeline_visualize.go:241.5,242.20 2 0
github.com/sam-caldwell/ami/src/cmd/ami/pipeline_visualize.go:242.20,247.34 4 0
github.com/sam-caldwell/ami/src/cmd/ami/pipeline_visualize.go:247.34,249.30 2 0
github.com/sam-caldwell/ami/src/cmd/ami/pipeline_visualize.go:249.30,249.50 1 0
github.com/sam-caldwell/ami/src/cmd/ami/pipeline_visualize.go:252.5,252.32 1 0
github.com/sam-caldwell/ami/src/cmd/ami/pipeline_visualize.go:252.32,252.53 1 0
github.com/sam-caldwell/ami/src/cmd/ami/pipeline_visualize.go:254.5,255.30 2 0
github.com/sam-caldwell/ami/src/cmd/ami/pipeline_visualize.go:255.30,255.41 1 0
github.com/sam-caldwell/ami/src/cmd/ami/pipeline_visualize.go:255.41,255.66 1 0
github.com/sam-caldwell/ami/src/cmd/ami/pipeline_visualize.go:256.5,257.21 2 0
github.com/sam-caldwell/ami/src/cmd/ami/pipeline_visualize.go:262.70,264.32 2 0
github.com/sam-caldwell/ami/src/cmd/ami/pipeline_visualize.go:264.32,264.85 1 0
github.com/sam-caldwell/ami/src/cmd/ami/pipeline_visualize.go:265.5,265.21 1 0
github.com/sam-caldwell/ami/src/cmd/ami/pipeline_visualize.go:265.21,266.32 1 0
github.com/sam-caldwell/ami/src/cmd/ami/pipeline_visualize.go:266.32,266.58 1 0
github.com/sam-caldwell/ami/src/cmd/ami/pipeline_visualize.go:268.5,268.13 1 0
github.com/sam-caldwell/ami/src/cmd/ami/pipeline_visualize.go:275.102,280.45 2 0
github.com/sam-caldwell/ami/src/cmd/ami/pipeline_visualize.go:280.45,284.61 3 0
github.com/sam-caldwell/ami/src/cmd/ami/pipeline_visualize.go:284.61,286.10 1 0
github.com/sam-caldwell/ami/src/cmd/ami/pipeline_visualize.go:289.5,290.32 2 0
github.com/sam-caldwell/ami/src/cmd/ami/pipeline_visualize.go:290.32,291.43 1 0
github.com/sam-caldwell/ami/src/cmd/ami/pipeline_visualize.go:291.43,291.64 2 0
github.com/sam-caldwell/ami/src/cmd/ami/pipeline_visualize.go:291.64,291.107 1 0
github.com/sam-caldwell/ami/src/cmd/ami/pipeline_visualize.go:293.5,293.15 1 0
github.com/sam-caldwell/ami/src/cmd/ami/pipeline_visualize.go:296.53,297.18 1 0
github.com/sam-caldwell/ami/src/cmd/ami/pipeline_visualize.go:297.18,297.32 1 0
github.com/sam-caldwell/ami/src/cmd/ami/pipeline_visualize.go:298.5,302.33 5 0
github.com/sam-caldwell/ami/src/cmd/ami/pipeline_visualize.go:302.33,303.73 1 0
github.com/sam-caldwell/ami/src/cmd/ami/pipeline_visualize.go:303.73,305.10 1 0
github.com/sam-caldwell/ami/src/cmd/ami/pipeline_visualize.go:306.9,306.57 1 0
github.com/sam-caldwell/ami/src/cmd/ami/pipeline_visualize.go:306.57,307.42 1 0
github.com/sam-caldwell/ami/src/cmd/ami/pipeline_visualize.go:307.42,309.37 1 0
github.com/sam-caldwell/ami/src/cmd/ami/pipeline_visualize.go:309.37,310.72 1 0
github.com/sam-caldwell/ami/src/cmd/ami/pipeline_visualize.go:310.72,310.90 1 0
github.com/sam-caldwell/ami/src/cmd/ami/pipeline_visualize.go:312.17,312.37 1 0
github.com/sam-caldwell/ami/src/cmd/ami/pipeline_visualize.go:312.37,314.32 2 0
github.com/sam-caldwell/ami/src/cmd/ami/pipeline_visualize.go:315.53,316.48 1 0
github.com/sam-caldwell/ami/src/cmd/ami/pipeline_visualize.go:317.34,318.49 1 0
github.com/sam-caldwell/ami/src/cmd/ami/pipeline_visualize.go:321.19,321.48 1 0
github.com/sam-caldwell/ami/src/cmd/ami/pipeline_visualize.go:321.48,322.37 1 0
github.com/sam-caldwell/ami/src/cmd/ami/pipeline_visualize.go:322.37,324.32 2 0
github.com/sam-caldwell/ami/src/cmd/ami/pipeline_visualize.go:325.35,326.49 1 0
github.com/sam-caldwell/ami/src/cmd/ami/pipeline_visualize.go:327.35,328.49 1 0
github.com/sam-caldwell/ami/src/cmd/ami/pipeline_visualize.go:333.9,333.66 1 0
github.com/sam-caldwell/ami/src/cmd/ami/pipeline_visualize.go:333.66,334.33 1 0
github.com/sam-caldwell/ami/src/cmd/ami/pipeline_visualize.go:334.33,336.43 2 0
github.com/sam-caldwell/ami/src/cmd/ami/pipeline_visualize.go:336.43,336.61 1 0
github.com/sam-caldwell/ami/src/cmd/ami/pipeline_visualize.go:336.61,336.94 1 0
github.com/sam-caldwell/ami/src/cmd/ami/pipeline_visualize.go:337.17,337.35 1 0
github.com/sam-caldwell/ami/src/cmd/ami/pipeline_visualize.go:337.35,339.18 1 0
github.com/sam-caldwell/ami/src/cmd/ami/pipeline_visualize.go:343.5,344.16 2 0
github.com/sam-caldwell/ami/src/cmd/ami/pipeline_visualize.go:344.16,344.39 1 0
github.com/sam-caldwell/ami/src/cmd/ami/pipeline_visualize.go:345.5,345.23 1 0
github.com/sam-caldwell/ami/src/cmd/ami/pipeline_visualize.go:345.23,345.51 1 0
github.com/sam-caldwell/ami/src/cmd/ami/pipeline_visualize.go:346.5,346.18 1 0
github.com/sam-caldwell/ami/src/cmd/ami/pipeline_visualize.go:346.18,346.37 1 0
github.com/sam-caldwell/ami/src/cmd/ami/pipeline_visualize.go:347.5,347.24 1 0
github.com/sam-caldwell/ami/src/cmd/ami/pipeline_visualize.go:347.24,347.54 1 0
github.com/sam-caldwell/ami/src/cmd/ami/pipeline_visualize.go:348.5,348.20 1 0
github.com/sam-caldwell/ami/src/cmd/ami/pipeline_visualize.go:348.20,348.34 1 0
github.com/sam-caldwell/ami/src/cmd/ami/pipeline_visualize.go:349.5,349.13 1 0
github.com/sam-caldwell/ami/src/cmd/ami/root.go:15.34,21.61 1 1
github.com/sam-caldwell/ami/src/cmd/ami/root.go:21.61,29.10 6 0
github.com/sam-caldwell/ami/src/cmd/ami/root.go:32.5,41.72 8 1
github.com/sam-caldwell/ami/src/cmd/ami/root.go:41.72,49.26 8 1
github.com/sam-caldwell/ami/src/cmd/ami/root.go:49.26,51.10 1 1
github.com/sam-caldwell/ami/src/cmd/ami/root.go:54.9,67.23 3 0
github.com/sam-caldwell/ami/src/cmd/ami/root.go:67.23,69.10 1 0
github.com/sam-caldwell/ami/src/cmd/ami/root.go:71.9,71.52 1 0
github.com/sam-caldwell/ami/src/cmd/ami/root.go:71.52,73.10 1 0
github.com/sam-caldwell/ami/src/cmd/ami/root.go:74.9,74.19 1 0
github.com/sam-caldwell/ami/src/cmd/ami/root.go:78.5,97.15 16 1
github.com/sam-caldwell/ami/src/cmd/ami/root.go:101.20,103.42 2 0
github.com/sam-caldwell/ami/src/cmd/ami/root.go:103.42,108.34 3 0
github.com/sam-caldwell/ami/src/cmd/ami/root.go:108.34,110.10 1 0
github.com/sam-caldwell/ami/src/cmd/ami/root.go:111.9,111.26 1 0
github.com/sam-caldwell/ami/src/cmd/ami/root.go:113.5,113.13 1 0
github.com/sam-caldwell/ami/src/cmd/ami/test_cmd.go:6.34,12.61 3 1
github.com/sam-caldwell/ami/src/cmd/ami/test_cmd.go:12.61,14.30 2 0
github.com/sam-caldwell/ami/src/cmd/ami/test_cmd.go:14.30,14.47 1 0
github.com/sam-caldwell/ami/src/cmd/ami/test_cmd.go:15.13,15.69 1 0
github.com/sam-caldwell/ami/src/cmd/ami/test_cmd.go:18.5,20.15 3 1
github.com/sam-caldwell/ami/src/cmd/ami/test_run.go:26.75,28.16 2 0
github.com/sam-caldwell/ami/src/cmd/ami/test_run.go:28.16,30.6 1 0
github.com/sam-caldwell/ami/src/cmd/ami/test_run.go:34.5,42.16 7 0
github.com/sam-caldwell/ami/src/cmd/ami/test_run.go:42.16,44.6 1 0
github.com/sam-caldwell/ami/src/cmd/ami/test_run.go:44.11,46.6 1 0
github.com/sam-caldwell/ami/src/cmd/ami/test_run.go:47.5,51.16 3 0
github.com/sam-caldwell/ami/src/cmd/ami/test_run.go:51.16,53.6 1 0
github.com/sam-caldwell/ami/src/cmd/ami/test_run.go:58.5,59.44 2 0
github.com/sam-caldwell/ami/src/cmd/ami/test_run.go:59.44,61.24 2 0
github.com/sam-caldwell/ami/src/cmd/ami/test_run.go:61.24,61.36 1 0
github.com/sam-caldwell/ami/src/cmd/ami/test_run.go:62.9,65.24 4 0
github.com/sam-caldwell/ami/src/cmd/ami/test_run.go:65.24,67.39 2 0
github.com/sam-caldwell/ami/src/cmd/ami/test_run.go:67.39,70.25 2 0
github.com/sam-caldwell/ami/src/cmd/ami/test_run.go:72.13,72.72 1 0
github.com/sam-caldwell/ami/src/cmd/ami/test_run.go:72.72,74.49 2 0
github.com/sam-caldwell/ami/src/cmd/ami/test_run.go:74.49,76.61 2 0
github.com/sam-caldwell/ami/src/cmd/ami/test_run.go:76.61,76.98 1 0
github.com/sam-caldwell/ami/src/cmd/ami/test_run.go:79.13,79.53 1 0
github.com/sam-caldwell/ami/src/cmd/ami/test_run.go:79.53,81.14 1 0
github.com/sam-caldwell/ami/src/cmd/ami/test_run.go:83.9,85.17 3 0
github.com/sam-caldwell/ami/src/cmd/ami/test_run.go:87.5,90.16 2 0
github.com/sam-caldwell/ami/src/cmd/ami/test_run.go:90.16,92.22 2 0
github.com/sam-caldwell/ami/src/cmd/ami/test_run.go:92.22,96.28 4 0
github.com/sam-caldwell/ami/src/cmd/ami/test_run.go:96.28,98.43 2 0
github.com/sam-caldwell/ami/src/cmd/ami/test_run.go:98.43,99.80 1 0
github.com/sam-caldwell/ami/src/cmd/ami/test_run.go:99.80,101.22 1 0
github.com/sam-caldwell/ami/src/cmd/ami/test_run.go:102.23,105.18 1 0
github.com/sam-caldwell/ami/src/cmd/ami/test_run.go:107.13,107.27 1 0
github.com/sam-caldwell/ami/src/cmd/ami/test_run.go:112.5,112.17 1 0
github.com/sam-caldwell/ami/src/cmd/ami/test_run.go:112.17,113.23 1 0
github.com/sam-caldwell/ami/src/cmd/ami/test_run.go:113.23,115.10 1 0
github.com/sam-caldwell/ami/src/cmd/ami/test_run.go:116.11,124.6 1 0
github.com/sam-caldwell/ami/src/cmd/ami/test_run.go:126.5,126.19 1 0
github.com/sam-caldwell/ami/src/cmd/ami/test_run.go:126.19,129.22 2 0
github.com/sam-caldwell/ami/src/cmd/ami/test_run.go:129.22,129.54 1 0
github.com/sam-caldwell/ami/src/cmd/ami/test_run.go:130.9,130.19 1 0
github.com/sam-caldwell/ami/src/cmd/ami/test_run.go:132.5,132.15 1 0
github.com/sam-caldwell/ami/src/cmd/ami/version_cmd.go:15.37,19.61 1 1
github.com/sam-caldwell/ami/src/cmd/ami/version_cmd.go:19.61,22.10 2 0
