mode: set
github.com/sam-caldwell/ami/src/ami/compiler/ast/block.go:12.29,12.30 0 0
github.com/sam-caldwell/ami/src/ami/compiler/ast/decorator.go:16.29,16.30 0 0
github.com/sam-caldwell/ami/src/ami/compiler/ast/edge_stmt.go:15.28,15.29 0 0
github.com/sam-caldwell/ami/src/ami/compiler/ast/edge_stmt.go:16.28,16.29 0 0
github.com/sam-caldwell/ami/src/ami/compiler/ast/enum.go:21.28,21.29 0 0
github.com/sam-caldwell/ami/src/ami/compiler/ast/errorblock.go:12.30,12.31 0 0
github.com/sam-caldwell/ami/src/ami/compiler/ast/expr.go:12.29,12.30 0 0
github.com/sam-caldwell/ami/src/ami/compiler/ast/expr.go:13.29,13.30 0 0
github.com/sam-caldwell/ami/src/ami/compiler/ast/expr.go:19.29,19.30 0 0
github.com/sam-caldwell/ami/src/ami/compiler/ast/expr.go:20.29,20.30 0 0
github.com/sam-caldwell/ami/src/ami/compiler/ast/expr.go:26.29,26.30 0 0
github.com/sam-caldwell/ami/src/ami/compiler/ast/expr.go:27.29,27.30 0 0
github.com/sam-caldwell/ami/src/ami/compiler/ast/expr.go:37.28,37.29 0 0
github.com/sam-caldwell/ami/src/ami/compiler/ast/expr.go:38.28,38.29 0 0
github.com/sam-caldwell/ami/src/ami/compiler/ast/expr_binary.go:15.30,15.31 0 0
github.com/sam-caldwell/ami/src/ami/compiler/ast/expr_binary.go:16.30,16.31 0 0
github.com/sam-caldwell/ami/src/ami/compiler/ast/expr_conditional.go:13.35,13.36 0 0
github.com/sam-caldwell/ami/src/ami/compiler/ast/expr_conditional.go:14.35,14.36 0 0
github.com/sam-caldwell/ami/src/ami/compiler/ast/expr_selector.go:13.32,13.33 0 0
github.com/sam-caldwell/ami/src/ami/compiler/ast/expr_selector.go:14.32,14.33 0 0
github.com/sam-caldwell/ami/src/ami/compiler/ast/expr_unary.go:15.29,15.30 0 0
github.com/sam-caldwell/ami/src/ami/compiler/ast/expr_unary.go:16.29,16.30 0 0
github.com/sam-caldwell/ami/src/ami/compiler/ast/file.go:13.24,13.25 0 0
github.com/sam-caldwell/ami/src/ami/compiler/ast/func.go:22.28,22.29 0 0
github.com/sam-caldwell/ami/src/ami/compiler/ast/import.go:20.30,20.31 0 0
github.com/sam-caldwell/ami/src/ami/compiler/ast/map_lit.go:20.26,20.27 0 0
github.com/sam-caldwell/ami/src/ami/compiler/ast/map_lit.go:21.26,21.27 0 0
github.com/sam-caldwell/ami/src/ami/compiler/ast/pipeline.go:18.32,18.33 0 0
github.com/sam-caldwell/ami/src/ami/compiler/ast/pipeline_step.go:14.28,14.29 0 0
github.com/sam-caldwell/ami/src/ami/compiler/ast/pipeline_step.go:15.28,15.29 0 0
github.com/sam-caldwell/ami/src/ami/compiler/ast/set_lit.go:14.26,14.27 0 0
github.com/sam-caldwell/ami/src/ami/compiler/ast/set_lit.go:15.26,15.27 0 0
github.com/sam-caldwell/ami/src/ami/compiler/ast/slice_lit.go:14.28,14.29 0 0
github.com/sam-caldwell/ami/src/ami/compiler/ast/slice_lit.go:15.28,15.29 0 0
github.com/sam-caldwell/ami/src/ami/compiler/ast/stmt_assign.go:16.30,16.31 0 0
github.com/sam-caldwell/ami/src/ami/compiler/ast/stmt_assign.go:17.30,17.31 0 0
github.com/sam-caldwell/ami/src/ami/compiler/ast/stmt_defer.go:12.29,12.30 0 0
github.com/sam-caldwell/ami/src/ami/compiler/ast/stmt_defer.go:13.29,13.30 0 0
github.com/sam-caldwell/ami/src/ami/compiler/ast/stmt_expr.go:12.28,12.29 0 0
github.com/sam-caldwell/ami/src/ami/compiler/ast/stmt_expr.go:13.28,13.29 0 0
github.com/sam-caldwell/ami/src/ami/compiler/ast/stmt_if.go:14.26,14.27 0 0
github.com/sam-caldwell/ami/src/ami/compiler/ast/stmt_if.go:15.26,15.27 0 0
github.com/sam-caldwell/ami/src/ami/compiler/ast/stmt_return.go:12.30,12.31 0 0
github.com/sam-caldwell/ami/src/ami/compiler/ast/stmt_return.go:13.30,13.31 0 0
github.com/sam-caldwell/ami/src/ami/compiler/ast/stmt_var.go:16.27,16.28 0 0
github.com/sam-caldwell/ami/src/ami/compiler/ast/stmt_var.go:17.27,17.28 0 0
github.com/sam-caldwell/ami/src/ami/compiler/ast/typeparam.go:14.29,14.30 0 0
github.com/sam-caldwell/ami/src/ami/compiler/codegen/backend.go:37.31,37.56 1 0
github.com/sam-caldwell/ami/src/ami/compiler/codegen/llvm_backend.go:11.35,11.52 1 0
github.com/sam-caldwell/ami/src/ami/compiler/codegen/llvm_backend.go:13.61,13.95 1 0
github.com/sam-caldwell/ami/src/ami/compiler/codegen/llvm_backend.go:15.85,17.2 1 0
github.com/sam-caldwell/ami/src/ami/compiler/codegen/llvm_backend.go:19.89,21.2 1 0
github.com/sam-caldwell/ami/src/ami/compiler/codegen/llvm_backend.go:23.114,25.2 1 0
github.com/sam-caldwell/ami/src/ami/compiler/codegen/llvm_backend.go:27.87,29.2 1 0
github.com/sam-caldwell/ami/src/ami/compiler/codegen/llvm_backend.go:31.100,33.2 1 0
github.com/sam-caldwell/ami/src/ami/compiler/codegen/llvm_backend.go:35.53,35.81 1 0
github.com/sam-caldwell/ami/src/ami/compiler/codegen/llvm_backend.go:37.62,37.92 1 0
github.com/sam-caldwell/ami/src/ami/compiler/codegen/llvm_backend.go:39.53,39.87 1 0
github.com/sam-caldwell/ami/src/ami/compiler/codegen/objindex.go:31.62,34.81 2 1
github.com/sam-caldwell/ami/src/ami/compiler/codegen/objindex.go:34.81,35.23 1 1
github.com/sam-caldwell/ami/src/ami/compiler/codegen/objindex.go:35.23,35.37 1 0
github.com/sam-caldwell/ami/src/ami/compiler/codegen/objindex.go:36.9,36.22 1 1
github.com/sam-caldwell/ami/src/ami/compiler/codegen/objindex.go:36.22,36.36 1 1
github.com/sam-caldwell/ami/src/ami/compiler/codegen/objindex.go:37.9,38.39 2 1
github.com/sam-caldwell/ami/src/ami/compiler/codegen/objindex.go:38.39,38.53 1 0
github.com/sam-caldwell/ami/src/ami/compiler/codegen/objindex.go:39.9,40.23 2 1
github.com/sam-caldwell/ami/src/ami/compiler/codegen/objindex.go:40.23,40.37 1 0
github.com/sam-caldwell/ami/src/ami/compiler/codegen/objindex.go:41.9,42.41 2 1
github.com/sam-caldwell/ami/src/ami/compiler/codegen/objindex.go:42.41,44.58 1 1
github.com/sam-caldwell/ami/src/ami/compiler/codegen/objindex.go:44.58,44.80 1 0
github.com/sam-caldwell/ami/src/ami/compiler/codegen/objindex.go:45.13,45.23 1 1
github.com/sam-caldwell/ami/src/ami/compiler/codegen/objindex.go:47.9,48.19 2 1
github.com/sam-caldwell/ami/src/ami/compiler/codegen/objindex.go:50.5,50.19 1 1
github.com/sam-caldwell/ami/src/ami/compiler/codegen/objindex.go:50.19,50.45 1 0
github.com/sam-caldwell/ami/src/ami/compiler/codegen/objindex.go:52.5,53.27 2 1
github.com/sam-caldwell/ami/src/ami/compiler/codegen/objindex.go:53.27,53.69 1 1
github.com/sam-caldwell/ami/src/ami/compiler/codegen/objindex.go:54.5,56.39 3 1
github.com/sam-caldwell/ami/src/ami/compiler/codegen/objindex.go:56.39,60.23 4 1
github.com/sam-caldwell/ami/src/ami/compiler/codegen/objindex.go:60.23,60.49 1 0
github.com/sam-caldwell/ami/src/ami/compiler/codegen/objindex.go:61.9,62.23 2 1
github.com/sam-caldwell/ami/src/ami/compiler/codegen/objindex.go:62.23,62.49 1 0
github.com/sam-caldwell/ami/src/ami/compiler/codegen/objindex.go:63.9,69.11 2 1
github.com/sam-caldwell/ami/src/ami/compiler/codegen/objindex.go:71.5,71.76 1 1
github.com/sam-caldwell/ami/src/ami/compiler/codegen/objindex.go:75.40,77.52 2 1
github.com/sam-caldwell/ami/src/ami/compiler/codegen/objindex.go:77.52,77.66 1 0
github.com/sam-caldwell/ami/src/ami/compiler/codegen/objindex.go:78.5,79.19 2 1
github.com/sam-caldwell/ami/src/ami/compiler/codegen/objindex.go:79.19,79.33 1 0
github.com/sam-caldwell/ami/src/ami/compiler/codegen/objindex.go:80.5,80.69 1 1
github.com/sam-caldwell/ami/src/ami/compiler/codegen/objindex.go:83.34,86.2 2 1
github.com/sam-caldwell/ami/src/ami/compiler/codegen/registry.go:12.44,13.19 1 0
github.com/sam-caldwell/ami/src/ami/compiler/codegen/registry.go:13.19,13.50 1 0
github.com/sam-caldwell/ami/src/ami/compiler/codegen/registry.go:14.5,15.17 2 0
github.com/sam-caldwell/ami/src/ami/compiler/codegen/registry.go:19.46,21.12 2 0
github.com/sam-caldwell/ami/src/ami/compiler/codegen/registry.go:21.12,21.62 1 0
github.com/sam-caldwell/ami/src/ami/compiler/codegen/registry.go:22.5,23.15 2 0
github.com/sam-caldwell/ami/src/ami/compiler/backend/linker.go:35.64,35.94 1 0
github.com/sam-caldwell/ami/src/ami/compiler/ir/encode.go:11.45,18.26 2 1
github.com/sam-caldwell/ami/src/ami/compiler/ir/encode.go:18.26,18.63 1 1
github.com/sam-caldwell/ami/src/ami/compiler/ir/encode.go:19.5,19.29 1 1
github.com/sam-caldwell/ami/src/ami/compiler/ir/encode.go:19.29,19.74 1 1
github.com/sam-caldwell/ami/src/ami/compiler/ir/encode.go:20.5,20.27 1 1
github.com/sam-caldwell/ami/src/ami/compiler/ir/encode.go:20.27,20.60 1 1
github.com/sam-caldwell/ami/src/ami/compiler/ir/encode.go:21.5,21.25 1 1
github.com/sam-caldwell/ami/src/ami/compiler/ir/encode.go:21.25,21.56 1 0
github.com/sam-caldwell/ami/src/ami/compiler/ir/encode.go:22.5,22.32 1 1
github.com/sam-caldwell/ami/src/ami/compiler/ir/encode.go:22.32,22.71 1 1
github.com/sam-caldwell/ami/src/ami/compiler/ir/encode.go:23.5,23.27 1 1
github.com/sam-caldwell/ami/src/ami/compiler/ir/encode.go:23.27,23.62 1 1
github.com/sam-caldwell/ami/src/ami/compiler/ir/encode.go:24.5,24.29 1 1
github.com/sam-caldwell/ami/src/ami/compiler/ir/encode.go:24.29,24.66 1 1
github.com/sam-caldwell/ami/src/ami/compiler/ir/encode.go:25.5,25.27 1 1
github.com/sam-caldwell/ami/src/ami/compiler/ir/encode.go:25.27,30.6 1 1
github.com/sam-caldwell/ami/src/ami/compiler/ir/encode.go:32.5,32.30 1 1
github.com/sam-caldwell/ami/src/ami/compiler/ir/encode.go:32.30,34.40 2 1
github.com/sam-caldwell/ami/src/ami/compiler/ir/encode.go:34.40,36.28 2 1
github.com/sam-caldwell/ami/src/ami/compiler/ir/encode.go:36.28,36.50 1 1
github.com/sam-caldwell/ami/src/ami/compiler/ir/encode.go:37.13,37.30 1 1
github.com/sam-caldwell/ami/src/ami/compiler/ir/encode.go:37.30,37.56 1 1
github.com/sam-caldwell/ami/src/ami/compiler/ir/encode.go:38.13,38.32 1 1
github.com/sam-caldwell/ami/src/ami/compiler/ir/encode.go:38.32,38.56 1 1
github.com/sam-caldwell/ami/src/ami/compiler/ir/encode.go:39.13,39.34 1 1
github.com/sam-caldwell/ami/src/ami/compiler/ir/encode.go:39.34,39.62 1 1
github.com/sam-caldwell/ami/src/ami/compiler/ir/encode.go:40.13,40.33 1 1
github.com/sam-caldwell/ami/src/ami/compiler/ir/encode.go:42.9,42.30 1 1
github.com/sam-caldwell/ami/src/ami/compiler/ir/encode.go:45.5,45.29 1 1
github.com/sam-caldwell/ami/src/ami/compiler/ir/encode.go:45.29,47.39 2 0
github.com/sam-caldwell/ami/src/ami/compiler/ir/encode.go:47.39,49.35 2 0
github.com/sam-caldwell/ami/src/ami/compiler/ir/encode.go:49.35,51.45 2 0
github.com/sam-caldwell/ami/src/ami/compiler/ir/encode.go:51.45,53.39 2 0
github.com/sam-caldwell/ami/src/ami/compiler/ir/encode.go:53.39,55.43 2 0
github.com/sam-caldwell/ami/src/ami/compiler/ir/encode.go:55.43,55.66 1 0
github.com/sam-caldwell/ami/src/ami/compiler/ir/encode.go:56.25,56.50 1 0
github.com/sam-caldwell/ami/src/ami/compiler/ir/encode.go:56.50,58.60 2 0
github.com/sam-caldwell/ami/src/ami/compiler/ir/encode.go:58.60,58.131 1 0
github.com/sam-caldwell/ami/src/ami/compiler/ir/encode.go:59.29,59.44 1 0
github.com/sam-caldwell/ami/src/ami/compiler/ir/encode.go:61.25,61.46 1 0
github.com/sam-caldwell/ami/src/ami/compiler/ir/encode.go:61.46,61.73 1 0
github.com/sam-caldwell/ami/src/ami/compiler/ir/encode.go:62.25,62.54 1 0
github.com/sam-caldwell/ami/src/ami/compiler/ir/encode.go:62.54,62.97 1 0
github.com/sam-caldwell/ami/src/ami/compiler/ir/encode.go:63.25,63.87 1 0
github.com/sam-caldwell/ami/src/ami/compiler/ir/encode.go:63.87,65.26 1 0
github.com/sam-caldwell/ami/src/ami/compiler/ir/encode.go:66.25,66.47 1 0
github.com/sam-caldwell/ami/src/ami/compiler/ir/encode.go:66.47,66.80 1 0
github.com/sam-caldwell/ami/src/ami/compiler/ir/encode.go:67.25,67.50 1 0
github.com/sam-caldwell/ami/src/ami/compiler/ir/encode.go:67.50,67.89 1 0
github.com/sam-caldwell/ami/src/ami/compiler/ir/encode.go:68.25,68.53 1 0
github.com/sam-caldwell/ami/src/ami/compiler/ir/encode.go:68.53,68.94 1 0
github.com/sam-caldwell/ami/src/ami/compiler/ir/encode.go:69.25,69.53 1 0
github.com/sam-caldwell/ami/src/ami/compiler/ir/encode.go:69.53,71.26 1 0
github.com/sam-caldwell/ami/src/ami/compiler/ir/encode.go:72.25,72.53 1 0
github.com/sam-caldwell/ami/src/ami/compiler/ir/encode.go:72.53,72.94 1 0
github.com/sam-caldwell/ami/src/ami/compiler/ir/encode.go:73.25,73.41 1 0
github.com/sam-caldwell/ami/src/ami/compiler/ir/encode.go:75.21,75.44 1 0
github.com/sam-caldwell/ami/src/ami/compiler/ir/encode.go:77.17,77.37 1 0
github.com/sam-caldwell/ami/src/ami/compiler/ir/encode.go:79.13,79.32 1 0
github.com/sam-caldwell/ami/src/ami/compiler/ir/encode.go:81.9,81.29 1 0
github.com/sam-caldwell/ami/src/ami/compiler/ir/encode.go:84.5,85.35 2 1
github.com/sam-caldwell/ami/src/ami/compiler/ir/encode.go:85.35,92.34 2 1
github.com/sam-caldwell/ami/src/ami/compiler/ir/encode.go:92.34,94.44 2 1
github.com/sam-caldwell/ami/src/ami/compiler/ir/encode.go:94.44,96.36 2 1
github.com/sam-caldwell/ami/src/ami/compiler/ir/encode.go:96.36,96.60 1 0
github.com/sam-caldwell/ami/src/ami/compiler/ir/encode.go:97.17,97.41 1 1
github.com/sam-caldwell/ami/src/ami/compiler/ir/encode.go:99.13,99.36 1 1
github.com/sam-caldwell/ami/src/ami/compiler/ir/encode.go:101.9,102.36 2 1
github.com/sam-caldwell/ami/src/ami/compiler/ir/encode.go:102.36,108.10 2 1
github.com/sam-caldwell/ami/src/ami/compiler/ir/encode.go:109.9,110.30 2 1
github.com/sam-caldwell/ami/src/ami/compiler/ir/encode.go:112.5,113.44 2 1
github.com/sam-caldwell/ami/src/ami/compiler/ir/encode.go:117.33,119.52 2 1
github.com/sam-caldwell/ami/src/ami/compiler/ir/encode.go:119.52,119.66 1 0
github.com/sam-caldwell/ami/src/ami/compiler/ir/encode.go:120.5,121.19 2 1
github.com/sam-caldwell/ami/src/ami/compiler/ir/encode.go:121.19,121.33 1 0
github.com/sam-caldwell/ami/src/ami/compiler/ir/encode.go:122.5,123.41 2 1
github.com/sam-caldwell/ami/src/ami/compiler/ir/encode.go:126.37,128.26 2 1
github.com/sam-caldwell/ami/src/ami/compiler/ir/encode.go:128.26,130.6 1 1
github.com/sam-caldwell/ami/src/ami/compiler/ir/encode.go:131.5,131.15 1 1
github.com/sam-caldwell/ami/src/ami/compiler/ir/encode.go:134.44,136.28 2 1
github.com/sam-caldwell/ami/src/ami/compiler/ir/encode.go:136.28,137.31 1 1
github.com/sam-caldwell/ami/src/ami/compiler/ir/encode.go:138.18,140.30 2 1
github.com/sam-caldwell/ami/src/ami/compiler/ir/encode.go:140.30,140.100 1 1
github.com/sam-caldwell/ami/src/ami/compiler/ir/encode.go:141.13,141.35 1 1
github.com/sam-caldwell/ami/src/ami/compiler/ir/encode.go:142.21,143.148 1 1
github.com/sam-caldwell/ami/src/ami/compiler/ir/encode.go:144.21,146.87 2 1
github.com/sam-caldwell/ami/src/ami/compiler/ir/encode.go:147.20,148.98 1 0
github.com/sam-caldwell/ami/src/ami/compiler/ir/encode.go:149.19,150.92 1 1
github.com/sam-caldwell/ami/src/ami/compiler/ir/encode.go:151.18,154.44 2 0
github.com/sam-caldwell/ami/src/ami/compiler/ir/encode.go:154.44,154.167 1 0
github.com/sam-caldwell/ami/src/ami/compiler/ir/encode.go:155.13,155.154 1 0
github.com/sam-caldwell/ami/src/ami/compiler/ir/encode.go:156.21,157.177 1 0
github.com/sam-caldwell/ami/src/ami/compiler/ir/encode.go:158.19,159.85 1 0
github.com/sam-caldwell/ami/src/ami/compiler/ir/encode.go:160.19,161.87 1 0
github.com/sam-caldwell/ami/src/ami/compiler/ir/encode.go:162.20,163.82 1 0
github.com/sam-caldwell/ami/src/ami/compiler/ir/encode.go:164.23,165.91 1 0
github.com/sam-caldwell/ami/src/ami/compiler/ir/encode.go:166.24,167.86 1 0
github.com/sam-caldwell/ami/src/ami/compiler/ir/encode.go:168.23,169.73 1 0
github.com/sam-caldwell/ami/src/ami/compiler/ir/encode.go:170.17,170.17 0 0
github.com/sam-caldwell/ami/src/ami/compiler/ir/encode.go:174.5,174.15 1 1
github.com/sam-caldwell/ami/src/ami/compiler/ir/encode.go:177.29,179.23 2 1
github.com/sam-caldwell/ami/src/ami/compiler/ir/encode.go:179.23,179.51 1 1
github.com/sam-caldwell/ami/src/ami/compiler/ir/encode.go:180.5,180.24 1 1
github.com/sam-caldwell/ami/src/ami/compiler/ir/encode.go:180.24,180.62 1 1
github.com/sam-caldwell/ami/src/ami/compiler/ir/encode.go:181.5,181.24 1 1
github.com/sam-caldwell/ami/src/ami/compiler/ir/encode.go:181.24,181.100 1 1
github.com/sam-caldwell/ami/src/ami/compiler/ir/encode.go:182.5,182.27 1 1
github.com/sam-caldwell/ami/src/ami/compiler/ir/encode.go:182.27,182.71 1 0
github.com/sam-caldwell/ami/src/ami/compiler/ir/encode.go:184.5,184.23 1 1
github.com/sam-caldwell/ami/src/ami/compiler/ir/encode.go:184.23,185.28 1 1
github.com/sam-caldwell/ami/src/ami/compiler/ir/encode.go:185.28,187.38 2 1
github.com/sam-caldwell/ami/src/ami/compiler/ir/encode.go:187.38,187.67 1 1
github.com/sam-caldwell/ami/src/ami/compiler/ir/encode.go:188.13,188.34 1 1
github.com/sam-caldwell/ami/src/ami/compiler/ir/encode.go:189.15,191.10 1 0
github.com/sam-caldwell/ami/src/ami/compiler/ir/encode.go:192.9,192.31 1 1
github.com/sam-caldwell/ami/src/ami/compiler/ir/encode.go:192.31,194.41 2 0
github.com/sam-caldwell/ami/src/ami/compiler/ir/encode.go:194.41,194.68 1 0
github.com/sam-caldwell/ami/src/ami/compiler/ir/encode.go:195.13,195.33 1 0
github.com/sam-caldwell/ami/src/ami/compiler/ir/encode.go:196.15,196.35 1 1
github.com/sam-caldwell/ami/src/ami/compiler/ir/encode.go:196.35,198.10 1 1
github.com/sam-caldwell/ami/src/ami/compiler/ir/encode.go:198.15,198.45 1 0
github.com/sam-caldwell/ami/src/ami/compiler/ir/encode.go:200.9,203.76 3 1
github.com/sam-caldwell/ami/src/ami/compiler/ir/encode.go:203.76,205.41 2 0
github.com/sam-caldwell/ami/src/ami/compiler/ir/encode.go:205.41,207.14 1 0
github.com/sam-caldwell/ami/src/ami/compiler/ir/encode.go:208.15,212.23 2 1
github.com/sam-caldwell/ami/src/ami/compiler/ir/encode.go:212.23,212.42 1 1
github.com/sam-caldwell/ami/src/ami/compiler/ir/encode.go:213.13,214.36 2 1
github.com/sam-caldwell/ami/src/ami/compiler/ir/encode.go:214.36,217.67 3 1
github.com/sam-caldwell/ami/src/ami/compiler/ir/encode.go:217.67,217.92 1 1
github.com/sam-caldwell/ami/src/ami/compiler/ir/encode.go:218.17,218.76 1 1
github.com/sam-caldwell/ami/src/ami/compiler/ir/encode.go:218.76,218.100 1 1
github.com/sam-caldwell/ami/src/ami/compiler/ir/encode.go:219.17,219.75 1 1
github.com/sam-caldwell/ami/src/ami/compiler/ir/encode.go:222.9,223.35 2 1
github.com/sam-caldwell/ami/src/ami/compiler/ir/encode.go:223.35,224.45 1 0
github.com/sam-caldwell/ami/src/ami/compiler/ir/encode.go:224.45,224.67 1 0
github.com/sam-caldwell/ami/src/ami/compiler/ir/encode.go:225.15,225.38 1 1
github.com/sam-caldwell/ami/src/ami/compiler/ir/encode.go:225.38,226.41 1 0
github.com/sam-caldwell/ami/src/ami/compiler/ir/encode.go:226.41,226.68 1 0
github.com/sam-caldwell/ami/src/ami/compiler/ir/encode.go:227.15,227.35 1 1
github.com/sam-caldwell/ami/src/ami/compiler/ir/encode.go:227.35,227.69 1 1
github.com/sam-caldwell/ami/src/ami/compiler/ir/encode.go:228.9,230.25 3 1
github.com/sam-caldwell/ami/src/ami/compiler/ir/encode.go:232.5,232.15 1 1
github.com/sam-caldwell/ami/src/ami/compiler/ir/kind.go:22.31,23.14 1 1
github.com/sam-caldwell/ami/src/ami/compiler/ir/kind.go:24.16,25.21 1 1
github.com/sam-caldwell/ami/src/ami/compiler/ir/kind.go:26.19,27.24 1 1
github.com/sam-caldwell/ami/src/ami/compiler/ir/kind.go:28.19,29.24 1 1
github.com/sam-caldwell/ami/src/ami/compiler/ir/kind.go:30.18,31.23 1 1
github.com/sam-caldwell/ami/src/ami/compiler/ir/kind.go:32.17,33.22 1 1
github.com/sam-caldwell/ami/src/ami/compiler/ir/kind.go:34.16,35.21 1 0
github.com/sam-caldwell/ami/src/ami/compiler/ir/kind.go:36.19,37.25 1 0
github.com/sam-caldwell/ami/src/ami/compiler/ir/kind.go:38.17,39.22 1 0
github.com/sam-caldwell/ami/src/ami/compiler/ir/kind.go:40.17,41.22 1 0
github.com/sam-caldwell/ami/src/ami/compiler/ir/kind.go:42.18,43.24 1 0
github.com/sam-caldwell/ami/src/ami/compiler/ir/kind.go:44.21,45.26 1 0
github.com/sam-caldwell/ami/src/ami/compiler/ir/kind.go:46.22,47.28 1 0
github.com/sam-caldwell/ami/src/ami/compiler/ir/kind.go:48.21,49.27 1 0
github.com/sam-caldwell/ami/src/ami/compiler/ir/kind.go:50.13,51.19 1 1
github.com/sam-caldwell/ami/src/ami/compiler/ir/op_assign.go:9.38,9.57 1 1
github.com/sam-caldwell/ami/src/ami/compiler/ir/op_branch.go:9.38,9.57 1 0
github.com/sam-caldwell/ami/src/ami/compiler/ir/op_branch.go:16.35,16.51 1 0
github.com/sam-caldwell/ami/src/ami/compiler/ir/op_defer.go:6.37,6.55 1 1
github.com/sam-caldwell/ami/src/ami/compiler/ir/op_expr.go:18.36,18.53 1 1
github.com/sam-caldwell/ami/src/ami/compiler/ir/op_loop.go:4.36,4.53 1 0
github.com/sam-caldwell/ami/src/ami/compiler/ir/op_loop.go:7.36,7.53 1 0
github.com/sam-caldwell/ami/src/ami/compiler/ir/op_loop.go:10.37,10.55 1 0
github.com/sam-caldwell/ami/src/ami/compiler/ir/op_loop.go:13.40,13.61 1 0
github.com/sam-caldwell/ami/src/ami/compiler/ir/op_loop.go:16.41,16.63 1 0
github.com/sam-caldwell/ami/src/ami/compiler/ir/op_loop.go:19.40,19.61 1 0
github.com/sam-caldwell/ami/src/ami/compiler/ir/op_return.go:6.38,6.57 1 1
github.com/sam-caldwell/ami/src/ami/compiler/ir/op_var.go:11.35,11.51 1 1
github.com/sam-caldwell/ami/src/ami/compiler/scanner/scanner.go:19.35,19.74 1 1
github.com/sam-caldwell/ami/src/ami/compiler/scanner/scanner.go:24.40,25.34 1 1
github.com/sam-caldwell/ami/src/ami/compiler/scanner/scanner.go:25.34,25.47 1 0
github.com/sam-caldwell/ami/src/ami/compiler/scanner/scanner.go:26.5,26.26 1 1
github.com/sam-caldwell/ami/src/ami/compiler/scanner/scanner.go:31.38,32.34 1 1
github.com/sam-caldwell/ami/src/ami/compiler/scanner/scanner.go:32.34,34.6 1 1
github.com/sam-caldwell/ami/src/ami/compiler/scanner/scanner.go:35.5,38.22 3 1
github.com/sam-caldwell/ami/src/ami/compiler/scanner/scanner.go:38.22,40.45 2 1
github.com/sam-caldwell/ami/src/ami/compiler/scanner/scanner.go:40.45,41.18 1 1
github.com/sam-caldwell/ami/src/ami/compiler/scanner/scanner.go:43.9,43.32 1 1
github.com/sam-caldwell/ami/src/ami/compiler/scanner/scanner.go:43.32,43.39 1 1
github.com/sam-caldwell/ami/src/ami/compiler/scanner/scanner.go:44.9,44.25 1 1
github.com/sam-caldwell/ami/src/ami/compiler/scanner/scanner.go:46.5,46.22 1 1
github.com/sam-caldwell/ami/src/ami/compiler/scanner/scanner.go:46.22,48.6 1 1
github.com/sam-caldwell/ami/src/ami/compiler/scanner/scanner.go:50.5,52.47 2 1
github.com/sam-caldwell/ami/src/ami/compiler/scanner/scanner.go:52.47,53.35 1 1
github.com/sam-caldwell/ami/src/ami/compiler/scanner/scanner.go:53.35,57.30 4 1
github.com/sam-caldwell/ami/src/ami/compiler/scanner/scanner.go:57.30,59.43 2 1
github.com/sam-caldwell/ami/src/ami/compiler/scanner/scanner.go:59.43,59.50 1 1
github.com/sam-caldwell/ami/src/ami/compiler/scanner/scanner.go:60.17,60.33 1 1
github.com/sam-caldwell/ami/src/ami/compiler/scanner/scanner.go:62.13,63.94 2 1
github.com/sam-caldwell/ami/src/ami/compiler/scanner/scanner.go:65.9,65.35 1 1
github.com/sam-caldwell/ami/src/ami/compiler/scanner/scanner.go:65.35,69.85 4 1
github.com/sam-caldwell/ami/src/ami/compiler/scanner/scanner.go:69.85,69.99 1 1
github.com/sam-caldwell/ami/src/ami/compiler/scanner/scanner.go:70.13,71.31 2 1
github.com/sam-caldwell/ami/src/ami/compiler/scanner/scanner.go:71.31,71.48 1 1
github.com/sam-caldwell/ami/src/ami/compiler/scanner/scanner.go:72.13,72.95 1 1
github.com/sam-caldwell/ami/src/ami/compiler/scanner/scanner.go:76.5,79.42 2 1
github.com/sam-caldwell/ami/src/ami/compiler/scanner/scanner.go:79.42,81.26 2 1
github.com/sam-caldwell/ami/src/ami/compiler/scanner/scanner.go:81.26,83.70 2 1
github.com/sam-caldwell/ami/src/ami/compiler/scanner/scanner.go:83.70,85.25 2 1
github.com/sam-caldwell/ami/src/ami/compiler/scanner/scanner.go:87.13,87.18 1 1
github.com/sam-caldwell/ami/src/ami/compiler/scanner/scanner.go:89.9,90.67 2 1
github.com/sam-caldwell/ami/src/ami/compiler/scanner/scanner.go:90.67,92.10 1 1
github.com/sam-caldwell/ami/src/ami/compiler/scanner/scanner.go:93.9,93.83 1 1
github.com/sam-caldwell/ami/src/ami/compiler/scanner/scanner.go:97.5,97.28 1 1
github.com/sam-caldwell/ami/src/ami/compiler/scanner/scanner.go:97.28,99.51 1 1
github.com/sam-caldwell/ami/src/ami/compiler/scanner/scanner.go:99.51,100.36 1 1
github.com/sam-caldwell/ami/src/ami/compiler/scanner/scanner.go:101.27,103.34 2 1
github.com/sam-caldwell/ami/src/ami/compiler/scanner/scanner.go:103.34,105.99 2 1
github.com/sam-caldwell/ami/src/ami/compiler/scanner/scanner.go:105.99,105.125 2 1
github.com/sam-caldwell/ami/src/ami/compiler/scanner/scanner.go:106.21,106.26 1 1
github.com/sam-caldwell/ami/src/ami/compiler/scanner/scanner.go:108.17,108.108 1 1
github.com/sam-caldwell/ami/src/ami/compiler/scanner/scanner.go:109.27,111.34 2 1
github.com/sam-caldwell/ami/src/ami/compiler/scanner/scanner.go:111.34,113.45 2 1
github.com/sam-caldwell/ami/src/ami/compiler/scanner/scanner.go:113.45,113.71 2 1
github.com/sam-caldwell/ami/src/ami/compiler/scanner/scanner.go:114.21,114.26 1 1
github.com/sam-caldwell/ami/src/ami/compiler/scanner/scanner.go:116.17,116.108 1 1
github.com/sam-caldwell/ami/src/ami/compiler/scanner/scanner.go:117.27,119.34 2 1
github.com/sam-caldwell/ami/src/ami/compiler/scanner/scanner.go:119.34,121.45 2 1
github.com/sam-caldwell/ami/src/ami/compiler/scanner/scanner.go:121.45,121.71 2 1
github.com/sam-caldwell/ami/src/ami/compiler/scanner/scanner.go:122.21,122.26 1 1
github.com/sam-caldwell/ami/src/ami/compiler/scanner/scanner.go:124.17,124.108 1 1
github.com/sam-caldwell/ami/src/ami/compiler/scanner/scanner.go:128.9,129.26 2 1
github.com/sam-caldwell/ami/src/ami/compiler/scanner/scanner.go:129.26,131.35 2 1
github.com/sam-caldwell/ami/src/ami/compiler/scanner/scanner.go:131.35,131.61 2 1
github.com/sam-caldwell/ami/src/ami/compiler/scanner/scanner.go:132.13,132.18 1 1
github.com/sam-caldwell/ami/src/ami/compiler/scanner/scanner.go:135.9,135.49 1 1
github.com/sam-caldwell/ami/src/ami/compiler/scanner/scanner.go:135.49,137.30 2 1
github.com/sam-caldwell/ami/src/ami/compiler/scanner/scanner.go:137.30,139.39 2 1
github.com/sam-caldwell/ami/src/ami/compiler/scanner/scanner.go:139.39,139.65 2 1
github.com/sam-caldwell/ami/src/ami/compiler/scanner/scanner.go:140.17,140.22 1 1
github.com/sam-caldwell/ami/src/ami/compiler/scanner/scanner.go:144.9,144.75 1 1
github.com/sam-caldwell/ami/src/ami/compiler/scanner/scanner.go:144.75,146.79 2 1
github.com/sam-caldwell/ami/src/ami/compiler/scanner/scanner.go:146.79,146.93 1 1
github.com/sam-caldwell/ami/src/ami/compiler/scanner/scanner.go:147.13,147.30 1 1
github.com/sam-caldwell/ami/src/ami/compiler/scanner/scanner.go:147.30,149.39 2 1
github.com/sam-caldwell/ami/src/ami/compiler/scanner/scanner.go:149.39,149.65 2 1
github.com/sam-caldwell/ami/src/ami/compiler/scanner/scanner.go:150.17,150.22 1 1
github.com/sam-caldwell/ami/src/ami/compiler/scanner/scanner.go:153.9,153.100 1 1
github.com/sam-caldwell/ami/src/ami/compiler/scanner/scanner.go:157.5,157.18 1 1
github.com/sam-caldwell/ami/src/ami/compiler/scanner/scanner.go:157.18,159.26 2 1
github.com/sam-caldwell/ami/src/ami/compiler/scanner/scanner.go:159.26,161.25 2 1
github.com/sam-caldwell/ami/src/ami/compiler/scanner/scanner.go:161.25,161.136 2 1
github.com/sam-caldwell/ami/src/ami/compiler/scanner/scanner.go:162.13,162.26 1 1
github.com/sam-caldwell/ami/src/ami/compiler/scanner/scanner.go:162.26,165.33 2 1
github.com/sam-caldwell/ami/src/ami/compiler/scanner/scanner.go:165.33,168.29 3 1
github.com/sam-caldwell/ami/src/ami/compiler/scanner/scanner.go:170.17,170.22 1 0
github.com/sam-caldwell/ami/src/ami/compiler/scanner/scanner.go:172.13,172.27 1 1
github.com/sam-caldwell/ami/src/ami/compiler/scanner/scanner.go:175.9,175.101 1 1
github.com/sam-caldwell/ami/src/ami/compiler/scanner/scanner.go:179.5,179.23 1 1
github.com/sam-caldwell/ami/src/ami/compiler/scanner/scanner.go:179.23,181.46 2 1
github.com/sam-caldwell/ami/src/ami/compiler/scanner/scanner.go:181.46,184.10 2 1
github.com/sam-caldwell/ami/src/ami/compiler/scanner/scanner.go:187.5,187.60 1 1
github.com/sam-caldwell/ami/src/ami/compiler/scanner/scanner.go:187.60,190.6 2 1
github.com/sam-caldwell/ami/src/ami/compiler/scanner/scanner.go:193.5,193.26 1 1
github.com/sam-caldwell/ami/src/ami/compiler/scanner/scanner.go:194.14,196.96 2 1
github.com/sam-caldwell/ami/src/ami/compiler/scanner/scanner.go:197.14,199.96 2 1
github.com/sam-caldwell/ami/src/ami/compiler/scanner/scanner.go:200.14,202.96 2 0
github.com/sam-caldwell/ami/src/ami/compiler/scanner/scanner.go:203.14,205.96 2 0
github.com/sam-caldwell/ami/src/ami/compiler/scanner/scanner.go:206.14,208.89 2 1
github.com/sam-caldwell/ami/src/ami/compiler/scanner/scanner.go:209.14,211.89 2 1
github.com/sam-caldwell/ami/src/ami/compiler/scanner/scanner.go:212.14,214.94 2 1
github.com/sam-caldwell/ami/src/ami/compiler/scanner/scanner.go:215.14,217.92 2 1
github.com/sam-caldwell/ami/src/ami/compiler/scanner/scanner.go:218.14,220.84 2 0
github.com/sam-caldwell/ami/src/ami/compiler/scanner/scanner.go:221.14,223.86 2 0
github.com/sam-caldwell/ami/src/ami/compiler/scanner/scanner.go:224.14,226.85 2 0
github.com/sam-caldwell/ami/src/ami/compiler/scanner/scanner.go:227.15,229.91 2 1
github.com/sam-caldwell/ami/src/ami/compiler/scanner/scanner.go:230.14,232.87 2 1
github.com/sam-caldwell/ami/src/ami/compiler/scanner/scanner.go:233.14,235.85 2 1
github.com/sam-caldwell/ami/src/ami/compiler/scanner/scanner.go:236.14,238.86 2 1
github.com/sam-caldwell/ami/src/ami/compiler/scanner/scanner.go:239.14,241.89 2 1
github.com/sam-caldwell/ami/src/ami/compiler/scanner/scanner.go:242.14,244.83 2 1
github.com/sam-caldwell/ami/src/ami/compiler/scanner/scanner.go:245.14,247.86 2 1
github.com/sam-caldwell/ami/src/ami/compiler/scanner/scanner.go:248.14,250.86 2 0
github.com/sam-caldwell/ami/src/ami/compiler/scanner/scanner.go:251.15,253.92 2 1
github.com/sam-caldwell/ami/src/ami/compiler/scanner/scanner.go:254.14,257.93 2 0
github.com/sam-caldwell/ami/src/ami/compiler/scanner/scanner.go:261.5,262.96 2 1
github.com/sam-caldwell/ami/src/ami/compiler/token/kind_string.go:4.31,5.14 1 1
github.com/sam-caldwell/ami/src/ami/compiler/token/kind_string.go:6.18,7.25 1 1
github.com/sam-caldwell/ami/src/ami/compiler/token/kind_string.go:8.14,9.21 1 1
github.com/sam-caldwell/ami/src/ami/compiler/token/kind_string.go:10.16,11.23 1 1
github.com/sam-caldwell/ami/src/ami/compiler/token/kind_string.go:12.17,13.24 1 1
github.com/sam-caldwell/ami/src/ami/compiler/token/kind_string.go:14.17,15.24 1 1
github.com/sam-caldwell/ami/src/ami/compiler/token/kind_string.go:16.17,17.24 1 1
github.com/sam-caldwell/ami/src/ami/compiler/token/kind_string.go:18.17,19.24 1 1
github.com/sam-caldwell/ami/src/ami/compiler/token/kind_string.go:20.15,21.22 1 1
github.com/sam-caldwell/ami/src/ami/compiler/token/kind_string.go:22.16,23.23 1 1
github.com/sam-caldwell/ami/src/ami/compiler/token/kind_string.go:24.15,25.22 1 1
github.com/sam-caldwell/ami/src/ami/compiler/token/kind_string.go:26.16,27.23 1 1
github.com/sam-caldwell/ami/src/ami/compiler/token/kind_string.go:28.18,29.25 1 1
github.com/sam-caldwell/ami/src/ami/compiler/token/kind_string.go:30.15,31.22 1 1
github.com/sam-caldwell/ami/src/ami/compiler/token/kind_string.go:32.13,33.20 1 1
github.com/sam-caldwell/ami/src/ami/compiler/token/kind_string.go:34.13,35.20 1 1
github.com/sam-caldwell/ami/src/ami/compiler/token/kind_string.go:36.13,37.20 1 1
github.com/sam-caldwell/ami/src/ami/compiler/token/kind_string.go:38.13,39.20 1 1
github.com/sam-caldwell/ami/src/ami/compiler/token/kind_string.go:40.13,41.20 1 1
github.com/sam-caldwell/ami/src/ami/compiler/token/kind_string.go:42.13,43.20 1 1
github.com/sam-caldwell/ami/src/ami/compiler/token/kind_string.go:44.14,45.21 1 1
github.com/sam-caldwell/ami/src/ami/compiler/token/kind_string.go:46.13,47.20 1 1
github.com/sam-caldwell/ami/src/ami/compiler/token/kind_string.go:48.17,49.24 1 1
github.com/sam-caldwell/ami/src/ami/compiler/token/kind_string.go:50.17,51.24 1 1
github.com/sam-caldwell/ami/src/ami/compiler/token/kind_string.go:52.16,53.23 1 1
github.com/sam-caldwell/ami/src/ami/compiler/token/kind_string.go:54.14,55.21 1 1
github.com/sam-caldwell/ami/src/ami/compiler/token/kind_string.go:56.14,57.21 1 1
github.com/sam-caldwell/ami/src/ami/compiler/token/kind_string.go:58.16,59.23 1 1
github.com/sam-caldwell/ami/src/ami/compiler/token/kind_string.go:60.20,61.27 1 1
github.com/sam-caldwell/ami/src/ami/compiler/token/kind_string.go:62.19,63.26 1 1
github.com/sam-caldwell/ami/src/ami/compiler/token/kind_string.go:64.17,65.24 1 1
github.com/sam-caldwell/ami/src/ami/compiler/token/kind_string.go:66.19,67.26 1 1
github.com/sam-caldwell/ami/src/ami/compiler/token/kind_string.go:68.16,69.23 1 1
github.com/sam-caldwell/ami/src/ami/compiler/token/kind_string.go:70.18,71.25 1 1
github.com/sam-caldwell/ami/src/ami/compiler/token/kind_string.go:72.21,73.28 1 1
github.com/sam-caldwell/ami/src/ami/compiler/token/kind_string.go:74.20,75.27 1 1
github.com/sam-caldwell/ami/src/ami/compiler/token/kind_string.go:76.19,77.26 1 1
github.com/sam-caldwell/ami/src/ami/compiler/token/kind_string.go:78.18,79.25 1 1
github.com/sam-caldwell/ami/src/ami/compiler/token/kind_string.go:80.17,81.24 1 1
github.com/sam-caldwell/ami/src/ami/compiler/token/kind_string.go:82.17,83.24 1 1
github.com/sam-caldwell/ami/src/ami/compiler/token/kind_string.go:84.16,85.23 1 1
github.com/sam-caldwell/ami/src/ami/compiler/token/kind_string.go:86.17,87.24 1 1
github.com/sam-caldwell/ami/src/ami/compiler/token/kind_string.go:88.18,89.25 1 1
github.com/sam-caldwell/ami/src/ami/compiler/token/kind_string.go:90.18,91.25 1 1
github.com/sam-caldwell/ami/src/ami/compiler/token/kind_string.go:92.18,93.25 1 1
github.com/sam-caldwell/ami/src/ami/compiler/token/kind_string.go:94.19,95.26 1 1
github.com/sam-caldwell/ami/src/ami/compiler/token/kind_string.go:96.17,97.24 1 1
github.com/sam-caldwell/ami/src/ami/compiler/token/kind_string.go:98.18,99.25 1 1
github.com/sam-caldwell/ami/src/ami/compiler/token/kind_string.go:100.19,101.26 1 1
github.com/sam-caldwell/ami/src/ami/compiler/token/kind_string.go:102.19,103.26 1 1
github.com/sam-caldwell/ami/src/ami/compiler/token/kind_string.go:104.19,105.26 1 1
github.com/sam-caldwell/ami/src/ami/compiler/token/kind_string.go:106.20,107.27 1 1
github.com/sam-caldwell/ami/src/ami/compiler/token/kind_string.go:108.20,109.27 1 1
github.com/sam-caldwell/ami/src/ami/compiler/token/kind_string.go:110.20,111.27 1 1
github.com/sam-caldwell/ami/src/ami/compiler/token/kind_string.go:112.21,113.26 1 1
github.com/sam-caldwell/ami/src/ami/compiler/token/kind_string.go:114.17,115.24 1 1
github.com/sam-caldwell/ami/src/ami/compiler/token/kind_string.go:116.19,117.26 1 1
github.com/sam-caldwell/ami/src/ami/compiler/token/kind_string.go:118.18,119.25 1 1
github.com/sam-caldwell/ami/src/ami/compiler/token/kind_string.go:120.17,121.24 1 1
github.com/sam-caldwell/ami/src/ami/compiler/token/kind_string.go:122.18,123.25 1 1
github.com/sam-caldwell/ami/src/ami/compiler/token/kind_string.go:124.18,125.25 1 1
github.com/sam-caldwell/ami/src/ami/compiler/token/kind_string.go:126.20,127.27 1 1
github.com/sam-caldwell/ami/src/ami/compiler/token/kind_string.go:128.22,129.29 1 1
github.com/sam-caldwell/ami/src/ami/compiler/token/kind_string.go:130.23,131.30 1 1
github.com/sam-caldwell/ami/src/ami/compiler/token/kind_string.go:132.21,133.28 1 1
github.com/sam-caldwell/ami/src/ami/compiler/token/kind_string.go:134.17,135.24 1 1
github.com/sam-caldwell/ami/src/ami/compiler/token/kind_string.go:136.20,137.27 1 1
github.com/sam-caldwell/ami/src/ami/compiler/token/kind_string.go:138.19,139.26 1 1
github.com/sam-caldwell/ami/src/ami/compiler/token/kind_string.go:140.17,141.24 1 1
github.com/sam-caldwell/ami/src/ami/compiler/token/kind_string.go:142.17,143.24 1 1
github.com/sam-caldwell/ami/src/ami/compiler/token/kind_string.go:144.23,145.30 1 1
github.com/sam-caldwell/ami/src/ami/compiler/token/kind_string.go:146.26,147.33 1 1
github.com/sam-caldwell/ami/src/ami/compiler/token/kind_string.go:148.18,149.25 1 1
github.com/sam-caldwell/ami/src/ami/compiler/token/kind_string.go:150.24,151.31 1 1
github.com/sam-caldwell/ami/src/ami/compiler/token/kind_string.go:152.18,153.25 1 1
github.com/sam-caldwell/ami/src/ami/compiler/token/kind_string.go:154.18,155.25 1 1
github.com/sam-caldwell/ami/src/ami/compiler/token/kind_string.go:156.16,157.23 1 1
github.com/sam-caldwell/ami/src/ami/compiler/token/kind_string.go:158.17,159.24 1 1
github.com/sam-caldwell/ami/src/ami/compiler/token/kind_string.go:160.15,161.22 1 1
github.com/sam-caldwell/ami/src/ami/compiler/token/kind_string.go:162.22,163.29 1 1
github.com/sam-caldwell/ami/src/ami/compiler/token/kind_string.go:164.18,165.25 1 1
github.com/sam-caldwell/ami/src/ami/compiler/token/kind_string.go:166.19,167.26 1 1
github.com/sam-caldwell/ami/src/ami/compiler/token/kind_string.go:168.16,169.23 1 1
github.com/sam-caldwell/ami/src/ami/compiler/token/kind_string.go:170.17,171.24 1 1
github.com/sam-caldwell/ami/src/ami/compiler/token/kind_string.go:172.16,173.23 1 1
github.com/sam-caldwell/ami/src/ami/compiler/token/kind_string.go:174.16,175.23 1 1
github.com/sam-caldwell/ami/src/ami/compiler/token/kind_string.go:176.18,177.25 1 1
github.com/sam-caldwell/ami/src/ami/compiler/token/kind_string.go:178.16,179.23 1 1
github.com/sam-caldwell/ami/src/ami/compiler/token/kind_string.go:180.16,181.23 1 1
github.com/sam-caldwell/ami/src/ami/compiler/token/kind_string.go:182.18,183.25 1 1
github.com/sam-caldwell/ami/src/ami/compiler/token/kind_string.go:184.18,185.25 1 1
github.com/sam-caldwell/ami/src/ami/compiler/token/kind_string.go:186.17,187.24 1 1
github.com/sam-caldwell/ami/src/ami/compiler/token/kind_string.go:188.20,189.27 1 1
github.com/sam-caldwell/ami/src/ami/compiler/token/kind_string.go:190.19,191.26 1 1
github.com/sam-caldwell/ami/src/ami/compiler/token/kind_string.go:192.18,193.25 1 1
github.com/sam-caldwell/ami/src/ami/compiler/token/kind_string.go:194.19,195.26 1 1
github.com/sam-caldwell/ami/src/ami/compiler/token/kind_string.go:196.19,197.26 1 1
github.com/sam-caldwell/ami/src/ami/compiler/token/kind_string.go:198.17,199.24 1 1
github.com/sam-caldwell/ami/src/ami/compiler/token/kind_string.go:200.17,201.24 1 1
github.com/sam-caldwell/ami/src/ami/compiler/token/kind_string.go:202.26,203.33 1 1
github.com/sam-caldwell/ami/src/ami/compiler/token/kind_string.go:204.23,205.30 1 1
github.com/sam-caldwell/ami/src/ami/compiler/token/kind_string.go:206.24,207.31 1 1
github.com/sam-caldwell/ami/src/ami/compiler/token/kind_string.go:208.24,209.31 1 1
github.com/sam-caldwell/ami/src/ami/compiler/token/kind_string.go:210.20,211.24 1 1
github.com/sam-caldwell/ami/src/ami/compiler/token/kind_string.go:212.20,213.24 1 1
github.com/sam-caldwell/ami/src/ami/compiler/token/kind_string.go:214.20,215.24 1 1
github.com/sam-caldwell/ami/src/ami/compiler/token/kind_string.go:216.20,217.24 1 1
github.com/sam-caldwell/ami/src/ami/compiler/token/kind_string.go:218.22,219.26 1 1
github.com/sam-caldwell/ami/src/ami/compiler/token/kind_string.go:220.22,221.26 1 1
github.com/sam-caldwell/ami/src/ami/compiler/token/kind_string.go:222.19,223.23 1 1
github.com/sam-caldwell/ami/src/ami/compiler/token/kind_string.go:224.18,225.22 1 1
github.com/sam-caldwell/ami/src/ami/compiler/token/kind_string.go:226.17,227.21 1 1
github.com/sam-caldwell/ami/src/ami/compiler/token/kind_string.go:228.19,229.23 1 1
github.com/sam-caldwell/ami/src/ami/compiler/token/kind_string.go:230.18,231.22 1 1
github.com/sam-caldwell/ami/src/ami/compiler/token/kind_string.go:232.23,233.27 1 1
github.com/sam-caldwell/ami/src/ami/compiler/token/kind_string.go:234.20,235.24 1 1
github.com/sam-caldwell/ami/src/ami/compiler/token/kind_string.go:236.18,237.22 1 1
github.com/sam-caldwell/ami/src/ami/compiler/token/kind_string.go:238.19,239.23 1 1
github.com/sam-caldwell/ami/src/ami/compiler/token/kind_string.go:240.22,241.26 1 1
github.com/sam-caldwell/ami/src/ami/compiler/token/kind_string.go:242.16,243.20 1 1
github.com/sam-caldwell/ami/src/ami/compiler/token/kind_string.go:244.19,245.23 1 1
github.com/sam-caldwell/ami/src/ami/compiler/token/kind_string.go:246.19,247.23 1 1
github.com/sam-caldwell/ami/src/ami/compiler/token/kind_string.go:248.25,249.29 1 1
github.com/sam-caldwell/ami/src/ami/compiler/token/kind_string.go:250.25,251.29 1 1
github.com/sam-caldwell/ami/src/ami/compiler/token/kind_string.go:252.22,253.29 1 1
github.com/sam-caldwell/ami/src/ami/compiler/token/kind_string.go:254.23,255.30 1 1
github.com/sam-caldwell/ami/src/ami/compiler/token/kind_string.go:256.13,257.25 1 1
github.com/sam-caldwell/ami/src/ami/compiler/token/lookup.go:5.48,6.38 1 1
github.com/sam-caldwell/ami/src/ami/compiler/token/lookup.go:6.38,8.6 1 1
github.com/sam-caldwell/ami/src/ami/compiler/token/lookup.go:9.5,9.24 1 1
github.com/sam-caldwell/ami/src/ami/compiler/token/precedence.go:21.29,22.14 1 1
github.com/sam-caldwell/ami/src/ami/compiler/token/precedence.go:23.13,24.22 1 1
github.com/sam-caldwell/ami/src/ami/compiler/token/precedence.go:25.14,26.23 1 1
github.com/sam-caldwell/ami/src/ami/compiler/token/precedence.go:27.16,28.25 1 1
github.com/sam-caldwell/ami/src/ami/compiler/token/precedence.go:29.17,30.26 1 1
github.com/sam-caldwell/ami/src/ami/compiler/token/precedence.go:31.17,32.26 1 1
github.com/sam-caldwell/ami/src/ami/compiler/token/precedence.go:33.17,34.22 1 1
github.com/sam-caldwell/ami/src/ami/compiler/token/precedence.go:35.25,36.23 1 1
github.com/sam-caldwell/ami/src/ami/compiler/token/precedence.go:37.19,38.25 1 1
github.com/sam-caldwell/ami/src/ami/compiler/token/precedence.go:39.22,40.23 1 1
github.com/sam-caldwell/ami/src/ami/compiler/token/precedence.go:41.31,42.23 1 1
github.com/sam-caldwell/ami/src/ami/compiler/token/precedence.go:43.13,44.24 1 1
github.com/sam-caldwell/ami/src/ami/compiler/source/file.go:12.41,13.58 1 1
github.com/sam-caldwell/ami/src/ami/compiler/source/file.go:13.58,15.6 1 1
github.com/sam-caldwell/ami/src/ami/compiler/source/file.go:16.5,18.33 3 1
github.com/sam-caldwell/ami/src/ami/compiler/source/file.go:18.33,19.33 1 1
github.com/sam-caldwell/ami/src/ami/compiler/source/file.go:19.33,22.10 2 1
github.com/sam-caldwell/ami/src/ami/compiler/source/file.go:22.15,24.10 1 1
github.com/sam-caldwell/ami/src/ami/compiler/source/file.go:26.5,26.19 1 1
github.com/sam-caldwell/ami/src/ami/compiler/source/file.go:26.19,26.28 1 1
github.com/sam-caldwell/ami/src/ami/compiler/source/file.go:27.5,27.61 1 1
github.com/sam-caldwell/ami/src/ami/compiler/source/fileset.go:11.55,14.22 1 1
github.com/sam-caldwell/ami/src/ami/compiler/source/fileset.go:14.22,18.46 3 1
github.com/sam-caldwell/ami/src/ami/compiler/source/fileset.go:18.46,20.10 1 1
github.com/sam-caldwell/ami/src/ami/compiler/source/fileset.go:22.5,24.13 3 1
github.com/sam-caldwell/ami/src/ami/compiler/source/fileset.go:28.49,29.31 1 1
github.com/sam-caldwell/ami/src/ami/compiler/source/fileset.go:29.31,30.39 1 1
github.com/sam-caldwell/ami/src/ami/compiler/source/fileset.go:30.39,30.51 1 1
github.com/sam-caldwell/ami/src/ami/compiler/source/fileset.go:32.5,32.15 1 1
github.com/sam-caldwell/ami/src/ami/compiler/types/fromast.go:13.29,15.16 2 1
github.com/sam-caldwell/ami/src/ami/compiler/types/fromast.go:15.16,15.42 1 0
github.com/sam-caldwell/ami/src/ami/compiler/types/fromast.go:17.5,17.34 1 1
github.com/sam-caldwell/ami/src/ami/compiler/types/fromast.go:17.34,19.6 1 1
github.com/sam-caldwell/ami/src/ami/compiler/types/fromast.go:21.5,21.35 1 1
github.com/sam-caldwell/ami/src/ami/compiler/types/fromast.go:21.35,23.6 1 1
github.com/sam-caldwell/ami/src/ami/compiler/types/fromast.go:25.5,25.66 1 1
github.com/sam-caldwell/ami/src/ami/compiler/types/fromast.go:25.66,28.28 3 1
github.com/sam-caldwell/ami/src/ami/compiler/types/fromast.go:28.28,30.10 1 1
github.com/sam-caldwell/ami/src/ami/compiler/types/fromast.go:34.5,34.66 1 1
github.com/sam-caldwell/ami/src/ami/compiler/types/fromast.go:34.66,37.6 2 1
github.com/sam-caldwell/ami/src/ami/compiler/types/fromast.go:39.5,39.68 1 1
github.com/sam-caldwell/ami/src/ami/compiler/types/fromast.go:39.68,42.6 2 1
github.com/sam-caldwell/ami/src/ami/compiler/types/fromast.go:44.5,44.76 1 1
github.com/sam-caldwell/ami/src/ami/compiler/types/fromast.go:44.76,49.33 5 1
github.com/sam-caldwell/ami/src/ami/compiler/types/fromast.go:49.33,49.68 1 1
github.com/sam-caldwell/ami/src/ami/compiler/types/fromast.go:50.9,50.47 1 1
github.com/sam-caldwell/ami/src/ami/compiler/types/fromast.go:53.5,53.14 1 1
github.com/sam-caldwell/ami/src/ami/compiler/types/fromast.go:54.17,54.43 1 0
github.com/sam-caldwell/ami/src/ami/compiler/types/fromast.go:55.16,55.41 1 1
github.com/sam-caldwell/ami/src/ami/compiler/types/fromast.go:56.18,56.45 1 1
github.com/sam-caldwell/ami/src/ami/compiler/types/fromast.go:57.20,57.49 1 0
github.com/sam-caldwell/ami/src/ami/compiler/types/fromast.go:58.19,58.47 1 1
github.com/sam-caldwell/ami/src/ami/compiler/types/fromast.go:61.5,61.25 1 1
github.com/sam-caldwell/ami/src/ami/compiler/types/fromast.go:61.25,61.50 1 1
github.com/sam-caldwell/ami/src/ami/compiler/types/fromast.go:62.5,62.26 1 0
github.com/sam-caldwell/ami/src/ami/compiler/types/fromast.go:66.47,68.18 2 1
github.com/sam-caldwell/ami/src/ami/compiler/types/fromast.go:68.18,69.37 1 1
github.com/sam-caldwell/ami/src/ami/compiler/types/fromast.go:69.37,69.73 1 1
github.com/sam-caldwell/ami/src/ami/compiler/types/fromast.go:70.9,70.38 1 1
github.com/sam-caldwell/ami/src/ami/compiler/types/fromast.go:70.38,70.74 1 1
github.com/sam-caldwell/ami/src/ami/compiler/types/fromast.go:72.5,72.45 1 1
github.com/sam-caldwell/ami/src/ami/compiler/types/fromast.go:76.35,77.20 1 1
github.com/sam-caldwell/ami/src/ami/compiler/types/fromast.go:77.20,80.6 2 1
github.com/sam-caldwell/ami/src/ami/compiler/types/fromast.go:81.5,81.17 1 0
github.com/sam-caldwell/ami/src/ami/compiler/types/function_string.go:6.35,8.32 2 1
github.com/sam-caldwell/ami/src/ami/compiler/types/function_string.go:8.32,8.54 1 1
github.com/sam-caldwell/ami/src/ami/compiler/types/function_string.go:9.5,10.33 2 1
github.com/sam-caldwell/ami/src/ami/compiler/types/function_string.go:10.33,10.55 1 1
github.com/sam-caldwell/ami/src/ami/compiler/types/function_string.go:11.5,11.84 1 1
github.com/sam-caldwell/ami/src/ami/compiler/types/kind.go:16.31,17.14 1 1
github.com/sam-caldwell/ami/src/ami/compiler/types/kind.go:18.15,18.29 1 1
github.com/sam-caldwell/ami/src/ami/compiler/types/kind.go:19.14,19.27 1 1
github.com/sam-caldwell/ami/src/ami/compiler/types/kind.go:20.16,20.31 1 1
github.com/sam-caldwell/ami/src/ami/compiler/types/kind.go:21.18,21.35 1 1
github.com/sam-caldwell/ami/src/ami/compiler/types/kind.go:22.17,22.33 1 1
github.com/sam-caldwell/ami/src/ami/compiler/types/kind.go:23.13,23.30 1 1
github.com/sam-caldwell/ami/src/ami/compiler/types/map.go:6.30,6.93 1 1
github.com/sam-caldwell/ami/src/ami/compiler/types/must_parse.go:4.31,6.19 2 0
github.com/sam-caldwell/ami/src/ami/compiler/types/must_parse.go:6.19,6.31 1 0
github.com/sam-caldwell/ami/src/ami/compiler/types/must_parse.go:7.5,7.13 1 0
github.com/sam-caldwell/ami/src/ami/compiler/types/parse.go:12.36,14.16 2 1
github.com/sam-caldwell/ami/src/ami/compiler/types/parse.go:14.16,14.74 1 0
github.com/sam-caldwell/ami/src/ami/compiler/types/parse.go:16.5,16.14 1 1
github.com/sam-caldwell/ami/src/ami/compiler/types/parse.go:17.17,17.48 1 1
github.com/sam-caldwell/ami/src/ami/compiler/types/parse.go:18.16,18.46 1 1
github.com/sam-caldwell/ami/src/ami/compiler/types/parse.go:19.18,19.50 1 1
github.com/sam-caldwell/ami/src/ami/compiler/types/parse.go:20.20,20.54 1 1
github.com/sam-caldwell/ami/src/ami/compiler/types/parse.go:21.19,21.52 1 1
github.com/sam-caldwell/ami/src/ami/compiler/types/parse.go:24.5,24.76 1 1
github.com/sam-caldwell/ami/src/ami/compiler/types/parse.go:24.76,29.21 4 1
github.com/sam-caldwell/ami/src/ami/compiler/types/parse.go:30.20,31.32 1 1
github.com/sam-caldwell/ami/src/ami/compiler/types/parse.go:31.32,31.88 1 0
github.com/sam-caldwell/ami/src/ami/compiler/types/parse.go:32.13,33.27 2 1
github.com/sam-caldwell/ami/src/ami/compiler/types/parse.go:33.27,33.46 1 0
github.com/sam-caldwell/ami/src/ami/compiler/types/parse.go:34.13,35.27 2 1
github.com/sam-caldwell/ami/src/ami/compiler/types/parse.go:35.27,35.46 1 0
github.com/sam-caldwell/ami/src/ami/compiler/types/parse.go:36.13,36.65 1 1
github.com/sam-caldwell/ami/src/ami/compiler/types/parse.go:37.25,38.32 1 1
github.com/sam-caldwell/ami/src/ami/compiler/types/parse.go:38.32,38.92 1 0
github.com/sam-caldwell/ami/src/ami/compiler/types/parse.go:39.13,40.27 2 1
github.com/sam-caldwell/ami/src/ami/compiler/types/parse.go:40.27,40.46 1 0
github.com/sam-caldwell/ami/src/ami/compiler/types/parse.go:41.13,41.43 1 1
github.com/sam-caldwell/ami/src/ami/compiler/types/parse.go:42.22,43.31 1 1
github.com/sam-caldwell/ami/src/ami/compiler/types/parse.go:43.31,43.97 1 0
github.com/sam-caldwell/ami/src/ami/compiler/types/parse.go:44.13,46.37 3 1
github.com/sam-caldwell/ami/src/ami/compiler/types/parse.go:46.37,48.31 2 1
github.com/sam-caldwell/ami/src/ami/compiler/types/parse.go:48.31,48.50 1 0
github.com/sam-caldwell/ami/src/ami/compiler/types/parse.go:49.17,50.44 2 1
github.com/sam-caldwell/ami/src/ami/compiler/types/parse.go:50.44,50.94 2 1
github.com/sam-caldwell/ami/src/ami/compiler/types/parse.go:52.13,52.42 1 1
github.com/sam-caldwell/ami/src/ami/compiler/types/parse.go:53.17,56.32 1 1
github.com/sam-caldwell/ami/src/ami/compiler/types/parse.go:56.32,56.67 1 0
github.com/sam-caldwell/ami/src/ami/compiler/types/parse.go:57.13,58.37 2 1
github.com/sam-caldwell/ami/src/ami/compiler/types/parse.go:58.37,60.31 2 1
github.com/sam-caldwell/ami/src/ami/compiler/types/parse.go:60.31,60.50 1 0
github.com/sam-caldwell/ami/src/ami/compiler/types/parse.go:61.17,61.39 1 1
github.com/sam-caldwell/ami/src/ami/compiler/types/parse.go:63.13,63.56 1 1
github.com/sam-caldwell/ami/src/ami/compiler/types/parse.go:67.5,67.69 1 1
github.com/sam-caldwell/ami/src/ami/compiler/types/parse.go:67.69,70.42 3 1
github.com/sam-caldwell/ami/src/ami/compiler/types/parse.go:70.42,72.37 2 1
github.com/sam-caldwell/ami/src/ami/compiler/types/parse.go:72.37,73.58 1 1
github.com/sam-caldwell/ami/src/ami/compiler/types/parse.go:73.58,77.35 4 1
github.com/sam-caldwell/ami/src/ami/compiler/types/parse.go:77.35,77.54 1 0
github.com/sam-caldwell/ami/src/ami/compiler/types/parse.go:78.21,78.35 1 1
github.com/sam-caldwell/ami/src/ami/compiler/types/parse.go:78.35,78.56 1 1
github.com/sam-caldwell/ami/src/ami/compiler/types/parse.go:79.23,81.18 1 0
github.com/sam-caldwell/ami/src/ami/compiler/types/parse.go:84.9,84.43 1 1
github.com/sam-caldwell/ami/src/ami/compiler/types/parse.go:87.5,87.33 1 1
github.com/sam-caldwell/ami/src/ami/compiler/types/parse.go:91.37,96.33 5 1
github.com/sam-caldwell/ami/src/ami/compiler/types/parse.go:96.33,98.25 2 1
github.com/sam-caldwell/ami/src/ami/compiler/types/parse.go:98.25,99.29 1 0
github.com/sam-caldwell/ami/src/ami/compiler/types/parse.go:99.29,99.44 1 0
github.com/sam-caldwell/ami/src/ami/compiler/types/parse.go:100.13,100.21 1 0
github.com/sam-caldwell/ami/src/ami/compiler/types/parse.go:102.9,102.18 1 1
github.com/sam-caldwell/ami/src/ami/compiler/types/parse.go:103.24,104.24 1 0
github.com/sam-caldwell/ami/src/ami/compiler/types/parse.go:105.18,106.25 1 1
github.com/sam-caldwell/ami/src/ami/compiler/types/parse.go:107.18,108.31 1 1
github.com/sam-caldwell/ami/src/ami/compiler/types/parse.go:108.31,108.47 1 1
github.com/sam-caldwell/ami/src/ami/compiler/types/parse.go:109.18,110.25 1 1
github.com/sam-caldwell/ami/src/ami/compiler/types/parse.go:111.18,112.31 1 1
github.com/sam-caldwell/ami/src/ami/compiler/types/parse.go:112.31,112.47 1 1
github.com/sam-caldwell/ami/src/ami/compiler/types/parse.go:113.18,114.25 1 0
github.com/sam-caldwell/ami/src/ami/compiler/types/parse.go:115.18,116.31 1 0
github.com/sam-caldwell/ami/src/ami/compiler/types/parse.go:116.31,116.47 1 0
github.com/sam-caldwell/ami/src/ami/compiler/types/parse.go:117.18,118.70 1 1
github.com/sam-caldwell/ami/src/ami/compiler/types/parse.go:118.70,121.14 2 1
github.com/sam-caldwell/ami/src/ami/compiler/types/parse.go:124.5,125.19 2 1
github.com/sam-caldwell/ami/src/ami/compiler/types/parse.go:125.19,125.50 1 1
github.com/sam-caldwell/ami/src/ami/compiler/types/parse.go:126.5,126.17 1 1
github.com/sam-caldwell/ami/src/ami/compiler/types/pointer.go:6.34,6.66 1 1
github.com/sam-caldwell/ami/src/ami/compiler/types/resolver.go:11.56,12.20 1 1
github.com/sam-caldwell/ami/src/ami/compiler/types/resolver.go:12.20,12.41 1 0
github.com/sam-caldwell/ami/src/ami/compiler/types/resolver.go:14.5,14.77 1 1
github.com/sam-caldwell/ami/src/ami/compiler/types/resolver.go:14.77,16.6 1 1
github.com/sam-caldwell/ami/src/ami/compiler/types/resolver.go:18.5,19.19 2 1
github.com/sam-caldwell/ami/src/ami/compiler/types/resolver.go:19.19,19.54 1 1
github.com/sam-caldwell/ami/src/ami/compiler/types/resolver.go:21.5,23.28 3 1
github.com/sam-caldwell/ami/src/ami/compiler/types/resolver.go:23.28,25.40 1 1
github.com/sam-caldwell/ami/src/ami/compiler/types/resolver.go:25.40,28.10 2 1
github.com/sam-caldwell/ami/src/ami/compiler/types/resolver.go:30.9,30.37 1 1
github.com/sam-caldwell/ami/src/ami/compiler/types/resolver.go:30.37,32.40 2 0
github.com/sam-caldwell/ami/src/ami/compiler/types/resolver.go:32.40,34.24 2 0
github.com/sam-caldwell/ami/src/ami/compiler/types/resolver.go:34.24,34.45 1 0
github.com/sam-caldwell/ami/src/ami/compiler/types/resolver.go:35.17,35.44 1 0
github.com/sam-caldwell/ami/src/ami/compiler/types/resolver.go:37.13,38.21 2 0
github.com/sam-caldwell/ami/src/ami/compiler/types/resolver.go:41.9,41.39 1 1
github.com/sam-caldwell/ami/src/ami/compiler/types/resolver.go:41.39,43.20 2 1
github.com/sam-caldwell/ami/src/ami/compiler/types/resolver.go:43.20,43.41 1 0
github.com/sam-caldwell/ami/src/ami/compiler/types/resolver.go:44.13,45.21 2 1
github.com/sam-caldwell/ami/src/ami/compiler/types/resolver.go:48.9,48.26 1 0
github.com/sam-caldwell/ami/src/ami/compiler/types/resolver.go:50.5,50.12 1 1
github.com/sam-caldwell/ami/src/ami/compiler/types/resolver.go:50.12,50.49 1 1
github.com/sam-caldwell/ami/src/ami/compiler/types/resolver.go:51.5,51.21 1 1
github.com/sam-caldwell/ami/src/ami/compiler/types/resolver.go:58.31,59.26 1 1
github.com/sam-caldwell/ami/src/ami/compiler/types/resolver.go:60.20,61.20 1 1
github.com/sam-caldwell/ami/src/ami/compiler/types/resolver.go:62.19,63.36 1 1
github.com/sam-caldwell/ami/src/ami/compiler/types/resolver.go:64.16,65.29 1 1
github.com/sam-caldwell/ami/src/ami/compiler/types/resolver.go:65.29,65.45 1 0
github.com/sam-caldwell/ami/src/ami/compiler/types/resolver.go:66.9,66.34 1 1
github.com/sam-caldwell/ami/src/ami/compiler/types/resolver.go:66.34,66.55 1 1
github.com/sam-caldwell/ami/src/ami/compiler/types/resolver.go:66.55,66.71 1 0
github.com/sam-caldwell/ami/src/ami/compiler/types/resolver.go:67.9,67.20 1 1
github.com/sam-caldwell/ami/src/ami/compiler/types/resolver.go:68.13,69.21 1 1
github.com/sam-caldwell/ami/src/ami/compiler/types/set.go:6.30,6.71 1 1
github.com/sam-caldwell/ami/src/ami/compiler/types/slice.go:6.32,6.65 1 1
github.com/sam-caldwell/ami/src/ami/compiler/types/slicety.go:6.34,6.77 1 1
github.com/sam-caldwell/ami/src/ami/compiler/types/splitting.go:7.37,11.33 4 1
github.com/sam-caldwell/ami/src/ami/compiler/types/splitting.go:11.33,12.21 1 1
github.com/sam-caldwell/ami/src/ami/compiler/types/splitting.go:13.18,14.20 1 0
github.com/sam-caldwell/ami/src/ami/compiler/types/splitting.go:15.18,16.26 1 0
github.com/sam-caldwell/ami/src/ami/compiler/types/splitting.go:16.26,16.37 1 0
github.com/sam-caldwell/ami/src/ami/compiler/types/splitting.go:17.18,18.27 1 1
github.com/sam-caldwell/ami/src/ami/compiler/types/splitting.go:18.27,21.14 2 1
github.com/sam-caldwell/ami/src/ami/compiler/types/splitting.go:24.5,25.15 2 1
github.com/sam-caldwell/ami/src/ami/compiler/types/struct.go:13.33,14.27 1 0
github.com/sam-caldwell/ami/src/ami/compiler/types/struct.go:14.27,14.48 1 0
github.com/sam-caldwell/ami/src/ami/compiler/types/struct.go:15.5,16.29 2 0
github.com/sam-caldwell/ami/src/ami/compiler/types/struct.go:16.29,16.55 1 0
github.com/sam-caldwell/ami/src/ami/compiler/types/struct.go:17.5,19.28 3 0
github.com/sam-caldwell/ami/src/ami/compiler/types/struct.go:19.28,19.81 1 0
github.com/sam-caldwell/ami/src/ami/compiler/types/struct.go:20.5,20.54 1 0
github.com/sam-caldwell/ami/src/ami/compiler/types/type.go:11.36,11.59 1 1
github.com/sam-caldwell/ami/src/ami/compiler/types/type.go:19.34,20.25 1 1
github.com/sam-caldwell/ami/src/ami/compiler/types/type.go:20.25,20.42 1 1
github.com/sam-caldwell/ami/src/ami/compiler/types/type.go:21.5,22.30 2 1
github.com/sam-caldwell/ami/src/ami/compiler/types/type.go:22.30,22.55 1 1
github.com/sam-caldwell/ami/src/ami/compiler/types/type.go:23.5,23.57 1 1
github.com/sam-caldwell/ami/src/ami/compiler/types/type.go:29.32,29.49 1 1
github.com/sam-caldwell/ami/src/ami/compiler/types/type.go:34.35,34.82 1 1
github.com/sam-caldwell/ami/src/ami/compiler/types/type.go:40.32,41.25 1 1
github.com/sam-caldwell/ami/src/ami/compiler/types/type.go:41.25,41.45 1 0
github.com/sam-caldwell/ami/src/ami/compiler/types/type.go:43.5,44.30 2 1
github.com/sam-caldwell/ami/src/ami/compiler/types/type.go:44.30,44.55 1 1
github.com/sam-caldwell/ami/src/ami/compiler/types/type.go:46.5,46.37 1 1
github.com/sam-caldwell/ami/src/ami/compiler/types/type.go:46.37,47.57 1 1
github.com/sam-caldwell/ami/src/ami/compiler/types/type.go:47.57,49.10 1 0
github.com/sam-caldwell/ami/src/ami/compiler/types/type.go:51.5,51.53 1 1
github.com/sam-caldwell/ami/src/ami/compiler/types/type.go:57.28,58.27 1 1
github.com/sam-caldwell/ami/src/ami/compiler/types/type.go:59.20,60.59 2 0
github.com/sam-caldwell/ami/src/ami/compiler/types/type.go:61.16,62.61 2 0
github.com/sam-caldwell/ami/src/ami/compiler/types/type.go:63.18,64.39 2 0
github.com/sam-caldwell/ami/src/ami/compiler/types/type.go:64.39,64.55 1 0
github.com/sam-caldwell/ami/src/ami/compiler/types/type.go:65.9,65.63 1 0
github.com/sam-caldwell/ami/src/ami/compiler/types/type.go:65.63,65.79 1 0
github.com/sam-caldwell/ami/src/ami/compiler/types/type.go:67.9,67.32 1 0
github.com/sam-caldwell/ami/src/ami/compiler/types/type.go:67.32,67.68 1 0
github.com/sam-caldwell/ami/src/ami/compiler/types/type.go:67.68,67.84 1 0
github.com/sam-caldwell/ami/src/ami/compiler/types/type.go:68.9,68.20 1 0
github.com/sam-caldwell/ami/src/ami/compiler/types/type.go:69.17,70.38 2 0
github.com/sam-caldwell/ami/src/ami/compiler/types/type.go:70.38,70.54 1 0
github.com/sam-caldwell/ami/src/ami/compiler/types/type.go:71.9,71.45 1 0
github.com/sam-caldwell/ami/src/ami/compiler/types/type.go:71.45,71.61 1 0
github.com/sam-caldwell/ami/src/ami/compiler/types/type.go:72.9,72.37 1 0
github.com/sam-caldwell/ami/src/ami/compiler/types/type.go:72.37,73.44 2 0
github.com/sam-caldwell/ami/src/ami/compiler/types/type.go:73.44,73.60 1 0
github.com/sam-caldwell/ami/src/ami/compiler/types/type.go:74.13,74.30 1 0
github.com/sam-caldwell/ami/src/ami/compiler/types/type.go:74.30,74.46 1 0
github.com/sam-caldwell/ami/src/ami/compiler/types/type.go:76.9,76.20 1 0
github.com/sam-caldwell/ami/src/ami/compiler/types/type.go:77.19,78.71 2 1
github.com/sam-caldwell/ami/src/ami/compiler/types/type.go:79.16,80.37 2 1
github.com/sam-caldwell/ami/src/ami/compiler/types/type.go:80.37,80.53 1 0
github.com/sam-caldwell/ami/src/ami/compiler/types/type.go:81.9,81.41 1 1
github.com/sam-caldwell/ami/src/ami/compiler/types/type.go:81.41,81.57 1 0
github.com/sam-caldwell/ami/src/ami/compiler/types/type.go:83.9,84.35 2 1
github.com/sam-caldwell/ami/src/ami/compiler/types/type.go:84.35,84.67 1 1
github.com/sam-caldwell/ami/src/ami/compiler/types/type.go:85.9,85.35 1 1
github.com/sam-caldwell/ami/src/ami/compiler/types/type.go:85.35,85.70 1 1
github.com/sam-caldwell/ami/src/ami/compiler/types/type.go:85.70,85.86 1 0
github.com/sam-caldwell/ami/src/ami/compiler/types/type.go:86.9,86.20 1 1
github.com/sam-caldwell/ami/src/ami/compiler/types/type.go:87.13,89.64 1 0
github.com/sam-caldwell/ami/src/ami/compiler/edge/fifo.go:12.27,12.46 1 0
github.com/sam-caldwell/ami/src/ami/compiler/edge/fifo.go:15.30,15.58 1 1
github.com/sam-caldwell/ami/src/ami/compiler/edge/fifo.go:19.33,20.34 1 1
github.com/sam-caldwell/ami/src/ami/compiler/edge/fifo.go:20.34,20.58 1 1
github.com/sam-caldwell/ami/src/ami/compiler/edge/fifo.go:21.5,21.24 1 0
github.com/sam-caldwell/ami/src/ami/compiler/edge/fifo.go:24.32,25.26 1 1
github.com/sam-caldwell/ami/src/ami/compiler/edge/fifo.go:25.26,25.75 1 0
github.com/sam-caldwell/ami/src/ami/compiler/edge/fifo.go:26.5,26.26 1 1
github.com/sam-caldwell/ami/src/ami/compiler/edge/fifo.go:26.26,26.96 1 0
github.com/sam-caldwell/ami/src/ami/compiler/edge/fifo.go:27.5,27.59 1 1
github.com/sam-caldwell/ami/src/ami/compiler/edge/fifo.go:27.59,29.6 1 0
github.com/sam-caldwell/ami/src/ami/compiler/edge/fifo.go:30.5,30.27 1 1
github.com/sam-caldwell/ami/src/ami/compiler/edge/fifo.go:31.80,32.19 1 1
github.com/sam-caldwell/ami/src/ami/compiler/edge/fifo.go:33.13,34.70 1 1
github.com/sam-caldwell/ami/src/ami/compiler/edge/lifo.go:12.27,12.46 1 0
github.com/sam-caldwell/ami/src/ami/compiler/edge/lifo.go:14.30,14.58 1 1
github.com/sam-caldwell/ami/src/ami/compiler/edge/lifo.go:16.33,17.34 1 1
github.com/sam-caldwell/ami/src/ami/compiler/edge/lifo.go:17.34,17.58 1 0
github.com/sam-caldwell/ami/src/ami/compiler/edge/lifo.go:18.5,18.24 1 1
github.com/sam-caldwell/ami/src/ami/compiler/edge/lifo.go:21.32,22.26 1 1
github.com/sam-caldwell/ami/src/ami/compiler/edge/lifo.go:22.26,22.75 1 0
github.com/sam-caldwell/ami/src/ami/compiler/edge/lifo.go:23.5,23.26 1 1
github.com/sam-caldwell/ami/src/ami/compiler/edge/lifo.go:23.26,23.96 1 0
github.com/sam-caldwell/ami/src/ami/compiler/edge/lifo.go:24.5,24.59 1 1
github.com/sam-caldwell/ami/src/ami/compiler/edge/lifo.go:24.59,26.6 1 1
github.com/sam-caldwell/ami/src/ami/compiler/edge/lifo.go:27.5,27.27 1 1
github.com/sam-caldwell/ami/src/ami/compiler/edge/lifo.go:28.80,29.19 1 1
github.com/sam-caldwell/ami/src/ami/compiler/edge/lifo.go:30.13,31.70 1 0
github.com/sam-caldwell/ami/src/ami/compiler/edge/multipath.go:19.32,19.56 1 1
github.com/sam-caldwell/ami/src/ami/compiler/edge/multipath.go:33.37,34.28 1 1
github.com/sam-caldwell/ami/src/ami/compiler/edge/multipath.go:34.28,35.20 1 1
github.com/sam-caldwell/ami/src/ami/compiler/edge/multipath.go:35.20,37.10 1 0
github.com/sam-caldwell/ami/src/ami/compiler/edge/multipath.go:39.5,39.31 1 1
github.com/sam-caldwell/ami/src/ami/compiler/edge/multipath.go:39.31,40.25 1 1
github.com/sam-caldwell/ami/src/ami/compiler/edge/multipath.go:40.25,40.86 1 0
github.com/sam-caldwell/ami/src/ami/compiler/edge/multipath.go:41.9,41.47 1 1
github.com/sam-caldwell/ami/src/ami/compiler/edge/multipath.go:41.47,43.10 1 1
github.com/sam-caldwell/ami/src/ami/compiler/edge/multipath.go:45.5,45.15 1 1
github.com/sam-caldwell/ami/src/ami/compiler/edge/pipeline.go:13.31,13.54 1 0
github.com/sam-caldwell/ami/src/ami/compiler/edge/pipeline.go:15.36,16.21 1 1
github.com/sam-caldwell/ami/src/ami/compiler/edge/pipeline.go:16.21,16.68 1 1
github.com/sam-caldwell/ami/src/ami/compiler/edge/pipeline.go:17.5,17.15 1 1
github.com/sam-caldwell/ami/src/ami/compiler/edge/runtime_fifo.go:17.45,18.43 1 1
github.com/sam-caldwell/ami/src/ami/compiler/edge/runtime_fifo.go:18.43,18.62 1 0
github.com/sam-caldwell/ami/src/ami/compiler/edge/runtime_fifo.go:19.5,19.60 1 1
github.com/sam-caldwell/ami/src/ami/compiler/edge/runtime_fifo.go:23.39,27.37 5 1
github.com/sam-caldwell/ami/src/ami/compiler/edge/runtime_fifo.go:27.37,28.36 1 1
github.com/sam-caldwell/ami/src/ami/compiler/edge/runtime_fifo.go:29.22,31.27 2 1
github.com/sam-caldwell/ami/src/ami/compiler/edge/runtime_fifo.go:32.42,36.22 3 1
github.com/sam-caldwell/ami/src/ami/compiler/edge/runtime_fifo.go:37.42,40.23 2 1
github.com/sam-caldwell/ami/src/ami/compiler/edge/runtime_fifo.go:41.17,44.23 2 0
github.com/sam-caldwell/ami/src/ami/compiler/edge/runtime_fifo.go:47.5,48.15 2 1
github.com/sam-caldwell/ami/src/ami/compiler/edge/runtime_fifo.go:52.44,54.24 3 1
github.com/sam-caldwell/ami/src/ami/compiler/edge/runtime_fifo.go:54.24,54.45 1 1
github.com/sam-caldwell/ami/src/ami/compiler/edge/runtime_fifo.go:55.5,59.19 5 1
github.com/sam-caldwell/ami/src/ami/compiler/edge/runtime_fifo.go:63.31,63.86 3 1
github.com/sam-caldwell/ami/src/ami/compiler/edge/runtime_fifo.go:66.60,69.2 3 1
github.com/sam-caldwell/ami/src/ami/compiler/edge/runtime_lifo.go:16.45,17.43 1 1
github.com/sam-caldwell/ami/src/ami/compiler/edge/runtime_lifo.go:17.43,17.62 1 0
github.com/sam-caldwell/ami/src/ami/compiler/edge/runtime_lifo.go:18.5,18.60 1 1
github.com/sam-caldwell/ami/src/ami/compiler/edge/runtime_lifo.go:22.39,26.37 5 1
github.com/sam-caldwell/ami/src/ami/compiler/edge/runtime_lifo.go:26.37,27.36 1 1
github.com/sam-caldwell/ami/src/ami/compiler/edge/runtime_lifo.go:28.22,30.27 2 1
github.com/sam-caldwell/ami/src/ami/compiler/edge/runtime_lifo.go:31.42,35.22 3 1
github.com/sam-caldwell/ami/src/ami/compiler/edge/runtime_lifo.go:36.42,39.23 2 1
github.com/sam-caldwell/ami/src/ami/compiler/edge/runtime_lifo.go:40.17,42.23 2 0
github.com/sam-caldwell/ami/src/ami/compiler/edge/runtime_lifo.go:45.5,46.15 2 1
github.com/sam-caldwell/ami/src/ami/compiler/edge/runtime_lifo.go:50.44,52.24 3 1
github.com/sam-caldwell/ami/src/ami/compiler/edge/runtime_lifo.go:52.24,52.45 1 1
github.com/sam-caldwell/ami/src/ami/compiler/edge/runtime_lifo.go:53.5,57.19 5 1
github.com/sam-caldwell/ami/src/ami/compiler/edge/runtime_lifo.go:60.31,60.86 3 0
github.com/sam-caldwell/ami/src/ami/compiler/edge/runtime_lifo.go:63.60,66.2 3 1
github.com/sam-caldwell/ami/src/ami/compiler/edge/runtime_pipeline.go:6.42,9.2 2 1
github.com/sam-caldwell/ami/src/ami/compiler/edge/runtime_pipeline.go:11.44,11.69 1 1
github.com/sam-caldwell/ami/src/ami/compiler/edge/runtime_pipeline.go:12.44,12.67 1 1
github.com/sam-caldwell/ami/src/ami/compiler/edge/runtime_pipeline.go:13.44,13.67 1 0
github.com/sam-caldwell/ami/src/ami/compiler/sem/ambiguous.go:13.50,15.17 2 1
github.com/sam-caldwell/ami/src/ami/compiler/sem/ambiguous.go:15.17,15.31 1 0
github.com/sam-caldwell/ami/src/ami/compiler/sem/ambiguous.go:16.5,18.31 2 1
github.com/sam-caldwell/ami/src/ami/compiler/sem/ambiguous.go:18.31,20.34 2 1
github.com/sam-caldwell/ami/src/ami/compiler/sem/ambiguous.go:20.34,20.44 1 0
github.com/sam-caldwell/ami/src/ami/compiler/sem/ambiguous.go:21.9,21.41 1 1
github.com/sam-caldwell/ami/src/ami/compiler/sem/ambiguous.go:21.41,22.34 1 1
github.com/sam-caldwell/ami/src/ami/compiler/sem/ambiguous.go:23.31,24.34 1 1
github.com/sam-caldwell/ami/src/ami/compiler/sem/ambiguous.go:24.34,24.88 1 1
github.com/sam-caldwell/ami/src/ami/compiler/sem/ambiguous.go:25.34,26.35 1 1
github.com/sam-caldwell/ami/src/ami/compiler/sem/ambiguous.go:26.35,26.90 1 1
github.com/sam-caldwell/ami/src/ami/compiler/sem/ambiguous.go:27.34,28.45 1 0
github.com/sam-caldwell/ami/src/ami/compiler/sem/ambiguous.go:28.45,28.94 1 0
github.com/sam-caldwell/ami/src/ami/compiler/sem/ambiguous.go:29.32,30.31 1 0
github.com/sam-caldwell/ami/src/ami/compiler/sem/ambiguous.go:30.31,30.82 1 0
github.com/sam-caldwell/ami/src/ami/compiler/sem/ambiguous.go:34.5,34.15 1 1
github.com/sam-caldwell/ami/src/ami/compiler/sem/ambiguous.go:37.63,39.26 2 1
github.com/sam-caldwell/ami/src/ami/compiler/sem/ambiguous.go:40.24,41.52 1 1
github.com/sam-caldwell/ami/src/ami/compiler/sem/ambiguous.go:41.52,42.34 1 1
github.com/sam-caldwell/ami/src/ami/compiler/sem/ambiguous.go:42.34,44.14 1 1
github.com/sam-caldwell/ami/src/ami/compiler/sem/ambiguous.go:46.22,47.52 1 1
github.com/sam-caldwell/ami/src/ami/compiler/sem/ambiguous.go:47.52,48.34 1 1
github.com/sam-caldwell/ami/src/ami/compiler/sem/ambiguous.go:48.34,50.14 1 1
github.com/sam-caldwell/ami/src/ami/compiler/sem/ambiguous.go:52.22,53.95 1 1
github.com/sam-caldwell/ami/src/ami/compiler/sem/ambiguous.go:53.95,54.34 1 1
github.com/sam-caldwell/ami/src/ami/compiler/sem/ambiguous.go:54.34,56.14 1 1
github.com/sam-caldwell/ami/src/ami/compiler/sem/ambiguous.go:58.26,60.56 2 0
github.com/sam-caldwell/ami/src/ami/compiler/sem/ambiguous.go:61.24,62.34 1 0
github.com/sam-caldwell/ami/src/ami/compiler/sem/ambiguous.go:62.34,62.83 1 0
github.com/sam-caldwell/ami/src/ami/compiler/sem/ambiguous.go:64.5,64.15 1 1
github.com/sam-caldwell/ami/src/ami/compiler/sem/calls.go:15.46,17.17 2 1
github.com/sam-caldwell/ami/src/ami/compiler/sem/calls.go:17.17,17.31 1 0
github.com/sam-caldwell/ami/src/ami/compiler/sem/calls.go:18.5,21.31 3 1
github.com/sam-caldwell/ami/src/ami/compiler/sem/calls.go:21.31,22.44 1 1
github.com/sam-caldwell/ami/src/ami/compiler/sem/calls.go:22.44,27.41 5 1
github.com/sam-caldwell/ami/src/ami/compiler/sem/calls.go:27.41,31.40 4 1
github.com/sam-caldwell/ami/src/ami/compiler/sem/calls.go:31.40,31.124 1 0
github.com/sam-caldwell/ami/src/ami/compiler/sem/calls.go:32.17,32.40 1 1
github.com/sam-caldwell/ami/src/ami/compiler/sem/calls.go:34.13,34.42 1 1
github.com/sam-caldwell/ami/src/ami/compiler/sem/calls.go:34.42,34.69 1 1
github.com/sam-caldwell/ami/src/ami/compiler/sem/calls.go:35.13,35.98 1 1
github.com/sam-caldwell/ami/src/ami/compiler/sem/calls.go:39.5,39.31 1 1
github.com/sam-caldwell/ami/src/ami/compiler/sem/calls.go:39.31,41.34 2 1
github.com/sam-caldwell/ami/src/ami/compiler/sem/calls.go:41.34,41.44 1 0
github.com/sam-caldwell/ami/src/ami/compiler/sem/calls.go:43.9,44.37 2 1
github.com/sam-caldwell/ami/src/ami/compiler/sem/calls.go:44.37,44.71 1 1
github.com/sam-caldwell/ami/src/ami/compiler/sem/calls.go:44.71,44.96 1 1
github.com/sam-caldwell/ami/src/ami/compiler/sem/calls.go:45.9,45.42 1 1
github.com/sam-caldwell/ami/src/ami/compiler/sem/calls.go:45.42,46.35 1 1
github.com/sam-caldwell/ami/src/ami/compiler/sem/calls.go:47.31,48.33 1 1
github.com/sam-caldwell/ami/src/ami/compiler/sem/calls.go:48.33,49.37 1 1
github.com/sam-caldwell/ami/src/ami/compiler/sem/calls.go:49.37,49.62 1 1
github.com/sam-caldwell/ami/src/ami/compiler/sem/calls.go:49.67,49.85 1 0
github.com/sam-caldwell/ami/src/ami/compiler/sem/calls.go:49.85,50.75 1 0
github.com/sam-caldwell/ami/src/ami/compiler/sem/calls.go:50.75,50.95 1 0
github.com/sam-caldwell/ami/src/ami/compiler/sem/calls.go:53.34,54.51 1 0
github.com/sam-caldwell/ami/src/ami/compiler/sem/calls.go:54.51,55.72 1 0
github.com/sam-caldwell/ami/src/ami/compiler/sem/calls.go:55.72,55.92 1 0
github.com/sam-caldwell/ami/src/ami/compiler/sem/calls.go:60.9,60.42 1 1
github.com/sam-caldwell/ami/src/ami/compiler/sem/calls.go:60.42,61.35 1 1
github.com/sam-caldwell/ami/src/ami/compiler/sem/calls.go:62.32,63.54 1 1
github.com/sam-caldwell/ami/src/ami/compiler/sem/calls.go:63.54,63.111 1 1
github.com/sam-caldwell/ami/src/ami/compiler/sem/calls.go:64.33,65.34 1 0
github.com/sam-caldwell/ami/src/ami/compiler/sem/calls.go:65.34,65.95 1 0
github.com/sam-caldwell/ami/src/ami/compiler/sem/calls.go:66.34,67.45 1 1
github.com/sam-caldwell/ami/src/ami/compiler/sem/calls.go:67.45,68.56 1 1
github.com/sam-caldwell/ami/src/ami/compiler/sem/calls.go:68.56,68.113 1 0
github.com/sam-caldwell/ami/src/ami/compiler/sem/calls.go:73.5,73.15 1 1
github.com/sam-caldwell/ami/src/ami/compiler/sem/calls.go:76.108,78.17 2 1
github.com/sam-caldwell/ami/src/ami/compiler/sem/calls.go:78.17,78.31 1 0
github.com/sam-caldwell/ami/src/ami/compiler/sem/calls.go:79.5,80.12 2 1
github.com/sam-caldwell/ami/src/ami/compiler/sem/calls.go:80.12,80.26 1 0
github.com/sam-caldwell/ami/src/ami/compiler/sem/calls.go:82.5,82.37 1 1
github.com/sam-caldwell/ami/src/ami/compiler/sem/calls.go:82.37,85.6 2 1
github.com/sam-caldwell/ami/src/ami/compiler/sem/calls.go:87.5,88.30 2 1
github.com/sam-caldwell/ami/src/ami/compiler/sem/calls.go:88.30,91.51 3 1
github.com/sam-caldwell/ami/src/ami/compiler/sem/calls.go:91.51,91.61 1 0
github.com/sam-caldwell/ami/src/ami/compiler/sem/calls.go:94.9,94.122 1 1
github.com/sam-caldwell/ami/src/ami/compiler/sem/calls.go:94.122,97.63 3 1
github.com/sam-caldwell/ami/src/ami/compiler/sem/calls.go:97.63,97.102 1 1
github.com/sam-caldwell/ami/src/ami/compiler/sem/calls.go:98.13,98.40 1 1
github.com/sam-caldwell/ami/src/ami/compiler/sem/calls.go:98.40,98.83 1 1
github.com/sam-caldwell/ami/src/ami/compiler/sem/calls.go:99.13,101.21 3 1
github.com/sam-caldwell/ami/src/ami/compiler/sem/calls.go:102.15,102.137 1 1
github.com/sam-caldwell/ami/src/ami/compiler/sem/calls.go:102.137,105.35 3 0
github.com/sam-caldwell/ami/src/ami/compiler/sem/calls.go:105.35,105.68 1 0
github.com/sam-caldwell/ami/src/ami/compiler/sem/calls.go:106.13,106.63 1 0
github.com/sam-caldwell/ami/src/ami/compiler/sem/calls.go:106.63,106.102 1 0
github.com/sam-caldwell/ami/src/ami/compiler/sem/calls.go:107.13,107.40 1 0
github.com/sam-caldwell/ami/src/ami/compiler/sem/calls.go:107.40,107.83 1 0
github.com/sam-caldwell/ami/src/ami/compiler/sem/calls.go:108.13,110.21 3 0
github.com/sam-caldwell/ami/src/ami/compiler/sem/calls.go:112.9,112.37 1 1
github.com/sam-caldwell/ami/src/ami/compiler/sem/calls.go:112.37,116.63 4 1
github.com/sam-caldwell/ami/src/ami/compiler/sem/calls.go:116.63,116.102 1 1
github.com/sam-caldwell/ami/src/ami/compiler/sem/calls.go:117.13,117.40 1 1
github.com/sam-caldwell/ami/src/ami/compiler/sem/calls.go:117.40,117.83 1 1
github.com/sam-caldwell/ami/src/ami/compiler/sem/calls.go:118.13,119.49 2 1
github.com/sam-caldwell/ami/src/ami/compiler/sem/calls.go:122.5,122.29 1 1
github.com/sam-caldwell/ami/src/ami/compiler/sem/calls.go:122.29,125.39 2 1
github.com/sam-caldwell/ami/src/ami/compiler/sem/calls.go:125.39,128.88 3 1
github.com/sam-caldwell/ami/src/ami/compiler/sem/calls.go:128.88,130.44 2 1
github.com/sam-caldwell/ami/src/ami/compiler/sem/calls.go:130.44,130.84 1 1
github.com/sam-caldwell/ami/src/ami/compiler/sem/calls.go:131.17,131.67 1 1
github.com/sam-caldwell/ami/src/ami/compiler/sem/calls.go:131.67,131.103 1 1
github.com/sam-caldwell/ami/src/ami/compiler/sem/calls.go:132.17,132.41 1 1
github.com/sam-caldwell/ami/src/ami/compiler/sem/calls.go:133.19,133.109 1 1
github.com/sam-caldwell/ami/src/ami/compiler/sem/calls.go:133.109,135.33 2 0
github.com/sam-caldwell/ami/src/ami/compiler/sem/calls.go:135.33,135.57 1 0
github.com/sam-caldwell/ami/src/ami/compiler/sem/calls.go:136.17,136.44 1 0
github.com/sam-caldwell/ami/src/ami/compiler/sem/calls.go:136.44,136.84 1 0
github.com/sam-caldwell/ami/src/ami/compiler/sem/calls.go:137.17,137.67 1 0
github.com/sam-caldwell/ami/src/ami/compiler/sem/calls.go:137.67,137.103 1 0
github.com/sam-caldwell/ami/src/ami/compiler/sem/calls.go:138.17,138.41 1 0
github.com/sam-caldwell/ami/src/ami/compiler/sem/calls.go:141.9,142.27 2 1
github.com/sam-caldwell/ami/src/ami/compiler/sem/calls.go:142.27,142.52 1 1
github.com/sam-caldwell/ami/src/ami/compiler/sem/calls.go:143.9,143.252 1 1
github.com/sam-caldwell/ami/src/ami/compiler/sem/calls.go:145.5,145.15 1 1
github.com/sam-caldwell/ami/src/ami/compiler/sem/calls.go:148.71,149.26 1 1
github.com/sam-caldwell/ami/src/ami/compiler/sem/calls.go:150.25,151.49 1 1
github.com/sam-caldwell/ami/src/ami/compiler/sem/calls.go:151.49,151.61 1 1
github.com/sam-caldwell/ami/src/ami/compiler/sem/calls.go:152.9,152.21 1 0
github.com/sam-caldwell/ami/src/ami/compiler/sem/calls.go:153.25,154.24 1 1
github.com/sam-caldwell/ami/src/ami/compiler/sem/calls.go:155.25,156.21 1 1
github.com/sam-caldwell/ami/src/ami/compiler/sem/calls.go:157.50,158.29 1 0
github.com/sam-caldwell/ami/src/ami/compiler/sem/calls.go:159.24,161.21 1 0
github.com/sam-caldwell/ami/src/ami/compiler/sem/calls.go:162.13,163.21 1 0
github.com/sam-caldwell/ami/src/ami/compiler/sem/calls_with_sigs.go:14.180,16.17 2 1
github.com/sam-caldwell/ami/src/ami/compiler/sem/calls_with_sigs.go:16.17,16.31 1 0
github.com/sam-caldwell/ami/src/ami/compiler/sem/calls_with_sigs.go:17.5,21.31 4 1
github.com/sam-caldwell/ami/src/ami/compiler/sem/calls_with_sigs.go:21.31,22.44 1 1
github.com/sam-caldwell/ami/src/ami/compiler/sem/calls_with_sigs.go:22.44,25.41 3 1
github.com/sam-caldwell/ami/src/ami/compiler/sem/calls_with_sigs.go:25.41,27.40 2 1
github.com/sam-caldwell/ami/src/ami/compiler/sem/calls_with_sigs.go:27.40,27.124 1 0
github.com/sam-caldwell/ami/src/ami/compiler/sem/calls_with_sigs.go:28.17,29.46 2 1
github.com/sam-caldwell/ami/src/ami/compiler/sem/calls_with_sigs.go:31.13,32.45 2 1
github.com/sam-caldwell/ami/src/ami/compiler/sem/calls_with_sigs.go:36.5,36.31 1 1
github.com/sam-caldwell/ami/src/ami/compiler/sem/calls_with_sigs.go:36.31,38.34 2 1
github.com/sam-caldwell/ami/src/ami/compiler/sem/calls_with_sigs.go:38.34,38.44 1 1
github.com/sam-caldwell/ami/src/ami/compiler/sem/calls_with_sigs.go:40.9,41.42 2 1
github.com/sam-caldwell/ami/src/ami/compiler/sem/calls_with_sigs.go:41.42,42.35 1 1
github.com/sam-caldwell/ami/src/ami/compiler/sem/calls_with_sigs.go:43.32,44.54 1 1
github.com/sam-caldwell/ami/src/ami/compiler/sem/calls_with_sigs.go:44.54,47.40 2 1
github.com/sam-caldwell/ami/src/ami/compiler/sem/calls_with_sigs.go:47.40,47.64 1 1
github.com/sam-caldwell/ami/src/ami/compiler/sem/calls_with_sigs.go:48.21,49.42 2 1
github.com/sam-caldwell/ami/src/ami/compiler/sem/calls_with_sigs.go:49.42,49.67 1 1
github.com/sam-caldwell/ami/src/ami/compiler/sem/calls_with_sigs.go:50.21,50.124 1 1
github.com/sam-caldwell/ami/src/ami/compiler/sem/calls_with_sigs.go:52.33,53.34 1 0
github.com/sam-caldwell/ami/src/ami/compiler/sem/calls_with_sigs.go:53.34,55.40 2 0
github.com/sam-caldwell/ami/src/ami/compiler/sem/calls_with_sigs.go:55.40,55.64 1 0
github.com/sam-caldwell/ami/src/ami/compiler/sem/calls_with_sigs.go:56.21,57.42 2 0
github.com/sam-caldwell/ami/src/ami/compiler/sem/calls_with_sigs.go:57.42,57.67 1 0
github.com/sam-caldwell/ami/src/ami/compiler/sem/calls_with_sigs.go:58.21,58.128 1 0
github.com/sam-caldwell/ami/src/ami/compiler/sem/calls_with_sigs.go:60.34,61.45 1 1
github.com/sam-caldwell/ami/src/ami/compiler/sem/calls_with_sigs.go:61.45,62.56 1 0
github.com/sam-caldwell/ami/src/ami/compiler/sem/calls_with_sigs.go:62.56,64.44 2 0
github.com/sam-caldwell/ami/src/ami/compiler/sem/calls_with_sigs.go:64.44,64.68 1 0
github.com/sam-caldwell/ami/src/ami/compiler/sem/calls_with_sigs.go:65.25,66.46 2 0
github.com/sam-caldwell/ami/src/ami/compiler/sem/calls_with_sigs.go:66.46,66.71 1 0
github.com/sam-caldwell/ami/src/ami/compiler/sem/calls_with_sigs.go:67.25,67.128 1 0
github.com/sam-caldwell/ami/src/ami/compiler/sem/calls_with_sigs.go:73.5,73.15 1 1
github.com/sam-caldwell/ami/src/ami/compiler/sem/calls_with_sigs.go:76.231,78.17 2 1
github.com/sam-caldwell/ami/src/ami/compiler/sem/calls_with_sigs.go:78.17,78.31 1 0
github.com/sam-caldwell/ami/src/ami/compiler/sem/calls_with_sigs.go:79.5,80.12 2 1
github.com/sam-caldwell/ami/src/ami/compiler/sem/calls_with_sigs.go:80.12,80.26 1 0
github.com/sam-caldwell/ami/src/ami/compiler/sem/calls_with_sigs.go:81.5,81.33 1 1
github.com/sam-caldwell/ami/src/ami/compiler/sem/calls_with_sigs.go:81.33,84.6 2 1
github.com/sam-caldwell/ami/src/ami/compiler/sem/calls_with_sigs.go:85.5,86.30 2 1
github.com/sam-caldwell/ami/src/ami/compiler/sem/calls_with_sigs.go:86.30,89.51 3 1
github.com/sam-caldwell/ami/src/ami/compiler/sem/calls_with_sigs.go:89.51,89.61 1 0
github.com/sam-caldwell/ami/src/ami/compiler/sem/calls_with_sigs.go:90.9,90.122 1 1
github.com/sam-caldwell/ami/src/ami/compiler/sem/calls_with_sigs.go:90.122,93.60 3 1
github.com/sam-caldwell/ami/src/ami/compiler/sem/calls_with_sigs.go:93.60,93.90 1 1
github.com/sam-caldwell/ami/src/ami/compiler/sem/calls_with_sigs.go:94.13,96.21 3 1
github.com/sam-caldwell/ami/src/ami/compiler/sem/calls_with_sigs.go:97.15,97.137 1 1
github.com/sam-caldwell/ami/src/ami/compiler/sem/calls_with_sigs.go:97.137,100.35 3 0
github.com/sam-caldwell/ami/src/ami/compiler/sem/calls_with_sigs.go:100.35,100.68 1 0
github.com/sam-caldwell/ami/src/ami/compiler/sem/calls_with_sigs.go:101.13,101.60 1 0
github.com/sam-caldwell/ami/src/ami/compiler/sem/calls_with_sigs.go:101.60,101.90 1 0
github.com/sam-caldwell/ami/src/ami/compiler/sem/calls_with_sigs.go:102.13,104.21 3 0
github.com/sam-caldwell/ami/src/ami/compiler/sem/calls_with_sigs.go:106.9,106.37 1 1
github.com/sam-caldwell/ami/src/ami/compiler/sem/calls_with_sigs.go:106.37,110.60 4 1
github.com/sam-caldwell/ami/src/ami/compiler/sem/calls_with_sigs.go:110.60,110.90 1 1
github.com/sam-caldwell/ami/src/ami/compiler/sem/calls_with_sigs.go:111.13,112.49 2 1
github.com/sam-caldwell/ami/src/ami/compiler/sem/calls_with_sigs.go:115.5,115.29 1 1
github.com/sam-caldwell/ami/src/ami/compiler/sem/calls_with_sigs.go:115.29,117.39 2 1
github.com/sam-caldwell/ami/src/ami/compiler/sem/calls_with_sigs.go:117.39,120.88 3 1
github.com/sam-caldwell/ami/src/ami/compiler/sem/calls_with_sigs.go:120.88,122.64 2 1
github.com/sam-caldwell/ami/src/ami/compiler/sem/calls_with_sigs.go:122.64,122.91 1 1
github.com/sam-caldwell/ami/src/ami/compiler/sem/calls_with_sigs.go:123.17,123.80 1 1
[...]
github.com/sam-caldwell/ami/src/ami/compiler/driver/pipelines_debug.go:296.78,296.97 1 1
github.com/sam-caldwell/ami/src/ami/compiler/driver/pipelines_debug.go:296.97,296.117 1 1
github.com/sam-caldwell/ami/src/ami/compiler/driver/pipelines_debug.go:297.29,297.53 1 1
github.com/sam-caldwell/ami/src/ami/compiler/driver/pipelines_debug.go:297.53,297.78 1 0
github.com/sam-caldwell/ami/src/ami/compiler/driver/pipelines_debug.go:297.83,297.102 1 1
github.com/sam-caldwell/ami/src/ami/compiler/driver/pipelines_debug.go:297.102,297.121 1 1
github.com/sam-caldwell/ami/src/ami/compiler/driver/pipelines_debug.go:298.29,299.49 2 1
github.com/sam-caldwell/ami/src/ami/compiler/driver/pipelines_debug.go:301.25,301.53 1 1
github.com/sam-caldwell/ami/src/ami/compiler/driver/pipelines_debug.go:301.53,302.47 1 1
github.com/sam-caldwell/ami/src/ami/compiler/driver/pipelines_debug.go:302.47,302.72 1 1
github.com/sam-caldwell/ami/src/ami/compiler/driver/pipelines_debug.go:302.77,302.97 1 0
github.com/sam-caldwell/ami/src/ami/compiler/driver/pipelines_debug.go:305.21,305.104 1 1
github.com/sam-caldwell/ami/src/ami/compiler/driver/pipelines_debug.go:305.104,307.52 2 1
github.com/sam-caldwell/ami/src/ami/compiler/driver/pipelines_debug.go:307.52,307.86 1 1
github.com/sam-caldwell/ami/src/ami/compiler/driver/pipelines_debug.go:309.25,310.53 2 1
github.com/sam-caldwell/ami/src/ami/compiler/driver/pipelines_debug.go:310.53,311.83 1 1
github.com/sam-caldwell/ami/src/ami/compiler/driver/pipelines_debug.go:311.83,313.30 1 1
github.com/sam-caldwell/ami/src/ami/compiler/driver/pipelines_debug.go:315.25,316.83 2 1
github.com/sam-caldwell/ami/src/ami/compiler/driver/pipelines_debug.go:319.17,322.83 2 1
github.com/sam-caldwell/ami/src/ami/compiler/driver/pipelines_debug.go:322.83,324.18 1 1
github.com/sam-caldwell/ami/src/ami/compiler/driver/pipelines_debug.go:325.17,325.42 1 1
github.com/sam-caldwell/ami/src/ami/compiler/driver/pipelines_debug.go:327.13,327.47 1 1
github.com/sam-caldwell/ami/src/ami/compiler/driver/pipelines_debug.go:327.47,336.14 6 1
github.com/sam-caldwell/ami/src/ami/compiler/driver/pipelines_debug.go:339.9,339.27 1 1
github.com/sam-caldwell/ami/src/ami/compiler/driver/pipelines_debug.go:339.27,342.38 2 1
github.com/sam-caldwell/ami/src/ami/compiler/driver/pipelines_debug.go:342.38,343.54 1 1
github.com/sam-caldwell/ami/src/ami/compiler/driver/pipelines_debug.go:343.54,345.18 1 1
github.com/sam-caldwell/ami/src/ami/compiler/driver/pipelines_debug.go:348.13,348.34 1 1
github.com/sam-caldwell/ami/src/ami/compiler/driver/pipelines_debug.go:348.34,349.66 1 1
github.com/sam-caldwell/ami/src/ami/compiler/driver/pipelines_debug.go:349.66,350.63 1 1
github.com/sam-caldwell/ami/src/ami/compiler/driver/pipelines_debug.go:350.63,352.54 2 1
github.com/sam-caldwell/ami/src/ami/compiler/driver/pipelines_debug.go:352.54,352.95 1 1
github.com/sam-caldwell/ami/src/ami/compiler/driver/pipelines_debug.go:353.25,353.56 1 1
github.com/sam-caldwell/ami/src/ami/compiler/driver/pipelines_debug.go:359.9,360.27 2 1
github.com/sam-caldwell/ami/src/ami/compiler/driver/pipelines_debug.go:360.27,365.37 4 1
github.com/sam-caldwell/ami/src/ami/compiler/driver/pipelines_debug.go:365.37,370.14 4 1
github.com/sam-caldwell/ami/src/ami/compiler/driver/pipelines_debug.go:372.13,373.38 2 1
github.com/sam-caldwell/ami/src/ami/compiler/driver/pipelines_debug.go:373.38,374.38 1 1
github.com/sam-caldwell/ami/src/ami/compiler/driver/pipelines_debug.go:374.38,374.70 1 1
github.com/sam-caldwell/ami/src/ami/compiler/driver/pipelines_debug.go:376.13,381.32 5 1
github.com/sam-caldwell/ami/src/ami/compiler/driver/pipelines_debug.go:381.32,384.29 3 1
github.com/sam-caldwell/ami/src/ami/compiler/driver/pipelines_debug.go:384.29,384.39 1 0
github.com/sam-caldwell/ami/src/ami/compiler/driver/pipelines_debug.go:385.17,386.42 2 1
github.com/sam-caldwell/ami/src/ami/compiler/driver/pipelines_debug.go:386.42,386.57 1 1
github.com/sam-caldwell/ami/src/ami/compiler/driver/pipelines_debug.go:386.57,386.85 1 1
github.com/sam-caldwell/ami/src/ami/compiler/driver/pipelines_debug.go:389.13,392.33 4 1
github.com/sam-caldwell/ami/src/ami/compiler/driver/pipelines_debug.go:392.33,395.37 3 1
github.com/sam-caldwell/ami/src/ami/compiler/driver/pipelines_debug.go:395.37,395.47 1 0
github.com/sam-caldwell/ami/src/ami/compiler/driver/pipelines_debug.go:396.17,397.43 2 1
github.com/sam-caldwell/ami/src/ami/compiler/driver/pipelines_debug.go:397.43,397.66 1 0
github.com/sam-caldwell/ami/src/ami/compiler/driver/pipelines_debug.go:397.66,397.96 1 0
github.com/sam-caldwell/ami/src/ami/compiler/driver/pipelines_debug.go:400.13,402.38 3 1
github.com/sam-caldwell/ami/src/ami/compiler/driver/pipelines_debug.go:402.38,403.36 1 1
github.com/sam-caldwell/ami/src/ami/compiler/driver/pipelines_debug.go:403.36,403.88 1 1
github.com/sam-caldwell/ami/src/ami/compiler/driver/pipelines_debug.go:404.17,404.44 1 1
github.com/sam-caldwell/ami/src/ami/compiler/driver/pipelines_debug.go:404.44,404.96 1 1
github.com/sam-caldwell/ami/src/ami/compiler/driver/pipelines_debug.go:406.13,411.38 4 1
github.com/sam-caldwell/ami/src/ami/compiler/driver/pipelines_debug.go:411.38,411.53 1 1
github.com/sam-caldwell/ami/src/ami/compiler/driver/pipelines_debug.go:411.53,411.117 1 1
github.com/sam-caldwell/ami/src/ami/compiler/driver/pipelines_debug.go:412.13,414.37 3 1
github.com/sam-caldwell/ami/src/ami/compiler/driver/pipelines_debug.go:414.37,415.47 1 1
github.com/sam-caldwell/ami/src/ami/compiler/driver/pipelines_debug.go:415.47,420.18 4 1
github.com/sam-caldwell/ami/src/ami/compiler/driver/pipelines_debug.go:423.13,425.37 3 1
github.com/sam-caldwell/ami/src/ami/compiler/driver/pipelines_debug.go:425.37,426.57 1 1
github.com/sam-caldwell/ami/src/ami/compiler/driver/pipelines_debug.go:426.57,426.84 2 1
github.com/sam-caldwell/ami/src/ami/compiler/driver/pipelines_debug.go:427.17,427.56 1 1
github.com/sam-caldwell/ami/src/ami/compiler/driver/pipelines_debug.go:427.56,427.94 1 1
github.com/sam-caldwell/ami/src/ami/compiler/driver/pipelines_debug.go:429.13,431.34 3 1
github.com/sam-caldwell/ami/src/ami/compiler/driver/pipelines_debug.go:431.34,434.33 3 1
github.com/sam-caldwell/ami/src/ami/compiler/driver/pipelines_debug.go:434.33,437.31 3 1
github.com/sam-caldwell/ami/src/ami/compiler/driver/pipelines_debug.go:437.31,437.41 1 0
github.com/sam-caldwell/ami/src/ami/compiler/driver/pipelines_debug.go:438.21,439.47 2 1
github.com/sam-caldwell/ami/src/ami/compiler/driver/pipelines_debug.go:439.47,439.60 1 1
github.com/sam-caldwell/ami/src/ami/compiler/driver/pipelines_debug.go:439.60,439.82 1 1
github.com/sam-caldwell/ami/src/ami/compiler/driver/pipelines_debug.go:441.17,441.41 1 1
github.com/sam-caldwell/ami/src/ami/compiler/driver/pipelines_debug.go:441.41,441.54 1 1
github.com/sam-caldwell/ami/src/ami/compiler/driver/pipelines_debug.go:441.54,441.106 1 1
github.com/sam-caldwell/ami/src/ami/compiler/driver/pipelines_debug.go:443.13,443.36 1 1
github.com/sam-caldwell/ami/src/ami/compiler/driver/pipelines_debug.go:443.36,446.33 3 1
github.com/sam-caldwell/ami/src/ami/compiler/driver/pipelines_debug.go:446.33,449.31 3 1
github.com/sam-caldwell/ami/src/ami/compiler/driver/pipelines_debug.go:449.31,449.41 1 0
github.com/sam-caldwell/ami/src/ami/compiler/driver/pipelines_debug.go:450.21,451.48 2 1
github.com/sam-caldwell/ami/src/ami/compiler/driver/pipelines_debug.go:451.48,451.61 1 1
github.com/sam-caldwell/ami/src/ami/compiler/driver/pipelines_debug.go:451.61,451.83 1 1
github.com/sam-caldwell/ami/src/ami/compiler/driver/pipelines_debug.go:453.17,453.41 1 1
github.com/sam-caldwell/ami/src/ami/compiler/driver/pipelines_debug.go:453.41,453.54 1 1
github.com/sam-caldwell/ami/src/ami/compiler/driver/pipelines_debug.go:453.54,453.106 1 1
github.com/sam-caldwell/ami/src/ami/compiler/driver/pipelines_debug.go:455.13,455.69 1 1
github.com/sam-caldwell/ami/src/ami/compiler/driver/pipelines_debug.go:455.69,455.129 1 1
github.com/sam-caldwell/ami/src/ami/compiler/driver/pipelines_debug.go:455.129,455.189 1 0
github.com/sam-caldwell/ami/src/ami/compiler/driver/pipelines_debug.go:455.191,455.251 1 1
github.com/sam-caldwell/ami/src/ami/compiler/driver/pipelines_debug.go:456.13,456.69 1 1
github.com/sam-caldwell/ami/src/ami/compiler/driver/pipelines_debug.go:456.69,456.129 1 1
github.com/sam-caldwell/ami/src/ami/compiler/driver/pipelines_debug.go:456.129,456.189 1 1
github.com/sam-caldwell/ami/src/ami/compiler/driver/pipelines_debug.go:456.191,456.251 1 1
github.com/sam-caldwell/ami/src/ami/compiler/driver/pipelines_debug.go:457.13,457.261 1 1
github.com/sam-caldwell/ami/src/ami/compiler/driver/pipelines_debug.go:460.9,460.27 1 1
github.com/sam-caldwell/ami/src/ami/compiler/driver/pipelines_debug.go:460.27,461.57 1 1
github.com/sam-caldwell/ami/src/ami/compiler/driver/pipelines_debug.go:461.57,462.51 1 1
github.com/sam-caldwell/ami/src/ami/compiler/driver/pipelines_debug.go:462.51,462.87 1 0
github.com/sam-caldwell/ami/src/ami/compiler/driver/pipelines_debug.go:463.17,463.53 1 1
github.com/sam-caldwell/ami/src/ami/compiler/driver/pipelines_debug.go:466.9,466.104 1 1
github.com/sam-caldwell/ami/src/ami/compiler/driver/pipelines_debug.go:469.5,469.26 1 1
github.com/sam-caldwell/ami/src/ami/compiler/driver/pipelines_debug.go:469.26,471.6 1 1
github.com/sam-caldwell/ami/src/ami/compiler/driver/pipelines_debug.go:473.5,473.51 1 1
github.com/sam-caldwell/ami/src/ami/compiler/driver/pipelines_debug.go:473.51,473.95 1 0
github.com/sam-caldwell/ami/src/ami/compiler/driver/pipelines_debug.go:474.5,476.51 3 1
github.com/sam-caldwell/ami/src/ami/compiler/driver/pipelines_debug.go:476.51,476.69 1 0
github.com/sam-caldwell/ami/src/ami/compiler/driver/pipelines_debug.go:477.5,478.19 2 1
github.com/sam-caldwell/ami/src/ami/compiler/driver/pipelines_debug.go:478.19,478.37 1 0
github.com/sam-caldwell/ami/src/ami/compiler/driver/pipelines_debug.go:479.5,480.55 2 1
github.com/sam-caldwell/ami/src/ami/compiler/driver/pipelines_debug.go:480.55,480.73 1 0
github.com/sam-caldwell/ami/src/ami/compiler/driver/pipelines_debug.go:481.5,481.20 1 1
github.com/sam-caldwell/ami/src/ami/compiler/driver/pipelines_to_ir.go:12.48,14.17 2 1
github.com/sam-caldwell/ami/src/ami/compiler/driver/pipelines_to_ir.go:14.17,14.31 1 0
github.com/sam-caldwell/ami/src/ami/compiler/driver/pipelines_to_ir.go:15.5,15.31 1 1
github.com/sam-caldwell/ami/src/ami/compiler/driver/pipelines_to_ir.go:15.31,17.16 2 1
github.com/sam-caldwell/ami/src/ami/compiler/driver/pipelines_to_ir.go:17.16,17.26 1 1
github.com/sam-caldwell/ami/src/ami/compiler/driver/pipelines_to_ir.go:18.9,19.36 2 1
github.com/sam-caldwell/ami/src/ami/compiler/driver/pipelines_to_ir.go:19.36,21.44 2 1
github.com/sam-caldwell/ami/src/ami/compiler/driver/pipelines_to_ir.go:21.44,21.54 1 1
github.com/sam-caldwell/ami/src/ami/compiler/driver/pipelines_to_ir.go:22.13,22.49 1 1
github.com/sam-caldwell/ami/src/ami/compiler/driver/pipelines_to_ir.go:22.49,24.14 1 1
github.com/sam-caldwell/ami/src/ami/compiler/driver/pipelines_to_ir.go:26.9,26.32 1 1
github.com/sam-caldwell/ami/src/ami/compiler/driver/pipelines_to_ir.go:26.32,26.57 1 1
github.com/sam-caldwell/ami/src/ami/compiler/driver/pipelines_to_ir.go:28.5,28.15 1 1
github.com/sam-caldwell/ami/src/ami/compiler/driver/pipelines_to_ir.go:31.50,32.18 1 1
github.com/sam-caldwell/ami/src/ami/compiler/driver/pipelines_to_ir.go:32.18,32.32 1 0
github.com/sam-caldwell/ami/src/ami/compiler/driver/pipelines_to_ir.go:33.5,35.33 3 1
github.com/sam-caldwell/ami/src/ami/compiler/driver/pipelines_to_ir.go:35.33,37.21 2 1
github.com/sam-caldwell/ami/src/ami/compiler/driver/pipelines_to_ir.go:38.27,39.34 1 1
github.com/sam-caldwell/ami/src/ami/compiler/driver/pipelines_to_ir.go:39.34,42.38 3 1
github.com/sam-caldwell/ami/src/ami/compiler/driver/pipelines_to_ir.go:42.38,44.50 2 1
github.com/sam-caldwell/ami/src/ami/compiler/driver/pipelines_to_ir.go:44.50,44.61 1 1
github.com/sam-caldwell/ami/src/ami/compiler/driver/pipelines_to_ir.go:46.17,47.27 2 1
github.com/sam-caldwell/ami/src/ami/compiler/driver/pipelines_to_ir.go:49.29,50.41 2 1
github.com/sam-caldwell/ami/src/ami/compiler/driver/pipelines_to_ir.go:51.26,52.34 1 1
github.com/sam-caldwell/ami/src/ami/compiler/driver/pipelines_to_ir.go:52.34,52.86 2 1
github.com/sam-caldwell/ami/src/ami/compiler/driver/pipelines_to_ir.go:53.34,54.34 1 0
github.com/sam-caldwell/ami/src/ami/compiler/driver/pipelines_to_ir.go:54.34,54.94 2 0
github.com/sam-caldwell/ami/src/ami/compiler/driver/pipelines_to_ir.go:55.28,56.34 1 0
github.com/sam-caldwell/ami/src/ami/compiler/driver/pipelines_to_ir.go:56.34,56.81 1 0
github.com/sam-caldwell/ami/src/ami/compiler/driver/pipelines_to_ir.go:56.86,56.109 1 0
github.com/sam-caldwell/ami/src/ami/compiler/driver/pipelines_to_ir.go:57.13,57.23 1 0
github.com/sam-caldwell/ami/src/ami/compiler/driver/pipelines_to_ir.go:58.29,59.34 1 0
github.com/sam-caldwell/ami/src/ami/compiler/driver/pipelines_to_ir.go:59.34,60.68 1 0
github.com/sam-caldwell/ami/src/ami/compiler/driver/pipelines_to_ir.go:60.68,60.97 2 0
github.com/sam-caldwell/ami/src/ami/compiler/driver/pipelines_to_ir.go:62.30,63.34 1 0
github.com/sam-caldwell/ami/src/ami/compiler/driver/pipelines_to_ir.go:63.34,64.68 1 0
github.com/sam-caldwell/ami/src/ami/compiler/driver/pipelines_to_ir.go:64.68,64.100 2 0
github.com/sam-caldwell/ami/src/ami/compiler/driver/pipelines_to_ir.go:66.32,67.34 1 0
github.com/sam-caldwell/ami/src/ami/compiler/driver/pipelines_to_ir.go:67.34,70.38 3 0
github.com/sam-caldwell/ami/src/ami/compiler/driver/pipelines_to_ir.go:70.38,71.71 1 0
github.com/sam-caldwell/ami/src/ami/compiler/driver/pipelines_to_ir.go:71.71,71.93 1 0
github.com/sam-caldwell/ami/src/ami/compiler/driver/pipelines_to_ir.go:73.17,73.46 2 0
github.com/sam-caldwell/ami/src/ami/compiler/driver/pipelines_to_ir.go:75.29,76.34 1 1
github.com/sam-caldwell/ami/src/ami/compiler/driver/pipelines_to_ir.go:76.34,76.78 1 1
github.com/sam-caldwell/ami/src/ami/compiler/driver/pipelines_to_ir.go:76.78,76.104 1 1
github.com/sam-caldwell/ami/src/ami/compiler/driver/pipelines_to_ir.go:77.13,77.34 1 1
github.com/sam-caldwell/ami/src/ami/compiler/driver/pipelines_to_ir.go:77.34,77.113 2 1
github.com/sam-caldwell/ami/src/ami/compiler/driver/pipelines_to_ir.go:78.13,78.23 1 1
github.com/sam-caldwell/ami/src/ami/compiler/driver/pipelines_to_ir.go:81.5,81.13 1 1
github.com/sam-caldwell/ami/src/ami/compiler/driver/pipelines_to_ir.go:81.13,81.27 1 1
github.com/sam-caldwell/ami/src/ami/compiler/driver/pipelines_to_ir.go:82.5,82.14 1 1
github.com/sam-caldwell/ami/src/ami/compiler/driver/pipelines_to_ir.go:85.34,86.28 1 1
github.com/sam-caldwell/ami/src/ami/compiler/driver/pipelines_to_ir.go:86.28,87.79 1 1
github.com/sam-caldwell/ami/src/ami/compiler/driver/pipelines_to_ir.go:87.79,87.98 1 0
github.com/sam-caldwell/ami/src/ami/compiler/driver/pipelines_to_ir.go:89.5,89.13 1 1
github.com/sam-caldwell/ami/src/ami/compiler/driver/pipelines_to_ir.go:92.37,95.19 3 1
github.com/sam-caldwell/ami/src/ami/compiler/driver/pipelines_to_ir.go:95.19,95.38 1 0
github.com/sam-caldwell/ami/src/ami/compiler/driver/pipelines_to_ir.go:96.5,96.19 1 1
github.com/sam-caldwell/ami/src/ami/compiler/driver/pipelines_to_ir.go:99.44,102.46 2 0
github.com/sam-caldwell/ami/src/ami/compiler/driver/pipelines_to_ir.go:102.46,102.64 1 0
github.com/sam-caldwell/ami/src/ami/compiler/driver/pipelines_to_ir.go:104.5,106.35 3 0
github.com/sam-caldwell/ami/src/ami/compiler/driver/pipelines_to_ir.go:106.35,106.92 3 0
github.com/sam-caldwell/ami/src/ami/compiler/driver/pipelines_to_ir.go:106.97,107.34 1 0
github.com/sam-caldwell/ami/src/ami/compiler/driver/pipelines_to_ir.go:107.34,107.92 3 0
github.com/sam-caldwell/ami/src/ami/compiler/driver/pipelines_to_ir.go:107.97,108.34 1 0
github.com/sam-caldwell/ami/src/ami/compiler/driver/pipelines_to_ir.go:108.34,108.95 3 0
github.com/sam-caldwell/ami/src/ami/compiler/driver/pipelines_to_ir.go:108.100,109.34 1 0
github.com/sam-caldwell/ami/src/ami/compiler/driver/pipelines_to_ir.go:109.34,109.98 3 0
github.com/sam-caldwell/ami/src/ami/compiler/driver/pipelines_to_ir.go:110.5,112.19 3 0
github.com/sam-caldwell/ami/src/ami/compiler/driver/pipelines_to_ir.go:112.19,112.38 1 0
github.com/sam-caldwell/ami/src/ami/compiler/driver/pipelines_to_ir.go:113.5,113.25 1 0
github.com/sam-caldwell/ami/src/ami/compiler/driver/sources_debug.go:33.71,36.31 3 1
github.com/sam-caldwell/ami/src/ami/compiler/driver/sources_debug.go:36.31,37.46 1 1
github.com/sam-caldwell/ami/src/ami/compiler/driver/sources_debug.go:37.46,39.10 1 1
github.com/sam-caldwell/ami/src/ami/compiler/driver/sources_debug.go:41.5,41.34 1 1
github.com/sam-caldwell/ami/src/ami/compiler/driver/sources_debug.go:41.34,43.6 1 1
github.com/sam-caldwell/ami/src/ami/compiler/driver/sources_debug.go:44.5,46.51 3 1
github.com/sam-caldwell/ami/src/ami/compiler/driver/sources_debug.go:46.51,46.69 1 0
github.com/sam-caldwell/ami/src/ami/compiler/driver/sources_debug.go:47.5,48.19 2 1
github.com/sam-caldwell/ami/src/ami/compiler/driver/sources_debug.go:48.19,48.37 1 0
github.com/sam-caldwell/ami/src/ami/compiler/driver/sources_debug.go:49.5,50.55 2 1
github.com/sam-caldwell/ami/src/ami/compiler/driver/sources_debug.go:50.55,50.73 1 0
github.com/sam-caldwell/ami/src/ami/compiler/driver/sources_debug.go:51.5,51.20 1 1
github.com/sam-caldwell/ami/src/ami/compiler/driver/sources_resolved_debug.go:26.70,28.51 2 1
github.com/sam-caldwell/ami/src/ami/compiler/driver/sources_resolved_debug.go:28.51,28.69 1 0
github.com/sam-caldwell/ami/src/ami/compiler/driver/sources_resolved_debug.go:29.5,31.19 3 1
github.com/sam-caldwell/ami/src/ami/compiler/driver/sources_resolved_debug.go:31.19,31.37 1 0
github.com/sam-caldwell/ami/src/ami/compiler/driver/sources_resolved_debug.go:32.5,33.55 2 1
github.com/sam-caldwell/ami/src/ami/compiler/driver/sources_resolved_debug.go:33.55,33.73 1 0
github.com/sam-caldwell/ami/src/ami/compiler/driver/sources_resolved_debug.go:34.5,34.20 1 1
github.com/sam-caldwell/ami/src/ami/compiler/driver/ssa_debug.go:33.67,35.35 2 1
github.com/sam-caldwell/ami/src/ami/compiler/driver/ssa_debug.go:35.35,39.36 3 1
github.com/sam-caldwell/ami/src/ami/compiler/driver/ssa_debug.go:39.36,40.41 1 1
github.com/sam-caldwell/ami/src/ami/compiler/driver/ssa_debug.go:40.41,41.40 1 1
github.com/sam-caldwell/ami/src/ami/compiler/driver/ssa_debug.go:42.29,45.45 3 1
github.com/sam-caldwell/ami/src/ami/compiler/driver/ssa_debug.go:46.32,51.41 4 1
github.com/sam-caldwell/ami/src/ami/compiler/driver/ssa_debug.go:51.41,51.61 1 1
github.com/sam-caldwell/ami/src/ami/compiler/driver/ssa_debug.go:52.21,53.43 2 1
github.com/sam-caldwell/ami/src/ami/compiler/driver/ssa_debug.go:57.9,57.50 1 1
github.com/sam-caldwell/ami/src/ami/compiler/driver/ssa_debug.go:59.5,60.51 2 1
github.com/sam-caldwell/ami/src/ami/compiler/driver/ssa_debug.go:60.51,60.69 1 0
github.com/sam-caldwell/ami/src/ami/compiler/driver/ssa_debug.go:61.5,62.19 2 1
github.com/sam-caldwell/ami/src/ami/compiler/driver/ssa_debug.go:62.19,62.37 1 0
github.com/sam-caldwell/ami/src/ami/compiler/driver/ssa_debug.go:63.5,64.56 2 1
github.com/sam-caldwell/ami/src/ami/compiler/driver/ssa_debug.go:64.56,64.74 1 0
github.com/sam-caldwell/ami/src/ami/compiler/driver/ssa_debug.go:65.5,65.21 1 1
github.com/sam-caldwell/ami/src/ami/compiler/driver/ssa_debug.go:68.25,70.15 1 1
github.com/sam-caldwell/ami/src/ami/compiler/driver/ssa_debug.go:70.15,70.29 1 1
github.com/sam-caldwell/ami/src/ami/compiler/driver/ssa_debug.go:71.5,73.15 3 1
github.com/sam-caldwell/ami/src/ami/compiler/driver/ssa_debug.go:73.15,77.6 3 1
github.com/sam-caldwell/ami/src/ami/compiler/driver/ssa_debug.go:78.5,78.27 1 1
github.com/sam-caldwell/ami/src/ami/compiler/driver/stdlib_bundles.go:7.40,53.2 14 1
github.com/sam-caldwell/ami/src/ami/compiler/driver/unitname.go:9.35,11.53 2 1
github.com/sam-caldwell/ami/src/ami/compiler/driver/unitname.go:11.53,11.72 1 1
github.com/sam-caldwell/ami/src/ami/compiler/driver/unitname.go:12.5,12.16 1 1
