mode: set
github.com/sam-caldwell/ami/src/cmd/ami/build_cmd.go:14.35,20.61 2 1
github.com/sam-caldwell/ami/src/cmd/ami/build_cmd.go:20.61,23.27 2 0
github.com/sam-caldwell/ami/src/cmd/ami/build_cmd.go:23.27,23.41 1 0
github.com/sam-caldwell/ami/src/cmd/ami/build_cmd.go:24.13,25.69 2 0
github.com/sam-caldwell/ami/src/cmd/ami/build_cmd.go:28.5,32.15 5 1
github.com/sam-caldwell/ami/src/cmd/ami/build_run.go:22.50,23.28 1 1
github.com/sam-caldwell/ami/src/cmd/ami/build_run.go:23.28,23.42 1 1
github.com/sam-caldwell/ami/src/cmd/ami/build_run.go:23.42,23.57 1 1
github.com/sam-caldwell/ami/src/cmd/ami/build_run.go:24.5,24.17 1 1
github.com/sam-caldwell/ami/src/cmd/ami/build_run.go:29.57,32.81 2 1
github.com/sam-caldwell/ami/src/cmd/ami/build_run.go:32.81,34.6 1 1
github.com/sam-caldwell/ami/src/cmd/ami/build_run.go:36.5,36.30 1 1
github.com/sam-caldwell/ami/src/cmd/ami/build_run.go:36.30,37.20 1 1
github.com/sam-caldwell/ami/src/cmd/ami/build_run.go:38.27,39.89 1 1
github.com/sam-caldwell/ami/src/cmd/ami/build_run.go:39.89,41.14 1 1
github.com/sam-caldwell/ami/src/cmd/ami/build_run.go:41.19,43.14 1 1
github.com/sam-caldwell/ami/src/cmd/ami/build_run.go:44.23,46.49 1 1
github.com/sam-caldwell/ami/src/cmd/ami/build_run.go:46.49,46.85 1 1
github.com/sam-caldwell/ami/src/cmd/ami/build_run.go:47.34,48.50 1 1
github.com/sam-caldwell/ami/src/cmd/ami/build_run.go:48.50,48.94 1 0
github.com/sam-caldwell/ami/src/cmd/ami/build_run.go:49.13,49.49 1 1
github.com/sam-caldwell/ami/src/cmd/ami/build_run.go:49.49,49.95 1 1
github.com/sam-caldwell/ami/src/cmd/ami/build_run.go:52.5,52.17 1 1
github.com/sam-caldwell/ami/src/cmd/ami/build_run.go:57.76,60.2 1 1
github.com/sam-caldwell/ami/src/cmd/ami/build_run.go:64.80,65.41 1 1
github.com/sam-caldwell/ami/src/cmd/ami/build_run.go:65.41,67.6 1 1
github.com/sam-caldwell/ami/src/cmd/ami/build_run.go:69.5,72.69 4 1
github.com/sam-caldwell/ami/src/cmd/ami/build_run.go:72.69,74.20 1 0
github.com/sam-caldwell/ami/src/cmd/ami/build_run.go:74.20,83.10 2 0
github.com/sam-caldwell/ami/src/cmd/ami/build_run.go:84.9,84.91 1 0
github.com/sam-caldwell/ami/src/cmd/ami/build_run.go:85.11,85.26 1 1
github.com/sam-caldwell/ami/src/cmd/ami/build_run.go:85.26,86.20 1 0
github.com/sam-caldwell/ami/src/cmd/ami/build_run.go:86.20,95.10 2 0
github.com/sam-caldwell/ami/src/cmd/ami/build_run.go:96.9,96.60 1 0
github.com/sam-caldwell/ami/src/cmd/ami/build_run.go:99.5,99.43 1 1
github.com/sam-caldwell/ami/src/cmd/ami/build_run.go:99.43,100.20 1 0
github.com/sam-caldwell/ami/src/cmd/ami/build_run.go:100.20,109.10 2 0
github.com/sam-caldwell/ami/src/cmd/ami/build_run.go:110.9,110.70 1 0
github.com/sam-caldwell/ami/src/cmd/ami/build_run.go:114.5,114.45 1 1
github.com/sam-caldwell/ami/src/cmd/ami/build_run.go:114.45,117.26 2 1
github.com/sam-caldwell/ami/src/cmd/ami/build_run.go:117.26,117.76 1 0
github.com/sam-caldwell/ami/src/cmd/ami/build_run.go:118.9,118.20 1 1
github.com/sam-caldwell/ami/src/cmd/ami/build_run.go:118.20,128.10 2 1
github.com/sam-caldwell/ami/src/cmd/ami/build_run.go:129.9,129.46 1 1
github.com/sam-caldwell/ami/src/cmd/ami/build_run.go:134.5,135.21 2 1
github.com/sam-caldwell/ami/src/cmd/ami/build_run.go:135.21,135.43 1 1
github.com/sam-caldwell/ami/src/cmd/ami/build_run.go:136.5,140.23 3 1
github.com/sam-caldwell/ami/src/cmd/ami/build_run.go:140.23,142.45 2 1
github.com/sam-caldwell/ami/src/cmd/ami/build_run.go:142.45,144.10 1 1
github.com/sam-caldwell/ami/src/cmd/ami/build_run.go:149.5,150.20 2 1
github.com/sam-caldwell/ami/src/cmd/ami/build_run.go:150.20,151.20 1 0
github.com/sam-caldwell/ami/src/cmd/ami/build_run.go:151.20,154.10 2 0
github.com/sam-caldwell/ami/src/cmd/ami/build_run.go:155.9,155.70 1 0
github.com/sam-caldwell/ami/src/cmd/ami/build_run.go:160.5,161.64 2 1
github.com/sam-caldwell/ami/src/cmd/ami/build_run.go:161.64,165.67 4 1
github.com/sam-caldwell/ami/src/cmd/ami/build_run.go:165.67,167.10 1 1
github.com/sam-caldwell/ami/src/cmd/ami/build_run.go:168.9,173.46 5 1
github.com/sam-caldwell/ami/src/cmd/ami/build_run.go:173.46,173.70 1 1
github.com/sam-caldwell/ami/src/cmd/ami/build_run.go:173.70,173.102 1 1
github.com/sam-caldwell/ami/src/cmd/ami/build_run.go:174.9,174.47 1 1
github.com/sam-caldwell/ami/src/cmd/ami/build_run.go:174.47,174.71 1 0
github.com/sam-caldwell/ami/src/cmd/ami/build_run.go:174.71,174.103 1 0
github.com/sam-caldwell/ami/src/cmd/ami/build_run.go:176.9,177.35 2 1
github.com/sam-caldwell/ami/src/cmd/ami/build_run.go:177.35,177.54 1 1
github.com/sam-caldwell/ami/src/cmd/ami/build_run.go:178.9,178.22 1 1
github.com/sam-caldwell/ami/src/cmd/ami/build_run.go:178.22,179.33 1 0
github.com/sam-caldwell/ami/src/cmd/ami/build_run.go:179.33,179.47 1 0
github.com/sam-caldwell/ami/src/cmd/ami/build_run.go:179.47,179.71 2 0
github.com/sam-caldwell/ami/src/cmd/ami/build_run.go:180.13,180.26 1 0
github.com/sam-caldwell/ami/src/cmd/ami/build_run.go:180.26,180.48 1 0
github.com/sam-caldwell/ami/src/cmd/ami/build_run.go:180.48,180.62 1 0
github.com/sam-caldwell/ami/src/cmd/ami/build_run.go:180.62,180.86 2 0
github.com/sam-caldwell/ami/src/cmd/ami/build_run.go:182.9,182.21 1 1
github.com/sam-caldwell/ami/src/cmd/ami/build_run.go:182.21,183.24 1 1
github.com/sam-caldwell/ami/src/cmd/ami/build_run.go:183.24,195.14 1 1
github.com/sam-caldwell/ami/src/cmd/ami/build_run.go:196.13,196.65 1 1
github.com/sam-caldwell/ami/src/cmd/ami/build_run.go:200.5,200.196 1 1
github.com/sam-caldwell/ami/src/cmd/ami/build_run.go:200.196,201.20 1 1
github.com/sam-caldwell/ami/src/cmd/ami/build_run.go:201.20,205.50 3 1
github.com/sam-caldwell/ami/src/cmd/ami/build_run.go:205.50,214.14 1 1
github.com/sam-caldwell/ami/src/cmd/ami/build_run.go:215.13,215.46 1 1
github.com/sam-caldwell/ami/src/cmd/ami/build_run.go:215.46,224.14 1 0
github.com/sam-caldwell/ami/src/cmd/ami/build_run.go:226.13,240.15 1 1
github.com/sam-caldwell/ami/src/cmd/ami/build_run.go:242.9,242.99 1 1
github.com/sam-caldwell/ami/src/cmd/ami/build_run.go:246.5,246.16 1 1
github.com/sam-caldwell/ami/src/cmd/ami/build_run.go:246.16,250.43 3 1
github.com/sam-caldwell/ami/src/cmd/ami/build_run.go:250.43,252.29 2 1
github.com/sam-caldwell/ami/src/cmd/ami/build_run.go:252.29,252.39 1 0
github.com/sam-caldwell/ami/src/cmd/ami/build_run.go:253.13,255.72 2 1
github.com/sam-caldwell/ami/src/cmd/ami/build_run.go:255.72,256.28 1 1
github.com/sam-caldwell/ami/src/cmd/ami/build_run.go:256.28,259.18 2 1
github.com/sam-caldwell/ami/src/cmd/ami/build_run.go:260.17,260.75 1 1
github.com/sam-caldwell/ami/src/cmd/ami/build_run.go:263.13,264.90 2 1
github.com/sam-caldwell/ami/src/cmd/ami/build_run.go:264.90,265.44 1 1
github.com/sam-caldwell/ami/src/cmd/ami/build_run.go:265.44,265.58 1 1
github.com/sam-caldwell/ami/src/cmd/ami/build_run.go:266.17,266.49 1 1
github.com/sam-caldwell/ami/src/cmd/ami/build_run.go:266.49,266.80 1 1
github.com/sam-caldwell/ami/src/cmd/ami/build_run.go:267.17,267.27 1 1
github.com/sam-caldwell/ami/src/cmd/ami/build_run.go:269.13,269.32 1 1
github.com/sam-caldwell/ami/src/cmd/ami/build_run.go:269.32,269.42 1 1
github.com/sam-caldwell/ami/src/cmd/ami/build_run.go:270.13,271.37 2 1
github.com/sam-caldwell/ami/src/cmd/ami/build_run.go:271.37,273.31 2 1
github.com/sam-caldwell/ami/src/cmd/ami/build_run.go:273.31,273.41 1 0
github.com/sam-caldwell/ami/src/cmd/ami/build_run.go:274.17,274.41 1 1
github.com/sam-caldwell/ami/src/cmd/ami/build_run.go:276.13,276.80 1 1
github.com/sam-caldwell/ami/src/cmd/ami/build_run.go:278.9,278.29 1 1
github.com/sam-caldwell/ami/src/cmd/ami/build_run.go:278.29,284.49 4 1
github.com/sam-caldwell/ami/src/cmd/ami/build_run.go:284.49,285.67 1 1
github.com/sam-caldwell/ami/src/cmd/ami/build_run.go:285.67,285.105 1 1
github.com/sam-caldwell/ami/src/cmd/ami/build_run.go:287.17,287.64 1 1
github.com/sam-caldwell/ami/src/cmd/ami/build_run.go:287.64,288.71 1 1
github.com/sam-caldwell/ami/src/cmd/ami/build_run.go:288.71,288.148 1 1
github.com/sam-caldwell/ami/src/cmd/ami/build_run.go:289.23,289.89 1 0
github.com/sam-caldwell/ami/src/cmd/ami/build_run.go:291.13,292.32 2 1
github.com/sam-caldwell/ami/src/cmd/ami/build_run.go:295.9,313.39 4 1
github.com/sam-caldwell/ami/src/cmd/ami/build_run.go:313.39,316.121 2 1
github.com/sam-caldwell/ami/src/cmd/ami/build_run.go:316.121,316.142 1 1
github.com/sam-caldwell/ami/src/cmd/ami/build_run.go:317.13,320.67 3 1
github.com/sam-caldwell/ami/src/cmd/ami/build_run.go:320.67,323.14 2 1
github.com/sam-caldwell/ami/src/cmd/ami/build_run.go:325.13,326.68 2 1
github.com/sam-caldwell/ami/src/cmd/ami/build_run.go:326.68,327.43 1 1
github.com/sam-caldwell/ami/src/cmd/ami/build_run.go:327.43,327.93 1 1
github.com/sam-caldwell/ami/src/cmd/ami/build_run.go:327.93,327.137 1 1
github.com/sam-caldwell/ami/src/cmd/ami/build_run.go:330.13,331.69 2 1
github.com/sam-caldwell/ami/src/cmd/ami/build_run.go:331.69,332.69 1 1
github.com/sam-caldwell/ami/src/cmd/ami/build_run.go:332.69,332.113 1 1
github.com/sam-caldwell/ami/src/cmd/ami/build_run.go:334.13,335.71 2 1
github.com/sam-caldwell/ami/src/cmd/ami/build_run.go:335.71,336.71 1 1
github.com/sam-caldwell/ami/src/cmd/ami/build_run.go:336.71,336.125 1 1
github.com/sam-caldwell/ami/src/cmd/ami/build_run.go:338.13,339.70 2 1
github.com/sam-caldwell/ami/src/cmd/ami/build_run.go:339.70,340.70 1 1
github.com/sam-caldwell/ami/src/cmd/ami/build_run.go:340.70,340.128 1 1
github.com/sam-caldwell/ami/src/cmd/ami/build_run.go:344.9,344.26 1 1
github.com/sam-caldwell/ami/src/cmd/ami/build_run.go:344.26,347.38 3 1
github.com/sam-caldwell/ami/src/cmd/ami/build_run.go:347.38,349.47 2 1
github.com/sam-caldwell/ami/src/cmd/ami/build_run.go:349.47,351.76 2 1
github.com/sam-caldwell/ami/src/cmd/ami/build_run.go:351.76,352.51 1 1
github.com/sam-caldwell/ami/src/cmd/ami/build_run.go:352.51,352.101 1 1
github.com/sam-caldwell/ami/src/cmd/ami/build_run.go:352.101,352.129 1 1
github.com/sam-caldwell/ami/src/cmd/ami/build_run.go:355.21,356.75 2 1
github.com/sam-caldwell/ami/src/cmd/ami/build_run.go:356.75,357.77 1 1
github.com/sam-caldwell/ami/src/cmd/ami/build_run.go:357.77,357.143 1 1
github.com/sam-caldwell/ami/src/cmd/ami/build_run.go:360.17,360.34 1 1
github.com/sam-caldwell/ami/src/cmd/ami/build_run.go:360.34,360.87 2 1
github.com/sam-caldwell/ami/src/cmd/ami/build_run.go:362.13,362.44 1 1
github.com/sam-caldwell/ami/src/cmd/ami/build_run.go:362.44,362.71 1 1
github.com/sam-caldwell/ami/src/cmd/ami/build_run.go:363.13,363.45 1 1
github.com/sam-caldwell/ami/src/cmd/ami/build_run.go:363.45,363.73 1 1
github.com/sam-caldwell/ami/src/cmd/ami/build_run.go:365.9,365.99 1 1
github.com/sam-caldwell/ami/src/cmd/ami/build_run.go:365.99,368.10 2 1
github.com/sam-caldwell/ami/src/cmd/ami/build_run.go:372.5,372.16 1 1
github.com/sam-caldwell/ami/src/cmd/ami/build_run.go:372.16,375.43 2 1
github.com/sam-caldwell/ami/src/cmd/ami/build_run.go:375.43,377.29 2 1
github.com/sam-caldwell/ami/src/cmd/ami/build_run.go:377.29,377.39 1 0
github.com/sam-caldwell/ami/src/cmd/ami/build_run.go:378.13,380.90 3 1
github.com/sam-caldwell/ami/src/cmd/ami/build_run.go:380.90,381.44 1 1
github.com/sam-caldwell/ami/src/cmd/ami/build_run.go:381.44,381.58 1 1
github.com/sam-caldwell/ami/src/cmd/ami/build_run.go:382.17,382.49 1 1
github.com/sam-caldwell/ami/src/cmd/ami/build_run.go:382.49,382.80 1 1
github.com/sam-caldwell/ami/src/cmd/ami/build_run.go:383.17,383.27 1 1
github.com/sam-caldwell/ami/src/cmd/ami/build_run.go:385.13,385.32 1 1
github.com/sam-caldwell/ami/src/cmd/ami/build_run.go:385.32,385.42 1 1
github.com/sam-caldwell/ami/src/cmd/ami/build_run.go:386.13,387.37 2 1
github.com/sam-caldwell/ami/src/cmd/ami/build_run.go:387.37,387.79 2 1
github.com/sam-caldwell/ami/src/cmd/ami/build_run.go:387.79,387.107 1 1
github.com/sam-caldwell/ami/src/cmd/ami/build_run.go:388.13,388.74 1 1
github.com/sam-caldwell/ami/src/cmd/ami/build_run.go:390.9,390.26 1 1
github.com/sam-caldwell/ami/src/cmd/ami/build_run.go:390.26,392.49 2 1
github.com/sam-caldwell/ami/src/cmd/ami/build_run.go:392.49,393.67 1 0
github.com/sam-caldwell/ami/src/cmd/ami/build_run.go:393.67,393.105 1 0
github.com/sam-caldwell/ami/src/cmd/ami/build_run.go:395.13,399.31 5 1
github.com/sam-caldwell/ami/src/cmd/ami/build_run.go:399.31,401.38 2 1
github.com/sam-caldwell/ami/src/cmd/ami/build_run.go:401.38,401.66 1 1
github.com/sam-caldwell/ami/src/cmd/ami/build_run.go:402.17,402.76 1 1
github.com/sam-caldwell/ami/src/cmd/ami/build_run.go:408.5,410.43 2 1
github.com/sam-caldwell/ami/src/cmd/ami/build_run.go:410.43,412.29 2 1
github.com/sam-caldwell/ami/src/cmd/ami/build_run.go:412.29,412.39 1 0
github.com/sam-caldwell/ami/src/cmd/ami/build_run.go:413.13,415.90 3 1
github.com/sam-caldwell/ami/src/cmd/ami/build_run.go:415.90,416.44 1 1
github.com/sam-caldwell/ami/src/cmd/ami/build_run.go:416.44,416.58 1 1
github.com/sam-caldwell/ami/src/cmd/ami/build_run.go:417.17,417.49 1 1
github.com/sam-caldwell/ami/src/cmd/ami/build_run.go:417.49,417.80 1 1
github.com/sam-caldwell/ami/src/cmd/ami/build_run.go:418.17,418.27 1 1
github.com/sam-caldwell/ami/src/cmd/ami/build_run.go:420.13,420.32 1 1
github.com/sam-caldwell/ami/src/cmd/ami/build_run.go:420.32,420.42 1 1
github.com/sam-caldwell/ami/src/cmd/ami/build_run.go:421.13,422.37 2 1
github.com/sam-caldwell/ami/src/cmd/ami/build_run.go:422.37,422.79 2 1
github.com/sam-caldwell/ami/src/cmd/ami/build_run.go:422.79,422.107 1 1
github.com/sam-caldwell/ami/src/cmd/ami/build_run.go:423.13,423.74 1 1
github.com/sam-caldwell/ami/src/cmd/ami/build_run.go:425.9,425.26 1 1
github.com/sam-caldwell/ami/src/cmd/ami/build_run.go:425.26,431.10 4 1
github.com/sam-caldwell/ami/src/cmd/ami/build_run.go:435.5,435.21 1 1
github.com/sam-caldwell/ami/src/cmd/ami/build_run.go:435.21,437.24 2 1
github.com/sam-caldwell/ami/src/cmd/ami/build_run.go:437.24,438.49 1 0
github.com/sam-caldwell/ami/src/cmd/ami/build_run.go:438.49,438.120 1 0
github.com/sam-caldwell/ami/src/cmd/ami/build_run.go:439.15,442.73 2 1
github.com/sam-caldwell/ami/src/cmd/ami/build_run.go:442.73,442.94 1 1
github.com/sam-caldwell/ami/src/cmd/ami/build_run.go:445.13,446.38 2 1
github.com/sam-caldwell/ami/src/cmd/ami/build_run.go:446.38,447.54 1 1
github.com/sam-caldwell/ami/src/cmd/ami/build_run.go:447.54,447.64 1 1
github.com/sam-caldwell/ami/src/cmd/ami/build_run.go:449.17,450.47 2 1
github.com/sam-caldwell/ami/src/cmd/ami/build_run.go:450.47,452.76 2 1
github.com/sam-caldwell/ami/src/cmd/ami/build_run.go:452.76,452.111 1 1
github.com/sam-caldwell/ami/src/cmd/ami/build_run.go:454.17,454.35 1 1
github.com/sam-caldwell/ami/src/cmd/ami/build_run.go:454.35,454.45 1 1
github.com/sam-caldwell/ami/src/cmd/ami/build_run.go:455.17,458.91 4 1
github.com/sam-caldwell/ami/src/cmd/ami/build_run.go:458.91,460.99 2 1
github.com/sam-caldwell/ami/src/cmd/ami/build_run.go:460.99,466.106 6 1
github.com/sam-caldwell/ami/src/cmd/ami/build_run.go:466.106,467.65 1 1
github.com/sam-caldwell/ami/src/cmd/ami/build_run.go:467.65,467.161 1 0
github.com/sam-caldwell/ami/src/cmd/ami/build_run.go:468.29,468.40 1 1
github.com/sam-caldwell/ami/src/cmd/ami/build_run.go:468.40,470.73 2 0
github.com/sam-caldwell/ami/src/cmd/ami/build_run.go:470.73,470.105 1 0
github.com/sam-caldwell/ami/src/cmd/ami/build_run.go:471.33,471.67 1 0
github.com/sam-caldwell/ami/src/cmd/ami/build_run.go:473.31,473.68 1 1
github.com/sam-caldwell/ami/src/cmd/ami/build_run.go:473.68,475.26 1 0
github.com/sam-caldwell/ami/src/cmd/ami/build_run.go:476.27,476.64 1 0
github.com/sam-caldwell/ami/src/cmd/ami/build_run.go:476.64,478.22 1 0
github.com/sam-caldwell/ami/src/cmd/ami/build_run.go:479.23,479.60 1 0
github.com/sam-caldwell/ami/src/cmd/ami/build_run.go:479.60,481.18 1 0
github.com/sam-caldwell/ami/src/cmd/ami/build_run.go:486.13,486.59 1 1
github.com/sam-caldwell/ami/src/cmd/ami/build_run.go:486.59,487.75 1 1
github.com/sam-caldwell/ami/src/cmd/ami/build_run.go:487.76,487.103 0 1
github.com/sam-caldwell/ami/src/cmd/ami/build_run.go:487.108,489.47 2 1
github.com/sam-caldwell/ami/src/cmd/ami/build_run.go:489.47,491.76 2 1
github.com/sam-caldwell/ami/src/cmd/ami/build_run.go:491.76,491.117 1 1
github.com/sam-caldwell/ami/src/cmd/ami/build_run.go:493.17,493.37 1 1
github.com/sam-caldwell/ami/src/cmd/ami/build_run.go:493.37,495.38 2 1
github.com/sam-caldwell/ami/src/cmd/ami/build_run.go:495.38,495.78 1 1
github.com/sam-caldwell/ami/src/cmd/ami/build_run.go:496.21,497.95 2 1
github.com/sam-caldwell/ami/src/cmd/ami/build_run.go:497.95,499.103 2 1
github.com/sam-caldwell/ami/src/cmd/ami/build_run.go:499.103,502.63 3 1
github.com/sam-caldwell/ami/src/cmd/ami/build_run.go:502.63,502.106 1 1
github.com/sam-caldwell/ami/src/cmd/ami/build_run.go:503.29,506.46 4 1
github.com/sam-caldwell/ami/src/cmd/ami/build_run.go:506.46,506.64 1 1
github.com/sam-caldwell/ami/src/cmd/ami/build_run.go:507.29,508.113 2 1
github.com/sam-caldwell/ami/src/cmd/ami/build_run.go:508.113,509.69 1 1
github.com/sam-caldwell/ami/src/cmd/ami/build_run.go:509.69,509.153 1 0
github.com/sam-caldwell/ami/src/cmd/ami/build_run.go:510.33,510.44 1 1
github.com/sam-caldwell/ami/src/cmd/ami/build_run.go:510.44,512.77 2 0
github.com/sam-caldwell/ami/src/cmd/ami/build_run.go:512.77,512.96 1 0
github.com/sam-caldwell/ami/src/cmd/ami/build_run.go:512.96,512.125 1 0
github.com/sam-caldwell/ami/src/cmd/ami/build_run.go:512.127,512.155 1 0
github.com/sam-caldwell/ami/src/cmd/ami/build_run.go:513.37,513.71 1 0
github.com/sam-caldwell/ami/src/cmd/ami/build_run.go:515.35,515.72 1 1
github.com/sam-caldwell/ami/src/cmd/ami/build_run.go:515.72,517.30 1 1
github.com/sam-caldwell/ami/src/cmd/ami/build_run.go:518.31,518.68 1 0
github.com/sam-caldwell/ami/src/cmd/ami/build_run.go:518.68,520.26 1 0
github.com/sam-caldwell/ami/src/cmd/ami/build_run.go:521.27,521.64 1 0
github.com/sam-caldwell/ami/src/cmd/ami/build_run.go:521.64,523.22 1 0
github.com/sam-caldwell/ami/src/cmd/ami/build_run.go:533.5,537.39 4 1
github.com/sam-caldwell/ami/src/cmd/ami/build_run.go:537.39,539.67 2 1
github.com/sam-caldwell/ami/src/cmd/ami/build_run.go:539.67,542.14 2 1
github.com/sam-caldwell/ami/src/cmd/ami/build_run.go:545.9,548.67 4 1
github.com/sam-caldwell/ami/src/cmd/ami/build_run.go:548.67,549.53 1 1
github.com/sam-caldwell/ami/src/cmd/ami/build_run.go:549.53,549.76 1 1
github.com/sam-caldwell/ami/src/cmd/ami/build_run.go:551.9,561.39 5 1
github.com/sam-caldwell/ami/src/cmd/ami/build_run.go:561.39,563.68 2 1
github.com/sam-caldwell/ami/src/cmd/ami/build_run.go:563.68,564.43 1 1
github.com/sam-caldwell/ami/src/cmd/ami/build_run.go:564.43,565.69 1 1
github.com/sam-caldwell/ami/src/cmd/ami/build_run.go:565.69,568.22 2 1
github.com/sam-caldwell/ami/src/cmd/ami/build_run.go:572.9,572.29 1 1
github.com/sam-caldwell/ami/src/cmd/ami/build_run.go:572.29,572.83 2 1
github.com/sam-caldwell/ami/src/cmd/ami/build_run.go:573.9,573.31 1 1
github.com/sam-caldwell/ami/src/cmd/ami/build_run.go:573.31,573.66 1 1
github.com/sam-caldwell/ami/src/cmd/ami/build_run.go:575.9,575.34 1 1
github.com/sam-caldwell/ami/src/cmd/ami/build_run.go:575.34,576.60 1 1
github.com/sam-caldwell/ami/src/cmd/ami/build_run.go:576.60,578.14 1 1
github.com/sam-caldwell/ami/src/cmd/ami/build_run.go:581.9,582.90 2 1
github.com/sam-caldwell/ami/src/cmd/ami/build_run.go:582.90,583.27 1 1
github.com/sam-caldwell/ami/src/cmd/ami/build_run.go:583.27,583.41 1 0
github.com/sam-caldwell/ami/src/cmd/ami/build_run.go:584.13,584.26 1 1
github.com/sam-caldwell/ami/src/cmd/ami/build_run.go:584.26,587.53 2 1
github.com/sam-caldwell/ami/src/cmd/ami/build_run.go:587.53,587.80 1 1
github.com/sam-caldwell/ami/src/cmd/ami/build_run.go:588.17,588.27 1 1
github.com/sam-caldwell/ami/src/cmd/ami/build_run.go:591.13,591.46 1 1
github.com/sam-caldwell/ami/src/cmd/ami/build_run.go:591.46,593.58 2 1
github.com/sam-caldwell/ami/src/cmd/ami/build_run.go:593.58,594.74 1 1
github.com/sam-caldwell/ami/src/cmd/ami/build_run.go:594.74,594.102 1 1
github.com/sam-caldwell/ami/src/cmd/ami/build_run.go:597.13,597.23 1 1
github.com/sam-caldwell/ami/src/cmd/ami/build_run.go:599.9,599.26 1 1
github.com/sam-caldwell/ami/src/cmd/ami/build_run.go:599.26,602.10 2 1
github.com/sam-caldwell/ami/src/cmd/ami/build_run.go:604.9,605.34 2 1
github.com/sam-caldwell/ami/src/cmd/ami/build_run.go:605.34,608.92 3 1
github.com/sam-caldwell/ami/src/cmd/ami/build_run.go:608.92,609.31 1 1
github.com/sam-caldwell/ami/src/cmd/ami/build_run.go:609.31,609.45 1 1
github.com/sam-caldwell/ami/src/cmd/ami/build_run.go:610.17,610.30 1 1
github.com/sam-caldwell/ami/src/cmd/ami/build_run.go:610.30,610.44 1 1
github.com/sam-caldwell/ami/src/cmd/ami/build_run.go:611.17,611.50 1 1
github.com/sam-caldwell/ami/src/cmd/ami/build_run.go:611.50,613.62 2 1
github.com/sam-caldwell/ami/src/cmd/ami/build_run.go:613.62,614.78 1 1
github.com/sam-caldwell/ami/src/cmd/ami/build_run.go:614.78,614.106 1 1
github.com/sam-caldwell/ami/src/cmd/ami/build_run.go:617.17,617.27 1 1
github.com/sam-caldwell/ami/src/cmd/ami/build_run.go:619.13,619.30 1 1
github.com/sam-caldwell/ami/src/cmd/ami/build_run.go:619.30,619.75 2 1
github.com/sam-caldwell/ami/src/cmd/ami/build_run.go:621.9,621.31 1 1
github.com/sam-caldwell/ami/src/cmd/ami/build_run.go:621.31,621.70 1 1
github.com/sam-caldwell/ami/src/cmd/ami/build_run.go:623.9,625.34 3 1
github.com/sam-caldwell/ami/src/cmd/ami/build_run.go:625.34,627.43 2 1
github.com/sam-caldwell/ami/src/cmd/ami/build_run.go:627.43,629.72 2 1
github.com/sam-caldwell/ami/src/cmd/ami/build_run.go:629.72,630.47 1 1
github.com/sam-caldwell/ami/src/cmd/ami/build_run.go:630.47,630.97 1 1
github.com/sam-caldwell/ami/src/cmd/ami/build_run.go:630.97,630.125 1 1
github.com/sam-caldwell/ami/src/cmd/ami/build_run.go:632.17,633.71 2 1
github.com/sam-caldwell/ami/src/cmd/ami/build_run.go:633.71,634.73 1 1
github.com/sam-caldwell/ami/src/cmd/ami/build_run.go:634.73,634.129 1 1
github.com/sam-caldwell/ami/src/cmd/ami/build_run.go:637.13,637.30 1 1
github.com/sam-caldwell/ami/src/cmd/ami/build_run.go:637.30,637.78 2 1
github.com/sam-caldwell/ami/src/cmd/ami/build_run.go:639.9,639.34 1 1
github.com/sam-caldwell/ami/src/cmd/ami/build_run.go:639.34,639.75 1 1
github.com/sam-caldwell/ami/src/cmd/ami/build_run.go:640.9,640.35 1 1
github.com/sam-caldwell/ami/src/cmd/ami/build_run.go:640.35,640.78 1 1
github.com/sam-caldwell/ami/src/cmd/ami/build_run.go:641.9,641.20 1 1
github.com/sam-caldwell/ami/src/cmd/ami/build_run.go:641.20,645.43 2 1
github.com/sam-caldwell/ami/src/cmd/ami/build_run.go:645.43,647.72 2 1
github.com/sam-caldwell/ami/src/cmd/ami/build_run.go:647.72,648.47 1 1
github.com/sam-caldwell/ami/src/cmd/ami/build_run.go:648.47,648.97 1 1
github.com/sam-caldwell/ami/src/cmd/ami/build_run.go:648.97,648.135 1 1
github.com/sam-caldwell/ami/src/cmd/ami/build_run.go:651.17,652.72 2 1
github.com/sam-caldwell/ami/src/cmd/ami/build_run.go:652.72,653.47 1 1
github.com/sam-caldwell/ami/src/cmd/ami/build_run.go:653.47,653.97 1 1
github.com/sam-caldwell/ami/src/cmd/ami/build_run.go:653.97,653.135 1 1
github.com/sam-caldwell/ami/src/cmd/ami/build_run.go:656.17,657.72 2 1
github.com/sam-caldwell/ami/src/cmd/ami/build_run.go:657.72,658.47 1 1
github.com/sam-caldwell/ami/src/cmd/ami/build_run.go:658.47,658.97 1 1
github.com/sam-caldwell/ami/src/cmd/ami/build_run.go:658.97,658.135 1 1
github.com/sam-caldwell/ami/src/cmd/ami/build_run.go:661.17,662.71 2 1
github.com/sam-caldwell/ami/src/cmd/ami/build_run.go:662.71,662.123 1 1
github.com/sam-caldwell/ami/src/cmd/ami/build_run.go:662.123,662.161 1 1
github.com/sam-caldwell/ami/src/cmd/ami/build_run.go:664.13,664.35 1 1
github.com/sam-caldwell/ami/src/cmd/ami/build_run.go:664.35,664.91 2 1
github.com/sam-caldwell/ami/src/cmd/ami/build_run.go:666.9,667.23 2 1
github.com/sam-caldwell/ami/src/cmd/ami/build_run.go:667.23,670.10 2 1
github.com/sam-caldwell/ami/src/cmd/ami/build_run.go:673.5,673.16 1 1
github.com/sam-caldwell/ami/src/cmd/ami/build_run.go:673.16,676.39 2 1
github.com/sam-caldwell/ami/src/cmd/ami/build_run.go:676.39,678.67 2 1
github.com/sam-caldwell/ami/src/cmd/ami/build_run.go:678.67,679.69 1 1
github.com/sam-caldwell/ami/src/cmd/ami/build_run.go:679.69,679.101 1 1
github.com/sam-caldwell/ami/src/cmd/ami/build_run.go:682.9,685.109 3 1
github.com/sam-caldwell/ami/src/cmd/ami/build_run.go:685.109,686.27 1 1
github.com/sam-caldwell/ami/src/cmd/ami/build_run.go:686.27,686.41 1 0
github.com/sam-caldwell/ami/src/cmd/ami/build_run.go:687.13,687.26 1 1
github.com/sam-caldwell/ami/src/cmd/ami/build_run.go:687.26,689.47 2 1
github.com/sam-caldwell/ami/src/cmd/ami/build_run.go:689.47,689.74 1 1
github.com/sam-caldwell/ami/src/cmd/ami/build_run.go:690.17,690.27 1 1
github.com/sam-caldwell/ami/src/cmd/ami/build_run.go:692.13,692.46 1 1
github.com/sam-caldwell/ami/src/cmd/ami/build_run.go:692.46,694.58 2 1
github.com/sam-caldwell/ami/src/cmd/ami/build_run.go:694.58,695.74 1 1
github.com/sam-caldwell/ami/src/cmd/ami/build_run.go:695.74,695.102 1 1
github.com/sam-caldwell/ami/src/cmd/ami/build_run.go:698.13,698.23 1 1
github.com/sam-caldwell/ami/src/cmd/ami/build_run.go:700.9,700.26 1 1
github.com/sam-caldwell/ami/src/cmd/ami/build_run.go:700.26,700.48 1 1
github.com/sam-caldwell/ami/src/cmd/ami/build_run.go:702.9,705.34 4 1
github.com/sam-caldwell/ami/src/cmd/ami/build_run.go:705.34,708.43 2 1
github.com/sam-caldwell/ami/src/cmd/ami/build_run.go:708.43,710.72 2 1
github.com/sam-caldwell/ami/src/cmd/ami/build_run.go:710.72,711.47 1 1
github.com/sam-caldwell/ami/src/cmd/ami/build_run.go:711.47,711.97 1 1
github.com/sam-caldwell/ami/src/cmd/ami/build_run.go:711.97,711.125 1 1
github.com/sam-caldwell/ami/src/cmd/ami/build_run.go:713.17,714.71 2 1
github.com/sam-caldwell/ami/src/cmd/ami/build_run.go:714.71,715.73 1 1
github.com/sam-caldwell/ami/src/cmd/ami/build_run.go:715.73,715.129 1 1
github.com/sam-caldwell/ami/src/cmd/ami/build_run.go:718.13,718.30 1 1
github.com/sam-caldwell/ami/src/cmd/ami/build_run.go:718.30,718.78 2 1
github.com/sam-caldwell/ami/src/cmd/ami/build_run.go:720.13,722.92 3 1
github.com/sam-caldwell/ami/src/cmd/ami/build_run.go:722.92,723.31 1 1
github.com/sam-caldwell/ami/src/cmd/ami/build_run.go:723.31,723.45 1 1
github.com/sam-caldwell/ami/src/cmd/ami/build_run.go:724.17,724.30 1 1
github.com/sam-caldwell/ami/src/cmd/ami/build_run.go:724.30,724.44 1 1
github.com/sam-caldwell/ami/src/cmd/ami/build_run.go:725.17,725.50 1 1
github.com/sam-caldwell/ami/src/cmd/ami/build_run.go:725.50,727.62 2 1
github.com/sam-caldwell/ami/src/cmd/ami/build_run.go:727.62,728.78 1 1
github.com/sam-caldwell/ami/src/cmd/ami/build_run.go:728.78,728.108 1 1
github.com/sam-caldwell/ami/src/cmd/ami/build_run.go:731.17,731.27 1 1
github.com/sam-caldwell/ami/src/cmd/ami/build_run.go:733.13,733.31 1 1
github.com/sam-caldwell/ami/src/cmd/ami/build_run.go:733.31,733.82 2 1
github.com/sam-caldwell/ami/src/cmd/ami/build_run.go:735.9,735.35 1 1
github.com/sam-caldwell/ami/src/cmd/ami/build_run.go:735.35,735.57 1 1
github.com/sam-caldwell/ami/src/cmd/ami/build_run.go:736.9,736.36 1 1
github.com/sam-caldwell/ami/src/cmd/ami/build_run.go:736.36,736.59 1 1
github.com/sam-caldwell/ami/src/cmd/ami/build_run.go:737.9,737.36 1 1
github.com/sam-caldwell/ami/src/cmd/ami/build_run.go:737.36,737.59 1 1
github.com/sam-caldwell/ami/src/cmd/ami/build_run.go:738.9,755.48 2 1
github.com/sam-caldwell/ami/src/cmd/ami/build_run.go:756.11,759.39 2 1
github.com/sam-caldwell/ami/src/cmd/ami/build_run.go:759.39,761.68 2 1
github.com/sam-caldwell/ami/src/cmd/ami/build_run.go:761.68,761.96 1 1
github.com/sam-caldwell/ami/src/cmd/ami/build_run.go:763.9,765.109 3 1
github.com/sam-caldwell/ami/src/cmd/ami/build_run.go:765.109,766.27 1 1
github.com/sam-caldwell/ami/src/cmd/ami/build_run.go:766.27,766.41 1 0
github.com/sam-caldwell/ami/src/cmd/ami/build_run.go:767.13,767.26 1 1
github.com/sam-caldwell/ami/src/cmd/ami/build_run.go:767.26,769.47 2 1
github.com/sam-caldwell/ami/src/cmd/ami/build_run.go:769.47,769.74 1 1
github.com/sam-caldwell/ami/src/cmd/ami/build_run.go:770.17,770.27 1 1
github.com/sam-caldwell/ami/src/cmd/ami/build_run.go:772.13,772.46 1 1
github.com/sam-caldwell/ami/src/cmd/ami/build_run.go:772.46,774.58 2 1
github.com/sam-caldwell/ami/src/cmd/ami/build_run.go:774.58,775.74 1 1
github.com/sam-caldwell/ami/src/cmd/ami/build_run.go:775.74,777.43 2 1
github.com/sam-caldwell/ami/src/cmd/ami/build_run.go:777.43,777.61 1 1
github.com/sam-caldwell/ami/src/cmd/ami/build_run.go:781.13,781.23 1 1
github.com/sam-caldwell/ami/src/cmd/ami/build_run.go:783.9,783.25 1 1
github.com/sam-caldwell/ami/src/cmd/ami/build_run.go:783.25,786.10 2 1
github.com/sam-caldwell/ami/src/cmd/ami/build_run.go:787.9,788.19 2 1
github.com/sam-caldwell/ami/src/cmd/ami/cache.go:14.33,16.20 2 1
github.com/sam-caldwell/ami/src/cmd/ami/cache.go:16.20,18.23 2 1
github.com/sam-caldwell/ami/src/cmd/ami/cache.go:18.23,21.10 1 0
github.com/sam-caldwell/ami/src/cmd/ami/cache.go:22.9,24.50 2 1
github.com/sam-caldwell/ami/src/cmd/ami/cache.go:26.5,26.53 1 1
github.com/sam-caldwell/ami/src/cmd/ami/cache.go:26.53,27.61 1 1
github.com/sam-caldwell/ami/src/cmd/ami/cache.go:27.61,29.10 1 0
github.com/sam-caldwell/ami/src/cmd/ami/cache.go:31.5,31.15 1 1
github.com/sam-caldwell/ami/src/cmd/ami/clean_cmd.go:9.35,15.61 2 1
github.com/sam-caldwell/ami/src/cmd/ami/clean_cmd.go:15.61,18.27 2 1
github.com/sam-caldwell/ami/src/cmd/ami/clean_cmd.go:18.27,20.14 1 0
github.com/sam-caldwell/ami/src/cmd/ami/clean_cmd.go:21.13,21.60 1 1
github.com/sam-caldwell/ami/src/cmd/ami/clean_cmd.go:24.5,25.15 2 1
github.com/sam-caldwell/ami/src/cmd/ami/clean_run.go:23.62,25.41 2 1
github.com/sam-caldwell/ami/src/cmd/ami/clean_run.go:25.41,27.6 1 1
github.com/sam-caldwell/ami/src/cmd/ami/clean_run.go:30.5,33.66 4 1
github.com/sam-caldwell/ami/src/cmd/ami/clean_run.go:33.66,36.6 2 1
github.com/sam-caldwell/ami/src/cmd/ami/clean_run.go:36.11,36.26 1 1
github.com/sam-caldwell/ami/src/cmd/ami/clean_run.go:36.26,37.47 1 1
github.com/sam-caldwell/ami/src/cmd/ami/clean_run.go:37.47,38.24 1 0
github.com/sam-caldwell/ami/src/cmd/ami/clean_run.go:38.24,40.14 1 0
github.com/sam-caldwell/ami/src/cmd/ami/clean_run.go:41.13,41.74 1 0
github.com/sam-caldwell/ami/src/cmd/ami/clean_run.go:43.9,43.47 1 1
github.com/sam-caldwell/ami/src/cmd/ami/clean_run.go:43.47,45.10 1 0
github.com/sam-caldwell/ami/src/cmd/ami/clean_run.go:45.15,47.10 1 1
github.com/sam-caldwell/ami/src/cmd/ami/clean_run.go:48.11,49.20 1 0
github.com/sam-caldwell/ami/src/cmd/ami/clean_run.go:49.20,51.10 1 0
github.com/sam-caldwell/ami/src/cmd/ami/clean_run.go:52.9,52.60 1 0
github.com/sam-caldwell/ami/src/cmd/ami/clean_run.go:56.5,56.31 1 1
github.com/sam-caldwell/ami/src/cmd/ami/clean_run.go:56.31,57.20 1 1
github.com/sam-caldwell/ami/src/cmd/ami/clean_run.go:57.20,60.10 2 1
github.com/sam-caldwell/ami/src/cmd/ami/clean_run.go:61.9,61.45 1 1
github.com/sam-caldwell/ami/src/cmd/ami/clean_run.go:61.45,63.10 1 0
github.com/sam-caldwell/ami/src/cmd/ami/clean_run.go:64.9,64.100 1 1
github.com/sam-caldwell/ami/src/cmd/ami/clean_run.go:67.5,71.49 3 1
github.com/sam-caldwell/ami/src/cmd/ami/clean_run.go:71.49,72.20 1 1
github.com/sam-caldwell/ami/src/cmd/ami/clean_run.go:72.20,74.10 1 1
github.com/sam-caldwell/ami/src/cmd/ami/clean_run.go:75.9,75.78 1 1
github.com/sam-caldwell/ami/src/cmd/ami/clean_run.go:77.5,78.41 2 1
github.com/sam-caldwell/ami/src/cmd/ami/clean_run.go:78.41,80.6 1 1
github.com/sam-caldwell/ami/src/cmd/ami/clean_run.go:83.5,83.55 1 1
github.com/sam-caldwell/ami/src/cmd/ami/clean_run.go:83.55,84.20 1 0
github.com/sam-caldwell/ami/src/cmd/ami/clean_run.go:84.20,86.10 1 0
github.com/sam-caldwell/ami/src/cmd/ami/clean_run.go:87.9,87.78 1 0
github.com/sam-caldwell/ami/src/cmd/ami/clean_run.go:89.5,90.41 2 1
github.com/sam-caldwell/ami/src/cmd/ami/clean_run.go:90.41,92.6 1 1
github.com/sam-caldwell/ami/src/cmd/ami/clean_run.go:94.5,94.16 1 1
github.com/sam-caldwell/ami/src/cmd/ami/clean_run.go:94.16,96.6 1 1
github.com/sam-caldwell/ami/src/cmd/ami/clean_run.go:98.5,99.15 2 1
github.com/sam-caldwell/ami/src/cmd/ami/events_cmd.go:6.36,13.2 2 1
github.com/sam-caldwell/ami/src/cmd/ami/events_schema_cmd.go:9.42,15.61 2 1
github.com/sam-caldwell/ami/src/cmd/ami/events_schema_cmd.go:15.61,16.22 1 1
github.com/sam-caldwell/ami/src/cmd/ami/events_schema_cmd.go:16.22,19.71 2 1
github.com/sam-caldwell/ami/src/cmd/ami/events_schema_cmd.go:19.71,21.18 1 0
github.com/sam-caldwell/ami/src/cmd/ami/events_schema_cmd.go:22.17,22.27 1 1
github.com/sam-caldwell/ami/src/cmd/ami/events_schema_cmd.go:25.13,25.23 1 0
github.com/sam-caldwell/ami/src/cmd/ami/events_schema_cmd.go:28.5,29.15 2 1
github.com/sam-caldwell/ami/src/cmd/ami/git_commit_digest.go:17.69,22.19 4 1
github.com/sam-caldwell/ami/src/cmd/ami/git_commit_digest.go:22.19,22.83 1 0
github.com/sam-caldwell/ami/src/cmd/ami/git_commit_digest.go:23.5,24.22 2 1
github.com/sam-caldwell/ami/src/cmd/ami/git_commit_digest.go:24.22,27.6 1 0
github.com/sam-caldwell/ami/src/cmd/ami/git_commit_digest.go:29.5,32.19 4 1
github.com/sam-caldwell/ami/src/cmd/ami/git_commit_digest.go:32.19,32.83 1 0
github.com/sam-caldwell/ami/src/cmd/ami/git_commit_digest.go:34.5,38.47 5 1
github.com/sam-caldwell/ami/src/cmd/ami/help_cmd.go:9.34,13.61 1 1
github.com/sam-caldwell/ami/src/cmd/ami/help_cmd.go:13.61,17.10 2 1
github.com/sam-caldwell/ami/src/cmd/ami/help_content.go:11.26,11.44 1 1
github.com/sam-caldwell/ami/src/cmd/ami/init_cmd.go:9.34,16.61 3 1
github.com/sam-caldwell/ami/src/cmd/ami/init_cmd.go:16.61,19.27 2 1
github.com/sam-caldwell/ami/src/cmd/ami/init_cmd.go:19.27,21.14 1 0
github.com/sam-caldwell/ami/src/cmd/ami/init_cmd.go:22.13,22.66 1 1
github.com/sam-caldwell/ami/src/cmd/ami/init_cmd.go:25.5,27.15 3 1
github.com/sam-caldwell/ami/src/cmd/ami/init_gitignore.go:9.52,11.46 2 1
github.com/sam-caldwell/ami/src/cmd/ami/init_gitignore.go:11.46,13.23 2 1
github.com/sam-caldwell/ami/src/cmd/ami/init_gitignore.go:13.23,15.10 1 1
github.com/sam-caldwell/ami/src/cmd/ami/init_gitignore.go:16.9,17.35 2 0
github.com/sam-caldwell/ami/src/cmd/ami/init_run.go:26.73,28.41 2 1
github.com/sam-caldwell/ami/src/cmd/ami/init_run.go:28.41,30.6 1 1
github.com/sam-caldwell/ami/src/cmd/ami/init_run.go:33.5,35.77 3 1
github.com/sam-caldwell/ami/src/cmd/ami/init_run.go:35.77,39.58 3 1
github.com/sam-caldwell/ami/src/cmd/ami/init_run.go:39.58,41.10 1 0
github.com/sam-caldwell/ami/src/cmd/ami/init_run.go:42.9,44.45 3 1
github.com/sam-caldwell/ami/src/cmd/ami/init_run.go:44.45,46.10 1 0
github.com/sam-caldwell/ami/src/cmd/ami/init_run.go:47.11,47.26 1 1
github.com/sam-caldwell/ami/src/cmd/ami/init_run.go:47.26,49.58 1 1
github.com/sam-caldwell/ami/src/cmd/ami/init_run.go:49.58,51.10 1 0
github.com/sam-caldwell/ami/src/cmd/ami/init_run.go:53.9,53.18 1 1
github.com/sam-caldwell/ami/src/cmd/ami/init_run.go:53.18,57.33 3 1
github.com/sam-caldwell/ami/src/cmd/ami/init_run.go:57.33,60.14 2 0
github.com/sam-caldwell/ami/src/cmd/ami/init_run.go:62.13,62.51 1 1
github.com/sam-caldwell/ami/src/cmd/ami/init_run.go:62.51,65.14 2 1
github.com/sam-caldwell/ami/src/cmd/ami/init_run.go:66.13,66.52 1 1
github.com/sam-caldwell/ami/src/cmd/ami/init_run.go:66.52,69.14 2 1
github.com/sam-caldwell/ami/src/cmd/ami/init_run.go:70.13,70.71 1 1
github.com/sam-caldwell/ami/src/cmd/ami/init_run.go:70.71,76.14 3 1
github.com/sam-caldwell/ami/src/cmd/ami/init_run.go:77.13,77.24 1 1
github.com/sam-caldwell/ami/src/cmd/ami/init_run.go:77.24,78.66 1 1
github.com/sam-caldwell/ami/src/cmd/ami/init_run.go:78.66,80.18 1 0
github.com/sam-caldwell/ami/src/cmd/ami/init_run.go:82.17,85.53 4 1
github.com/sam-caldwell/ami/src/cmd/ami/init_run.go:85.53,87.18 1 1
github.com/sam-caldwell/ami/src/cmd/ami/init_run.go:90.11,92.6 1 0
github.com/sam-caldwell/ami/src/cmd/ami/init_run.go:95.5,96.43 2 1
github.com/sam-caldwell/ami/src/cmd/ami/init_run.go:96.43,98.6 1 0
github.com/sam-caldwell/ami/src/cmd/ami/init_run.go:99.5,99.96 1 1
github.com/sam-caldwell/ami/src/cmd/ami/init_run.go:99.96,101.6 1 0
github.com/sam-caldwell/ami/src/cmd/ami/init_run.go:103.5,105.41 3 1
github.com/sam-caldwell/ami/src/cmd/ami/init_run.go:105.41,107.6 1 1
github.com/sam-caldwell/ami/src/cmd/ami/init_run.go:110.5,111.46 2 1
github.com/sam-caldwell/ami/src/cmd/ami/init_run.go:111.46,112.25 1 1
github.com/sam-caldwell/ami/src/cmd/ami/init_run.go:112.25,114.10 1 0
github.com/sam-caldwell/ami/src/cmd/ami/init_run.go:115.9,115.78 1 1
github.com/sam-caldwell/ami/src/cmd/ami/init_run.go:115.78,117.10 1 0
github.com/sam-caldwell/ami/src/cmd/ami/init_run.go:118.9,119.45 2 1
github.com/sam-caldwell/ami/src/cmd/ami/init_run.go:119.45,121.10 1 1
github.com/sam-caldwell/ami/src/cmd/ami/init_run.go:123.5,126.66 2 1
github.com/sam-caldwell/ami/src/cmd/ami/init_run.go:126.66,128.6 1 1
github.com/sam-caldwell/ami/src/cmd/ami/init_run.go:128.11,128.21 1 1
github.com/sam-caldwell/ami/src/cmd/ami/init_run.go:128.21,130.55 1 1
github.com/sam-caldwell/ami/src/cmd/ami/init_run.go:130.55,133.45 3 0
github.com/sam-caldwell/ami/src/cmd/ami/init_run.go:133.45,135.14 1 0
github.com/sam-caldwell/ami/src/cmd/ami/init_run.go:136.13,137.78 2 0
github.com/sam-caldwell/ami/src/cmd/ami/init_run.go:138.15,141.10 2 1
github.com/sam-caldwell/ami/src/cmd/ami/init_run.go:142.11,145.20 2 1
github.com/sam-caldwell/ami/src/cmd/ami/init_run.go:145.20,148.10 2 1
github.com/sam-caldwell/ami/src/cmd/ami/init_run.go:149.9,149.77 1 1
github.com/sam-caldwell/ami/src/cmd/ami/init_run.go:153.5,155.41 3 1
github.com/sam-caldwell/ami/src/cmd/ami/init_run.go:155.41,157.6 1 1
github.com/sam-caldwell/ami/src/cmd/ami/init_run.go:159.5,159.16 1 1
github.com/sam-caldwell/ami/src/cmd/ami/init_run.go:159.16,162.6 2 1
github.com/sam-caldwell/ami/src/cmd/ami/init_run.go:164.5,165.41 2 1
github.com/sam-caldwell/ami/src/cmd/ami/init_run.go:165.41,167.6 1 1
github.com/sam-caldwell/ami/src/cmd/ami/init_run.go:167.11,167.27 1 1
github.com/sam-caldwell/ami/src/cmd/ami/init_run.go:167.27,169.6 1 1
github.com/sam-caldwell/ami/src/cmd/ami/init_run.go:169.11,171.6 1 1
github.com/sam-caldwell/ami/src/cmd/ami/init_run.go:172.5,173.15 2 1
github.com/sam-caldwell/ami/src/cmd/ami/lint_cmd.go:8.34,26.61 14 1
github.com/sam-caldwell/ami/src/cmd/ami/lint_cmd.go:26.61,28.49 2 1
github.com/sam-caldwell/ami/src/cmd/ami/lint_cmd.go:28.49,30.14 1 0
github.com/sam-caldwell/ami/src/cmd/ami/lint_cmd.go:32.13,43.77 3 1
github.com/sam-caldwell/ami/src/cmd/ami/lint_cmd.go:46.5,59.15 14 1
github.com/sam-caldwell/ami/src/cmd/ami/lint_crosspkg_constraints.go:14.73,16.18 2 1
github.com/sam-caldwell/ami/src/cmd/ami/lint_crosspkg_constraints.go:16.18,16.32 1 0
github.com/sam-caldwell/ami/src/cmd/ami/lint_crosspkg_constraints.go:17.5,24.36 5 1
github.com/sam-caldwell/ami/src/cmd/ami/lint_crosspkg_constraints.go:24.36,25.49 1 1
github.com/sam-caldwell/ami/src/cmd/ami/lint_crosspkg_constraints.go:25.49,27.94 2 1
github.com/sam-caldwell/ami/src/cmd/ami/lint_crosspkg_constraints.go:27.94,27.104 1 1
github.com/sam-caldwell/ami/src/cmd/ami/lint_crosspkg_constraints.go:28.13,28.33 1 1
github.com/sam-caldwell/ami/src/cmd/ami/lint_crosspkg_constraints.go:28.33,28.43 1 1
github.com/sam-caldwell/ami/src/cmd/ami/lint_crosspkg_constraints.go:29.13,30.27 2 1
github.com/sam-caldwell/ami/src/cmd/ami/lint_crosspkg_constraints.go:30.27,30.37 1 1
github.com/sam-caldwell/ami/src/cmd/ami/lint_crosspkg_constraints.go:31.13,32.25 2 1
github.com/sam-caldwell/ami/src/cmd/ami/lint_crosspkg_constraints.go:32.25,32.35 1 0
github.com/sam-caldwell/ami/src/cmd/ami/lint_crosspkg_constraints.go:33.13,33.27 1 1
github.com/sam-caldwell/ami/src/cmd/ami/lint_crosspkg_constraints.go:33.27,35.32 2 1
github.com/sam-caldwell/ami/src/cmd/ami/lint_crosspkg_constraints.go:35.32,35.79 2 1
github.com/sam-caldwell/ami/src/cmd/ami/lint_crosspkg_constraints.go:36.17,37.31 2 1
github.com/sam-caldwell/ami/src/cmd/ami/lint_crosspkg_constraints.go:38.19,40.14 1 1
github.com/sam-caldwell/ami/src/cmd/ami/lint_crosspkg_constraints.go:43.5,43.31 1 1
github.com/sam-caldwell/ami/src/cmd/ami/lint_crosspkg_constraints.go:43.31,44.27 1 1
github.com/sam-caldwell/ami/src/cmd/ami/lint_crosspkg_constraints.go:44.27,44.37 1 1
github.com/sam-caldwell/ami/src/cmd/ami/lint_crosspkg_constraints.go:46.9,46.179 1 1
github.com/sam-caldwell/ami/src/cmd/ami/lint_crosspkg_constraints.go:51.5,54.36 3 1
github.com/sam-caldwell/ami/src/cmd/ami/lint_crosspkg_constraints.go:54.36,55.49 1 1
github.com/sam-caldwell/ami/src/cmd/ami/lint_crosspkg_constraints.go:55.49,57.94 2 1
github.com/sam-caldwell/ami/src/cmd/ami/lint_crosspkg_constraints.go:57.94,57.104 1 1
github.com/sam-caldwell/ami/src/cmd/ami/lint_crosspkg_constraints.go:58.13,58.33 1 1
github.com/sam-caldwell/ami/src/cmd/ami/lint_crosspkg_constraints.go:58.33,58.43 1 1
github.com/sam-caldwell/ami/src/cmd/ami/lint_crosspkg_constraints.go:59.13,60.27 2 1
github.com/sam-caldwell/ami/src/cmd/ami/lint_crosspkg_constraints.go:60.27,60.37 1 1
github.com/sam-caldwell/ami/src/cmd/ami/lint_crosspkg_constraints.go:61.13,61.25 1 1
github.com/sam-caldwell/ami/src/cmd/ami/lint_crosspkg_constraints.go:61.25,61.35 1 0
github.com/sam-caldwell/ami/src/cmd/ami/lint_crosspkg_constraints.go:62.13,62.27 1 1
github.com/sam-caldwell/ami/src/cmd/ami/lint_crosspkg_constraints.go:62.27,64.53 1 1
github.com/sam-caldwell/ami/src/cmd/ami/lint_crosspkg_constraints.go:64.53,64.84 1 1
github.com/sam-caldwell/ami/src/cmd/ami/lint_crosspkg_constraints.go:64.89,64.117 1 1
github.com/sam-caldwell/ami/src/cmd/ami/lint_crosspkg_constraints.go:65.19,68.54 2 1
github.com/sam-caldwell/ami/src/cmd/ami/lint_crosspkg_constraints.go:68.54,68.81 1 1
github.com/sam-caldwell/ami/src/cmd/ami/lint_crosspkg_constraints.go:68.86,68.118 1 0
github.com/sam-caldwell/ami/src/cmd/ami/lint_crosspkg_constraints.go:72.5,72.35 1 1
github.com/sam-caldwell/ami/src/cmd/ami/lint_crosspkg_constraints.go:72.35,73.26 1 1
github.com/sam-caldwell/ami/src/cmd/ami/lint_crosspkg_constraints.go:73.26,75.10 1 1
github.com/sam-caldwell/ami/src/cmd/ami/lint_crosspkg_constraints.go:79.5,79.30 1 1
github.com/sam-caldwell/ami/src/cmd/ami/lint_crosspkg_constraints.go:79.30,83.32 3 1
github.com/sam-caldwell/ami/src/cmd/ami/lint_crosspkg_constraints.go:83.32,83.48 1 1
github.com/sam-caldwell/ami/src/cmd/ami/lint_crosspkg_constraints.go:83.48,83.78 1 1
github.com/sam-caldwell/ami/src/cmd/ami/lint_crosspkg_constraints.go:83.83,83.114 1 1
github.com/sam-caldwell/ami/src/cmd/ami/lint_crosspkg_constraints.go:84.9,84.28 1 1
github.com/sam-caldwell/ami/src/cmd/ami/lint_crosspkg_constraints.go:84.28,87.38 2 1
github.com/sam-caldwell/ami/src/cmd/ami/lint_crosspkg_constraints.go:87.38,87.80 1 1
github.com/sam-caldwell/ami/src/cmd/ami/lint_crosspkg_constraints.go:87.80,89.22 2 0
github.com/sam-caldwell/ami/src/cmd/ami/lint_crosspkg_constraints.go:90.13,90.21 1 1
github.com/sam-caldwell/ami/src/cmd/ami/lint_crosspkg_constraints.go:93.9,95.34 3 1
github.com/sam-caldwell/ami/src/cmd/ami/lint_crosspkg_constraints.go:95.34,97.21 2 1
github.com/sam-caldwell/ami/src/cmd/ami/lint_crosspkg_constraints.go:97.21,97.31 1 0
github.com/sam-caldwell/ami/src/cmd/ami/lint_crosspkg_constraints.go:98.13,98.23 1 1
github.com/sam-caldwell/ami/src/cmd/ami/lint_crosspkg_constraints.go:98.23,98.55 3 1
github.com/sam-caldwell/ami/src/cmd/ami/lint_crosspkg_constraints.go:99.13,99.19 1 1
github.com/sam-caldwell/ami/src/cmd/ami/lint_crosspkg_constraints.go:99.19,101.24 2 1
github.com/sam-caldwell/ami/src/cmd/ami/lint_crosspkg_constraints.go:101.24,101.31 1 1
github.com/sam-caldwell/ami/src/cmd/ami/lint_crosspkg_constraints.go:104.9,104.35 1 1
github.com/sam-caldwell/ami/src/cmd/ami/lint_crosspkg_constraints.go:104.35,106.21 2 1
github.com/sam-caldwell/ami/src/cmd/ami/lint_crosspkg_constraints.go:109.9,109.28 1 1
github.com/sam-caldwell/ami/src/cmd/ami/lint_crosspkg_constraints.go:109.28,111.10 1 1
github.com/sam-caldwell/ami/src/cmd/ami/lint_crosspkg_constraints.go:113.5,113.15 1 1
github.com/sam-caldwell/ami/src/cmd/ami/lint_crosspkg_constraints.go:117.55,120.21 3 1
github.com/sam-caldwell/ami/src/cmd/ami/lint_crosspkg_constraints.go:120.21,120.37 1 0
github.com/sam-caldwell/ami/src/cmd/ami/lint_crosspkg_constraints.go:121.5,122.15 2 1
github.com/sam-caldwell/ami/src/cmd/ami/lint_cycles.go:12.62,14.18 2 1
github.com/sam-caldwell/ami/src/cmd/ami/lint_cycles.go:14.18,14.32 1 0
github.com/sam-caldwell/ami/src/cmd/ami/lint_cycles.go:15.5,19.32 4 1
github.com/sam-caldwell/ami/src/cmd/ami/lint_cycles.go:19.32,21.25 2 1
github.com/sam-caldwell/ami/src/cmd/ami/lint_cycles.go:21.25,21.35 1 0
github.com/sam-caldwell/ami/src/cmd/ami/lint_cycles.go:22.9,23.40 2 1
github.com/sam-caldwell/ami/src/cmd/ami/lint_cycles.go:23.40,25.105 2 1
github.com/sam-caldwell/ami/src/cmd/ami/lint_cycles.go:25.105,26.55 1 1
github.com/sam-caldwell/ami/src/cmd/ami/lint_cycles.go:26.55,28.18 1 1
github.com/sam-caldwell/ami/src/cmd/ami/lint_cycles.go:33.5,41.42 5 1
github.com/sam-caldwell/ami/src/cmd/ami/lint_cycles.go:41.42,42.28 1 1
github.com/sam-caldwell/ami/src/cmd/ami/lint_cycles.go:42.28,42.38 1 0
github.com/sam-caldwell/ami/src/cmd/ami/lint_cycles.go:44.9,45.41 2 1
github.com/sam-caldwell/ami/src/cmd/ami/lint_cycles.go:45.41,46.38 1 1
github.com/sam-caldwell/ami/src/cmd/ami/lint_cycles.go:46.38,46.49 1 0
github.com/sam-caldwell/ami/src/cmd/ami/lint_cycles.go:48.9,49.41 2 1
github.com/sam-caldwell/ami/src/cmd/ami/lint_cycles.go:49.41,49.93 1 1
github.com/sam-caldwell/ami/src/cmd/ami/lint_cycles.go:50.9,51.33 2 1
github.com/sam-caldwell/ami/src/cmd/ami/lint_cycles.go:51.33,51.52 1 1
github.com/sam-caldwell/ami/src/cmd/ami/lint_cycles.go:52.9,52.27 1 1
github.com/sam-caldwell/ami/src/cmd/ami/lint_cycles.go:52.27,52.37 1 0
github.com/sam-caldwell/ami/src/cmd/ami/lint_cycles.go:53.9,54.202 2 1
github.com/sam-caldwell/ami/src/cmd/ami/lint_cycles.go:56.5,57.26 2 1
github.com/sam-caldwell/ami/src/cmd/ami/lint_cycles.go:57.26,60.34 3 1
github.com/sam-caldwell/ami/src/cmd/ami/lint_cycles.go:60.34,61.34 1 1
github.com/sam-caldwell/ami/src/cmd/ami/lint_cycles.go:61.34,63.14 1 1
github.com/sam-caldwell/ami/src/cmd/ami/lint_cycles.go:63.19,63.40 1 1
github.com/sam-caldwell/ami/src/cmd/ami/lint_cycles.go:63.40,67.54 2 1
github.com/sam-caldwell/ami/src/cmd/ami/lint_cycles.go:67.54,67.73 1 1
github.com/sam-caldwell/ami/src/cmd/ami/lint_cycles.go:67.73,67.91 2 1
github.com/sam-caldwell/ami/src/cmd/ami/lint_cycles.go:68.17,68.31 1 1
github.com/sam-caldwell/ami/src/cmd/ami/lint_cycles.go:68.31,71.18 2 1
github.com/sam-caldwell/ami/src/cmd/ami/lint_cycles.go:75.9,76.25 2 1
github.com/sam-caldwell/ami/src/cmd/ami/lint_cycles.go:78.5,78.26 1 1
github.com/sam-caldwell/ami/src/cmd/ami/lint_cycles.go:78.26,79.30 1 1
github.com/sam-caldwell/ami/src/cmd/ami/lint_cycles.go:79.30,81.10 1 1
github.com/sam-caldwell/ami/src/cmd/ami/lint_cycles.go:83.5,83.15 1 1
github.com/sam-caldwell/ami/src/cmd/ami/lint_engine.go:21.71,27.23 4 1
github.com/sam-caldwell/ami/src/cmd/ami/lint_engine.go:27.23,30.6 2 0
github.com/sam-caldwell/ami/src/cmd/ami/lint_engine.go:31.5,31.36 1 1
github.com/sam-caldwell/ami/src/cmd/ami/lint_engine.go:31.36,33.6 1 1
github.com/sam-caldwell/ami/src/cmd/ami/lint_engine.go:36.5,39.42 3 1
github.com/sam-caldwell/ami/src/cmd/ami/lint_engine.go:39.42,41.60 2 1
github.com/sam-caldwell/ami/src/cmd/ami/lint_engine.go:41.60,43.21 2 0
github.com/sam-caldwell/ami/src/cmd/ami/lint_engine.go:45.9,45.23 1 1
github.com/sam-caldwell/ami/src/cmd/ami/lint_engine.go:45.23,47.10 1 0
github.com/sam-caldwell/ami/src/cmd/ami/lint_engine.go:48.9,51.71 3 1
github.com/sam-caldwell/ami/src/cmd/ami/lint_engine.go:51.71,53.10 1 1
github.com/sam-caldwell/ami/src/cmd/ami/lint_engine.go:55.9,55.61 1 1
github.com/sam-caldwell/ami/src/cmd/ami/lint_engine.go:55.61,56.60 1 1
github.com/sam-caldwell/ami/src/cmd/ami/lint_engine.go:56.60,58.25 2 1
github.com/sam-caldwell/ami/src/cmd/ami/lint_engine.go:61.13,62.51 2 1
github.com/sam-caldwell/ami/src/cmd/ami/lint_engine.go:62.51,64.14 1 1
github.com/sam-caldwell/ami/src/cmd/ami/lint_engine.go:64.19,66.55 1 1
github.com/sam-caldwell/ami/src/cmd/ami/lint_engine.go:66.55,68.18 1 1
github.com/sam-caldwell/ami/src/cmd/ami/lint_engine.go:68.23,68.44 1 1
github.com/sam-caldwell/ami/src/cmd/ami/lint_engine.go:68.44,70.81 1 1
github.com/sam-caldwell/ami/src/cmd/ami/lint_engine.go:70.81,71.71 1 1
github.com/sam-caldwell/ami/src/cmd/ami/lint_engine.go:71.71,72.64 1 1
github.com/sam-caldwell/ami/src/cmd/ami/lint_engine.go:72.64,74.30 1 1
github.com/sam-caldwell/ami/src/cmd/ami/lint_engine.go:82.5,82.43 1 1
github.com/sam-caldwell/ami/src/cmd/ami/lint_engine.go:82.43,84.6 1 1
github.com/sam-caldwell/ami/src/cmd/ami/lint_engine.go:87.5,87.36 1 1
github.com/sam-caldwell/ami/src/cmd/ami/lint_engine.go:87.36,89.50 2 1
github.com/sam-caldwell/ami/src/cmd/ami/lint_engine.go:89.50,91.10 1 1
github.com/sam-caldwell/ami/src/cmd/ami/lint_engine.go:93.5,93.17 1 1
github.com/sam-caldwell/ami/src/cmd/ami/lint_engine.go:99.81,100.32 1 1
github.com/sam-caldwell/ami/src/cmd/ami/lint_engine.go:100.32,101.48 1 1
github.com/sam-caldwell/ami/src/cmd/ami/lint_engine.go:101.48,103.10 1 1
github.com/sam-caldwell/ami/src/cmd/ami/lint_engine.go:105.5,105.15 1 1
github.com/sam-caldwell/ami/src/cmd/ami/lint_engine.go:110.88,114.38 4 1
github.com/sam-caldwell/ami/src/cmd/ami/lint_engine.go:114.38,116.40 1 1
github.com/sam-caldwell/ami/src/cmd/ami/lint_engine.go:116.40,118.105 2 1
github.com/sam-caldwell/ami/src/cmd/ami/lint_engine.go:118.105,119.25 1 1
github.com/sam-caldwell/ami/src/cmd/ami/lint_engine.go:121.13,121.30 1 1
github.com/sam-caldwell/ami/src/cmd/ami/lint_engine.go:121.30,122.25 1 1
github.com/sam-caldwell/ami/src/cmd/ami/lint_engine.go:124.13,125.67 2 1
github.com/sam-caldwell/ami/src/cmd/ami/lint_engine.go:125.67,127.14 1 1
github.com/sam-caldwell/ami/src/cmd/ami/lint_engine.go:128.13,128.40 1 1
github.com/sam-caldwell/ami/src/cmd/ami/lint_engine.go:131.5,132.17 2 1
github.com/sam-caldwell/ami/src/cmd/ami/lint_engine.go:136.60,137.32 1 1
github.com/sam-caldwell/ami/src/cmd/ami/lint_engine.go:137.32,138.48 1 1
github.com/sam-caldwell/ami/src/cmd/ami/lint_engine.go:138.48,140.10 1 1
github.com/sam-caldwell/ami/src/cmd/ami/lint_engine.go:142.5,142.17 1 1
github.com/sam-caldwell/ami/src/cmd/ami/lint_engine.go:146.37,147.19 1 1
github.com/sam-caldwell/ami/src/cmd/ami/lint_engine.go:147.19,147.35 1 0
github.com/sam-caldwell/ami/src/cmd/ami/lint_engine.go:148.5,148.33 1 1
github.com/sam-caldwell/ami/src/cmd/ami/lint_engine.go:148.33,148.49 1 1
github.com/sam-caldwell/ami/src/cmd/ami/lint_engine.go:150.5,150.65 1 1
github.com/sam-caldwell/ami/src/cmd/ami/lint_engine.go:150.65,150.80 1 1
github.com/sam-caldwell/ami/src/cmd/ami/lint_engine.go:152.5,152.68 1 1
github.com/sam-caldwell/ami/src/cmd/ami/lint_engine.go:152.68,152.83 1 1
github.com/sam-caldwell/ami/src/cmd/ami/lint_engine.go:154.5,154.68 1 0
github.com/sam-caldwell/ami/src/cmd/ami/lint_engine.go:154.68,154.83 1 0
github.com/sam-caldwell/ami/src/cmd/ami/lint_engine.go:155.5,155.17 1 0
github.com/sam-caldwell/ami/src/cmd/ami/lint_engine.go:158.40,159.33 1 1
github.com/sam-caldwell/ami/src/cmd/ami/lint_engine.go:159.33,159.50 1 1
github.com/sam-caldwell/ami/src/cmd/ami/lint_engine.go:159.50,159.65 1 1
github.com/sam-caldwell/ami/src/cmd/ami/lint_engine.go:160.5,160.17 1 1
github.com/sam-caldwell/ami/src/cmd/ami/lint_engine.go:166.59,169.24 2 1
github.com/sam-caldwell/ami/src/cmd/ami/lint_engine.go:169.24,171.6 1 1
github.com/sam-caldwell/ami/src/cmd/ami/lint_engine.go:172.5,174.28 3 1
github.com/sam-caldwell/ami/src/cmd/ami/lint_engine.go:177.33,178.34 1 1
github.com/sam-caldwell/ami/src/cmd/ami/lint_engine.go:178.34,178.55 1 1
github.com/sam-caldwell/ami/src/cmd/ami/lint_engine.go:178.55,178.71 1 1
github.com/sam-caldwell/ami/src/cmd/ami/lint_engine.go:179.5,179.16 1 1
github.com/sam-caldwell/ami/src/cmd/ami/lint_engine.go:182.46,184.26 2 1
github.com/sam-caldwell/ami/src/cmd/ami/lint_engine.go:184.26,188.6 3 1
github.com/sam-caldwell/ami/src/cmd/ami/lint_engine.go:189.5,189.15 1 1
github.com/sam-caldwell/ami/src/cmd/ami/lint_msafety_local.go:15.56,17.36 2 1
github.com/sam-caldwell/ami/src/cmd/ami/lint_msafety_local.go:17.36,17.50 1 0
github.com/sam-caldwell/ami/src/cmd/ami/lint_msafety_local.go:18.5,21.32 3 1
github.com/sam-caldwell/ami/src/cmd/ami/lint_msafety_local.go:21.32,25.58 2 1
github.com/sam-caldwell/ami/src/cmd/ami/lint_msafety_local.go:25.58,34.10 1 1
github.com/sam-caldwell/ami/src/cmd/ami/lint_msafety_local.go:36.9,37.38 2 1
github.com/sam-caldwell/ami/src/cmd/ami/lint_msafety_local.go:37.38,43.59 4 1
github.com/sam-caldwell/ami/src/cmd/ami/lint_msafety_local.go:43.59,52.14 1 1
github.com/sam-caldwell/ami/src/cmd/ami/lint_msafety_local.go:55.5,55.15 1 1
github.com/sam-caldwell/ami/src/cmd/ami/lint_msafety_local.go:59.44,61.16 1 1
github.com/sam-caldwell/ami/src/cmd/ami/lint_msafety_local.go:61.16,61.39 1 0
github.com/sam-caldwell/ami/src/cmd/ami/lint_msafety_local.go:63.5,65.34 3 1
github.com/sam-caldwell/ami/src/cmd/ami/lint_msafety_local.go:69.36,71.20 2 1
github.com/sam-caldwell/ami/src/cmd/ami/lint_msafety_local.go:71.20,73.99 2 1
github.com/sam-caldwell/ami/src/cmd/ami/lint_msafety_local.go:73.99,75.21 2 1
github.com/sam-caldwell/ami/src/cmd/ami/lint_msafety_local.go:77.9,77.14 1 1
github.com/sam-caldwell/ami/src/cmd/ami/lint_msafety_local.go:79.5,79.17 1 1
github.com/sam-caldwell/ami/src/cmd/ami/lint_options.go:16.36,17.77 1 1
github.com/sam-caldwell/ami/src/cmd/ami/lint_options.go:17.77,20.6 2 1
github.com/sam-caldwell/ami/src/cmd/ami/lint_options.go:21.5,21.27 1 1
github.com/sam-caldwell/ami/src/cmd/ami/lint_pragmas.go:12.66,15.82 3 1
github.com/sam-caldwell/ami/src/cmd/ami/lint_pragmas.go:15.82,16.68 1 1
github.com/sam-caldwell/ami/src/cmd/ami/lint_pragmas.go:16.68,16.82 1 1
github.com/sam-caldwell/ami/src/cmd/ami/lint_pragmas.go:17.9,18.23 2 1
github.com/sam-caldwell/ami/src/cmd/ami/lint_pragmas.go:18.23,18.37 1 0
github.com/sam-caldwell/ami/src/cmd/ami/lint_pragmas.go:19.9,21.24 3 1
github.com/sam-caldwell/ami/src/cmd/ami/lint_pragmas.go:21.24,23.58 2 1
github.com/sam-caldwell/ami/src/cmd/ami/lint_pragmas.go:23.58,23.68 1 1
github.com/sam-caldwell/ami/src/cmd/ami/lint_pragmas.go:24.13,25.52 2 1
github.com/sam-caldwell/ami/src/cmd/ami/lint_pragmas.go:25.52,27.38 2 1
github.com/sam-caldwell/ami/src/cmd/ami/lint_pragmas.go:27.38,27.80 1 1
github.com/sam-caldwell/ami/src/cmd/ami/lint_pragmas.go:28.17,28.41 1 1
github.com/sam-caldwell/ami/src/cmd/ami/lint_pragmas.go:28.41,29.32 1 1
github.com/sam-caldwell/ami/src/cmd/ami/lint_pragmas.go:29.32,29.42 1 0
github.com/sam-caldwell/ami/src/cmd/ami/lint_pragmas.go:30.21,31.33 2 1
github.com/sam-caldwell/ami/src/cmd/ami/lint_pragmas.go:31.33,31.78 2 1
github.com/sam-caldwell/ami/src/cmd/ami/lint_pragmas.go:32.21,32.32 1 1
github.com/sam-caldwell/ami/src/cmd/ami/lint_pragmas.go:34.19,34.58 1 0
github.com/sam-caldwell/ami/src/cmd/ami/lint_pragmas.go:34.58,36.38 2 0
github.com/sam-caldwell/ami/src/cmd/ami/lint_pragmas.go:36.38,36.80 1 0
github.com/sam-caldwell/ami/src/cmd/ami/lint_pragmas.go:37.17,37.41 1 0
github.com/sam-caldwell/ami/src/cmd/ami/lint_pragmas.go:37.41,38.32 1 0
github.com/sam-caldwell/ami/src/cmd/ami/lint_pragmas.go:38.32,38.42 1 0
github.com/sam-caldwell/ami/src/cmd/ami/lint_pragmas.go:39.21,39.54 1 0
github.com/sam-caldwell/ami/src/cmd/ami/lint_pragmas.go:39.54,39.70 1 0
github.com/sam-caldwell/ami/src/cmd/ami/lint_pragmas.go:43.9,43.19 1 1
github.com/sam-caldwell/ami/src/cmd/ami/lint_pragmas.go:45.5,45.20 1 1
github.com/sam-caldwell/ami/src/cmd/ami/lint_rules_set.go:4.36,4.62 1 1
github.com/sam-caldwell/ami/src/cmd/ami/lint_run.go:20.88,23.46 3 1
github.com/sam-caldwell/ami/src/cmd/ami/lint_run.go:23.46,25.20 2 1
github.com/sam-caldwell/ami/src/cmd/ami/lint_run.go:25.20,27.10 1 1
github.com/sam-caldwell/ami/src/cmd/ami/lint_run.go:27.15,29.10 1 0
github.com/sam-caldwell/ami/src/cmd/ami/lint_run.go:30.9,30.52 1 1
github.com/sam-caldwell/ami/src/cmd/ami/lint_run.go:32.5,32.43 1 1
github.com/sam-caldwell/ami/src/cmd/ami/lint_run.go:32.43,34.20 2 0
github.com/sam-caldwell/ami/src/cmd/ami/lint_run.go:34.20,36.10 1 0
github.com/sam-caldwell/ami/src/cmd/ami/lint_run.go:36.15,38.10 1 0
github.com/sam-caldwell/ami/src/cmd/ami/lint_run.go:39.9,39.52 1 0
github.com/sam-caldwell/ami/src/cmd/ami/lint_run.go:42.5,42.58 1 1
github.com/sam-caldwell/ami/src/cmd/ami/lint_run.go:42.58,44.20 2 0
github.com/sam-caldwell/ami/src/cmd/ami/lint_run.go:44.20,46.10 1 0
github.com/sam-caldwell/ami/src/cmd/ami/lint_run.go:46.15,48.10 1 0
github.com/sam-caldwell/ami/src/cmd/ami/lint_run.go:49.9,49.52 1 0
github.com/sam-caldwell/ami/src/cmd/ami/lint_run.go:52.5,59.62 5 1
github.com/sam-caldwell/ami/src/cmd/ami/lint_run.go:59.62,66.33 5 1
github.com/sam-caldwell/ami/src/cmd/ami/lint_run.go:66.33,67.39 1 1
github.com/sam-caldwell/ami/src/cmd/ami/lint_run.go:67.39,67.49 1 1
github.com/sam-caldwell/ami/src/cmd/ami/lint_run.go:68.13,69.35 2 1
github.com/sam-caldwell/ami/src/cmd/ami/lint_run.go:71.9,71.35 1 1
github.com/sam-caldwell/ami/src/cmd/ami/lint_run.go:71.35,80.40 9 1
github.com/sam-caldwell/ami/src/cmd/ami/lint_run.go:80.40,81.33 1 1
github.com/sam-caldwell/ami/src/cmd/ami/lint_run.go:81.33,82.69 1 1
github.com/sam-caldwell/ami/src/cmd/ami/lint_run.go:82.69,82.79 1 1
github.com/sam-caldwell/ami/src/cmd/ami/lint_run.go:84.17,84.47 1 1
github.com/sam-caldwell/ami/src/cmd/ami/lint_run.go:86.13,86.47 1 1
github.com/sam-caldwell/ami/src/cmd/ami/lint_run.go:91.5,91.231 1 1
github.com/sam-caldwell/ami/src/cmd/ami/lint_run.go:91.231,93.6 1 1
github.com/sam-caldwell/ami/src/cmd/ami/lint_run.go:96.5,96.16 1 1
github.com/sam-caldwell/ami/src/cmd/ami/lint_run.go:96.16,97.57 1 1
github.com/sam-caldwell/ami/src/cmd/ami/lint_run.go:97.57,98.32 1 1
github.com/sam-caldwell/ami/src/cmd/ami/lint_run.go:98.32,98.54 2 1
github.com/sam-caldwell/ami/src/cmd/ami/lint_run.go:103.5,103.51 1 1
github.com/sam-caldwell/ami/src/cmd/ami/lint_run.go:103.51,105.33 2 1
github.com/sam-caldwell/ami/src/cmd/ami/lint_run.go:105.33,106.41 1 1
github.com/sam-caldwell/ami/src/cmd/ami/lint_run.go:106.41,107.28 1 1
github.com/sam-caldwell/ami/src/cmd/ami/lint_run.go:108.28,109.29 1 0
github.com/sam-caldwell/ami/src/cmd/ami/lint_run.go:110.29,111.40 1 1
github.com/sam-caldwell/ami/src/cmd/ami/lint_run.go:112.29,113.40 1 0
github.com/sam-caldwell/ami/src/cmd/ami/lint_run.go:114.30,115.41 1 1
github.com/sam-caldwell/ami/src/cmd/ami/lint_run.go:118.13,118.39 1 1
github.com/sam-caldwell/ami/src/cmd/ami/lint_run.go:120.9,120.23 1 1
github.com/sam-caldwell/ami/src/cmd/ami/lint_run.go:124.5,124.42 1 1
github.com/sam-caldwell/ami/src/cmd/ami/lint_run.go:124.42,126.33 2 1
github.com/sam-caldwell/ami/src/cmd/ami/lint_run.go:126.33,127.63 1 1
github.com/sam-caldwell/ami/src/cmd/ami/lint_run.go:127.63,129.14 1 1
github.com/sam-caldwell/ami/src/cmd/ami/lint_run.go:131.9,131.25 1 1
github.com/sam-caldwell/ami/src/cmd/ami/lint_run.go:135.5,139.29 3 1
github.com/sam-caldwell/ami/src/cmd/ami/lint_run.go:139.29,140.34 1 1
github.com/sam-caldwell/ami/src/cmd/ami/lint_run.go:140.34,140.47 1 1
github.com/sam-caldwell/ami/src/cmd/ami/lint_run.go:141.9,141.33 1 1
github.com/sam-caldwell/ami/src/cmd/ami/lint_run.go:141.33,141.45 1 1
github.com/sam-caldwell/ami/src/cmd/ami/lint_run.go:144.5,144.29 1 1
github.com/sam-caldwell/ami/src/cmd/ami/lint_run.go:144.29,145.30 1 1
github.com/sam-caldwell/ami/src/cmd/ami/lint_run.go:145.30,146.44 1 1
github.com/sam-caldwell/ami/src/cmd/ami/lint_run.go:146.44,146.75 1 1
github.com/sam-caldwell/ami/src/cmd/ami/lint_run.go:148.9,149.19 2 1
github.com/sam-caldwell/ami/src/cmd/ami/lint_run.go:153.5,153.90 1 1
github.com/sam-caldwell/ami/src/cmd/ami/lint_run.go:153.90,157.6 2 1
github.com/sam-caldwell/ami/src/cmd/ami/lint_run.go:159.5,160.16 2 1
github.com/sam-caldwell/ami/src/cmd/ami/lint_run.go:160.16,164.23 4 1
github.com/sam-caldwell/ami/src/cmd/ami/lint_run.go:164.23,164.40 1 1
github.com/sam-caldwell/ami/src/cmd/ami/lint_run.go:167.5,167.39 1 1
github.com/sam-caldwell/ami/src/cmd/ami/lint_run.go:167.39,168.29 1 1
github.com/sam-caldwell/ami/src/cmd/ami/lint_run.go:168.29,168.69 1 1
github.com/sam-caldwell/ami/src/cmd/ami/lint_run.go:170.5,170.16 1 1
github.com/sam-caldwell/ami/src/cmd/ami/lint_run.go:170.16,172.33 2 1
github.com/sam-caldwell/ami/src/cmd/ami/lint_run.go:172.33,173.47 1 1
github.com/sam-caldwell/ami/src/cmd/ami/lint_run.go:173.47,174.34 1 1
github.com/sam-caldwell/ami/src/cmd/ami/lint_run.go:174.34,174.63 1 1
github.com/sam-caldwell/ami/src/cmd/ami/lint_run.go:175.17,175.56 1 1
github.com/sam-caldwell/ami/src/cmd/ami/lint_run.go:177.13,177.45 2 1
github.com/sam-caldwell/ami/src/cmd/ami/lint_run.go:180.9,183.29 4 1
github.com/sam-caldwell/ami/src/cmd/ami/lint_run.go:183.29,183.54 1 1
github.com/sam-caldwell/ami/src/cmd/ami/lint_run.go:184.9,184.24 1 1
github.com/sam-caldwell/ami/src/cmd/ami/lint_run.go:184.24,184.81 1 1
github.com/sam-caldwell/ami/src/cmd/ami/lint_run.go:185.9,185.54 1 1
github.com/sam-caldwell/ami/src/cmd/ami/lint_run.go:185.54,185.124 1 0
github.com/sam-caldwell/ami/src/cmd/ami/lint_run.go:186.9,186.19 1 1
github.com/sam-caldwell/ami/src/cmd/ami/lint_run.go:188.5,188.24 1 1
github.com/sam-caldwell/ami/src/cmd/ami/lint_run.go:188.24,190.29 2 1
github.com/sam-caldwell/ami/src/cmd/ami/lint_run.go:190.29,190.54 1 0
github.com/sam-caldwell/ami/src/cmd/ami/lint_run.go:191.9,191.19 1 1
github.com/sam-caldwell/ami/src/cmd/ami/lint_run.go:193.5,193.29 1 1
github.com/sam-caldwell/ami/src/cmd/ami/lint_run.go:193.29,194.25 1 1
github.com/sam-caldwell/ami/src/cmd/ami/lint_run.go:194.25,196.10 1 1
github.com/sam-caldwell/ami/src/cmd/ami/lint_run.go:196.15,198.10 1 1
github.com/sam-caldwell/ami/src/cmd/ami/lint_run.go:199.9,199.22 1 1
github.com/sam-caldwell/ami/src/cmd/ami/lint_run.go:201.5,203.25 3 1
github.com/sam-caldwell/ami/src/cmd/ami/lint_run.go:203.25,203.50 1 0
github.com/sam-caldwell/ami/src/cmd/ami/lint_run.go:204.5,205.20 2 1
github.com/sam-caldwell/ami/src/cmd/ami/lint_run.go:205.20,205.77 1 1
github.com/sam-caldwell/ami/src/cmd/ami/lint_run.go:206.5,206.50 1 1
github.com/sam-caldwell/ami/src/cmd/ami/lint_run.go:206.50,206.120 1 0
github.com/sam-caldwell/ami/src/cmd/ami/lint_run.go:207.5,207.15 1 1
github.com/sam-caldwell/ami/src/cmd/ami/lint_run.go:215.56,216.32 1 1
github.com/sam-caldwell/ami/src/cmd/ami/lint_run.go:216.32,217.20 1 1
github.com/sam-caldwell/ami/src/cmd/ami/lint_run.go:217.20,217.30 1 0
github.com/sam-caldwell/ami/src/cmd/ami/lint_run.go:219.9,219.61 1 1
github.com/sam-caldwell/ami/src/cmd/ami/lint_run.go:219.61,220.93 2 1
github.com/sam-caldwell/ami/src/cmd/ami/lint_run.go:220.93,220.108 1 1
github.com/sam-caldwell/ami/src/cmd/ami/lint_run.go:221.13,221.21 1 1
github.com/sam-caldwell/ami/src/cmd/ami/lint_run.go:223.9,223.40 1 1
github.com/sam-caldwell/ami/src/cmd/ami/lint_run.go:223.40,224.85 2 1
github.com/sam-caldwell/ami/src/cmd/ami/lint_run.go:224.85,224.100 1 1
github.com/sam-caldwell/ami/src/cmd/ami/lint_run.go:225.13,225.21 1 1
github.com/sam-caldwell/ami/src/cmd/ami/lint_run.go:228.9,228.42 1 1
github.com/sam-caldwell/ami/src/cmd/ami/lint_run.go:228.42,229.49 1 1
github.com/sam-caldwell/ami/src/cmd/ami/lint_run.go:229.49,229.64 1 1
github.com/sam-caldwell/ami/src/cmd/ami/lint_run.go:230.13,230.21 1 1
github.com/sam-caldwell/ami/src/cmd/ami/lint_run.go:233.9,233.38 1 1
github.com/sam-caldwell/ami/src/cmd/ami/lint_run.go:233.38,233.53 1 1
github.com/sam-caldwell/ami/src/cmd/ami/lint_run.go:235.5,235.17 1 1
github.com/sam-caldwell/ami/src/cmd/ami/lint_source_format.go:15.62,18.82 3 1
github.com/sam-caldwell/ami/src/cmd/ami/lint_source_format.go:18.82,19.68 1 1
github.com/sam-caldwell/ami/src/cmd/ami/lint_source_format.go:19.68,19.82 1 1
github.com/sam-caldwell/ami/src/cmd/ami/lint_source_format.go:20.9,21.23 2 1
github.com/sam-caldwell/ami/src/cmd/ami/lint_source_format.go:21.23,21.37 1 0
github.com/sam-caldwell/ami/src/cmd/ami/lint_source_format.go:22.9,28.34 6 1
github.com/sam-caldwell/ami/src/cmd/ami/lint_source_format.go:28.34,31.45 2 1
github.com/sam-caldwell/ami/src/cmd/ami/lint_source_format.go:31.45,33.14 1 1
github.com/sam-caldwell/ami/src/cmd/ami/lint_source_format.go:35.13,35.42 1 1
github.com/sam-caldwell/ami/src/cmd/ami/lint_source_format.go:35.42,38.14 2 1
github.com/sam-caldwell/ami/src/cmd/ami/lint_source_format.go:40.9,40.19 1 1
github.com/sam-caldwell/ami/src/cmd/ami/lint_source_format.go:42.5,42.17 1 1
github.com/sam-caldwell/ami/src/cmd/ami/lint_source_format.go:45.43,46.16 1 1
github.com/sam-caldwell/ami/src/cmd/ami/lint_source_format.go:46.16,46.32 1 1
github.com/sam-caldwell/ami/src/cmd/ami/lint_source_format.go:48.5,49.36 2 1
github.com/sam-caldwell/ami/src/cmd/ami/lint_source_format.go:49.36,49.51 1 1
github.com/sam-caldwell/ami/src/cmd/ami/lint_source_format.go:50.5,50.17 1 1
github.com/sam-caldwell/ami/src/cmd/ami/lint_source_go_syntax.go:15.60,18.82 3 1
github.com/sam-caldwell/ami/src/cmd/ami/lint_source_go_syntax.go:18.82,19.68 1 1
github.com/sam-caldwell/ami/src/cmd/ami/lint_source_go_syntax.go:19.68,19.82 1 1
github.com/sam-caldwell/ami/src/cmd/ami/lint_source_go_syntax.go:20.9,21.23 2 1
github.com/sam-caldwell/ami/src/cmd/ami/lint_source_go_syntax.go:21.23,21.37 1 0
github.com/sam-caldwell/ami/src/cmd/ami/lint_source_go_syntax.go:22.9,26.13 4 1
github.com/sam-caldwell/ami/src/cmd/ami/lint_source_go_syntax.go:26.13,28.36 2 1
github.com/sam-caldwell/ami/src/cmd/ami/lint_source_go_syntax.go:28.36,28.43 1 1
github.com/sam-caldwell/ami/src/cmd/ami/lint_source_go_syntax.go:29.13,29.76 1 1
github.com/sam-caldwell/ami/src/cmd/ami/lint_source_go_syntax.go:29.76,29.86 1 1
github.com/sam-caldwell/ami/src/cmd/ami/lint_source_go_syntax.go:30.13,30.42 1 1
github.com/sam-caldwell/ami/src/cmd/ami/lint_source_go_syntax.go:30.42,39.14 1 1
github.com/sam-caldwell/ami/src/cmd/ami/lint_source_go_syntax.go:40.13,40.18 1 1
github.com/sam-caldwell/ami/src/cmd/ami/lint_source_go_syntax.go:42.9,42.19 1 1
github.com/sam-caldwell/ami/src/cmd/ami/lint_source_go_syntax.go:44.5,44.17 1 1
github.com/sam-caldwell/ami/src/cmd/ami/lint_source_ident_style.go:17.62,20.82 3 1
github.com/sam-caldwell/ami/src/cmd/ami/lint_source_ident_style.go:20.82,21.68 1 1
github.com/sam-caldwell/ami/src/cmd/ami/lint_source_ident_style.go:21.68,21.82 1 1
github.com/sam-caldwell/ami/src/cmd/ami/lint_source_ident_style.go:22.9,23.23 2 1
github.com/sam-caldwell/ami/src/cmd/ami/lint_source_ident_style.go:23.23,23.37 1 0
github.com/sam-caldwell/ami/src/cmd/ami/lint_source_ident_style.go:24.9,27.13 4 1
github.com/sam-caldwell/ami/src/cmd/ami/lint_source_ident_style.go:27.13,29.36 2 1
github.com/sam-caldwell/ami/src/cmd/ami/lint_source_ident_style.go:29.36,29.43 1 1
github.com/sam-caldwell/ami/src/cmd/ami/lint_source_ident_style.go:30.13,30.38 1 1
github.com/sam-caldwell/ami/src/cmd/ami/lint_source_ident_style.go:30.38,31.71 1 1
github.com/sam-caldwell/ami/src/cmd/ami/lint_source_ident_style.go:31.71,40.18 1 1
github.com/sam-caldwell/ami/src/cmd/ami/lint_source_ident_style.go:43.9,43.19 1 1
github.com/sam-caldwell/ami/src/cmd/ami/lint_source_ident_style.go:45.5,45.17 1 1
github.com/sam-caldwell/ami/src/cmd/ami/lint_source_lang_reminder.go:13.61,16.82 3 1
github.com/sam-caldwell/ami/src/cmd/ami/lint_source_lang_reminder.go:16.82,17.23 1 1
github.com/sam-caldwell/ami/src/cmd/ami/lint_source_lang_reminder.go:17.23,17.37 1 1
github.com/sam-caldwell/ami/src/cmd/ami/lint_source_lang_reminder.go:18.9,18.22 1 1
github.com/sam-caldwell/ami/src/cmd/ami/lint_source_lang_reminder.go:18.22,18.36 1 1
github.com/sam-caldwell/ami/src/cmd/ami/lint_source_lang_reminder.go:19.9,19.40 1 1
github.com/sam-caldwell/ami/src/cmd/ami/lint_source_lang_reminder.go:19.40,19.54 1 1
github.com/sam-caldwell/ami/src/cmd/ami/lint_source_lang_reminder.go:20.9,27.19 2 1
github.com/sam-caldwell/ami/src/cmd/ami/lint_source_lang_reminder.go:29.5,29.17 1 1
github.com/sam-caldwell/ami/src/cmd/ami/lint_source_scan.go:15.59,18.82 3 1
github.com/sam-caldwell/ami/src/cmd/ami/lint_source_scan.go:18.82,19.23 1 1
github.com/sam-caldwell/ami/src/cmd/ami/lint_source_scan.go:19.23,19.37 1 1
github.com/sam-caldwell/ami/src/cmd/ami/lint_source_scan.go:20.9,20.22 1 1
github.com/sam-caldwell/ami/src/cmd/ami/lint_source_scan.go:20.22,20.36 1 1
github.com/sam-caldwell/ami/src/cmd/ami/lint_source_scan.go:21.9,21.41 1 1
github.com/sam-caldwell/ami/src/cmd/ami/lint_source_scan.go:21.41,21.55 1 1
github.com/sam-caldwell/ami/src/cmd/ami/lint_source_scan.go:22.9,23.23 2 1
github.com/sam-caldwell/ami/src/cmd/ami/lint_source_scan.go:23.23,23.37 1 0
github.com/sam-caldwell/ami/src/cmd/ami/lint_source_scan.go:24.9,28.28 5 1
github.com/sam-caldwell/ami/src/cmd/ami/lint_source_scan.go:28.28,31.70 3 1
github.com/sam-caldwell/ami/src/cmd/ami/lint_source_scan.go:31.70,41.14 2 1
github.com/sam-caldwell/ami/src/cmd/ami/lint_source_scan.go:43.9,43.19 1 1
github.com/sam-caldwell/ami/src/cmd/ami/lint_source_scan.go:45.5,45.17 1 1
github.com/sam-caldwell/ami/src/cmd/ami/lint_source_todo.go:15.57,18.82 3 1
github.com/sam-caldwell/ami/src/cmd/ami/lint_source_todo.go:18.82,19.68 1 1
github.com/sam-caldwell/ami/src/cmd/ami/lint_source_todo.go:19.68,19.82 1 1
github.com/sam-caldwell/ami/src/cmd/ami/lint_source_todo.go:20.9,21.23 2 1
github.com/sam-caldwell/ami/src/cmd/ami/lint_source_todo.go:21.23,21.37 1 0
github.com/sam-caldwell/ami/src/cmd/ami/lint_source_todo.go:22.9,26.22 5 1
github.com/sam-caldwell/ami/src/cmd/ami/lint_source_todo.go:26.22,29.61 3 1
github.com/sam-caldwell/ami/src/cmd/ami/lint_source_todo.go:29.61,38.14 1 1
github.com/sam-caldwell/ami/src/cmd/ami/lint_source_todo.go:39.13,39.62 1 1
github.com/sam-caldwell/ami/src/cmd/ami/lint_source_todo.go:39.62,48.14 1 1
github.com/sam-caldwell/ami/src/cmd/ami/lint_source_todo.go:50.9,50.19 1 1
github.com/sam-caldwell/ami/src/cmd/ami/lint_source_todo.go:52.5,52.17 1 1
github.com/sam-caldwell/ami/src/cmd/ami/lint_stageb.go:22.83,24.18 2 1
github.com/sam-caldwell/ami/src/cmd/ami/lint_stageb.go:24.18,24.32 1 0
github.com/sam-caldwell/ami/src/cmd/ami/lint_stageb.go:27.5,28.62 2 1
github.com/sam-caldwell/ami/src/cmd/ami/lint_stageb.go:28.62,30.6 1 1
github.com/sam-caldwell/ami/src/cmd/ami/lint_stageb.go:31.5,31.24 1 1
github.com/sam-caldwell/ami/src/cmd/ami/lint_stageb.go:31.24,31.38 1 0
github.com/sam-caldwell/ami/src/cmd/ami/lint_stageb.go:34.5,35.29 2 1
github.com/sam-caldwell/ami/src/cmd/ami/lint_stageb.go:35.29,37.36 2 1
github.com/sam-caldwell/ami/src/cmd/ami/lint_stageb.go:37.36,37.62 1 1
github.com/sam-caldwell/ami/src/cmd/ami/lint_stageb.go:41.5,41.29 1 1
github.com/sam-caldwell/ami/src/cmd/ami/lint_stageb.go:41.29,45.86 3 1
github.com/sam-caldwell/ami/src/cmd/ami/lint_stageb.go:45.86,46.72 1 1
github.com/sam-caldwell/ami/src/cmd/ami/lint_stageb.go:46.72,46.86 1 1
github.com/sam-caldwell/ami/src/cmd/ami/lint_stageb.go:48.13,49.27 2 1
github.com/sam-caldwell/ami/src/cmd/ami/lint_stageb.go:49.27,49.41 1 0
github.com/sam-caldwell/ami/src/cmd/ami/lint_stageb.go:50.13,54.43 3 1
github.com/sam-caldwell/ami/src/cmd/ami/lint_stageb.go:54.43,56.32 2 1
github.com/sam-caldwell/ami/src/cmd/ami/lint_stageb.go:56.32,57.42 1 1
github.com/sam-caldwell/ami/src/cmd/ami/lint_stageb.go:57.42,58.71 1 1
github.com/sam-caldwell/ami/src/cmd/ami/lint_stageb.go:58.71,58.81 1 1
github.com/sam-caldwell/ami/src/cmd/ami/lint_stageb.go:59.25,59.45 1 1
github.com/sam-caldwell/ami/src/cmd/ami/lint_stageb.go:65.13,67.27 3 1
github.com/sam-caldwell/ami/src/cmd/ami/lint_stageb.go:67.27,70.64 2 1
github.com/sam-caldwell/ami/src/cmd/ami/lint_stageb.go:70.64,70.88 1 1
github.com/sam-caldwell/ami/src/cmd/ami/lint_stageb.go:71.17,71.27 1 1
github.com/sam-caldwell/ami/src/cmd/ami/lint_stageb.go:75.13,75.25 1 1
github.com/sam-caldwell/ami/src/cmd/ami/lint_stageb.go:75.25,77.45 2 1
github.com/sam-caldwell/ami/src/cmd/ami/lint_stageb.go:77.45,79.37 2 1
github.com/sam-caldwell/ami/src/cmd/ami/lint_stageb.go:79.37,79.54 1 1
github.com/sam-caldwell/ami/src/cmd/ami/lint_stageb.go:80.21,80.67 1 1
github.com/sam-caldwell/ami/src/cmd/ami/lint_stageb.go:80.67,80.77 1 0
github.com/sam-caldwell/ami/src/cmd/ami/lint_stageb.go:81.21,81.41 1 1
github.com/sam-caldwell/ami/src/cmd/ami/lint_stageb.go:86.13,89.54 2 1
github.com/sam-caldwell/ami/src/cmd/ami/lint_stageb.go:89.54,91.46 2 1
github.com/sam-caldwell/ami/src/cmd/ami/lint_stageb.go:91.46,92.61 2 1
github.com/sam-caldwell/ami/src/cmd/ami/lint_stageb.go:92.61,92.71 1 1
github.com/sam-caldwell/ami/src/cmd/ami/lint_stageb.go:94.21,94.39 1 1
github.com/sam-caldwell/ami/src/cmd/ami/lint_stageb.go:94.39,96.62 2 1
github.com/sam-caldwell/ami/src/cmd/ami/lint_stageb.go:96.62,98.76 2 1
github.com/sam-caldwell/ami/src/cmd/ami/lint_stageb.go:98.76,98.100 1 1
github.com/sam-caldwell/ami/src/cmd/ami/lint_stageb.go:99.31,101.26 1 1
github.com/sam-caldwell/ami/src/cmd/ami/lint_stageb.go:103.21,103.79 1 1
github.com/sam-caldwell/ami/src/cmd/ami/lint_stageb.go:103.79,105.40 2 1
github.com/sam-caldwell/ami/src/cmd/ami/lint_stageb.go:105.40,107.76 2 1
github.com/sam-caldwell/ami/src/cmd/ami/lint_stageb.go:107.76,107.100 1 1
github.com/sam-caldwell/ami/src/cmd/ami/lint_stageb.go:114.13,114.43 1 1
github.com/sam-caldwell/ami/src/cmd/ami/lint_stageb.go:114.43,115.48 1 1
github.com/sam-caldwell/ami/src/cmd/ami/lint_stageb.go:115.48,116.58 1 1
github.com/sam-caldwell/ami/src/cmd/ami/lint_stageb.go:116.58,118.72 2 1
github.com/sam-caldwell/ami/src/cmd/ami/lint_stageb.go:118.72,118.96 1 1
github.com/sam-caldwell/ami/src/cmd/ami/lint_stageb.go:124.13,124.25 1 1
github.com/sam-caldwell/ami/src/cmd/ami/lint_stageb.go:124.25,125.46 1 1
github.com/sam-caldwell/ami/src/cmd/ami/lint_stageb.go:125.46,126.71 1 1
github.com/sam-caldwell/ami/src/cmd/ami/lint_stageb.go:126.71,128.64 2 1
github.com/sam-caldwell/ami/src/cmd/ami/lint_stageb.go:128.64,130.76 2 1
github.com/sam-caldwell/ami/src/cmd/ami/lint_stageb.go:130.76,130.100 1 1
github.com/sam-caldwell/ami/src/cmd/ami/lint_stageb.go:131.31,133.26 1 1
github.com/sam-caldwell/ami/src/cmd/ami/lint_stageb.go:139.13,139.25 1 1
github.com/sam-caldwell/ami/src/cmd/ami/lint_stageb.go:139.25,140.46 1 1
github.com/sam-caldwell/ami/src/cmd/ami/lint_stageb.go:140.46,141.76 2 1
github.com/sam-caldwell/ami/src/cmd/ami/lint_stageb.go:141.76,141.86 1 1
github.com/sam-caldwell/ami/src/cmd/ami/lint_stageb.go:142.21,143.42 2 1
github.com/sam-caldwell/ami/src/cmd/ami/lint_stageb.go:143.42,143.62 1 1
github.com/sam-caldwell/ami/src/cmd/ami/lint_stageb.go:143.67,143.86 1 0
github.com/sam-caldwell/ami/src/cmd/ami/lint_stageb.go:143.86,143.111 1 0
github.com/sam-caldwell/ami/src/cmd/ami/lint_stageb.go:144.21,144.40 1 1
github.com/sam-caldwell/ami/src/cmd/ami/lint_stageb.go:144.40,144.50 1 0
github.com/sam-caldwell/ami/src/cmd/ami/lint_stageb.go:145.21,150.45 6 1
github.com/sam-caldwell/ami/src/cmd/ami/lint_stageb.go:150.45,151.60 1 1
github.com/sam-caldwell/ami/src/cmd/ami/lint_stageb.go:151.60,153.69 2 1
github.com/sam-caldwell/ami/src/cmd/ami/lint_stageb.go:153.69,153.180 2 1
github.com/sam-caldwell/ami/src/cmd/ami/lint_stageb.go:154.29,154.50 1 1
github.com/sam-caldwell/ami/src/cmd/ami/lint_stageb.go:154.50,154.159 2 1
github.com/sam-caldwell/ami/src/cmd/ami/lint_stageb.go:157.21,157.66 1 1
github.com/sam-caldwell/ami/src/cmd/ami/lint_stageb.go:157.66,159.72 2 1
github.com/sam-caldwell/ami/src/cmd/ami/lint_stageb.go:159.72,159.96 1 1
github.com/sam-caldwell/ami/src/cmd/ami/lint_stageb.go:161.21,161.63 1 1
github.com/sam-caldwell/ami/src/cmd/ami/lint_stageb.go:161.63,163.72 2 1
github.com/sam-caldwell/ami/src/cmd/ami/lint_stageb.go:163.72,163.96 1 1
github.com/sam-caldwell/ami/src/cmd/ami/lint_stageb.go:169.13,169.25 1 1
github.com/sam-caldwell/ami/src/cmd/ami/lint_stageb.go:169.25,170.48 1 1
github.com/sam-caldwell/ami/src/cmd/ami/lint_stageb.go:170.48,171.42 1 1
github.com/sam-caldwell/ami/src/cmd/ami/lint_stageb.go:172.40,173.46 1 1
github.com/sam-caldwell/ami/src/cmd/ami/lint_stageb.go:173.46,175.76 2 1
github.com/sam-caldwell/ami/src/cmd/ami/lint_stageb.go:175.76,175.100 1 1
github.com/sam-caldwell/ami/src/cmd/ami/lint_stageb.go:177.38,178.46 1 1
github.com/sam-caldwell/ami/src/cmd/ami/lint_stageb.go:178.46,180.76 2 1
github.com/sam-caldwell/ami/src/cmd/ami/lint_stageb.go:180.76,180.100 1 1
github.com/sam-caldwell/ami/src/cmd/ami/lint_stageb.go:182.38,183.46 1 1
github.com/sam-caldwell/ami/src/cmd/ami/lint_stageb.go:183.46,185.76 2 1
github.com/sam-caldwell/ami/src/cmd/ami/lint_stageb.go:185.76,185.100 1 1
github.com/sam-caldwell/ami/src/cmd/ami/lint_stageb.go:192.13,192.25 1 1
github.com/sam-caldwell/ami/src/cmd/ami/lint_stageb.go:192.25,193.46 1 1
github.com/sam-caldwell/ami/src/cmd/ami/lint_stageb.go:193.46,194.76 2 1
github.com/sam-caldwell/ami/src/cmd/ami/lint_stageb.go:194.76,194.86 1 1
github.com/sam-caldwell/ami/src/cmd/ami/lint_stageb.go:195.21,196.42 2 1
github.com/sam-caldwell/ami/src/cmd/ami/lint_stageb.go:196.42,196.62 1 1
github.com/sam-caldwell/ami/src/cmd/ami/lint_stageb.go:196.67,196.86 1 0
github.com/sam-caldwell/ami/src/cmd/ami/lint_stageb.go:196.86,196.111 1 0
github.com/sam-caldwell/ami/src/cmd/ami/lint_stageb.go:198.21,198.45 1 1
github.com/sam-caldwell/ami/src/cmd/ami/lint_stageb.go:198.45,199.61 2 1
github.com/sam-caldwell/ami/src/cmd/ami/lint_stageb.go:199.61,199.71 1 1
github.com/sam-caldwell/ami/src/cmd/ami/lint_stageb.go:201.25,202.103 2 1
github.com/sam-caldwell/ami/src/cmd/ami/lint_stageb.go:202.103,204.76 2 1
github.com/sam-caldwell/ami/src/cmd/ami/lint_stageb.go:204.76,204.100 1 1
github.com/sam-caldwell/ami/src/cmd/ami/lint_stageb.go:207.25,207.64 1 1
github.com/sam-caldwell/ami/src/cmd/ami/lint_stageb.go:207.64,209.50 2 0
github.com/sam-caldwell/ami/src/cmd/ami/lint_stageb.go:209.50,209.88 1 0
github.com/sam-caldwell/ami/src/cmd/ami/lint_stageb.go:210.29,211.50 2 0
github.com/sam-caldwell/ami/src/cmd/ami/lint_stageb.go:211.50,211.95 1 0
github.com/sam-caldwell/ami/src/cmd/ami/lint_stageb.go:212.29,212.49 1 0
github.com/sam-caldwell/ami/src/cmd/ami/lint_stageb.go:212.49,214.80 2 0
github.com/sam-caldwell/ami/src/cmd/ami/lint_stageb.go:214.80,214.104 1 0
github.com/sam-caldwell/ami/src/cmd/ami/lint_stageb.go:216.29,216.98 1 0
github.com/sam-caldwell/ami/src/cmd/ami/lint_stageb.go:216.98,218.80 2 0
github.com/sam-caldwell/ami/src/cmd/ami/lint_stageb.go:218.80,218.104 1 0
github.com/sam-caldwell/ami/src/cmd/ami/lint_stageb.go:221.25,221.52 1 1
github.com/sam-caldwell/ami/src/cmd/ami/lint_stageb.go:221.52,223.87 2 1
github.com/sam-caldwell/ami/src/cmd/ami/lint_stageb.go:223.87,226.53 2 1
github.com/sam-caldwell/ami/src/cmd/ami/lint_stageb.go:226.53,226.90 1 1
github.com/sam-caldwell/ami/src/cmd/ami/lint_stageb.go:227.33,228.53 2 1
github.com/sam-caldwell/ami/src/cmd/ami/lint_stageb.go:228.53,228.97 1 1
github.com/sam-caldwell/ami/src/cmd/ami/lint_stageb.go:229.33,229.53 1 1
github.com/sam-caldwell/ami/src/cmd/ami/lint_stageb.go:229.53,231.84 2 1
github.com/sam-caldwell/ami/src/cmd/ami/lint_stageb.go:231.84,231.108 1 1
github.com/sam-caldwell/ami/src/cmd/ami/lint_stageb.go:233.33,233.102 1 1
github.com/sam-caldwell/ami/src/cmd/ami/lint_stageb.go:233.102,235.84 2 1
github.com/sam-caldwell/ami/src/cmd/ami/lint_stageb.go:235.84,235.108 1 1
github.com/sam-caldwell/ami/src/cmd/ami/lint_stageb.go:241.21,244.45 4 1
github.com/sam-caldwell/ami/src/cmd/ami/lint_stageb.go:244.45,245.46 1 1
github.com/sam-caldwell/ami/src/cmd/ami/lint_stageb.go:246.44,248.124 2 1
github.com/sam-caldwell/ami/src/cmd/ami/lint_stageb.go:249.44,253.68 4 1
github.com/sam-caldwell/ami/src/cmd/ami/lint_stageb.go:257.21,259.36 3 1
github.com/sam-caldwell/ami/src/cmd/ami/lint_stageb.go:259.36,261.35 3 1
github.com/sam-caldwell/ami/src/cmd/ami/lint_stageb.go:261.35,261.45 1 0
github.com/sam-caldwell/ami/src/cmd/ami/lint_stageb.go:262.25,263.50 2 1
github.com/sam-caldwell/ami/src/cmd/ami/lint_stageb.go:263.50,263.63 1 0
github.com/sam-caldwell/ami/src/cmd/ami/lint_stageb.go:263.63,263.83 1 0
github.com/sam-caldwell/ami/src/cmd/ami/lint_stageb.go:265.21,265.45 1 1
github.com/sam-caldwell/ami/src/cmd/ami/lint_stageb.go:265.45,266.63 1 1
github.com/sam-caldwell/ami/src/cmd/ami/lint_stageb.go:266.63,266.73 1 1
github.com/sam-caldwell/ami/src/cmd/ami/lint_stageb.go:267.25,267.39 1 1
github.com/sam-caldwell/ami/src/cmd/ami/lint_stageb.go:267.39,270.76 3 1
github.com/sam-caldwell/ami/src/cmd/ami/lint_stageb.go:270.76,270.100 1 1
github.com/sam-caldwell/ami/src/cmd/ami/lint_stageb.go:276.13,276.39 1 1
github.com/sam-caldwell/ami/src/cmd/ami/lint_stageb.go:276.39,278.48 2 1
[...]
github.com/sam-caldwell/ami/src/cmd/ami/root.go:73.9,73.52 1 1
github.com/sam-caldwell/ami/src/cmd/ami/root.go:73.52,75.10 1 0
github.com/sam-caldwell/ami/src/cmd/ami/root.go:76.9,76.19 1 1
github.com/sam-caldwell/ami/src/cmd/ami/root.go:80.5,101.15 17 1
github.com/sam-caldwell/ami/src/cmd/ami/root.go:105.20,107.42 2 1
github.com/sam-caldwell/ami/src/cmd/ami/root.go:107.42,112.34 3 1
github.com/sam-caldwell/ami/src/cmd/ami/root.go:112.34,114.10 1 0
github.com/sam-caldwell/ami/src/cmd/ami/root.go:115.9,115.26 1 1
github.com/sam-caldwell/ami/src/cmd/ami/root.go:117.5,117.13 1 1
github.com/sam-caldwell/ami/src/cmd/ami/runtime_exec.go:23.106,25.56 1 1
github.com/sam-caldwell/ami/src/cmd/ami/runtime_exec.go:25.56,28.33 3 0
github.com/sam-caldwell/ami/src/cmd/ami/runtime_exec.go:28.33,28.61 1 0
github.com/sam-caldwell/ami/src/cmd/ami/runtime_exec.go:28.61,28.95 1 0
github.com/sam-caldwell/ami/src/cmd/ami/runtime_exec.go:29.9,29.25 1 0
github.com/sam-caldwell/ami/src/cmd/ami/runtime_exec.go:31.5,32.24 2 1
github.com/sam-caldwell/ami/src/cmd/ami/runtime_exec.go:32.24,32.41 1 1
github.com/sam-caldwell/ami/src/cmd/ami/runtime_exec.go:34.5,36.16 3 1
github.com/sam-caldwell/ami/src/cmd/ami/runtime_exec.go:36.16,38.141 2 0
github.com/sam-caldwell/ami/src/cmd/ami/runtime_exec.go:38.141,41.10 3 0
github.com/sam-caldwell/ami/src/cmd/ami/runtime_exec.go:42.9,42.144 1 0
github.com/sam-caldwell/ami/src/cmd/ami/runtime_exec.go:42.144,45.10 3 0
github.com/sam-caldwell/ami/src/cmd/ami/runtime_exec.go:48.5,49.16 2 1
github.com/sam-caldwell/ami/src/cmd/ami/runtime_exec.go:49.16,51.6 1 1
github.com/sam-caldwell/ami/src/cmd/ami/runtime_exec.go:53.5,54.17 2 1
github.com/sam-caldwell/ami/src/cmd/ami/runtime_exec.go:54.17,54.28 1 0
github.com/sam-caldwell/ami/src/cmd/ami/runtime_exec.go:55.5,59.30 4 1
github.com/sam-caldwell/ami/src/cmd/ami/runtime_exec.go:59.30,60.19 1 1
github.com/sam-caldwell/ami/src/cmd/ami/runtime_exec.go:60.19,61.31 1 1
github.com/sam-caldwell/ami/src/cmd/ami/runtime_exec.go:61.31,62.44 1 1
github.com/sam-caldwell/ami/src/cmd/ami/runtime_exec.go:62.44,62.108 2 1
github.com/sam-caldwell/ami/src/cmd/ami/runtime_exec.go:64.17,65.52 2 1
github.com/sam-caldwell/ami/src/cmd/ami/runtime_exec.go:65.52,67.92 2 0
github.com/sam-caldwell/ami/src/cmd/ami/runtime_exec.go:67.92,67.114 2 0
github.com/sam-caldwell/ami/src/cmd/ami/runtime_exec.go:68.21,68.72 1 0
github.com/sam-caldwell/ami/src/cmd/ami/runtime_exec.go:68.72,68.94 2 0
github.com/sam-caldwell/ami/src/cmd/ami/runtime_exec.go:69.21,69.59 1 0
github.com/sam-caldwell/ami/src/cmd/ami/runtime_exec.go:69.59,69.81 2 0
github.com/sam-caldwell/ami/src/cmd/ami/runtime_exec.go:71.17,71.27 1 1
github.com/sam-caldwell/ami/src/cmd/ami/runtime_exec.go:71.27,71.130 2 0
github.com/sam-caldwell/ami/src/cmd/ami/runtime_exec.go:73.17,75.41 3 1
github.com/sam-caldwell/ami/src/cmd/ami/runtime_exec.go:75.41,75.100 1 0
github.com/sam-caldwell/ami/src/cmd/ami/runtime_exec.go:76.17,76.27 1 1
github.com/sam-caldwell/ami/src/cmd/ami/runtime_exec.go:76.27,76.120 3 0
github.com/sam-caldwell/ami/src/cmd/ami/runtime_exec.go:78.17,79.43 2 1
github.com/sam-caldwell/ami/src/cmd/ami/runtime_exec.go:79.43,79.99 1 1
github.com/sam-caldwell/ami/src/cmd/ami/runtime_exec.go:81.17,84.45 3 1
github.com/sam-caldwell/ami/src/cmd/ami/runtime_exec.go:84.45,84.64 1 0
github.com/sam-caldwell/ami/src/cmd/ami/runtime_exec.go:86.17,86.50 1 1
github.com/sam-caldwell/ami/src/cmd/ami/runtime_exec.go:86.50,93.18 6 1
github.com/sam-caldwell/ami/src/cmd/ami/runtime_exec.go:94.17,94.87 1 1
github.com/sam-caldwell/ami/src/cmd/ami/runtime_exec.go:99.5,99.14 1 1
github.com/sam-caldwell/ami/src/cmd/ami/runtime_exec.go:99.14,99.40 1 1
github.com/sam-caldwell/ami/src/cmd/ami/runtime_exec.go:99.40,99.51 1 1
github.com/sam-caldwell/ami/src/cmd/ami/runtime_exec.go:99.53,99.62 1 1
github.com/sam-caldwell/ami/src/cmd/ami/runtime_exec.go:101.5,101.37 1 1
github.com/sam-caldwell/ami/src/cmd/ami/runtime_exec.go:101.37,104.22 3 1
github.com/sam-caldwell/ami/src/cmd/ami/runtime_exec.go:104.22,104.39 1 1
github.com/sam-caldwell/ami/src/cmd/ami/runtime_exec.go:104.44,104.53 1 1
github.com/sam-caldwell/ami/src/cmd/ami/runtime_exec.go:104.53,104.68 1 1
github.com/sam-caldwell/ami/src/cmd/ami/runtime_exec.go:104.73,104.91 1 1
github.com/sam-caldwell/ami/src/cmd/ami/runtime_exec.go:106.9,106.23 1 1
github.com/sam-caldwell/ami/src/cmd/ami/runtime_exec.go:106.23,106.101 1 0
github.com/sam-caldwell/ami/src/cmd/ami/runtime_exec.go:107.9,107.24 1 1
github.com/sam-caldwell/ami/src/cmd/ami/runtime_exec.go:107.24,108.38 2 0
github.com/sam-caldwell/ami/src/cmd/ami/runtime_exec.go:108.38,108.53 1 0
github.com/sam-caldwell/ami/src/cmd/ami/runtime_exec.go:108.58,108.68 1 0
github.com/sam-caldwell/ami/src/cmd/ami/runtime_exec.go:108.68,108.83 1 0
github.com/sam-caldwell/ami/src/cmd/ami/runtime_exec.go:109.13,109.118 1 0
github.com/sam-caldwell/ami/src/cmd/ami/runtime_exec.go:112.9,112.20 1 1
github.com/sam-caldwell/ami/src/cmd/ami/runtime_exec.go:112.20,115.29 3 1
github.com/sam-caldwell/ami/src/cmd/ami/runtime_exec.go:115.29,115.60 1 0
github.com/sam-caldwell/ami/src/cmd/ami/runtime_exec.go:116.13,116.48 1 1
github.com/sam-caldwell/ami/src/cmd/ami/runtime_exec.go:119.9,119.21 1 1
github.com/sam-caldwell/ami/src/cmd/ami/runtime_exec.go:119.21,120.38 2 1
github.com/sam-caldwell/ami/src/cmd/ami/runtime_exec.go:120.38,120.53 1 1
github.com/sam-caldwell/ami/src/cmd/ami/runtime_exec.go:120.58,120.68 1 1
github.com/sam-caldwell/ami/src/cmd/ami/runtime_exec.go:120.68,120.83 1 1
github.com/sam-caldwell/ami/src/cmd/ami/runtime_exec.go:121.13,121.88 1 1
github.com/sam-caldwell/ami/src/cmd/ami/runtime_exec.go:123.9,123.63 1 1
github.com/sam-caldwell/ami/src/cmd/ami/runtime_exec.go:123.63,125.18 1 0
github.com/sam-caldwell/ami/src/cmd/ami/runtime_exec.go:128.5,128.16 1 1
github.com/sam-caldwell/ami/src/cmd/ami/runtime_exec.go:128.16,130.6 1 1
github.com/sam-caldwell/ami/src/cmd/ami/runtime_exec.go:131.5,131.18 1 1
github.com/sam-caldwell/ami/src/cmd/ami/runtime_parse.go:15.60,17.82 2 1
github.com/sam-caldwell/ami/src/cmd/ami/runtime_parse.go:17.82,18.36 1 1
github.com/sam-caldwell/ami/src/cmd/ami/runtime_parse.go:18.36,18.50 1 1
github.com/sam-caldwell/ami/src/cmd/ami/runtime_parse.go:19.9,19.76 1 1
github.com/sam-caldwell/ami/src/cmd/ami/runtime_parse.go:19.76,19.90 1 1
github.com/sam-caldwell/ami/src/cmd/ami/runtime_parse.go:20.9,20.45 2 1
github.com/sam-caldwell/ami/src/cmd/ami/runtime_parse.go:20.45,20.59 1 0
github.com/sam-caldwell/ami/src/cmd/ami/runtime_parse.go:21.9,25.25 5 1
github.com/sam-caldwell/ami/src/cmd/ami/runtime_parse.go:25.25,27.58 2 1
github.com/sam-caldwell/ami/src/cmd/ami/runtime_parse.go:27.58,27.68 1 1
github.com/sam-caldwell/ami/src/cmd/ami/runtime_parse.go:28.13,29.49 2 1
github.com/sam-caldwell/ami/src/cmd/ami/runtime_parse.go:29.49,31.31 2 1
github.com/sam-caldwell/ami/src/cmd/ami/runtime_parse.go:31.31,31.62 1 1
github.com/sam-caldwell/ami/src/cmd/ami/runtime_parse.go:32.19,32.55 1 1
github.com/sam-caldwell/ami/src/cmd/ami/runtime_parse.go:32.55,34.33 2 1
github.com/sam-caldwell/ami/src/cmd/ami/runtime_parse.go:34.33,34.55 1 0
github.com/sam-caldwell/ami/src/cmd/ami/runtime_parse.go:35.17,35.60 1 1
github.com/sam-caldwell/ami/src/cmd/ami/runtime_parse.go:36.19,36.59 1 1
github.com/sam-caldwell/ami/src/cmd/ami/runtime_parse.go:36.59,39.49 3 0
github.com/sam-caldwell/ami/src/cmd/ami/runtime_parse.go:39.49,41.37 2 0
github.com/sam-caldwell/ami/src/cmd/ami/runtime_parse.go:41.37,41.52 1 0
github.com/sam-caldwell/ami/src/cmd/ami/runtime_parse.go:42.21,42.94 1 0
github.com/sam-caldwell/ami/src/cmd/ami/runtime_parse.go:44.19,44.59 1 1
github.com/sam-caldwell/ami/src/cmd/ami/runtime_parse.go:44.59,47.46 3 1
github.com/sam-caldwell/ami/src/cmd/ami/runtime_parse.go:47.46,47.68 1 1
github.com/sam-caldwell/ami/src/cmd/ami/runtime_parse.go:48.17,48.47 1 1
github.com/sam-caldwell/ami/src/cmd/ami/runtime_parse.go:48.47,48.70 1 1
github.com/sam-caldwell/ami/src/cmd/ami/runtime_parse.go:49.17,49.53 1 1
github.com/sam-caldwell/ami/src/cmd/ami/runtime_parse.go:49.53,49.77 1 0
github.com/sam-caldwell/ami/src/cmd/ami/runtime_parse.go:50.17,50.48 1 1
github.com/sam-caldwell/ami/src/cmd/ami/runtime_parse.go:50.48,50.87 1 0
github.com/sam-caldwell/ami/src/cmd/ami/runtime_parse.go:50.87,50.109 1 0
github.com/sam-caldwell/ami/src/cmd/ami/runtime_parse.go:53.9,53.28 1 1
github.com/sam-caldwell/ami/src/cmd/ami/runtime_parse.go:53.28,53.42 1 0
github.com/sam-caldwell/ami/src/cmd/ami/runtime_parse.go:55.9,55.33 1 1
github.com/sam-caldwell/ami/src/cmd/ami/runtime_parse.go:55.33,55.98 2 1
github.com/sam-caldwell/ami/src/cmd/ami/runtime_parse.go:56.9,56.54 1 1
github.com/sam-caldwell/ami/src/cmd/ami/runtime_parse.go:56.54,56.65 1 1
github.com/sam-caldwell/ami/src/cmd/ami/runtime_parse.go:57.9,57.33 1 1
github.com/sam-caldwell/ami/src/cmd/ami/runtime_parse.go:57.33,57.101 1 1
github.com/sam-caldwell/ami/src/cmd/ami/runtime_parse.go:58.9,58.19 1 1
github.com/sam-caldwell/ami/src/cmd/ami/runtime_parse.go:60.5,60.22 1 1
github.com/sam-caldwell/ami/src/cmd/ami/runtime_parse.go:64.42,67.29 3 1
github.com/sam-caldwell/ami/src/cmd/ami/runtime_parse.go:67.29,68.50 1 1
github.com/sam-caldwell/ami/src/cmd/ami/runtime_parse.go:68.50,73.10 4 1
github.com/sam-caldwell/ami/src/cmd/ami/runtime_parse.go:75.5,75.15 1 1
github.com/sam-caldwell/ami/src/cmd/ami/test_cmd.go:6.34,19.61 9 1
github.com/sam-caldwell/ami/src/cmd/ami/test_cmd.go:19.61,21.30 2 1
github.com/sam-caldwell/ami/src/cmd/ami/test_cmd.go:21.30,21.47 1 1
github.com/sam-caldwell/ami/src/cmd/ami/test_cmd.go:22.13,22.28 1 1
github.com/sam-caldwell/ami/src/cmd/ami/test_cmd.go:22.28,22.72 1 0
github.com/sam-caldwell/ami/src/cmd/ami/test_cmd.go:23.13,24.75 2 1
github.com/sam-caldwell/ami/src/cmd/ami/test_cmd.go:27.5,39.15 12 1
github.com/sam-caldwell/ami/src/cmd/ami/test_options.go:13.36,13.62 1 1
github.com/sam-caldwell/ami/src/cmd/ami/test_run.go:27.95,29.16 2 1
github.com/sam-caldwell/ami/src/cmd/ami/test_run.go:29.16,31.6 1 1
github.com/sam-caldwell/ami/src/cmd/ami/test_run.go:36.5,37.27 2 1
github.com/sam-caldwell/ami/src/cmd/ami/test_run.go:37.27,37.91 1 1
github.com/sam-caldwell/ami/src/cmd/ami/test_run.go:38.5,47.16 8 1
github.com/sam-caldwell/ami/src/cmd/ami/test_run.go:47.16,49.6 1 1
github.com/sam-caldwell/ami/src/cmd/ami/test_run.go:49.11,51.6 1 1
github.com/sam-caldwell/ami/src/cmd/ami/test_run.go:52.5,56.16 3 1
github.com/sam-caldwell/ami/src/cmd/ami/test_run.go:56.16,58.6 1 1
github.com/sam-caldwell/ami/src/cmd/ami/test_run.go:63.5,67.44 2 1
github.com/sam-caldwell/ami/src/cmd/ami/test_run.go:67.44,70.24 3 1
github.com/sam-caldwell/ami/src/cmd/ami/test_run.go:70.24,70.36 1 1
github.com/sam-caldwell/ami/src/cmd/ami/test_run.go:71.9,74.24 4 1
github.com/sam-caldwell/ami/src/cmd/ami/test_run.go:74.24,76.39 2 1
github.com/sam-caldwell/ami/src/cmd/ami/test_run.go:76.39,79.25 2 0
github.com/sam-caldwell/ami/src/cmd/ami/test_run.go:81.13,81.72 1 1
github.com/sam-caldwell/ami/src/cmd/ami/test_run.go:81.72,83.49 2 1
github.com/sam-caldwell/ami/src/cmd/ami/test_run.go:83.49,85.61 2 1
github.com/sam-caldwell/ami/src/cmd/ami/test_run.go:85.61,85.98 1 1
github.com/sam-caldwell/ami/src/cmd/ami/test_run.go:88.13,88.50 1 1
github.com/sam-caldwell/ami/src/cmd/ami/test_run.go:88.50,90.34 2 1
github.com/sam-caldwell/ami/src/cmd/ami/test_run.go:91.29,91.40 1 1
github.com/sam-caldwell/ami/src/cmd/ami/test_run.go:92.29,92.56 2 1
github.com/sam-caldwell/ami/src/cmd/ami/test_run.go:94.17,94.44 1 1
github.com/sam-caldwell/ami/src/cmd/ami/test_run.go:97.9,99.17 3 1
github.com/sam-caldwell/ami/src/cmd/ami/test_run.go:101.5,102.38 2 1
github.com/sam-caldwell/ami/src/cmd/ami/test_run.go:102.38,105.175 2 1
github.com/sam-caldwell/ami/src/cmd/ami/test_run.go:105.175,108.10 2 1
github.com/sam-caldwell/ami/src/cmd/ami/test_run.go:112.5,128.48 5 1
github.com/sam-caldwell/ami/src/cmd/ami/test_run.go:128.48,130.86 1 1
github.com/sam-caldwell/ami/src/cmd/ami/test_run.go:130.86,131.27 1 1
github.com/sam-caldwell/ami/src/cmd/ami/test_run.go:131.27,131.41 1 0
github.com/sam-caldwell/ami/src/cmd/ami/test_run.go:132.13,132.26 1 1
github.com/sam-caldwell/ami/src/cmd/ami/test_run.go:132.26,132.40 1 1
github.com/sam-caldwell/ami/src/cmd/ami/test_run.go:133.13,133.53 1 1
github.com/sam-caldwell/ami/src/cmd/ami/test_run.go:133.53,133.67 1 1
github.com/sam-caldwell/ami/src/cmd/ami/test_run.go:135.13,136.27 2 1
github.com/sam-caldwell/ami/src/cmd/ami/test_run.go:136.27,136.41 1 0
github.com/sam-caldwell/ami/src/cmd/ami/test_run.go:138.13,149.45 11 1
github.com/sam-caldwell/ami/src/cmd/ami/test_run.go:149.45,150.40 1 1
github.com/sam-caldwell/ami/src/cmd/ami/test_run.go:150.40,151.35 1 1
github.com/sam-caldwell/ami/src/cmd/ami/test_run.go:152.33,153.43 1 1
github.com/sam-caldwell/ami/src/cmd/ami/test_run.go:153.43,153.86 1 1
github.com/sam-caldwell/ami/src/cmd/ami/test_run.go:154.35,155.45 1 1
github.com/sam-caldwell/ami/src/cmd/ami/test_run.go:155.45,156.59 1 1
github.com/sam-caldwell/ami/src/cmd/ami/test_run.go:156.59,156.84 1 1
github.com/sam-caldwell/ami/src/cmd/ami/test_run.go:157.29,157.57 1 1
github.com/sam-caldwell/ami/src/cmd/ami/test_run.go:157.57,157.81 1 1
github.com/sam-caldwell/ami/src/cmd/ami/test_run.go:159.25,159.45 1 1
github.com/sam-caldwell/ami/src/cmd/ami/test_run.go:159.45,160.64 1 1
github.com/sam-caldwell/ami/src/cmd/ami/test_run.go:160.64,161.70 1 0
github.com/sam-caldwell/ami/src/cmd/ami/test_run.go:161.70,161.86 1 0
github.com/sam-caldwell/ami/src/cmd/ami/test_run.go:163.29,163.62 1 1
github.com/sam-caldwell/ami/src/cmd/ami/test_run.go:163.62,163.76 1 0
github.com/sam-caldwell/ami/src/cmd/ami/test_run.go:164.29,164.66 1 1
github.com/sam-caldwell/ami/src/cmd/ami/test_run.go:164.66,164.80 1 0
github.com/sam-caldwell/ami/src/cmd/ami/test_run.go:165.29,165.63 1 1
github.com/sam-caldwell/ami/src/cmd/ami/test_run.go:165.63,165.78 1 1
github.com/sam-caldwell/ami/src/cmd/ami/test_run.go:166.29,166.63 1 1
github.com/sam-caldwell/ami/src/cmd/ami/test_run.go:166.63,166.102 1 0
github.com/sam-caldwell/ami/src/cmd/ami/test_run.go:166.102,166.117 1 0
github.com/sam-caldwell/ami/src/cmd/ami/test_run.go:167.29,167.65 1 1
github.com/sam-caldwell/ami/src/cmd/ami/test_run.go:167.65,167.104 1 0
github.com/sam-caldwell/ami/src/cmd/ami/test_run.go:167.104,167.118 1 0
github.com/sam-caldwell/ami/src/cmd/ami/test_run.go:168.29,168.65 1 1
github.com/sam-caldwell/ami/src/cmd/ami/test_run.go:168.65,168.104 1 0
github.com/sam-caldwell/ami/src/cmd/ami/test_run.go:168.104,168.118 1 0
github.com/sam-caldwell/ami/src/cmd/ami/test_run.go:173.13,173.36 1 1
github.com/sam-caldwell/ami/src/cmd/ami/test_run.go:173.36,173.50 1 1
github.com/sam-caldwell/ami/src/cmd/ami/test_run.go:175.13,177.36 2 1
github.com/sam-caldwell/ami/src/cmd/ami/test_run.go:177.36,178.51 1 0
github.com/sam-caldwell/ami/src/cmd/ami/test_run.go:178.51,178.65 1 0
github.com/sam-caldwell/ami/src/cmd/ami/test_run.go:179.17,179.60 1 0
github.com/sam-caldwell/ami/src/cmd/ami/test_run.go:179.60,179.74 1 0
github.com/sam-caldwell/ami/src/cmd/ami/test_run.go:182.13,182.35 1 1
github.com/sam-caldwell/ami/src/cmd/ami/test_run.go:182.35,184.40 2 0
github.com/sam-caldwell/ami/src/cmd/ami/test_run.go:184.40,184.65 1 0
github.com/sam-caldwell/ami/src/cmd/ami/test_run.go:185.17,185.49 1 0
github.com/sam-caldwell/ami/src/cmd/ami/test_run.go:185.49,185.63 1 0
github.com/sam-caldwell/ami/src/cmd/ami/test_run.go:188.13,188.36 1 1
github.com/sam-caldwell/ami/src/cmd/ami/test_run.go:188.36,189.41 1 0
github.com/sam-caldwell/ami/src/cmd/ami/test_run.go:189.41,189.55 1 0
github.com/sam-caldwell/ami/src/cmd/ami/test_run.go:192.13,192.67 1 1
github.com/sam-caldwell/ami/src/cmd/ami/test_run.go:192.67,194.40 2 0
github.com/sam-caldwell/ami/src/cmd/ami/test_run.go:194.40,196.52 2 0
github.com/sam-caldwell/ami/src/cmd/ami/test_run.go:196.52,198.148 2 0
github.com/sam-caldwell/ami/src/cmd/ami/test_run.go:198.148,200.34 2 0
github.com/sam-caldwell/ami/src/cmd/ami/test_run.go:204.17,204.29 1 0
github.com/sam-caldwell/ami/src/cmd/ami/test_run.go:204.29,204.43 1 0
github.com/sam-caldwell/ami/src/cmd/ami/test_run.go:207.13,208.66 2 1
github.com/sam-caldwell/ami/src/cmd/ami/test_run.go:208.66,208.78 1 1
github.com/sam-caldwell/ami/src/cmd/ami/test_run.go:209.13,209.44 1 1
github.com/sam-caldwell/ami/src/cmd/ami/test_run.go:209.44,211.24 2 1
github.com/sam-caldwell/ami/src/cmd/ami/test_run.go:211.24,211.41 1 1
github.com/sam-caldwell/ami/src/cmd/ami/test_run.go:212.17,213.280 2 1
github.com/sam-caldwell/ami/src/cmd/ami/test_run.go:215.13,215.23 1 1
github.com/sam-caldwell/ami/src/cmd/ami/test_run.go:218.5,221.16 2 1
github.com/sam-caldwell/ami/src/cmd/ami/test_run.go:221.16,223.22 2 1
github.com/sam-caldwell/ami/src/cmd/ami/test_run.go:223.22,227.28 4 1
github.com/sam-caldwell/ami/src/cmd/ami/test_run.go:227.28,229.43 2 1
github.com/sam-caldwell/ami/src/cmd/ami/test_run.go:229.43,230.80 1 1
github.com/sam-caldwell/ami/src/cmd/ami/test_run.go:230.80,232.22 1 1
github.com/sam-caldwell/ami/src/cmd/ami/test_run.go:233.23,236.18 1 0
github.com/sam-caldwell/ami/src/cmd/ami/test_run.go:239.13,240.46 2 1
github.com/sam-caldwell/ami/src/cmd/ami/test_run.go:240.46,240.84 1 1
github.com/sam-caldwell/ami/src/cmd/ami/test_run.go:241.13,241.27 1 1
github.com/sam-caldwell/ami/src/cmd/ami/test_run.go:246.5,250.17 3 1
github.com/sam-caldwell/ami/src/cmd/ami/test_run.go:250.17,252.29 1 1
github.com/sam-caldwell/ami/src/cmd/ami/test_run.go:252.29,255.36 2 1
github.com/sam-caldwell/ami/src/cmd/ami/test_run.go:255.36,255.62 1 1
github.com/sam-caldwell/ami/src/cmd/ami/test_run.go:256.13,257.38 2 1
github.com/sam-caldwell/ami/src/cmd/ami/test_run.go:257.38,260.14 2 1
github.com/sam-caldwell/ami/src/cmd/ami/test_run.go:262.9,262.25 1 1
github.com/sam-caldwell/ami/src/cmd/ami/test_run.go:262.25,264.10 1 1
github.com/sam-caldwell/ami/src/cmd/ami/test_run.go:265.9,265.25 1 1
github.com/sam-caldwell/ami/src/cmd/ami/test_run.go:265.25,267.10 1 1
github.com/sam-caldwell/ami/src/cmd/ami/test_run.go:268.9,268.59 1 1
github.com/sam-caldwell/ami/src/cmd/ami/test_run.go:268.59,270.10 1 1
github.com/sam-caldwell/ami/src/cmd/ami/test_run.go:271.11,274.38 1 1
github.com/sam-caldwell/ami/src/cmd/ami/test_run.go:274.38,289.10 1 1
github.com/sam-caldwell/ami/src/cmd/ami/test_run.go:291.9,291.29 1 1
github.com/sam-caldwell/ami/src/cmd/ami/test_run.go:291.29,293.36 2 1
github.com/sam-caldwell/ami/src/cmd/ami/test_run.go:293.36,293.62 1 1
github.com/sam-caldwell/ami/src/cmd/ami/test_run.go:294.13,295.38 2 1
github.com/sam-caldwell/ami/src/cmd/ami/test_run.go:295.38,303.14 2 1
github.com/sam-caldwell/ami/src/cmd/ami/test_run.go:305.9,315.11 1 1
github.com/sam-caldwell/ami/src/cmd/ami/test_run.go:318.5,318.53 1 1
github.com/sam-caldwell/ami/src/cmd/ami/test_run.go:318.53,321.22 2 1
github.com/sam-caldwell/ami/src/cmd/ami/test_run.go:321.22,321.54 1 0
github.com/sam-caldwell/ami/src/cmd/ami/test_run.go:322.9,322.23 1 1
github.com/sam-caldwell/ami/src/cmd/ami/test_run.go:322.23,322.37 1 1
github.com/sam-caldwell/ami/src/cmd/ami/test_run.go:323.9,323.28 1 1
github.com/sam-caldwell/ami/src/cmd/ami/test_run.go:323.28,323.79 1 1
github.com/sam-caldwell/ami/src/cmd/ami/test_run.go:324.9,324.54 1 1
github.com/sam-caldwell/ami/src/cmd/ami/test_run.go:326.5,326.15 1 1
github.com/sam-caldwell/ami/src/cmd/ami/test_run_check_events.go:13.42,15.46 2 1
github.com/sam-caldwell/ami/src/cmd/ami/test_run_check_events.go:15.46,19.6 2 0
github.com/sam-caldwell/ami/src/cmd/ami/test_run_check_events.go:21.5,21.15 1 1
github.com/sam-caldwell/ami/src/cmd/ami/version_cmd.go:16.37,20.61 1 1
github.com/sam-caldwell/ami/src/cmd/ami/version_cmd.go:20.61,22.58 1 1
github.com/sam-caldwell/ami/src/cmd/ami/version_cmd.go:22.58,24.70 2 1
github.com/sam-caldwell/ami/src/cmd/ami/version_cmd.go:24.70,24.85 1 1
github.com/sam-caldwell/ami/src/cmd/ami/version_cmd.go:25.17,25.28 1 1
github.com/sam-caldwell/ami/src/cmd/ami/version_cmd.go:25.28,28.18 2 1
github.com/sam-caldwell/ami/src/cmd/ami/version_cmd.go:30.13,31.23 2 1
